{"/Users/matthew.heard/Code/Matt/dadeto/src/browser/audio-controls.js": {"path":"/Users/matthew.heard/Code/Matt/dadeto/src/browser/audio-controls.js","statementMap":{"0":{"start":{"line":1,"column":38},"end":{"line":6,"column":1}},"1":{"start":{"line":2,"column":2},"end":{"line":5,"column":4}},"2":{"start":{"line":3,"column":4},"end":{"line":3,"column":19}},"3":{"start":{"line":4,"column":4},"end":{"line":4,"column":21}},"4":{"start":{"line":8,"column":39},"end":{"line":13,"column":1}},"5":{"start":{"line":9,"column":2},"end":{"line":12,"column":4}},"6":{"start":{"line":10,"column":4},"end":{"line":10,"column":19}},"7":{"start":{"line":11,"column":4},"end":{"line":11,"column":22}},"8":{"start":{"line":15,"column":38},"end":{"line":21,"column":1}},"9":{"start":{"line":16,"column":2},"end":{"line":20,"column":4}},"10":{"start":{"line":17,"column":4},"end":{"line":17,"column":19}},"11":{"start":{"line":18,"column":4},"end":{"line":18,"column":22}},"12":{"start":{"line":19,"column":4},"end":{"line":19,"column":26}},"13":{"start":{"line":25,"column":39},"end":{"line":31,"column":1}},"14":{"start":{"line":26,"column":2},"end":{"line":30,"column":4}},"15":{"start":{"line":27,"column":20},"end":{"line":27,"column":54}},"16":{"start":{"line":28,"column":20},"end":{"line":28,"column":82}},"17":{"start":{"line":29,"column":4},"end":{"line":29,"column":57}},"18":{"start":{"line":36,"column":24},"end":{"line":36,"column":46}},"19":{"start":{"line":38,"column":2},"end":{"line":83,"column":5}},"20":{"start":{"line":39,"column":4},"end":{"line":39,"column":39}},"21":{"start":{"line":40,"column":4},"end":{"line":42,"column":5}},"22":{"start":{"line":41,"column":6},"end":{"line":41,"column":34}},"23":{"start":{"line":44,"column":30},"end":{"line":44,"column":54}},"24":{"start":{"line":45,"column":4},"end":{"line":45,"column":51}},"25":{"start":{"line":46,"column":4},"end":{"line":46,"column":50}},"26":{"start":{"line":48,"column":24},"end":{"line":48,"column":49}},"27":{"start":{"line":49,"column":4},"end":{"line":49,"column":41}},"28":{"start":{"line":50,"column":4},"end":{"line":50,"column":37}},"29":{"start":{"line":52,"column":23},"end":{"line":52,"column":45}},"30":{"start":{"line":53,"column":4},"end":{"line":53,"column":26}},"31":{"start":{"line":54,"column":4},"end":{"line":54,"column":36}},"32":{"start":{"line":55,"column":24},"end":{"line":55,"column":85}},"33":{"start":{"line":56,"column":4},"end":{"line":56,"column":59}},"34":{"start":{"line":58,"column":25},"end":{"line":58,"column":88}},"35":{"start":{"line":60,"column":24},"end":{"line":60,"column":46}},"36":{"start":{"line":61,"column":4},"end":{"line":61,"column":27}},"37":{"start":{"line":62,"column":4},"end":{"line":62,"column":38}},"38":{"start":{"line":63,"column":4},"end":{"line":63,"column":61}},"39":{"start":{"line":65,"column":24},"end":{"line":65,"column":86}},"40":{"start":{"line":66,"column":23},"end":{"line":66,"column":45}},"41":{"start":{"line":67,"column":4},"end":{"line":67,"column":26}},"42":{"start":{"line":68,"column":4},"end":{"line":68,"column":36}},"43":{"start":{"line":69,"column":4},"end":{"line":69,"column":59}},"44":{"start":{"line":71,"column":30},"end":{"line":71,"column":73}},"45":{"start":{"line":72,"column":4},"end":{"line":72,"column":65}},"46":{"start":{"line":74,"column":4},"end":{"line":74,"column":51}},"47":{"start":{"line":75,"column":4},"end":{"line":75,"column":64}},"48":{"start":{"line":76,"column":4},"end":{"line":76,"column":52}},"49":{"start":{"line":77,"column":4},"end":{"line":77,"column":64}},"50":{"start":{"line":78,"column":4},"end":{"line":78,"column":51}},"51":{"start":{"line":79,"column":4},"end":{"line":79,"column":64}},"52":{"start":{"line":80,"column":4},"end":{"line":80,"column":52}},"53":{"start":{"line":82,"column":4},"end":{"line":82,"column":77}}},"fnMap":{"0":{"name":"(anonymous_0)","decl":{"start":{"line":1,"column":38},"end":{"line":1,"column":39}},"loc":{"start":{"line":1,"column":73},"end":{"line":6,"column":1}},"line":1},"1":{"name":"(anonymous_1)","decl":{"start":{"line":2,"column":9},"end":{"line":2,"column":10}},"loc":{"start":{"line":2,"column":16},"end":{"line":5,"column":3}},"line":2},"2":{"name":"(anonymous_2)","decl":{"start":{"line":8,"column":39},"end":{"line":8,"column":40}},"loc":{"start":{"line":8,"column":75},"end":{"line":13,"column":1}},"line":8},"3":{"name":"(anonymous_3)","decl":{"start":{"line":9,"column":9},"end":{"line":9,"column":10}},"loc":{"start":{"line":9,"column":16},"end":{"line":12,"column":3}},"line":9},"4":{"name":"(anonymous_4)","decl":{"start":{"line":15,"column":38},"end":{"line":15,"column":39}},"loc":{"start":{"line":15,"column":74},"end":{"line":21,"column":1}},"line":15},"5":{"name":"(anonymous_5)","decl":{"start":{"line":16,"column":9},"end":{"line":16,"column":10}},"loc":{"start":{"line":16,"column":16},"end":{"line":20,"column":3}},"line":16},"6":{"name":"(anonymous_6)","decl":{"start":{"line":25,"column":39},"end":{"line":25,"column":40}},"loc":{"start":{"line":25,"column":63},"end":{"line":31,"column":1}},"line":25},"7":{"name":"(anonymous_7)","decl":{"start":{"line":26,"column":9},"end":{"line":26,"column":10}},"loc":{"start":{"line":26,"column":15},"end":{"line":30,"column":3}},"line":26},"8":{"name":"setupAudio","decl":{"start":{"line":33,"column":16},"end":{"line":33,"column":26}},"loc":{"start":{"line":35,"column":2},"end":{"line":84,"column":1}},"line":35},"9":{"name":"(anonymous_9)","decl":{"start":{"line":38,"column":24},"end":{"line":38,"column":25}},"loc":{"start":{"line":38,"column":47},"end":{"line":83,"column":3}},"line":38}},"branchMap":{"0":{"loc":{"start":{"line":40,"column":4},"end":{"line":42,"column":5}},"type":"if","locations":[{"start":{"line":40,"column":4},"end":{"line":42,"column":5}},{"start":{},"end":{}}],"line":40}},"s":{"0":1,"1":8,"2":2,"3":2,"4":1,"5":8,"6":2,"7":2,"8":1,"9":9,"10":3,"11":3,"12":3,"13":1,"14":9,"15":3,"16":3,"17":3,"18":6,"19":6,"20":6,"21":6,"22":5,"23":6,"24":6,"25":6,"26":6,"27":6,"28":6,"29":6,"30":6,"31":6,"32":6,"33":6,"34":6,"35":6,"36":6,"37":6,"38":6,"39":6,"40":6,"41":6,"42":6,"43":6,"44":6,"45":6,"46":6,"47":6,"48":6,"49":6,"50":6,"51":6,"52":6,"53":6},"f":{"0":8,"1":2,"2":8,"3":2,"4":9,"5":3,"6":9,"7":3,"8":6,"9":6},"b":{"0":[5,1]},"_coverageSchema":"1a1c01bbd47fc00a2c39e90264f33305004495a9","hash":"cf4af40ee0b145a5577c2c83712433324c4979f9"}
,"/Users/matthew.heard/Code/Matt/dadeto/src/browser/data.js": {"path":"/Users/matthew.heard/Code/Matt/dadeto/src/browser/data.js","statementMap":{"0":{"start":{"line":1,"column":28},"end":{"line":1,"column":75}},"1":{"start":{"line":3,"column":20},"end":{"line":8,"column":1}},"2":{"start":{"line":11,"column":2},"end":{"line":16,"column":4}},"3":{"start":{"line":20,"column":35},"end":{"line":20,"column":60}},"4":{"start":{"line":21,"column":2},"end":{"line":21,"column":56}},"5":{"start":{"line":25,"column":2},"end":{"line":28,"column":3}},"6":{"start":{"line":26,"column":4},"end":{"line":26,"column":50}},"7":{"start":{"line":27,"column":4},"end":{"line":27,"column":16}},"8":{"start":{"line":29,"column":2},"end":{"line":29,"column":15}},"9":{"start":{"line":44,"column":32},"end":{"line":44,"column":39}},"10":{"start":{"line":47,"column":2},"end":{"line":50,"column":3}},"11":{"start":{"line":48,"column":4},"end":{"line":48,"column":52}},"12":{"start":{"line":49,"column":4},"end":{"line":49,"column":34}},"13":{"start":{"line":52,"column":2},"end":{"line":52,"column":44}},"14":{"start":{"line":53,"column":2},"end":{"line":53,"column":41}},"15":{"start":{"line":54,"column":2},"end":{"line":54,"column":25}},"16":{"start":{"line":56,"column":2},"end":{"line":75,"column":7}},"17":{"start":{"line":58,"column":6},"end":{"line":60,"column":7}},"18":{"start":{"line":59,"column":8},"end":{"line":59,"column":66}},"19":{"start":{"line":61,"column":6},"end":{"line":61,"column":29}},"20":{"start":{"line":64,"column":6},"end":{"line":64,"column":24}},"21":{"start":{"line":65,"column":6},"end":{"line":65,"column":44}},"22":{"start":{"line":66,"column":6},"end":{"line":66,"column":54}},"23":{"start":{"line":69,"column":6},"end":{"line":69,"column":43}},"24":{"start":{"line":70,"column":6},"end":{"line":70,"column":28}},"25":{"start":{"line":71,"column":6},"end":{"line":71,"column":49}},"26":{"start":{"line":74,"column":6},"end":{"line":74,"column":36}},"27":{"start":{"line":77,"column":2},"end":{"line":77,"column":32}},"28":{"start":{"line":81,"column":32},"end":{"line":81,"column":88}},"29":{"start":{"line":81,"column":49},"end":{"line":81,"column":88}},"30":{"start":{"line":93,"column":2},"end":{"line":100,"column":4}},"31":{"start":{"line":104,"column":17},"end":{"line":104,"column":30}},"32":{"start":{"line":105,"column":19},"end":{"line":113,"column":3}},"33":{"start":{"line":106,"column":24},"end":{"line":106,"column":35}},"34":{"start":{"line":107,"column":24},"end":{"line":107,"column":35}},"35":{"start":{"line":108,"column":4},"end":{"line":112,"column":5}},"36":{"start":{"line":109,"column":6},"end":{"line":109,"column":56}},"37":{"start":{"line":111,"column":6},"end":{"line":111,"column":32}},"38":{"start":{"line":114,"column":2},"end":{"line":114,"column":40}},"39":{"start":{"line":115,"column":2},"end":{"line":115,"column":16}},"40":{"start":{"line":120,"column":2},"end":{"line":122,"column":3}},"41":{"start":{"line":121,"column":4},"end":{"line":121,"column":26}},"42":{"start":{"line":126,"column":2},"end":{"line":126,"column":44}},"43":{"start":{"line":127,"column":2},"end":{"line":127,"column":42}},"44":{"start":{"line":128,"column":2},"end":{"line":128,"column":56}},"45":{"start":{"line":129,"column":2},"end":{"line":129,"column":36}},"46":{"start":{"line":133,"column":2},"end":{"line":133,"column":69}},"47":{"start":{"line":137,"column":2},"end":{"line":137,"column":64}},"48":{"start":{"line":141,"column":2},"end":{"line":141,"column":53}},"49":{"start":{"line":145,"column":2},"end":{"line":145,"column":65}},"50":{"start":{"line":149,"column":2},"end":{"line":152,"column":3}},"51":{"start":{"line":150,"column":4},"end":{"line":150,"column":71}},"52":{"start":{"line":151,"column":4},"end":{"line":151,"column":88}},"53":{"start":{"line":156,"column":2},"end":{"line":156,"column":57}},"54":{"start":{"line":160,"column":2},"end":{"line":162,"column":3}},"55":{"start":{"line":161,"column":4},"end":{"line":161,"column":12}},"56":{"start":{"line":166,"column":20},"end":{"line":166,"column":39}},"57":{"start":{"line":167,"column":2},"end":{"line":169,"column":3}},"58":{"start":{"line":168,"column":4},"end":{"line":168,"column":72}},"59":{"start":{"line":173,"column":18},"end":{"line":173,"column":68}},"60":{"start":{"line":173,"column":24},"end":{"line":173,"column":68}},"61":{"start":{"line":174,"column":2},"end":{"line":174,"column":34}},"62":{"start":{"line":175,"column":25},"end":{"line":175,"column":32}},"63":{"start":{"line":176,"column":2},"end":{"line":176,"column":40}},"64":{"start":{"line":198,"column":23},"end":{"line":203,"column":1}},"65":{"start":{"line":199,"column":20},"end":{"line":199,"column":47}},"66":{"start":{"line":200,"column":2},"end":{"line":200,"column":46}},"67":{"start":{"line":201,"column":2},"end":{"line":201,"column":33}},"68":{"start":{"line":202,"column":2},"end":{"line":202,"column":19}},"69":{"start":{"line":215,"column":21},"end":{"line":215,"column":40}},"70":{"start":{"line":216,"column":2},"end":{"line":216,"column":75}},"71":{"start":{"line":245,"column":23},"end":{"line":257,"column":1}},"72":{"start":{"line":246,"column":2},"end":{"line":246,"column":48}},"73":{"start":{"line":247,"column":2},"end":{"line":247,"column":54}},"74":{"start":{"line":249,"column":31},"end":{"line":249,"column":36}},"75":{"start":{"line":250,"column":32},"end":{"line":250,"column":39}},"76":{"start":{"line":252,"column":2},"end":{"line":252,"column":43}},"77":{"start":{"line":253,"column":23},"end":{"line":253,"column":44}},"78":{"start":{"line":254,"column":2},"end":{"line":254,"column":34}},"79":{"start":{"line":255,"column":2},"end":{"line":255,"column":42}},"80":{"start":{"line":256,"column":2},"end":{"line":256,"column":44}}},"fnMap":{"0":{"name":"getBlogState","decl":{"start":{"line":10,"column":9},"end":{"line":10,"column":21}},"loc":{"start":{"line":10,"column":35},"end":{"line":17,"column":1}},"line":10},"1":{"name":"isFetchInProgress","decl":{"start":{"line":19,"column":9},"end":{"line":19,"column":26}},"loc":{"start":{"line":19,"column":40},"end":{"line":22,"column":1}},"line":19},"2":{"name":"shouldUseExistingFetch","decl":{"start":{"line":24,"column":16},"end":{"line":24,"column":38}},"loc":{"start":{"line":24,"column":59},"end":{"line":30,"column":1}},"line":24},"3":{"name":"fetchAndCacheBlogData","decl":{"start":{"line":43,"column":16},"end":{"line":43,"column":37}},"loc":{"start":{"line":43,"column":61},"end":{"line":78,"column":1}},"line":43},"4":{"name":"(anonymous_4)","decl":{"start":{"line":57,"column":10},"end":{"line":57,"column":11}},"loc":{"start":{"line":57,"column":22},"end":{"line":62,"column":5}},"line":57},"5":{"name":"(anonymous_5)","decl":{"start":{"line":63,"column":10},"end":{"line":63,"column":11}},"loc":{"start":{"line":63,"column":18},"end":{"line":67,"column":5}},"line":63},"6":{"name":"(anonymous_6)","decl":{"start":{"line":68,"column":11},"end":{"line":68,"column":12}},"loc":{"start":{"line":68,"column":18},"end":{"line":72,"column":5}},"line":68},"7":{"name":"(anonymous_7)","decl":{"start":{"line":73,"column":13},"end":{"line":73,"column":14}},"loc":{"start":{"line":73,"column":19},"end":{"line":75,"column":5}},"line":73},"8":{"name":"(anonymous_8)","decl":{"start":{"line":81,"column":32},"end":{"line":81,"column":33}},"loc":{"start":{"line":81,"column":49},"end":{"line":81,"column":88}},"line":81},"9":{"name":"shouldDeepMerge","decl":{"start":{"line":92,"column":9},"end":{"line":92,"column":24}},"loc":{"start":{"line":92,"column":51},"end":{"line":101,"column":1}},"line":92},"10":{"name":"deepMerge","decl":{"start":{"line":103,"column":16},"end":{"line":103,"column":25}},"loc":{"start":{"line":103,"column":42},"end":{"line":116,"column":1}},"line":103},"11":{"name":"(anonymous_11)","decl":{"start":{"line":105,"column":19},"end":{"line":105,"column":20}},"loc":{"start":{"line":105,"column":26},"end":{"line":113,"column":3}},"line":105},"12":{"name":"stripInternalFields","decl":{"start":{"line":119,"column":9},"end":{"line":119,"column":28}},"loc":{"start":{"line":119,"column":40},"end":{"line":123,"column":1}},"line":119},"13":{"name":"restoreBlogState","decl":{"start":{"line":125,"column":9},"end":{"line":125,"column":25}},"loc":{"start":{"line":125,"column":50},"end":{"line":130,"column":1}},"line":125},"14":{"name":"shouldCopyStateForFetch","decl":{"start":{"line":132,"column":9},"end":{"line":132,"column":32}},"loc":{"start":{"line":132,"column":41},"end":{"line":134,"column":1}},"line":132},"15":{"name":"hasTemporaryProperty","decl":{"start":{"line":136,"column":9},"end":{"line":136,"column":29}},"loc":{"start":{"line":136,"column":35},"end":{"line":138,"column":1}},"line":136},"16":{"name":"isNonNullObject","decl":{"start":{"line":140,"column":9},"end":{"line":140,"column":24}},"loc":{"start":{"line":140,"column":32},"end":{"line":142,"column":1}},"line":140},"17":{"name":"isInvalidState","decl":{"start":{"line":144,"column":9},"end":{"line":144,"column":23}},"loc":{"start":{"line":144,"column":31},"end":{"line":146,"column":1}},"line":144},"18":{"name":"validateIncomingState","decl":{"start":{"line":148,"column":9},"end":{"line":148,"column":30}},"loc":{"start":{"line":148,"column":55},"end":{"line":153,"column":1}},"line":148},"19":{"name":"isIdleStatus","decl":{"start":{"line":155,"column":9},"end":{"line":155,"column":21}},"loc":{"start":{"line":155,"column":29},"end":{"line":157,"column":1}},"line":155},"20":{"name":"tryFetchingBlog","decl":{"start":{"line":159,"column":9},"end":{"line":159,"column":24}},"loc":{"start":{"line":159,"column":39},"end":{"line":163,"column":1}},"line":159},"21":{"name":"maybeLogFetchError","decl":{"start":{"line":165,"column":9},"end":{"line":165,"column":27}},"loc":{"start":{"line":165,"column":47},"end":{"line":170,"column":1}},"line":165},"22":{"name":"handleBlogFetchState","decl":{"start":{"line":172,"column":9},"end":{"line":172,"column":29}},"loc":{"start":{"line":172,"column":53},"end":{"line":177,"column":1}},"line":172},"23":{"name":"(anonymous_23)","decl":{"start":{"line":173,"column":18},"end":{"line":173,"column":19}},"loc":{"start":{"line":173,"column":24},"end":{"line":173,"column":68}},"line":173},"24":{"name":"(anonymous_24)","decl":{"start":{"line":198,"column":23},"end":{"line":198,"column":24}},"loc":{"start":{"line":198,"column":50},"end":{"line":203,"column":1}},"line":198},"25":{"name":"getRelevantStateCopy","decl":{"start":{"line":214,"column":9},"end":{"line":214,"column":29}},"loc":{"start":{"line":214,"column":37},"end":{"line":217,"column":1}},"line":214},"26":{"name":"(anonymous_26)","decl":{"start":{"line":245,"column":23},"end":{"line":245,"column":24}},"loc":{"start":{"line":245,"column":43},"end":{"line":257,"column":1}},"line":245}},"branchMap":{"0":{"loc":{"start":{"line":21,"column":9},"end":{"line":21,"column":55}},"type":"binary-expr","locations":[{"start":{"line":21,"column":9},"end":{"line":21,"column":39}},{"start":{"line":21,"column":43},"end":{"line":21,"column":55}}],"line":21},"1":{"loc":{"start":{"line":25,"column":2},"end":{"line":28,"column":3}},"type":"if","locations":[{"start":{"line":25,"column":2},"end":{"line":28,"column":3}},{"start":{},"end":{}}],"line":25},"2":{"loc":{"start":{"line":47,"column":2},"end":{"line":50,"column":3}},"type":"if","locations":[{"start":{"line":47,"column":2},"end":{"line":50,"column":3}},{"start":{},"end":{}}],"line":47},"3":{"loc":{"start":{"line":58,"column":6},"end":{"line":60,"column":7}},"type":"if","locations":[{"start":{"line":58,"column":6},"end":{"line":60,"column":7}},{"start":{},"end":{}}],"line":58},"4":{"loc":{"start":{"line":94,"column":4},"end":{"line":99,"column":31}},"type":"binary-expr","locations":[{"start":{"line":94,"column":4},"end":{"line":94,"column":35}},{"start":{"line":95,"column":4},"end":{"line":95,"column":24}},{"start":{"line":96,"column":4},"end":{"line":96,"column":35}},{"start":{"line":97,"column":4},"end":{"line":97,"column":24}},{"start":{"line":98,"column":4},"end":{"line":98,"column":31}},{"start":{"line":99,"column":4},"end":{"line":99,"column":31}}],"line":94},"5":{"loc":{"start":{"line":108,"column":4},"end":{"line":112,"column":5}},"type":"if","locations":[{"start":{"line":108,"column":4},"end":{"line":112,"column":5}},{"start":{"line":110,"column":11},"end":{"line":112,"column":5}}],"line":108},"6":{"loc":{"start":{"line":133,"column":9},"end":{"line":133,"column":68}},"type":"binary-expr","locations":[{"start":{"line":133,"column":9},"end":{"line":133,"column":36}},{"start":{"line":133,"column":40},"end":{"line":133,"column":68}}],"line":133},"7":{"loc":{"start":{"line":141,"column":9},"end":{"line":141,"column":52}},"type":"binary-expr","locations":[{"start":{"line":141,"column":9},"end":{"line":141,"column":23}},{"start":{"line":141,"column":27},"end":{"line":141,"column":52}}],"line":141},"8":{"loc":{"start":{"line":145,"column":9},"end":{"line":145,"column":64}},"type":"binary-expr","locations":[{"start":{"line":145,"column":9},"end":{"line":145,"column":32}},{"start":{"line":145,"column":36},"end":{"line":145,"column":64}}],"line":145},"9":{"loc":{"start":{"line":149,"column":2},"end":{"line":152,"column":3}},"type":"if","locations":[{"start":{"line":149,"column":2},"end":{"line":152,"column":3}},{"start":{},"end":{}}],"line":149},"10":{"loc":{"start":{"line":160,"column":2},"end":{"line":162,"column":3}},"type":"if","locations":[{"start":{"line":160,"column":2},"end":{"line":162,"column":3}},{"start":{},"end":{}}],"line":160},"11":{"loc":{"start":{"line":167,"column":2},"end":{"line":169,"column":3}},"type":"if","locations":[{"start":{"line":167,"column":2},"end":{"line":169,"column":3}},{"start":{},"end":{}}],"line":167},"12":{"loc":{"start":{"line":216,"column":9},"end":{"line":216,"column":74}},"type":"cond-expr","locations":[{"start":{"line":216,"column":43},"end":{"line":216,"column":66}},{"start":{"line":216,"column":69},"end":{"line":216,"column":74}}],"line":216}},"s":{"0":3,"1":3,"2":26,"3":10,"4":10,"5":3,"6":1,"7":1,"8":2,"9":7,"10":7,"11":1,"12":1,"13":6,"14":6,"15":6,"16":6,"17":5,"18":2,"19":3,"20":3,"21":3,"22":3,"23":3,"24":3,"25":3,"26":6,"27":6,"28":3,"29":3,"30":2,"31":2,"32":2,"33":2,"34":2,"35":2,"36":0,"37":2,"38":2,"39":2,"40":5,"41":15,"42":1,"43":1,"44":1,"45":1,"46":5,"47":4,"48":6,"49":6,"50":6,"51":5,"52":5,"53":5,"54":5,"55":1,"56":5,"57":5,"58":1,"59":5,"60":1,"61":5,"62":5,"63":5,"64":3,"65":5,"66":5,"67":5,"68":5,"69":5,"70":5,"71":3,"72":6,"73":6,"74":6,"75":6,"76":6,"77":1,"78":1,"79":1,"80":1},"f":{"0":26,"1":10,"2":3,"3":7,"4":5,"5":3,"6":3,"7":6,"8":3,"9":2,"10":2,"11":2,"12":5,"13":1,"14":5,"15":4,"16":6,"17":6,"18":6,"19":5,"20":5,"21":5,"22":5,"23":1,"24":5,"25":5,"26":6},"b":{"0":[10,3],"1":[1,2],"2":[1,6],"3":[2,3],"4":[2,0,0,0,0,0],"5":[0,2],"6":[5,4],"7":[6,4],"8":[6,4],"9":[5,1],"10":[1,4],"11":[1,4],"12":[2,3]},"_coverageSchema":"1a1c01bbd47fc00a2c39e90264f33305004495a9","hash":"f619e86299c7292714ab3335463a50493478e10a"}
,"/Users/matthew.heard/Code/Matt/dadeto/src/browser/setOutput.js": {"path":"/Users/matthew.heard/Code/Matt/dadeto/src/browser/setOutput.js","statementMap":{"0":{"start":{"line":2,"column":2},"end":{"line":2,"column":63}},"1":{"start":{"line":8,"column":2},"end":{"line":12,"column":3}},"2":{"start":{"line":9,"column":4},"end":{"line":9,"column":34}},"3":{"start":{"line":11,"column":4},"end":{"line":11,"column":62}},"4":{"start":{"line":13,"column":2},"end":{"line":13,"column":42}},"5":{"start":{"line":17,"column":2},"end":{"line":19,"column":3}},"6":{"start":{"line":18,"column":4},"end":{"line":18,"column":55}},"7":{"start":{"line":20,"column":2},"end":{"line":20,"column":48}},"8":{"start":{"line":25,"column":18},"end":{"line":25,"column":36}},"9":{"start":{"line":26,"column":18},"end":{"line":26,"column":36}},"10":{"start":{"line":27,"column":2},"end":{"line":31,"column":3}},"11":{"start":{"line":28,"column":4},"end":{"line":28,"column":56}},"12":{"start":{"line":30,"column":4},"end":{"line":30,"column":58}},"13":{"start":{"line":35,"column":22},"end":{"line":35,"column":31}},"14":{"start":{"line":36,"column":18},"end":{"line":36,"column":57}},"15":{"start":{"line":37,"column":2},"end":{"line":39,"column":3}},"16":{"start":{"line":38,"column":4},"end":{"line":38,"column":24}},"17":{"start":{"line":40,"column":2},"end":{"line":40,"column":56}},"18":{"start":{"line":41,"column":2},"end":{"line":41,"column":19}},"19":{"start":{"line":42,"column":2},"end":{"line":42,"column":45}}},"fnMap":{"0":{"name":"isObject","decl":{"start":{"line":1,"column":9},"end":{"line":1,"column":17}},"loc":{"start":{"line":1,"column":23},"end":{"line":3,"column":1}},"line":1},"1":{"name":"setOutput","decl":{"start":{"line":6,"column":16},"end":{"line":6,"column":25}},"loc":{"start":{"line":6,"column":38},"end":{"line":14,"column":1}},"line":6},"2":{"name":"processSetOutput","decl":{"start":{"line":16,"column":9},"end":{"line":16,"column":25}},"loc":{"start":{"line":16,"column":42},"end":{"line":21,"column":1}},"line":16},"3":{"name":"handleValidOutputInput","decl":{"start":{"line":23,"column":9},"end":{"line":23,"column":31}},"loc":{"start":{"line":23,"column":48},"end":{"line":32,"column":1}},"line":23},"4":{"name":"mergeOutputData","decl":{"start":{"line":34,"column":9},"end":{"line":34,"column":24}},"loc":{"start":{"line":34,"column":54},"end":{"line":43,"column":1}},"line":34}},"branchMap":{"0":{"loc":{"start":{"line":2,"column":9},"end":{"line":2,"column":62}},"type":"binary-expr","locations":[{"start":{"line":2,"column":9},"end":{"line":2,"column":12}},{"start":{"line":2,"column":16},"end":{"line":2,"column":39}},{"start":{"line":2,"column":43},"end":{"line":2,"column":62}}],"line":2},"1":{"loc":{"start":{"line":17,"column":2},"end":{"line":19,"column":3}},"type":"if","locations":[{"start":{"line":17,"column":2},"end":{"line":19,"column":3}},{"start":{},"end":{}}],"line":17},"2":{"loc":{"start":{"line":37,"column":2},"end":{"line":39,"column":3}},"type":"if","locations":[{"start":{"line":37,"column":2},"end":{"line":39,"column":3}},{"start":{},"end":{}}],"line":37}},"s":{"0":10,"1":9,"2":9,"3":1,"4":8,"5":8,"6":1,"7":7,"8":7,"9":6,"10":6,"11":6,"12":4,"13":6,"14":2,"15":2,"16":1,"17":2,"18":2,"19":2},"f":{"0":10,"1":9,"2":8,"3":7,"4":6},"b":{"0":[10,10,8],"1":[1,7],"2":[1,1]},"_coverageSchema":"1a1c01bbd47fc00a2c39e90264f33305004495a9","hash":"962f2326a0a68e7cbb0569b0260ccfaa7e9f1ea3"}
,"/Users/matthew.heard/Code/Matt/dadeto/src/browser/tags.js": {"path":"/Users/matthew.heard/Code/Matt/dadeto/src/browser/tags.js","statementMap":{"0":{"start":{"line":2,"column":2},"end":{"line":2,"column":35}},"1":{"start":{"line":6,"column":2},"end":{"line":8,"column":3}},"2":{"start":{"line":7,"column":4},"end":{"line":7,"column":22}},"3":{"start":{"line":21,"column":35},"end":{"line":29,"column":1}},"4":{"start":{"line":21,"column":50},"end":{"line":29,"column":1}},"5":{"start":{"line":22,"column":2},"end":{"line":28,"column":3}},"6":{"start":{"line":23,"column":27},"end":{"line":23,"column":50}},"7":{"start":{"line":24,"column":22},"end":{"line":24,"column":48}},"8":{"start":{"line":25,"column":24},"end":{"line":25,"column":69}},"9":{"start":{"line":26,"column":4},"end":{"line":26,"column":53}},"10":{"start":{"line":27,"column":4},"end":{"line":27,"column":11}},"11":{"start":{"line":36,"column":30},"end":{"line":39,"column":1}},"12":{"start":{"line":36,"column":37},"end":{"line":39,"column":1}},"13":{"start":{"line":37,"column":26},"end":{"line":37,"column":56}},"14":{"start":{"line":38,"column":2},"end":{"line":38,"column":48}},"15":{"start":{"line":45,"column":30},"end":{"line":48,"column":1}},"16":{"start":{"line":46,"column":21},"end":{"line":46,"column":40}},"17":{"start":{"line":47,"column":2},"end":{"line":47,"column":64}},"18":{"start":{"line":56,"column":2},"end":{"line":59,"column":4}},"19":{"start":{"line":57,"column":4},"end":{"line":57,"column":27}},"20":{"start":{"line":58,"column":4},"end":{"line":58,"column":40}},"21":{"start":{"line":68,"column":2},"end":{"line":82,"column":4}},"22":{"start":{"line":69,"column":17},"end":{"line":69,"column":42}},"23":{"start":{"line":70,"column":4},"end":{"line":70,"column":36}},"24":{"start":{"line":71,"column":4},"end":{"line":71,"column":52}},"25":{"start":{"line":73,"column":21},"end":{"line":73,"column":43}},"26":{"start":{"line":74,"column":4},"end":{"line":74,"column":41}},"27":{"start":{"line":76,"column":28},"end":{"line":76,"column":63}},"28":{"start":{"line":77,"column":4},"end":{"line":77,"column":61}},"29":{"start":{"line":79,"column":4},"end":{"line":79,"column":36}},"30":{"start":{"line":80,"column":4},"end":{"line":80,"column":51}},"31":{"start":{"line":81,"column":4},"end":{"line":81,"column":62}},"32":{"start":{"line":86,"column":19},"end":{"line":86,"column":54}},"33":{"start":{"line":87,"column":2},"end":{"line":89,"column":3}},"34":{"start":{"line":88,"column":4},"end":{"line":88,"column":44}},"35":{"start":{"line":100,"column":2},"end":{"line":105,"column":3}},"36":{"start":{"line":102,"column":4},"end":{"line":102,"column":32}},"37":{"start":{"line":104,"column":4},"end":{"line":104,"column":40}},"38":{"start":{"line":115,"column":33},"end":{"line":118,"column":1}},"39":{"start":{"line":115,"column":59},"end":{"line":118,"column":1}},"40":{"start":{"line":116,"column":2},"end":{"line":116,"column":25}},"41":{"start":{"line":117,"column":2},"end":{"line":117,"column":39}}},"fnMap":{"0":{"name":"startsWith","decl":{"start":{"line":1,"column":16},"end":{"line":1,"column":26}},"loc":{"start":{"line":1,"column":40},"end":{"line":3,"column":1}},"line":1},"1":{"name":"hideIfHasClass","decl":{"start":{"line":5,"column":9},"end":{"line":5,"column":23}},"loc":{"start":{"line":5,"column":49},"end":{"line":9,"column":1}},"line":5},"2":{"name":"(anonymous_2)","decl":{"start":{"line":21,"column":35},"end":{"line":21,"column":36}},"loc":{"start":{"line":21,"column":50},"end":{"line":29,"column":1}},"line":21},"3":{"name":"(anonymous_3)","decl":{"start":{"line":21,"column":50},"end":{"line":21,"column":51}},"loc":{"start":{"line":21,"column":63},"end":{"line":29,"column":1}},"line":21},"4":{"name":"(anonymous_4)","decl":{"start":{"line":36,"column":30},"end":{"line":36,"column":31}},"loc":{"start":{"line":36,"column":37},"end":{"line":39,"column":1}},"line":36},"5":{"name":"(anonymous_5)","decl":{"start":{"line":36,"column":37},"end":{"line":36,"column":38}},"loc":{"start":{"line":36,"column":45},"end":{"line":39,"column":1}},"line":36},"6":{"name":"(anonymous_6)","decl":{"start":{"line":45,"column":30},"end":{"line":45,"column":31}},"loc":{"start":{"line":45,"column":37},"end":{"line":48,"column":1}},"line":45},"7":{"name":"makeHandleHideClick","decl":{"start":{"line":55,"column":16},"end":{"line":55,"column":35}},"loc":{"start":{"line":55,"column":52},"end":{"line":60,"column":1}},"line":55},"8":{"name":"(anonymous_8)","decl":{"start":{"line":56,"column":9},"end":{"line":56,"column":10}},"loc":{"start":{"line":56,"column":25},"end":{"line":59,"column":3}},"line":56},"9":{"name":"makeHandleHideSpan","decl":{"start":{"line":67,"column":16},"end":{"line":67,"column":34}},"loc":{"start":{"line":67,"column":40},"end":{"line":83,"column":1}},"line":67},"10":{"name":"createHideSpan","decl":{"start":{"line":68,"column":18},"end":{"line":68,"column":32}},"loc":{"start":{"line":68,"column":50},"end":{"line":82,"column":3}},"line":68},"11":{"name":"hideArticlesByClass","decl":{"start":{"line":85,"column":16},"end":{"line":85,"column":35}},"loc":{"start":{"line":85,"column":52},"end":{"line":90,"column":1}},"line":85},"12":{"name":"toggleHideLink","decl":{"start":{"line":98,"column":16},"end":{"line":98,"column":30}},"loc":{"start":{"line":98,"column":53},"end":{"line":106,"column":1}},"line":98},"13":{"name":"(anonymous_13)","decl":{"start":{"line":115,"column":33},"end":{"line":115,"column":34}},"loc":{"start":{"line":115,"column":59},"end":{"line":118,"column":1}},"line":115},"14":{"name":"(anonymous_14)","decl":{"start":{"line":115,"column":59},"end":{"line":115,"column":60}},"loc":{"start":{"line":115,"column":68},"end":{"line":118,"column":1}},"line":115}},"branchMap":{"0":{"loc":{"start":{"line":6,"column":2},"end":{"line":8,"column":3}},"type":"if","locations":[{"start":{"line":6,"column":2},"end":{"line":8,"column":3}},{"start":{},"end":{}}],"line":6},"1":{"loc":{"start":{"line":22,"column":2},"end":{"line":28,"column":3}},"type":"if","locations":[{"start":{"line":22,"column":2},"end":{"line":28,"column":3}},{"start":{},"end":{}}],"line":22},"2":{"loc":{"start":{"line":100,"column":2},"end":{"line":105,"column":3}},"type":"if","locations":[{"start":{"line":100,"column":2},"end":{"line":105,"column":3}},{"start":{"line":103,"column":9},"end":{"line":105,"column":3}}],"line":100}},"s":{"0":4,"1":4,"2":2,"3":4,"4":5,"5":4,"6":3,"7":3,"8":3,"9":3,"10":3,"11":4,"12":2,"13":3,"14":3,"15":4,"16":1,"17":1,"18":2,"19":1,"20":1,"21":4,"22":1,"23":1,"24":1,"25":1,"26":1,"27":1,"28":1,"29":1,"30":1,"31":1,"32":3,"33":3,"34":4,"35":3,"36":2,"37":1,"38":4,"39":4,"40":1,"41":1},"f":{"0":4,"1":4,"2":5,"3":4,"4":2,"5":3,"6":1,"7":2,"8":1,"9":4,"10":1,"11":3,"12":3,"13":4,"14":1},"b":{"0":[2,2],"1":[3,1],"2":[2,1]},"_coverageSchema":"1a1c01bbd47fc00a2c39e90264f33305004495a9","hash":"a69a4b062b00e64f2937220377d43b358fcea844"}
,"/Users/matthew.heard/Code/Matt/dadeto/src/browser/toys.js": {"path":"/Users/matthew.heard/Code/Matt/dadeto/src/browser/toys.js","statementMap":{"0":{"start":{"line":12,"column":2},"end":{"line":12,"column":43}},"1":{"start":{"line":16,"column":18},"end":{"line":16,"column":46}},"2":{"start":{"line":17,"column":2},"end":{"line":17,"column":20}},"3":{"start":{"line":21,"column":17},"end":{"line":21,"column":44}},"4":{"start":{"line":22,"column":24},"end":{"line":22,"column":38}},"5":{"start":{"line":23,"column":15},"end":{"line":23,"column":24}},"6":{"start":{"line":24,"column":17},"end":{"line":24,"column":59}},"7":{"start":{"line":25,"column":2},"end":{"line":25,"column":65}},"8":{"start":{"line":27,"column":17},"end":{"line":27,"column":69}},"9":{"start":{"line":28,"column":2},"end":{"line":28,"column":80}},"10":{"start":{"line":33,"column":22},"end":{"line":37,"column":1}},"11":{"start":{"line":40,"column":2},"end":{"line":40,"column":32}},"12":{"start":{"line":41,"column":20},"end":{"line":41,"column":54}},"13":{"start":{"line":42,"column":16},"end":{"line":42,"column":46}},"14":{"start":{"line":43,"column":2},"end":{"line":43,"column":33}},"15":{"start":{"line":44,"column":2},"end":{"line":44,"column":15}},"16":{"start":{"line":61,"column":2},"end":{"line":63,"column":4}},"17":{"start":{"line":62,"column":4},"end":{"line":62,"column":60}},"18":{"start":{"line":83,"column":24},"end":{"line":83,"column":60}},"19":{"start":{"line":84,"column":21},"end":{"line":84,"column":64}},"20":{"start":{"line":85,"column":2},"end":{"line":85,"column":77}},"21":{"start":{"line":85,"column":21},"end":{"line":85,"column":76}},"22":{"start":{"line":89,"column":2},"end":{"line":91,"column":4}},"23":{"start":{"line":90,"column":4},"end":{"line":90,"column":32}},"24":{"start":{"line":95,"column":2},"end":{"line":97,"column":4}},"25":{"start":{"line":96,"column":4},"end":{"line":96,"column":72}},"26":{"start":{"line":101,"column":29},"end":{"line":101,"column":50}},"27":{"start":{"line":102,"column":2},"end":{"line":102,"column":33}},"28":{"start":{"line":106,"column":27},"end":{"line":106,"column":39}},"29":{"start":{"line":107,"column":19},"end":{"line":107,"column":35}},"30":{"start":{"line":108,"column":2},"end":{"line":112,"column":4}},"31":{"start":{"line":129,"column":18},"end":{"line":129,"column":30}},"32":{"start":{"line":130,"column":2},"end":{"line":130,"column":56}},"33":{"start":{"line":131,"column":2},"end":{"line":131,"column":35}},"34":{"start":{"line":135,"column":18},"end":{"line":135,"column":30}},"35":{"start":{"line":136,"column":2},"end":{"line":140,"column":4}},"36":{"start":{"line":136,"column":23},"end":{"line":140,"column":3}},"37":{"start":{"line":137,"column":4},"end":{"line":139,"column":5}},"38":{"start":{"line":138,"column":6},"end":{"line":138,"column":66}},"39":{"start":{"line":154,"column":2},"end":{"line":161,"column":4}},"40":{"start":{"line":165,"column":23},"end":{"line":165,"column":49}},"41":{"start":{"line":166,"column":29},"end":{"line":166,"column":70}},"42":{"start":{"line":167,"column":2},"end":{"line":170,"column":4}},"43":{"start":{"line":168,"column":24},"end":{"line":168,"column":52}},"44":{"start":{"line":169,"column":4},"end":{"line":169,"column":33}},"45":{"start":{"line":181,"column":2},"end":{"line":185,"column":4}},"46":{"start":{"line":182,"column":23},"end":{"line":182,"column":60}},"47":{"start":{"line":183,"column":29},"end":{"line":183,"column":71}},"48":{"start":{"line":184,"column":4},"end":{"line":184,"column":58}},"49":{"start":{"line":204,"column":49},"end":{"line":204,"column":57}},"50":{"start":{"line":205,"column":23},"end":{"line":205,"column":40}},"51":{"start":{"line":206,"column":2},"end":{"line":206,"column":27}},"52":{"start":{"line":207,"column":2},"end":{"line":207,"column":27}},"53":{"start":{"line":208,"column":2},"end":{"line":208,"column":71}},"54":{"start":{"line":209,"column":2},"end":{"line":209,"column":28}},"55":{"start":{"line":213,"column":2},"end":{"line":213,"column":25}},"56":{"start":{"line":217,"column":2},"end":{"line":219,"column":4}},"57":{"start":{"line":218,"column":4},"end":{"line":218,"column":65}},"58":{"start":{"line":223,"column":27},"end":{"line":223,"column":30}},"59":{"start":{"line":224,"column":2},"end":{"line":228,"column":4}},"60":{"start":{"line":225,"column":4},"end":{"line":225,"column":50}},"61":{"start":{"line":226,"column":4},"end":{"line":226,"column":99}},"62":{"start":{"line":227,"column":4},"end":{"line":227,"column":27}},"63":{"start":{"line":232,"column":35},"end":{"line":232,"column":42}},"64":{"start":{"line":233,"column":27},"end":{"line":233,"column":30}},"65":{"start":{"line":234,"column":22},"end":{"line":234,"column":64}},"66":{"start":{"line":235,"column":27},"end":{"line":235,"column":74}},"67":{"start":{"line":236,"column":2},"end":{"line":239,"column":29}},"68":{"start":{"line":245,"column":2},"end":{"line":245,"column":49}},"69":{"start":{"line":249,"column":2},"end":{"line":249,"column":62}},"70":{"start":{"line":253,"column":2},"end":{"line":253,"column":60}},"71":{"start":{"line":256,"column":32},"end":{"line":256,"column":73}},"72":{"start":{"line":259,"column":2},"end":{"line":259,"column":57}},"73":{"start":{"line":259,"column":45},"end":{"line":259,"column":55}},"74":{"start":{"line":263,"column":18},"end":{"line":263,"column":46}},"75":{"start":{"line":264,"column":2},"end":{"line":266,"column":3}},"76":{"start":{"line":265,"column":4},"end":{"line":265,"column":60}},"77":{"start":{"line":267,"column":2},"end":{"line":267,"column":17}},"78":{"start":{"line":276,"column":2},"end":{"line":280,"column":3}},"79":{"start":{"line":277,"column":4},"end":{"line":277,"column":30}},"80":{"start":{"line":279,"column":4},"end":{"line":279,"column":16}},"81":{"start":{"line":305,"column":19},"end":{"line":305,"column":30}},"82":{"start":{"line":306,"column":14},"end":{"line":306,"column":21}},"83":{"start":{"line":307,"column":21},"end":{"line":307,"column":35}},"84":{"start":{"line":308,"column":2},"end":{"line":312,"column":4}},"85":{"start":{"line":309,"column":4},"end":{"line":309,"column":43}},"86":{"start":{"line":310,"column":4},"end":{"line":310,"column":90}},"87":{"start":{"line":311,"column":4},"end":{"line":311,"column":23}},"88":{"start":{"line":316,"column":79},"end":{"line":316,"column":87}},"89":{"start":{"line":317,"column":29},"end":{"line":317,"column":32}},"90":{"start":{"line":318,"column":17},"end":{"line":318,"column":28}},"91":{"start":{"line":319,"column":21},"end":{"line":319,"column":39}},"92":{"start":{"line":320,"column":17},"end":{"line":320,"column":55}},"93":{"start":{"line":322,"column":2},"end":{"line":322,"column":62}},"94":{"start":{"line":323,"column":17},"end":{"line":323,"column":40}},"95":{"start":{"line":324,"column":23},"end":{"line":324,"column":41}},"96":{"start":{"line":325,"column":2},"end":{"line":327,"column":3}},"97":{"start":{"line":326,"column":4},"end":{"line":326,"column":67}},"98":{"start":{"line":331,"column":34},"end":{"line":331,"column":42}},"99":{"start":{"line":332,"column":27},"end":{"line":332,"column":75}},"100":{"start":{"line":333,"column":2},"end":{"line":337,"column":3}},"101":{"start":{"line":334,"column":4},"end":{"line":334,"column":64}},"102":{"start":{"line":336,"column":4},"end":{"line":336,"column":24}},"103":{"start":{"line":340,"column":34},"end":{"line":346,"column":1}},"104":{"start":{"line":340,"column":73},"end":{"line":346,"column":1}},"105":{"start":{"line":341,"column":18},"end":{"line":341,"column":21}},"106":{"start":{"line":342,"column":2},"end":{"line":344,"column":3}},"107":{"start":{"line":343,"column":4},"end":{"line":343,"column":27}},"108":{"start":{"line":345,"column":2},"end":{"line":345,"column":59}},"109":{"start":{"line":360,"column":2},"end":{"line":360,"column":31}},"110":{"start":{"line":361,"column":2},"end":{"line":361,"column":31}},"111":{"start":{"line":372,"column":18},"end":{"line":372,"column":40}},"112":{"start":{"line":373,"column":62},"end":{"line":373,"column":68}},"113":{"start":{"line":374,"column":2},"end":{"line":374,"column":72}},"114":{"start":{"line":376,"column":23},"end":{"line":376,"column":58}},"115":{"start":{"line":377,"column":23},"end":{"line":377,"column":59}},"116":{"start":{"line":378,"column":23},"end":{"line":378,"column":63}},"117":{"start":{"line":379,"column":23},"end":{"line":379,"column":66}},"118":{"start":{"line":382,"column":2},"end":{"line":382,"column":52}},"119":{"start":{"line":384,"column":23},"end":{"line":384,"column":29}},"120":{"start":{"line":386,"column":30},"end":{"line":386,"column":109}},"121":{"start":{"line":389,"column":14},"end":{"line":396,"column":3}},"122":{"start":{"line":397,"column":23},"end":{"line":397,"column":192}},"123":{"start":{"line":400,"column":2},"end":{"line":400,"column":60}},"124":{"start":{"line":403,"column":2},"end":{"line":403,"column":85}},"125":{"start":{"line":406,"column":2},"end":{"line":406,"column":101}},"126":{"start":{"line":415,"column":2},"end":{"line":419,"column":4}},"127":{"start":{"line":416,"column":4},"end":{"line":418,"column":5}},"128":{"start":{"line":417,"column":6},"end":{"line":417,"column":26}},"129":{"start":{"line":430,"column":51},"end":{"line":430,"column":54}},"130":{"start":{"line":431,"column":2},"end":{"line":434,"column":3}},"131":{"start":{"line":432,"column":4},"end":{"line":432,"column":64}},"132":{"start":{"line":433,"column":4},"end":{"line":433,"column":11}},"133":{"start":{"line":435,"column":32},"end":{"line":435,"column":65}},"134":{"start":{"line":436,"column":36},"end":{"line":436,"column":73}},"135":{"start":{"line":437,"column":2},"end":{"line":437,"column":104}},"136":{"start":{"line":438,"column":15},"end":{"line":438,"column":94}},"137":{"start":{"line":439,"column":2},"end":{"line":439,"column":38}},"138":{"start":{"line":459,"column":32},"end":{"line":459,"column":88}},"139":{"start":{"line":459,"column":49},"end":{"line":459,"column":88}}},"fnMap":{"0":{"name":"getDropdownArticle","decl":{"start":{"line":11,"column":9},"end":{"line":11,"column":27}},"loc":{"start":{"line":11,"column":38},"end":{"line":13,"column":1}},"line":11},"1":{"name":"getDropdownPostId","decl":{"start":{"line":15,"column":9},"end":{"line":15,"column":26}},"loc":{"start":{"line":15,"column":37},"end":{"line":18,"column":1}},"line":15},"2":{"name":"handleDropdownChange","decl":{"start":{"line":20,"column":16},"end":{"line":20,"column":36}},"loc":{"start":{"line":20,"column":70},"end":{"line":30,"column":1}},"line":20},"3":{"name":"setTextContent","decl":{"start":{"line":39,"column":9},"end":{"line":39,"column":23}},"loc":{"start":{"line":39,"column":45},"end":{"line":45,"column":1}},"line":39},"4":{"name":"handleModuleError","decl":{"start":{"line":60,"column":16},"end":{"line":60,"column":33}},"loc":{"start":{"line":60,"column":56},"end":{"line":64,"column":1}},"line":60},"5":{"name":"(anonymous_5)","decl":{"start":{"line":61,"column":9},"end":{"line":61,"column":10}},"loc":{"start":{"line":61,"column":16},"end":{"line":63,"column":3}},"line":61},"6":{"name":"getModuleInitializer","decl":{"start":{"line":82,"column":16},"end":{"line":82,"column":36}},"loc":{"start":{"line":82,"column":68},"end":{"line":86,"column":1}},"line":82},"7":{"name":"(anonymous_7)","decl":{"start":{"line":85,"column":9},"end":{"line":85,"column":10}},"loc":{"start":{"line":85,"column":21},"end":{"line":85,"column":76}},"line":85},"8":{"name":"makeProcessingFunction","decl":{"start":{"line":88,"column":9},"end":{"line":88,"column":31}},"loc":{"start":{"line":88,"column":46},"end":{"line":92,"column":1}},"line":88},"9":{"name":"(anonymous_9)","decl":{"start":{"line":89,"column":9},"end":{"line":89,"column":10}},"loc":{"start":{"line":89,"column":26},"end":{"line":91,"column":3}},"line":89},"10":{"name":"makeInteractiveInitializer","decl":{"start":{"line":94,"column":9},"end":{"line":94,"column":35}},"loc":{"start":{"line":94,"column":53},"end":{"line":98,"column":1}},"line":94},"11":{"name":"(anonymous_11)","decl":{"start":{"line":95,"column":9},"end":{"line":95,"column":10}},"loc":{"start":{"line":95,"column":38},"end":{"line":97,"column":3}},"line":95},"12":{"name":"runModuleInitializer","decl":{"start":{"line":100,"column":9},"end":{"line":100,"column":29}},"loc":{"start":{"line":100,"column":65},"end":{"line":103,"column":1}},"line":100},"13":{"name":"importModuleForIntersection","decl":{"start":{"line":105,"column":9},"end":{"line":105,"column":36}},"loc":{"start":{"line":105,"column":63},"end":{"line":113,"column":1}},"line":105},"14":{"name":"handleIntersectingEntry","decl":{"start":{"line":128,"column":9},"end":{"line":128,"column":32}},"loc":{"start":{"line":128,"column":69},"end":{"line":132,"column":1}},"line":128},"15":{"name":"getEntryHandler","decl":{"start":{"line":134,"column":9},"end":{"line":134,"column":24}},"loc":{"start":{"line":134,"column":51},"end":{"line":141,"column":1}},"line":134},"16":{"name":"(anonymous_16)","decl":{"start":{"line":136,"column":9},"end":{"line":136,"column":10}},"loc":{"start":{"line":136,"column":23},"end":{"line":140,"column":3}},"line":136},"17":{"name":"(anonymous_17)","decl":{"start":{"line":136,"column":23},"end":{"line":136,"column":24}},"loc":{"start":{"line":136,"column":34},"end":{"line":140,"column":3}},"line":136},"18":{"name":"makeModuleConfig","decl":{"start":{"line":153,"column":16},"end":{"line":153,"column":32}},"loc":{"start":{"line":153,"column":43},"end":{"line":162,"column":1}},"line":153},"19":{"name":"makeObserverCallback","decl":{"start":{"line":164,"column":16},"end":{"line":164,"column":36}},"loc":{"start":{"line":164,"column":59},"end":{"line":171,"column":1}},"line":164},"20":{"name":"(anonymous_20)","decl":{"start":{"line":167,"column":9},"end":{"line":167,"column":10}},"loc":{"start":{"line":167,"column":32},"end":{"line":170,"column":3}},"line":167},"21":{"name":"makeCreateIntersectionObserver","decl":{"start":{"line":180,"column":16},"end":{"line":180,"column":46}},"loc":{"start":{"line":180,"column":57},"end":{"line":187,"column":1}},"line":180},"22":{"name":"(anonymous_22)","decl":{"start":{"line":181,"column":9},"end":{"line":181,"column":10}},"loc":{"start":{"line":181,"column":48},"end":{"line":185,"column":3}},"line":181},"23":{"name":"enableInteractiveControls","decl":{"start":{"line":203,"column":16},"end":{"line":203,"column":41}},"loc":{"start":{"line":203,"column":71},"end":{"line":210,"column":1}},"line":203},"24":{"name":"getText","decl":{"start":{"line":212,"column":9},"end":{"line":212,"column":16}},"loc":{"start":{"line":212,"column":27},"end":{"line":214,"column":1}},"line":212},"25":{"name":"makeDisplayBody","decl":{"start":{"line":216,"column":9},"end":{"line":216,"column":24}},"loc":{"start":{"line":216,"column":52},"end":{"line":220,"column":1}},"line":216},"26":{"name":"(anonymous_26)","decl":{"start":{"line":217,"column":9},"end":{"line":217,"column":10}},"loc":{"start":{"line":217,"column":17},"end":{"line":219,"column":3}},"line":217},"27":{"name":"getFetchErrorHandler","decl":{"start":{"line":222,"column":9},"end":{"line":222,"column":29}},"loc":{"start":{"line":222,"column":57},"end":{"line":229,"column":1}},"line":222},"28":{"name":"(anonymous_28)","decl":{"start":{"line":224,"column":9},"end":{"line":224,"column":10}},"loc":{"start":{"line":224,"column":18},"end":{"line":228,"column":3}},"line":224},"29":{"name":"handleRequestResponse","decl":{"start":{"line":231,"column":9},"end":{"line":231,"column":30}},"loc":{"start":{"line":231,"column":50},"end":{"line":240,"column":1}},"line":231},"30":{"name":"isObject","decl":{"start":{"line":244,"column":9},"end":{"line":244,"column":17}},"loc":{"start":{"line":244,"column":23},"end":{"line":246,"column":1}},"line":244},"31":{"name":"hasRequestField","decl":{"start":{"line":248,"column":9},"end":{"line":248,"column":24}},"loc":{"start":{"line":248,"column":30},"end":{"line":250,"column":1}},"line":248},"32":{"name":"hasStringUrl","decl":{"start":{"line":252,"column":9},"end":{"line":252,"column":21}},"loc":{"start":{"line":252,"column":27},"end":{"line":254,"column":1}},"line":252},"33":{"name":"isValidParsedRequest","decl":{"start":{"line":258,"column":9},"end":{"line":258,"column":29}},"loc":{"start":{"line":258,"column":38},"end":{"line":260,"column":1}},"line":258},"34":{"name":"(anonymous_34)","decl":{"start":{"line":259,"column":39},"end":{"line":259,"column":40}},"loc":{"start":{"line":259,"column":45},"end":{"line":259,"column":55}},"line":259},"35":{"name":"handleParsedResult","decl":{"start":{"line":262,"column":9},"end":{"line":262,"column":27}},"loc":{"start":{"line":262,"column":50},"end":{"line":268,"column":1}},"line":262},"36":{"name":"parseJSONResult","decl":{"start":{"line":275,"column":9},"end":{"line":275,"column":24}},"loc":{"start":{"line":275,"column":33},"end":{"line":281,"column":1}},"line":275},"37":{"name":"createHandleInputError","decl":{"start":{"line":304,"column":9},"end":{"line":304,"column":31}},"loc":{"start":{"line":304,"column":45},"end":{"line":313,"column":1}},"line":304},"38":{"name":"(anonymous_38)","decl":{"start":{"line":308,"column":9},"end":{"line":308,"column":10}},"loc":{"start":{"line":308,"column":16},"end":{"line":312,"column":3}},"line":308},"39":{"name":"processInputAndSetOutput","decl":{"start":{"line":315,"column":9},"end":{"line":315,"column":33}},"loc":{"start":{"line":315,"column":69},"end":{"line":328,"column":1}},"line":315},"40":{"name":"handleInputProcessing","decl":{"start":{"line":330,"column":9},"end":{"line":330,"column":30}},"loc":{"start":{"line":330,"column":66},"end":{"line":338,"column":1}},"line":330},"41":{"name":"(anonymous_41)","decl":{"start":{"line":340,"column":34},"end":{"line":340,"column":35}},"loc":{"start":{"line":340,"column":73},"end":{"line":346,"column":1}},"line":340},"42":{"name":"(anonymous_42)","decl":{"start":{"line":340,"column":73},"end":{"line":340,"column":74}},"loc":{"start":{"line":340,"column":84},"end":{"line":346,"column":1}},"line":340},"43":{"name":"disableInputAndButton","decl":{"start":{"line":359,"column":9},"end":{"line":359,"column":30}},"loc":{"start":{"line":359,"column":59},"end":{"line":362,"column":1}},"line":359},"44":{"name":"initializeInteractiveComponent","decl":{"start":{"line":371,"column":16},"end":{"line":371,"column":46}},"loc":{"start":{"line":371,"column":84},"end":{"line":407,"column":1}},"line":371},"45":{"name":"createHandleKeyPress","decl":{"start":{"line":414,"column":9},"end":{"line":414,"column":29}},"loc":{"start":{"line":414,"column":44},"end":{"line":420,"column":1}},"line":414},"46":{"name":"(anonymous_46)","decl":{"start":{"line":415,"column":9},"end":{"line":415,"column":10}},"loc":{"start":{"line":415,"column":20},"end":{"line":419,"column":3}},"line":415},"47":{"name":"initializeVisibleComponents","decl":{"start":{"line":429,"column":16},"end":{"line":429,"column":43}},"loc":{"start":{"line":429,"column":77},"end":{"line":440,"column":1}},"line":429},"48":{"name":"(anonymous_48)","decl":{"start":{"line":459,"column":32},"end":{"line":459,"column":33}},"loc":{"start":{"line":459,"column":49},"end":{"line":459,"column":88}},"line":459}},"branchMap":{"0":{"loc":{"start":{"line":24,"column":17},"end":{"line":24,"column":59}},"type":"binary-expr","locations":[{"start":{"line":24,"column":17},"end":{"line":24,"column":21}},{"start":{"line":24,"column":25},"end":{"line":24,"column":36}},{"start":{"line":24,"column":40},"end":{"line":24,"column":59}}],"line":24},"1":{"loc":{"start":{"line":137,"column":4},"end":{"line":139,"column":5}},"type":"if","locations":[{"start":{"line":137,"column":4},"end":{"line":139,"column":5}},{"start":{},"end":{}}],"line":137},"2":{"loc":{"start":{"line":245,"column":9},"end":{"line":245,"column":48}},"type":"binary-expr","locations":[{"start":{"line":245,"column":9},"end":{"line":245,"column":32}},{"start":{"line":245,"column":36},"end":{"line":245,"column":48}}],"line":245},"3":{"loc":{"start":{"line":253,"column":9},"end":{"line":253,"column":59}},"type":"binary-expr","locations":[{"start":{"line":253,"column":9},"end":{"line":253,"column":20}},{"start":{"line":253,"column":24},"end":{"line":253,"column":59}}],"line":253},"4":{"loc":{"start":{"line":264,"column":2},"end":{"line":266,"column":3}},"type":"if","locations":[{"start":{"line":264,"column":2},"end":{"line":266,"column":3}},{"start":{},"end":{}}],"line":264},"5":{"loc":{"start":{"line":325,"column":2},"end":{"line":327,"column":3}},"type":"if","locations":[{"start":{"line":325,"column":2},"end":{"line":327,"column":3}},{"start":{},"end":{}}],"line":325},"6":{"loc":{"start":{"line":342,"column":2},"end":{"line":344,"column":3}},"type":"if","locations":[{"start":{"line":342,"column":2},"end":{"line":344,"column":3}},{"start":{},"end":{}}],"line":342},"7":{"loc":{"start":{"line":416,"column":4},"end":{"line":418,"column":5}},"type":"if","locations":[{"start":{"line":416,"column":4},"end":{"line":418,"column":5}},{"start":{},"end":{}}],"line":416},"8":{"loc":{"start":{"line":431,"column":2},"end":{"line":434,"column":3}},"type":"if","locations":[{"start":{"line":431,"column":2},"end":{"line":434,"column":3}},{"start":{},"end":{}}],"line":431}},"s":{"0":1,"1":1,"2":1,"3":1,"4":1,"5":1,"6":1,"7":1,"8":1,"9":1,"10":1,"11":15,"12":15,"13":15,"14":15,"15":15,"16":5,"17":1,"18":5,"19":5,"20":5,"21":1,"22":5,"23":1,"24":5,"25":1,"26":1,"27":1,"28":4,"29":4,"30":4,"31":4,"32":4,"33":4,"34":8,"35":8,"36":6,"37":6,"38":4,"39":8,"40":8,"41":8,"42":8,"43":6,"44":6,"45":8,"46":6,"47":6,"48":6,"49":6,"50":6,"51":6,"52":6,"53":6,"54":6,"55":1,"56":2,"57":1,"58":2,"59":2,"60":1,"61":1,"62":1,"63":2,"64":2,"65":2,"66":2,"67":2,"68":3,"69":2,"70":2,"71":1,"72":3,"73":7,"74":3,"75":3,"76":2,"77":3,"78":3,"79":3,"80":1,"81":5,"82":5,"83":5,"84":5,"85":2,"86":2,"87":2,"88":5,"89":5,"90":5,"91":5,"92":5,"93":4,"94":3,"95":3,"96":3,"97":1,"98":5,"99":5,"100":5,"101":5,"102":2,"103":1,"104":7,"105":5,"106":5,"107":4,"108":5,"109":3,"110":3,"111":3,"112":3,"113":3,"114":3,"115":3,"116":3,"117":3,"118":3,"119":3,"120":3,"121":3,"122":3,"123":3,"124":3,"125":3,"126":3,"127":2,"128":1,"129":3,"130":3,"131":1,"132":1,"133":2,"134":2,"135":2,"136":2,"137":2,"138":1,"139":1},"f":{"0":1,"1":1,"2":1,"3":15,"4":5,"5":1,"6":5,"7":1,"8":5,"9":1,"10":5,"11":1,"12":1,"13":4,"14":4,"15":8,"16":6,"17":6,"18":8,"19":8,"20":6,"21":8,"22":6,"23":6,"24":1,"25":2,"26":1,"27":2,"28":1,"29":2,"30":3,"31":2,"32":2,"33":3,"34":7,"35":3,"36":3,"37":5,"38":2,"39":5,"40":5,"41":7,"42":5,"43":3,"44":3,"45":3,"46":2,"47":3,"48":1},"b":{"0":[1,1,1],"1":[4,2],"2":[3,3],"3":[2,2],"4":[2,1],"5":[1,2],"6":[4,1],"7":[1,1],"8":[1,2]},"_coverageSchema":"1a1c01bbd47fc00a2c39e90264f33305004495a9","hash":"1711b9a5e6b49f6199ab0f22543e570834dc5d60"}
,"/Users/matthew.heard/Code/Matt/dadeto/src/generator/full-width.js": {"path":"/Users/matthew.heard/Code/Matt/dadeto/src/generator/full-width.js","statementMap":{"0":{"start":{"line":1,"column":32},"end":{"line":1,"column":240}}},"fnMap":{},"branchMap":{},"s":{"0":2},"f":{},"b":{},"_coverageSchema":"1a1c01bbd47fc00a2c39e90264f33305004495a9","hash":"f4cb4a837e7f2d4838ee9adf415504826d3f6548"}
,"/Users/matthew.heard/Code/Matt/dadeto/src/generator/generator.js": {"path":"/Users/matthew.heard/Code/Matt/dadeto/src/generator/generator.js","statementMap":{"0":{"start":{"line":7,"column":2},"end":{"line":11,"column":3}},"1":{"start":{"line":8,"column":4},"end":{"line":8,"column":58}},"2":{"start":{"line":8,"column":31},"end":{"line":8,"column":47}},"3":{"start":{"line":10,"column":4},"end":{"line":10,"column":31}},"4":{"start":{"line":20,"column":2},"end":{"line":20,"column":109}},"5":{"start":{"line":35,"column":14},"end":{"line":45,"column":1}},"6":{"start":{"line":47,"column":27},"end":{"line":47,"column":381}},"7":{"start":{"line":50,"column":21},"end":{"line":50,"column":26}},"8":{"start":{"line":51,"column":25},"end":{"line":51,"column":34}},"9":{"start":{"line":54,"column":20},"end":{"line":54,"column":27}},"10":{"start":{"line":55,"column":28},"end":{"line":59,"column":1}},"11":{"start":{"line":62,"column":21},"end":{"line":62,"column":32}},"12":{"start":{"line":73,"column":20},"end":{"line":73,"column":60}},"13":{"start":{"line":74,"column":2},"end":{"line":74,"column":53}},"14":{"start":{"line":83,"column":2},"end":{"line":83,"column":27}},"15":{"start":{"line":93,"column":18},"end":{"line":93,"column":69}},"16":{"start":{"line":94,"column":24},"end":{"line":94,"column":44}},"17":{"start":{"line":95,"column":2},"end":{"line":95,"column":43}},"18":{"start":{"line":105,"column":2},"end":{"line":105,"column":25}},"19":{"start":{"line":115,"column":16},"end":{"line":115,"column":42}},"20":{"start":{"line":116,"column":2},"end":{"line":116,"column":21}},"21":{"start":{"line":125,"column":2},"end":{"line":125,"column":30}},"22":{"start":{"line":134,"column":2},"end":{"line":134,"column":67}},"23":{"start":{"line":143,"column":15},"end":{"line":143,"column":47}},"24":{"start":{"line":144,"column":2},"end":{"line":144,"column":37}},"25":{"start":{"line":151,"column":22},"end":{"line":151,"column":68}},"26":{"start":{"line":158,"column":2},"end":{"line":158,"column":34}},"27":{"start":{"line":162,"column":22},"end":{"line":162,"column":41}},"28":{"start":{"line":163,"column":2},"end":{"line":163,"column":43}},"29":{"start":{"line":170,"column":20},"end":{"line":173,"column":3}},"30":{"start":{"line":175,"column":16},"end":{"line":175,"column":49}},"31":{"start":{"line":177,"column":2},"end":{"line":177,"column":21}},"32":{"start":{"line":186,"column":2},"end":{"line":186,"column":41}},"33":{"start":{"line":194,"column":24},"end":{"line":194,"column":45}},"34":{"start":{"line":195,"column":2},"end":{"line":195,"column":38}},"35":{"start":{"line":200,"column":2},"end":{"line":200,"column":154}},"36":{"start":{"line":207,"column":18},"end":{"line":207,"column":73}},"37":{"start":{"line":208,"column":20},"end":{"line":208,"column":55}},"38":{"start":{"line":209,"column":2},"end":{"line":209,"column":39}},"39":{"start":{"line":217,"column":24},"end":{"line":217,"column":45}},"40":{"start":{"line":218,"column":2},"end":{"line":218,"column":38}},"41":{"start":{"line":227,"column":17},"end":{"line":227,"column":59}},"42":{"start":{"line":228,"column":2},"end":{"line":228,"column":39}},"43":{"start":{"line":235,"column":2},"end":{"line":241,"column":4}},"44":{"start":{"line":248,"column":24},"end":{"line":248,"column":45}},"45":{"start":{"line":249,"column":23},"end":{"line":249,"column":62}},"46":{"start":{"line":251,"column":2},"end":{"line":251,"column":31}},"47":{"start":{"line":258,"column":2},"end":{"line":258,"column":18}},"48":{"start":{"line":265,"column":2},"end":{"line":265,"column":19}},"49":{"start":{"line":272,"column":2},"end":{"line":278,"column":4}},"50":{"start":{"line":285,"column":24},"end":{"line":285,"column":45}},"51":{"start":{"line":286,"column":23},"end":{"line":286,"column":62}},"52":{"start":{"line":288,"column":2},"end":{"line":288,"column":31}},"53":{"start":{"line":295,"column":2},"end":{"line":295,"column":31}},"54":{"start":{"line":302,"column":2},"end":{"line":302,"column":21}},"55":{"start":{"line":309,"column":2},"end":{"line":311,"column":14}},"56":{"start":{"line":318,"column":2},"end":{"line":318,"column":35}},"57":{"start":{"line":325,"column":2},"end":{"line":325,"column":54}},"58":{"start":{"line":329,"column":2},"end":{"line":329,"column":65}},"59":{"start":{"line":329,"column":46},"end":{"line":329,"column":58}},"60":{"start":{"line":333,"column":18},"end":{"line":333,"column":57}},"61":{"start":{"line":334,"column":21},"end":{"line":334,"column":41}},"62":{"start":{"line":335,"column":2},"end":{"line":335,"column":53}},"63":{"start":{"line":339,"column":20},"end":{"line":339,"column":48}},"64":{"start":{"line":340,"column":17},"end":{"line":340,"column":48}},"65":{"start":{"line":341,"column":2},"end":{"line":341,"column":33}},"66":{"start":{"line":348,"column":2},"end":{"line":348,"column":41}},"67":{"start":{"line":355,"column":18},"end":{"line":355,"column":46}},"68":{"start":{"line":356,"column":27},"end":{"line":356,"column":56}},"69":{"start":{"line":357,"column":21},"end":{"line":357,"column":50}},"70":{"start":{"line":359,"column":2},"end":{"line":359,"column":67}},"71":{"start":{"line":366,"column":2},"end":{"line":366,"column":28}},"72":{"start":{"line":373,"column":2},"end":{"line":373,"column":21}},"73":{"start":{"line":380,"column":18},"end":{"line":380,"column":43}},"74":{"start":{"line":381,"column":2},"end":{"line":381,"column":49}},"75":{"start":{"line":385,"column":2},"end":{"line":385,"column":57}},"76":{"start":{"line":396,"column":2},"end":{"line":400,"column":3}},"77":{"start":{"line":397,"column":4},"end":{"line":397,"column":37}},"78":{"start":{"line":399,"column":4},"end":{"line":399,"column":19}},"79":{"start":{"line":406,"column":26},"end":{"line":408,"column":1}},"80":{"start":{"line":411,"column":28},"end":{"line":411,"column":45}},"81":{"start":{"line":413,"column":2},"end":{"line":415,"column":3}},"82":{"start":{"line":414,"column":4},"end":{"line":414,"column":44}},"83":{"start":{"line":417,"column":2},"end":{"line":417,"column":36}},"84":{"start":{"line":421,"column":2},"end":{"line":421,"column":51}},"85":{"start":{"line":425,"column":2},"end":{"line":425,"column":61}},"86":{"start":{"line":429,"column":2},"end":{"line":429,"column":52}},"87":{"start":{"line":439,"column":28},"end":{"line":439,"column":57}},"88":{"start":{"line":440,"column":12},"end":{"line":440,"column":14}},"89":{"start":{"line":441,"column":2},"end":{"line":443,"column":3}},"90":{"start":{"line":442,"column":4},"end":{"line":442,"column":17}},"91":{"start":{"line":444,"column":17},"end":{"line":444,"column":42}},"92":{"start":{"line":445,"column":19},"end":{"line":445,"column":52}},"93":{"start":{"line":447,"column":2},"end":{"line":447,"column":41}},"94":{"start":{"line":454,"column":23},"end":{"line":454,"column":44}},"95":{"start":{"line":456,"column":23},"end":{"line":456,"column":67}},"96":{"start":{"line":458,"column":2},"end":{"line":458,"column":46}},"97":{"start":{"line":465,"column":23},"end":{"line":465,"column":49}},"98":{"start":{"line":466,"column":22},"end":{"line":466,"column":47}},"99":{"start":{"line":467,"column":22},"end":{"line":467,"column":47}},"100":{"start":{"line":469,"column":2},"end":{"line":469,"column":69}},"101":{"start":{"line":476,"column":20},"end":{"line":476,"column":62}},"102":{"start":{"line":477,"column":22},"end":{"line":477,"column":45}},"103":{"start":{"line":478,"column":2},"end":{"line":478,"column":60}},"104":{"start":{"line":485,"column":23},"end":{"line":485,"column":68}},"105":{"start":{"line":486,"column":19},"end":{"line":486,"column":52}},"106":{"start":{"line":487,"column":21},"end":{"line":487,"column":43}},"107":{"start":{"line":489,"column":2},"end":{"line":489,"column":42}},"108":{"start":{"line":496,"column":18},"end":{"line":496,"column":47}},"109":{"start":{"line":497,"column":20},"end":{"line":497,"column":105}},"110":{"start":{"line":499,"column":2},"end":{"line":499,"column":40}},"111":{"start":{"line":508,"column":2},"end":{"line":510,"column":3}},"112":{"start":{"line":509,"column":4},"end":{"line":509,"column":14}},"113":{"start":{"line":512,"column":18},"end":{"line":512,"column":46}},"114":{"start":{"line":513,"column":22},"end":{"line":516,"column":15}},"115":{"start":{"line":514,"column":23},"end":{"line":514,"column":38}},"116":{"start":{"line":515,"column":4},"end":{"line":515,"column":60}},"117":{"start":{"line":517,"column":20},"end":{"line":517,"column":84}},"118":{"start":{"line":519,"column":2},"end":{"line":519,"column":40}},"119":{"start":{"line":526,"column":2},"end":{"line":526,"column":34}},"120":{"start":{"line":530,"column":2},"end":{"line":530,"column":50}},"121":{"start":{"line":539,"column":2},"end":{"line":539,"column":79}},"122":{"start":{"line":548,"column":2},"end":{"line":548,"column":58}},"123":{"start":{"line":555,"column":2},"end":{"line":555,"column":57}},"124":{"start":{"line":562,"column":2},"end":{"line":562,"column":76}},"125":{"start":{"line":569,"column":18},"end":{"line":569,"column":47}},"126":{"start":{"line":570,"column":2},"end":{"line":570,"column":35}},"127":{"start":{"line":580,"column":2},"end":{"line":580,"column":32}},"128":{"start":{"line":587,"column":21},"end":{"line":591,"column":3}},"129":{"start":{"line":593,"column":2},"end":{"line":593,"column":37}},"130":{"start":{"line":600,"column":2},"end":{"line":609,"column":4}},"131":{"start":{"line":601,"column":4},"end":{"line":603,"column":5}},"132":{"start":{"line":602,"column":6},"end":{"line":602,"column":16}},"133":{"start":{"line":605,"column":19},"end":{"line":605,"column":43}},"134":{"start":{"line":606,"column":21},"end":{"line":606,"column":58}},"135":{"start":{"line":608,"column":4},"end":{"line":608,"column":43}},"136":{"start":{"line":617,"column":19},"end":{"line":617,"column":69}},"137":{"start":{"line":618,"column":14},"end":{"line":618,"column":57}},"138":{"start":{"line":619,"column":18},"end":{"line":619,"column":43}},"139":{"start":{"line":621,"column":2},"end":{"line":621,"column":63}},"140":{"start":{"line":628,"column":16},"end":{"line":628,"column":45}},"141":{"start":{"line":630,"column":2},"end":{"line":630,"column":54}},"142":{"start":{"line":637,"column":19},"end":{"line":637,"column":67}},"143":{"start":{"line":638,"column":2},"end":{"line":638,"column":38}},"144":{"start":{"line":645,"column":17},"end":{"line":645,"column":40}},"145":{"start":{"line":647,"column":2},"end":{"line":647,"column":68}},"146":{"start":{"line":654,"column":20},"end":{"line":654,"column":35}},"147":{"start":{"line":655,"column":20},"end":{"line":655,"column":42}},"148":{"start":{"line":656,"column":16},"end":{"line":656,"column":46}},"149":{"start":{"line":658,"column":2},"end":{"line":658,"column":346}},"150":{"start":{"line":665,"column":17},"end":{"line":665,"column":42}},"151":{"start":{"line":667,"column":2},"end":{"line":667,"column":51}},"152":{"start":{"line":675,"column":23},"end":{"line":679,"column":1}},"153":{"start":{"line":685,"column":19},"end":{"line":685,"column":82}},"154":{"start":{"line":685,"column":66},"end":{"line":685,"column":81}},"155":{"start":{"line":686,"column":2},"end":{"line":686,"column":42}},"156":{"start":{"line":694,"column":35},"end":{"line":694,"column":67}},"157":{"start":{"line":697,"column":17},"end":{"line":697,"column":62}},"158":{"start":{"line":699,"column":2},"end":{"line":702,"column":26}},"159":{"start":{"line":700,"column":4},"end":{"line":700,"column":60}},"160":{"start":{"line":701,"column":4},"end":{"line":701,"column":15}},"161":{"start":{"line":706,"column":21},"end":{"line":711,"column":3}},"162":{"start":{"line":707,"column":15},"end":{"line":707,"column":32}},"163":{"start":{"line":708,"column":20},"end":{"line":708,"column":28}},"164":{"start":{"line":709,"column":18},"end":{"line":709,"column":26}},"165":{"start":{"line":710,"column":17},"end":{"line":710,"column":25}},"166":{"start":{"line":713,"column":2},"end":{"line":713,"column":47}},"167":{"start":{"line":713,"column":36},"end":{"line":713,"column":37}},"168":{"start":{"line":717,"column":25},"end":{"line":717,"column":55}},"169":{"start":{"line":718,"column":2},"end":{"line":718,"column":80}},"170":{"start":{"line":722,"column":2},"end":{"line":722,"column":40}},"171":{"start":{"line":726,"column":2},"end":{"line":726,"column":39}},"172":{"start":{"line":730,"column":2},"end":{"line":730,"column":37}},"173":{"start":{"line":734,"column":2},"end":{"line":734,"column":38}},"174":{"start":{"line":738,"column":2},"end":{"line":743,"column":4}},"175":{"start":{"line":747,"column":16},"end":{"line":747,"column":47}},"176":{"start":{"line":748,"column":2},"end":{"line":748,"column":44}},"177":{"start":{"line":752,"column":54},"end":{"line":752,"column":83}},"178":{"start":{"line":753,"column":19},"end":{"line":753,"column":51}},"179":{"start":{"line":754,"column":25},"end":{"line":754,"column":50}},"180":{"start":{"line":755,"column":2},"end":{"line":755,"column":52}},"181":{"start":{"line":764,"column":2},"end":{"line":766,"column":3}},"182":{"start":{"line":765,"column":4},"end":{"line":765,"column":14}},"183":{"start":{"line":768,"column":17},"end":{"line":768,"column":46}},"184":{"start":{"line":770,"column":20},"end":{"line":770,"column":83}},"185":{"start":{"line":770,"column":50},"end":{"line":770,"column":73}},"186":{"start":{"line":771,"column":23},"end":{"line":771,"column":68}},"187":{"start":{"line":772,"column":19},"end":{"line":772,"column":55}},"188":{"start":{"line":774,"column":2},"end":{"line":774,"column":41}},"189":{"start":{"line":781,"column":2},"end":{"line":781,"column":27}},"190":{"start":{"line":785,"column":2},"end":{"line":785,"column":25}},"191":{"start":{"line":789,"column":2},"end":{"line":789,"column":38}},"192":{"start":{"line":793,"column":2},"end":{"line":793,"column":27}},"193":{"start":{"line":797,"column":2},"end":{"line":797,"column":40}},"194":{"start":{"line":801,"column":2},"end":{"line":801,"column":38}},"195":{"start":{"line":805,"column":2},"end":{"line":805,"column":40}},"196":{"start":{"line":814,"column":2},"end":{"line":814,"column":54}},"197":{"start":{"line":822,"column":17},"end":{"line":822,"column":43}},"198":{"start":{"line":823,"column":23},"end":{"line":823,"column":66}},"199":{"start":{"line":824,"column":19},"end":{"line":824,"column":47}},"200":{"start":{"line":826,"column":2},"end":{"line":826,"column":41}},"201":{"start":{"line":834,"column":17},"end":{"line":834,"column":36}},"202":{"start":{"line":835,"column":23},"end":{"line":835,"column":71}},"203":{"start":{"line":836,"column":19},"end":{"line":836,"column":47}},"204":{"start":{"line":838,"column":2},"end":{"line":838,"column":41}},"205":{"start":{"line":846,"column":21},"end":{"line":846,"column":57}},"206":{"start":{"line":847,"column":20},"end":{"line":847,"column":54}},"207":{"start":{"line":848,"column":26},"end":{"line":848,"column":76}},"208":{"start":{"line":849,"column":2},"end":{"line":849,"column":87}},"209":{"start":{"line":853,"column":25},"end":{"line":853,"column":53}},"210":{"start":{"line":854,"column":27},"end":{"line":854,"column":72}},"211":{"start":{"line":855,"column":20},"end":{"line":855,"column":65}},"212":{"start":{"line":856,"column":2},"end":{"line":856,"column":36}},"213":{"start":{"line":860,"column":17},"end":{"line":860,"column":44}},"214":{"start":{"line":861,"column":23},"end":{"line":861,"column":49}},"215":{"start":{"line":862,"column":19},"end":{"line":862,"column":47}},"216":{"start":{"line":864,"column":2},"end":{"line":864,"column":41}},"217":{"start":{"line":873,"column":24},"end":{"line":873,"column":115}},"218":{"start":{"line":874,"column":2},"end":{"line":874,"column":59}},"219":{"start":{"line":883,"column":2},"end":{"line":885,"column":3}},"220":{"start":{"line":884,"column":4},"end":{"line":884,"column":14}},"221":{"start":{"line":887,"column":2},"end":{"line":891,"column":4}},"222":{"start":{"line":900,"column":2},"end":{"line":902,"column":3}},"223":{"start":{"line":901,"column":4},"end":{"line":901,"column":14}},"224":{"start":{"line":904,"column":2},"end":{"line":904,"column":33}},"225":{"start":{"line":913,"column":24},"end":{"line":913,"column":51}},"226":{"start":{"line":914,"column":23},"end":{"line":914,"column":50}},"227":{"start":{"line":915,"column":25},"end":{"line":915,"column":54}},"228":{"start":{"line":916,"column":23},"end":{"line":916,"column":49}},"229":{"start":{"line":917,"column":30},"end":{"line":917,"column":63}},"230":{"start":{"line":918,"column":27},"end":{"line":918,"column":57}},"231":{"start":{"line":920,"column":2},"end":{"line":927,"column":4}},"232":{"start":{"line":934,"column":2},"end":{"line":934,"column":58}},"233":{"start":{"line":942,"column":2},"end":{"line":942,"column":36}},"234":{"start":{"line":953,"column":23},"end":{"line":953,"column":71}},"235":{"start":{"line":954,"column":2},"end":{"line":954,"column":31}},"236":{"start":{"line":963,"column":2},"end":{"line":963,"column":38}},"237":{"start":{"line":974,"column":19},"end":{"line":974,"column":36}},"238":{"start":{"line":975,"column":2},"end":{"line":975,"column":54}},"239":{"start":{"line":979,"column":35},"end":{"line":979,"column":40}},"240":{"start":{"line":980,"column":23},"end":{"line":980,"column":61}},"241":{"start":{"line":981,"column":2},"end":{"line":981,"column":32}},"242":{"start":{"line":984,"column":29},"end":{"line":988,"column":2}},"243":{"start":{"line":984,"column":36},"end":{"line":988,"column":1}},"244":{"start":{"line":995,"column":21},"end":{"line":995,"column":43}},"245":{"start":{"line":996,"column":39},"end":{"line":996,"column":49}},"246":{"start":{"line":997,"column":2},"end":{"line":997,"column":38}},"247":{"start":{"line":1000,"column":33},"end":{"line":1003,"column":1}},"248":{"start":{"line":1001,"column":39},"end":{"line":1001,"column":62}},"249":{"start":{"line":1002,"column":2},"end":{"line":1002,"column":58}}},"fnMap":{"0":{"name":"createParagraphs","decl":{"start":{"line":6,"column":9},"end":{"line":6,"column":25}},"loc":{"start":{"line":6,"column":35},"end":{"line":12,"column":1}},"line":6},"1":{"name":"(anonymous_1)","decl":{"start":{"line":8,"column":23},"end":{"line":8,"column":24}},"loc":{"start":{"line":8,"column":31},"end":{"line":8,"column":47}},"line":8},"2":{"name":"createBlockquote","decl":{"start":{"line":19,"column":9},"end":{"line":19,"column":25}},"loc":{"start":{"line":19,"column":35},"end":{"line":21,"column":1}},"line":19},"3":{"name":"createDiv","decl":{"start":{"line":72,"column":9},"end":{"line":72,"column":18}},"loc":{"start":{"line":72,"column":37},"end":{"line":75,"column":1}},"line":72},"4":{"name":"joinClasses","decl":{"start":{"line":82,"column":9},"end":{"line":82,"column":20}},"loc":{"start":{"line":82,"column":30},"end":{"line":84,"column":1}},"line":82},"5":{"name":"createValueDiv","decl":{"start":{"line":92,"column":9},"end":{"line":92,"column":23}},"loc":{"start":{"line":92,"column":57},"end":{"line":96,"column":1}},"line":92},"6":{"name":"createParts","decl":{"start":{"line":104,"column":9},"end":{"line":104,"column":20}},"loc":{"start":{"line":104,"column":36},"end":{"line":106,"column":1}},"line":104},"7":{"name":"createPair","decl":{"start":{"line":114,"column":9},"end":{"line":114,"column":19}},"loc":{"start":{"line":114,"column":35},"end":{"line":117,"column":1}},"line":114},"8":{"name":"createDateFromString","decl":{"start":{"line":124,"column":9},"end":{"line":124,"column":29}},"loc":{"start":{"line":124,"column":42},"end":{"line":126,"column":1}},"line":124},"9":{"name":"formatDateWithOptions","decl":{"start":{"line":133,"column":9},"end":{"line":133,"column":30}},"loc":{"start":{"line":133,"column":37},"end":{"line":135,"column":1}},"line":133},"10":{"name":"formatDate","decl":{"start":{"line":142,"column":9},"end":{"line":142,"column":19}},"loc":{"start":{"line":142,"column":32},"end":{"line":145,"column":1}},"line":142},"11":{"name":"createEmptyKeyDiv","decl":{"start":{"line":157,"column":9},"end":{"line":157,"column":26}},"loc":{"start":{"line":157,"column":29},"end":{"line":159,"column":1}},"line":157},"12":{"name":"prefixWithEmptyKey","decl":{"start":{"line":161,"column":9},"end":{"line":161,"column":27}},"loc":{"start":{"line":161,"column":38},"end":{"line":164,"column":1}},"line":161},"13":{"name":"createHeaderContent","decl":{"start":{"line":169,"column":9},"end":{"line":169,"column":28}},"loc":{"start":{"line":169,"column":31},"end":{"line":178,"column":1}},"line":169},"14":{"name":"createSection","decl":{"start":{"line":185,"column":9},"end":{"line":185,"column":22}},"loc":{"start":{"line":185,"column":32},"end":{"line":187,"column":1}},"line":185},"15":{"name":"createHeaderSection","decl":{"start":{"line":193,"column":9},"end":{"line":193,"column":28}},"loc":{"start":{"line":193,"column":31},"end":{"line":196,"column":1}},"line":193},"16":{"name":"createFooterContent","decl":{"start":{"line":206,"column":9},"end":{"line":206,"column":28}},"loc":{"start":{"line":206,"column":31},"end":{"line":210,"column":1}},"line":206},"17":{"name":"createFooterSection","decl":{"start":{"line":216,"column":9},"end":{"line":216,"column":28}},"loc":{"start":{"line":216,"column":31},"end":{"line":219,"column":1}},"line":216},"18":{"name":"createContainerDivOpen","decl":{"start":{"line":226,"column":9},"end":{"line":226,"column":31}},"loc":{"start":{"line":226,"column":34},"end":{"line":229,"column":1}},"line":226},"19":{"name":"createHeaderContentArray","decl":{"start":{"line":234,"column":9},"end":{"line":234,"column":33}},"loc":{"start":{"line":234,"column":49},"end":{"line":242,"column":1}},"line":234},"20":{"name":"createPageHeader","decl":{"start":{"line":247,"column":9},"end":{"line":247,"column":25}},"loc":{"start":{"line":247,"column":28},"end":{"line":252,"column":1}},"line":247},"21":{"name":"createContainerDivClose","decl":{"start":{"line":257,"column":9},"end":{"line":257,"column":32}},"loc":{"start":{"line":257,"column":35},"end":{"line":259,"column":1}},"line":257},"22":{"name":"createBodyClose","decl":{"start":{"line":264,"column":9},"end":{"line":264,"column":24}},"loc":{"start":{"line":264,"column":27},"end":{"line":266,"column":1}},"line":264},"23":{"name":"createFooterContentArray","decl":{"start":{"line":271,"column":9},"end":{"line":271,"column":33}},"loc":{"start":{"line":271,"column":49},"end":{"line":279,"column":1}},"line":271},"24":{"name":"createPageFooter","decl":{"start":{"line":284,"column":9},"end":{"line":284,"column":25}},"loc":{"start":{"line":284,"column":28},"end":{"line":289,"column":1}},"line":284},"25":{"name":"convertPostToArticleHTML","decl":{"start":{"line":294,"column":9},"end":{"line":294,"column":33}},"loc":{"start":{"line":294,"column":40},"end":{"line":296,"column":1}},"line":294},"26":{"name":"formatArticleHTML","decl":{"start":{"line":301,"column":9},"end":{"line":301,"column":26}},"loc":{"start":{"line":301,"column":40},"end":{"line":303,"column":1}},"line":301},"27":{"name":"processPostsToHTML","decl":{"start":{"line":308,"column":9},"end":{"line":308,"column":27}},"loc":{"start":{"line":308,"column":35},"end":{"line":312,"column":1}},"line":308},"28":{"name":"generateArticles","decl":{"start":{"line":317,"column":9},"end":{"line":317,"column":25}},"loc":{"start":{"line":317,"column":33},"end":{"line":319,"column":1}},"line":317},"29":{"name":"createIdAttributeIfNeeded","decl":{"start":{"line":324,"column":16},"end":{"line":324,"column":41}},"loc":{"start":{"line":324,"column":48},"end":{"line":326,"column":1}},"line":324},"30":{"name":"getTagClassList","decl":{"start":{"line":328,"column":9},"end":{"line":328,"column":24}},"loc":{"start":{"line":328,"column":31},"end":{"line":330,"column":1}},"line":328},"31":{"name":"(anonymous_31)","decl":{"start":{"line":329,"column":39},"end":{"line":329,"column":40}},"loc":{"start":{"line":329,"column":46},"end":{"line":329,"column":58}},"line":329},"32":{"name":"createArticleClassAttr","decl":{"start":{"line":332,"column":9},"end":{"line":332,"column":31}},"loc":{"start":{"line":332,"column":38},"end":{"line":336,"column":1}},"line":332},"33":{"name":"createArticleAttributes","decl":{"start":{"line":338,"column":9},"end":{"line":338,"column":32}},"loc":{"start":{"line":338,"column":39},"end":{"line":342,"column":1}},"line":338},"34":{"name":"formatArticleContent","decl":{"start":{"line":347,"column":9},"end":{"line":347,"column":29}},"loc":{"start":{"line":347,"column":39},"end":{"line":349,"column":1}},"line":347},"35":{"name":"generateArticle","decl":{"start":{"line":354,"column":9},"end":{"line":354,"column":24}},"loc":{"start":{"line":354,"column":31},"end":{"line":360,"column":1}},"line":354},"36":{"name":"getContentArray","decl":{"start":{"line":365,"column":9},"end":{"line":365,"column":24}},"loc":{"start":{"line":365,"column":31},"end":{"line":367,"column":1}},"line":365},"37":{"name":"isFirstContentItem","decl":{"start":{"line":372,"column":9},"end":{"line":372,"column":27}},"loc":{"start":{"line":372,"column":35},"end":{"line":374,"column":1}},"line":372},"38":{"name":"createContentItemWithIndex","decl":{"start":{"line":379,"column":9},"end":{"line":379,"column":35}},"loc":{"start":{"line":379,"column":49},"end":{"line":3
[...]
:2},"end":{"line":251,"column":3}},{"start":{},"end":{}}],"line":249},"20":{"loc":{"start":{"line":256,"column":9},"end":{"line":256,"column":41}},"type":"binary-expr","locations":[{"start":{"line":256,"column":9},"end":{"line":256,"column":22}},{"start":{"line":256,"column":26},"end":{"line":256,"column":41}}],"line":256},"21":{"loc":{"start":{"line":260,"column":2},"end":{"line":262,"column":3}},"type":"if","locations":[{"start":{"line":260,"column":2},"end":{"line":262,"column":3}},{"start":{},"end":{}}],"line":260},"22":{"loc":{"start":{"line":269,"column":6},"end":{"line":271,"column":7}},"type":"if","locations":[{"start":{"line":269,"column":6},"end":{"line":271,"column":7}},{"start":{},"end":{}}],"line":269},"23":{"loc":{"start":{"line":289,"column":2},"end":{"line":291,"column":3}},"type":"if","locations":[{"start":{"line":289,"column":2},"end":{"line":291,"column":3}},{"start":{},"end":{}}],"line":289},"24":{"loc":{"start":{"line":298,"column":2},"end":{"line":302,"column":3}},"type":"if","locations":[{"start":{"line":298,"column":2},"end":{"line":302,"column":3}},{"start":{"line":300,"column":9},"end":{"line":302,"column":3}}],"line":298},"25":{"loc":{"start":{"line":306,"column":16},"end":{"line":306,"column":66}},"type":"cond-expr","locations":[{"start":{"line":306,"column":24},"end":{"line":306,"column":37}},{"start":{"line":306,"column":40},"end":{"line":306,"column":66}}],"line":306},"26":{"loc":{"start":{"line":324,"column":2},"end":{"line":324,"column":44}},"type":"if","locations":[{"start":{"line":324,"column":2},"end":{"line":324,"column":44}},{"start":{},"end":{}}],"line":324},"27":{"loc":{"start":{"line":330,"column":9},"end":{"line":330,"column":62}},"type":"binary-expr","locations":[{"start":{"line":330,"column":9},"end":{"line":330,"column":32}},{"start":{"line":330,"column":36},"end":{"line":330,"column":62}}],"line":330},"28":{"loc":{"start":{"line":334,"column":2},"end":{"line":334,"column":40}},"type":"if","locations":[{"start":{"line":334,"column":2},"end":{"line":334,"column":40}},{"start":{},"end":{}}],"line":334}},"s":{"0":1502147,"1":25,"2":25,"3":1,"4":82,"5":219,"6":25,"7":25,"8":25,"9":25,"10":49,"11":24,"12":25,"13":25,"14":14,"15":9,"16":9,"17":9,"18":5,"19":5,"20":25,"21":25,"22":3,"23":22,"24":22,"25":22,"26":22,"27":8,"28":14,"29":14,"30":14,"31":5,"32":9,"33":9,"34":9,"35":9,"36":22,"37":66,"38":22,"39":22,"40":25,"41":23,"42":23,"43":25,"44":25,"45":71,"46":86,"47":86,"48":86,"49":86,"50":86,"51":22,"52":90,"53":4,"54":86,"55":81,"56":86,"57":86,"58":86,"59":86,"60":22,"61":22,"62":22,"63":22,"64":41,"65":123,"66":41,"67":41,"68":41,"69":41,"70":41,"71":41,"72":41,"73":41,"74":9,"75":41,"76":41,"77":41,"78":41,"79":41,"80":41,"81":9,"82":9,"83":9,"84":41,"85":41,"86":41,"87":9,"88":9,"89":9,"90":9,"91":27,"92":81,"93":41,"94":81,"95":9,"96":2,"97":7,"98":7227950,"99":11587823,"100":2492775,"101":7227950,"102":6496017,"103":10362346,"104":2241635,"105":6496017,"106":2011845,"107":3230479,"108":2011845,"109":3239778,"110":2011845,"111":86,"112":81,"113":81,"114":81,"115":81,"116":3,"117":78,"118":78,"119":78,"120":441184,"121":270456,"122":170728,"123":1160939,"124":1160939,"125":441184,"126":719755,"127":719755,"128":2159265,"129":6477795,"130":1160898,"131":6477795,"132":719755,"133":1160939,"134":1160939,"135":1602123,"136":1160939,"137":890483,"138":1160939,"139":1160939,"140":441184,"141":719755,"142":719755,"143":719755,"144":719755,"145":378554,"146":341201,"147":719755,"148":719755,"149":1160898,"150":3482694,"151":1160898,"152":1160898,"153":1160898,"154":1160898,"155":1160898,"156":85,"157":84,"158":84,"159":1,"160":83,"161":83,"162":83,"163":86,"164":1,"165":85,"166":85,"167":85,"168":251,"169":2492775,"170":2492775,"171":6746255,"172":11,"173":11},"f":{"0":1502147,"1":25,"2":82,"3":219,"4":25,"5":25,"6":49,"7":24,"8":25,"9":14,"10":9,"11":5,"12":25,"13":22,"14":14,"15":22,"16":66,"17":25,"18":23,"19":23,"20":25,"21":71,"22":86,"23":86,"24":22,"25":90,"26":81,"27":22,"28":41,"29":123,"30":41,"31":41,"32":9,"33":41,"34":9,"35":9,"36":41,"37":41,"38":41,"39":9,"40":9,"41":27,"42":81,"43":9,"44":7227950,"45":11587823,"46":2492775,"47":7227950,"48":6496017,"49":10362346,"50":2241635,"51":6496017,"52":2011845,"53":3230479,"54":3239778,"55":86,"56":81,"57":441184,"58":1160939,"59":1160939,"60":719755,"61":2159265,"62":6477795,"63":719755,"64":1160939,"65":1602123,"66":890483,"67":719755,"68":719755,"69":1160898,"70":3482694,"71":85,"72":84,"73":83,"74":86,"75":85,"76":251,"77":2492775,"78":6746255,"79":11},"b":{"0":[1421108,81039],"1":[82,66],"2":[219,218],"3":[23,2],"4":[24,24],"5":[14,10],"6":[3,22],"7":[8,14],"8":[5,9],"9":[23,23],"10":[86,81],"11":[86,78],"12":[4,86],"13":[9,32],"14":[41,40],"15":[2,7],"16":[2011845,1896297],"17":[86,83],"18":[3,78],"19":[270456,170728],"20":[1160939,890483],"21":[441184,719755],"22":[1160898,5316897],"23":[441184,719755],"24":[378554,341201],"25":[378554,341201],"26":[1,83],"27":[83,82],"28":[1,85]},"_coverageSchema":"1a1c01bbd47fc00a2c39e90264f33305004495a9","hash":"af925e5186ad9bed73c60952e712bb1677f5d363"}
,"/Users/matthew.heard/Code/Matt/dadeto/src/toys/2025-04-16/colorPalette.js": {"path":"/Users/matthew.heard/Code/Matt/dadeto/src/toys/2025-04-16/colorPalette.js","statementMap":{"0":{"start":{"line":2,"column":18},"end":{"line":2,"column":44}},"1":{"start":{"line":3,"column":16},"end":{"line":3,"column":34}},"2":{"start":{"line":4,"column":15},"end":{"line":4,"column":51}},"3":{"start":{"line":4,"column":20},"end":{"line":4,"column":51}},"4":{"start":{"line":5,"column":17},"end":{"line":8,"column":4}},"5":{"start":{"line":6,"column":18},"end":{"line":6,"column":45}},"6":{"start":{"line":7,"column":4},"end":{"line":7,"column":57}},"7":{"start":{"line":9,"column":2},"end":{"line":9,"column":45}}},"fnMap":{"0":{"name":"generatePalette","decl":{"start":{"line":1,"column":16},"end":{"line":1,"column":31}},"loc":{"start":{"line":1,"column":44},"end":{"line":10,"column":1}},"line":1},"1":{"name":"(anonymous_1)","decl":{"start":{"line":4,"column":15},"end":{"line":4,"column":16}},"loc":{"start":{"line":4,"column":20},"end":{"line":4,"column":51}},"line":4},"2":{"name":"(anonymous_2)","decl":{"start":{"line":5,"column":47},"end":{"line":5,"column":48}},"loc":{"start":{"line":5,"column":53},"end":{"line":8,"column":3}},"line":5}},"branchMap":{"0":{"loc":{"start":{"line":3,"column":16},"end":{"line":3,"column":34}},"type":"binary-expr","locations":[{"start":{"line":3,"column":16},"end":{"line":3,"column":29}},{"start":{"line":3,"column":33},"end":{"line":3,"column":34}}],"line":3}},"s":{"0":2,"1":2,"2":2,"3":24,"4":2,"5":8,"6":8,"7":2},"f":{"0":2,"1":24,"2":8},"b":{"0":[2,1]},"_coverageSchema":"1a1c01bbd47fc00a2c39e90264f33305004495a9","hash":"2e0b8891133287e218db14621293fd6e1d81b856"}
,"/Users/matthew.heard/Code/Matt/dadeto/src/toys/2025-05-08/battleshipSolitaireFleet.js": {"path":"/Users/matthew.heard/Code/Matt/dadeto/src/toys/2025-05-08/battleshipSolitaireFleet.js","statementMap":{"0":{"start":{"line":18,"column":4},"end":{"line":21,"column":5}},"1":{"start":{"line":18,"column":17},"end":{"line":18,"column":31}},"2":{"start":{"line":19,"column":16},"end":{"line":19,"column":59}},"3":{"start":{"line":20,"column":6},"end":{"line":20,"column":42}},"4":{"start":{"line":24,"column":14},"end":{"line":24,"column":35}},"5":{"start":{"line":24,"column":24},"end":{"line":24,"column":35}},"6":{"start":{"line":27,"column":4},"end":{"line":27,"column":46}},"7":{"start":{"line":32,"column":16},"end":{"line":32,"column":18}},"8":{"start":{"line":33,"column":4},"end":{"line":38,"column":5}},"9":{"start":{"line":33,"column":18},"end":{"line":33,"column":20}},"10":{"start":{"line":34,"column":6},"end":{"line":37,"column":7}},"11":{"start":{"line":34,"column":20},"end":{"line":34,"column":22}},"12":{"start":{"line":35,"column":8},"end":{"line":35,"column":43}},"13":{"start":{"line":35,"column":34},"end":{"line":35,"column":43}},"14":{"start":{"line":36,"column":8},"end":{"line":36,"column":43}},"15":{"start":{"line":39,"column":4},"end":{"line":39,"column":15}},"16":{"start":{"line":45,"column":21},"end":{"line":45,"column":30}},"17":{"start":{"line":46,"column":27},"end":{"line":46,"column":50}},"18":{"start":{"line":47,"column":18},"end":{"line":47,"column":20}},"19":{"start":{"line":50,"column":20},"end":{"line":50,"column":37}},"20":{"start":{"line":51,"column":4},"end":{"line":51,"column":26}},"21":{"start":{"line":53,"column":4},"end":{"line":103,"column":5}},"22":{"start":{"line":54,"column":25},"end":{"line":54,"column":27}},"23":{"start":{"line":56,"column":6},"end":{"line":91,"column":7}},"24":{"start":{"line":56,"column":19},"end":{"line":56,"column":20}},"25":{"start":{"line":57,"column":8},"end":{"line":90,"column":9}},"26":{"start":{"line":57,"column":21},"end":{"line":57,"column":22}},"27":{"start":{"line":58,"column":10},"end":{"line":89,"column":11}},"28":{"start":{"line":59,"column":25},"end":{"line":59,"column":54}},"29":{"start":{"line":60,"column":25},"end":{"line":60,"column":54}},"30":{"start":{"line":61,"column":12},"end":{"line":61,"column":71}},"31":{"start":{"line":61,"column":62},"end":{"line":61,"column":71}},"32":{"start":{"line":63,"column":24},"end":{"line":63,"column":28}},"33":{"start":{"line":64,"column":25},"end":{"line":64,"column":27}},"34":{"start":{"line":65,"column":12},"end":{"line":71,"column":13}},"35":{"start":{"line":65,"column":25},"end":{"line":65,"column":26}},"36":{"start":{"line":66,"column":25},"end":{"line":66,"column":48}},"37":{"start":{"line":67,"column":25},"end":{"line":67,"column":48}},"38":{"start":{"line":68,"column":24},"end":{"line":68,"column":35}},"39":{"start":{"line":69,"column":14},"end":{"line":69,"column":49}},"40":{"start":{"line":69,"column":35},"end":{"line":69,"column":49}},"41":{"start":{"line":70,"column":14},"end":{"line":70,"column":42}},"42":{"start":{"line":72,"column":12},"end":{"line":72,"column":33}},"43":{"start":{"line":72,"column":24},"end":{"line":72,"column":33}},"44":{"start":{"line":74,"column":12},"end":{"line":84,"column":13}},"45":{"start":{"line":75,"column":14},"end":{"line":83,"column":15}},"46":{"start":{"line":76,"column":16},"end":{"line":81,"column":17}},"47":{"start":{"line":77,"column":18},"end":{"line":80,"column":19}},"48":{"start":{"line":78,"column":20},"end":{"line":78,"column":34}},"49":{"start":{"line":79,"column":20},"end":{"line":79,"column":26}},"50":{"start":{"line":82,"column":16},"end":{"line":82,"column":34}},"51":{"start":{"line":82,"column":28},"end":{"line":82,"column":34}},"52":{"start":{"line":86,"column":12},"end":{"line":88,"column":13}},"53":{"start":{"line":87,"column":14},"end":{"line":87,"column":80}},"54":{"start":{"line":93,"column":6},"end":{"line":93,"column":47}},"55":{"start":{"line":93,"column":35},"end":{"line":93,"column":47}},"56":{"start":{"line":94,"column":21},"end":{"line":94,"column":86}},"57":{"start":{"line":95,"column":6},"end":{"line":95,"column":25}},"58":{"start":{"line":98,"column":6},"end":{"line":102,"column":7}},"59":{"start":{"line":98,"column":19},"end":{"line":98,"column":20}},"60":{"start":{"line":99,"column":19},"end":{"line":99,"column":81}},"61":{"start":{"line":100,"column":19},"end":{"line":100,"column":81}},"62":{"start":{"line":101,"column":8},"end":{"line":101,"column":34}},"63":{"start":{"line":105,"column":4},"end":{"line":105,"column":59}},"64":{"start":{"line":112,"column":4},"end":{"line":116,"column":5}},"65":{"start":{"line":113,"column":6},"end":{"line":113,"column":30}},"66":{"start":{"line":115,"column":6},"end":{"line":115,"column":55}},"67":{"start":{"line":118,"column":4},"end":{"line":120,"column":5}},"68":{"start":{"line":119,"column":6},"end":{"line":119,"column":75}},"69":{"start":{"line":122,"column":26},"end":{"line":122,"column":62}},"70":{"start":{"line":122,"column":53},"end":{"line":122,"column":58}},"71":{"start":{"line":123,"column":4},"end":{"line":125,"column":5}},"72":{"start":{"line":124,"column":6},"end":{"line":124,"column":74}},"73":{"start":{"line":127,"column":22},"end":{"line":127,"column":25}},"74":{"start":{"line":128,"column":4},"end":{"line":131,"column":5}},"75":{"start":{"line":128,"column":17},"end":{"line":128,"column":18}},"76":{"start":{"line":129,"column":20},"end":{"line":129,"column":46}},"77":{"start":{"line":130,"column":6},"end":{"line":130,"column":46}},"78":{"start":{"line":130,"column":17},"end":{"line":130,"column":46}},"79":{"start":{"line":133,"column":4},"end":{"line":133,"column":83}},"80":{"start":{"line":137,"column":2},"end":{"line":139,"column":3}},"81":{"start":{"line":138,"column":4},"end":{"line":138,"column":35}}},"fnMap":{"0":{"name":"shuffle","decl":{"start":{"line":17,"column":9},"end":{"line":17,"column":16}},"loc":{"start":{"line":17,"column":27},"end":{"line":22,"column":3}},"line":17},"1":{"name":"(anonymous_1)","decl":{"start":{"line":24,"column":14},"end":{"line":24,"column":15}},"loc":{"start":{"line":24,"column":24},"end":{"line":24,"column":35}},"line":24},"2":{"name":"inBounds","decl":{"start":{"line":26,"column":11},"end":{"line":26,"column":19}},"loc":{"start":{"line":26,"column":32},"end":{"line":28,"column":3}},"line":26},"3":{"name":"neighbours","decl":{"start":{"line":31,"column":11},"end":{"line":31,"column":21}},"loc":{"start":{"line":31,"column":28},"end":{"line":40,"column":3}},"line":31},"4":{"name":"attemptPlacement","decl":{"start":{"line":44,"column":11},"end":{"line":44,"column":27}},"loc":{"start":{"line":44,"column":38},"end":{"line":106,"column":3}},"line":44},"5":{"name":"generateFleet","decl":{"start":{"line":110,"column":11},"end":{"line":110,"column":24}},"loc":{"start":{"line":110,"column":37},"end":{"line":134,"column":3}},"line":110},"6":{"name":"(anonymous_6)","decl":{"start":{"line":122,"column":43},"end":{"line":122,"column":44}},"loc":{"start":{"line":122,"column":53},"end":{"line":122,"column":58}},"line":122}},"branchMap":{"0":{"loc":{"start":{"line":27,"column":11},"end":{"line":27,"column":45}},"type":"binary-expr","locations":[{"start":{"line":27,"column":11},"end":{"line":27,"column":17}},{"start":{"line":27,"column":21},"end":{"line":27,"column":27}},{"start":{"line":27,"column":31},"end":{"line":27,"column":36}},{"start":{"line":27,"column":40},"end":{"line":27,"column":45}}],"line":27},"1":{"loc":{"start":{"line":35,"column":8},"end":{"line":35,"column":43}},"type":"if","locations":[{"start":{"line":35,"column":8},"end":{"line":35,"column":43}},{"start":{},"end":{}}],"line":35},"2":{"loc":{"start":{"line":35,"column":12},"end":{"line":35,"column":32}},"type":"binary-expr","locations":[{"start":{"line":35,"column":12},"end":{"line":35,"column":20}},{"start":{"line":35,"column":24},"end":{"line":35,"column":32}}],"line":35},"3":{"loc":{"start":{"line":59,"column":25},"end":{"line":59,"column":54}},"type":"cond-expr","locations":[{"start":{"line":59,"column":39},"end":{"line":59,"column":50}},{"start":{"line":59,"column":53},"end":{"line":59,"column":54}}],"line":59},"4":{"loc":{"start":{"line":60,"column":25},"end":{"line":60,"column":54}},"type":"cond-expr","locations":[{"start":{"line":60,"column":39},"end":{"line":60,"column":50}},{"start":{"line":60,"column":53},"end":{"line":60,"column":54}}],"line":60},"5":{"loc":{"start":{"line":61,"column":12},"end":{"line":61,"column":71}},"type":"if","locations":[{"start":{"line":61,"column":12},"end":{"line":61,"column":71}},{"start":{},"end":{}}],"line":61},"6":{"loc":{"start":{"line":65,"column":28},"end":{"line":65,"column":44}},"type":"binary-expr","locations":[{"start":{"line":65,"column":28},"end":{"line":65,"column":35}},{"start":{"line":65,"column":39},"end":{"line":65,"column":44}}],"line":65},"7":{"loc":{"start":{"line":66,"column":25},"end":{"line":66,"column":48}},"type":"cond-expr","locations":[{"start":{"line":66,"column":39},"end":{"line":66,"column":44}},{"start":{"line":66,"column":47},"end":{"line":66,"column":48}}],"line":66},"8":{"loc":{"start":{"line":67,"column":25},"end":{"line":67,"column":48}},"type":"cond-expr","locations":[{"start":{"line":67,"column":39},"end":{"line":67,"column":44}},{"start":{"line":67,"column":47},"end":{"line":67,"column":48}}],"line":67},"9":{"loc":{"start":{"line":69,"column":14},"end":{"line":69,"column":49}},"type":"if","locations":[{"start":{"line":69,"column":14},"end":{"line":69,"column":49}},{"start":{},"end":{}}],"line":69},"10":{"loc":{"start":{"line":72,"column":12},"end":{"line":72,"column":33}},"type":"if","locations":[{"start":{"line":72,"column":12},"end":{"line":72,"column":33}},{"start":{},"end":{}}],"line":72},"11":{"loc":{"start":{"line":74,"column":12},"end":{"line":84,"column":13}},"type":"if","locations":[{"start":{"line":74,"column":12},"end":{"line":84,"column":13}},{"start":{},"end":{}}],"line":74},"12":{"loc":{"start":{"line":77,"column":18},"end":{"line":80,"column":19}},"type":"if","locations":[{"start":{"line":77,"column":18},"end":{"line":80,"column":19}},{"start":{},"end":{}}],"line":77},"13":{"loc":{"start":{"line":77,"column":22},"end":{"line":77,"column":94}},"type":"binary-expr","locations":[{"start":{"line":77,"column":22},"end":{"line":77,"column":63}},{"start":{"line":77,"column":67},"end":{"line":77,"column":94}}],"line":77},"14":{"loc":{"start":{"line":82,"column":16},"end":{"line":82,"column":34}},"type":"if","locations":[{"start":{"line":82,"column":16},"end":{"line":82,"column":34}},{"start":{},"end":{}}],"line":82},"15":{"loc":{"start":{"line":86,"column":12},"end":{"line":88,"column":13}},"type":"if","locations":[{"start":{"line":86,"column":12},"end":{"line":88,"column":13}},{"start":{},"end":{}}],"line":86},"16":{"loc":{"start":{"line":93,"column":6},"end":{"line":93,"column":47}},"type":"if","locations":[{"start":{"line":93,"column":6},"end":{"line":93,"column":47}},{"start":{},"end":{}}],"line":93},"17":{"loc":{"start":{"line":99,"column":19},"end":{"line":99,"column":81}},"type":"cond-expr","locations":[{"start":{"line":99,"column":46},"end":{"line":99,"column":64}},{"start":{"line":99,"column":67},"end":{"line":99,"column":81}}],"line":99},"18":{"loc":{"start":{"line":100,"column":19},"end":{"line":100,"column":81}},"type":"cond-expr","locations":[{"start":{"line":100,"column":46},"end":{"line":100,"column":64}},{"start":{"line":100,"column":67},"end":{"line":100,"column":81}}],"line":100},"19":{"loc":{"start":{"line":118,"column":4},"end":{"line":120,"column":5}},"type":"if","locations":[{"start":{"line":118,"column":4},"end":{"line":120,"column":5}},{"start":{},"end":{}}],"line":118},"20":{"loc":{"start":{"line":123,"column":4},"end":{"line":125,"column":5}},"type":"if","locations":[{"start":{"line":123,"column":4},"end":{"line":125,"column":5}},{"start":{},"end":{}}],"line":123},"21":{"loc":{"start":{"line":130,"column":6},"end":{"line":130,"column":46}},"type":"if","locations":[{"start":{"line":130,"column":6},"end":{"line":130,"column":46}},{"start":{},"end":{}}],"line":130},"22":{"loc":{"start":{"line":137,"column":2},"end":{"line":139,"column":3}},"type":"if","locations":[{"start":{"line":137,"column":2},"end":{"line":139,"column":3}},{"start":{},"end":{}}],"line":137}},"s":{"0":0,"1":0,"2":0,"3":0,"4":0,"5":0,"6":0,"7":0,"8":0,"9":0,"10":0,"11":0,"12":0,"13":0,"14":0,"15":0,"16":0,"17":0,"18":0,"19":0,"20":0,"21":0,"22":0,"23":0,"24":0,"25":0,"26":0,"27":0,"28":0,"29":0,"30":0,"31":0,"32":0,"33":0,"34":0,"35":0,"36":0,"37":0,"38":0,"39":0,"40":0,"41":0,"42":0,"43":0,"44":0,"45":0,"46":0,"47":0,"48":0,"49":0,"50":0,"51":0,"52":0,"53":0,"54":0,"55":0,"56":0,"57":0,"58":0,"59":0,"60":0,"61":0,"62":0,"63":0,"64":0,"65":0,"66":0,"67":0,"68":0,"69":0,"70":0,"71":0,"72":0,"73":0,"74":0,"75":0,"76":0,"77":0,"78":0,"79":0,"80":0,"81":0},"f":{"0":0,"1":0,"2":0,"3":0,"4":0,"5":0,"6":0},"b":{"0":[0,0,0,0],"1":[0,0],"2":[0,0],"3":[0,0],"4":[0,0],"5":[0,0],"6":[0,0],"7":[0,0],"8":[0,0],"9":[0,0],"10":[0,0],"11":[0,0],"12":[0,0],"13":[0,0],"14":[0,0],"15":[0,0],"16":[0,0],"17":[0,0],"18":[0,0],"19":[0,0],"20":[0,0],"21":[0,0],"22":[0,0]}}
}
