{"/Users/matthew.heard/Code/Matt/dadeto/src/browser/audio-controls.js": {"path":"/Users/matthew.heard/Code/Matt/dadeto/src/browser/audio-controls.js","statementMap":{"0":{"start":{"line":1,"column":38},"end":{"line":6,"column":1}},"1":{"start":{"line":2,"column":2},"end":{"line":5,"column":4}},"2":{"start":{"line":3,"column":4},"end":{"line":3,"column":19}},"3":{"start":{"line":4,"column":4},"end":{"line":4,"column":21}},"4":{"start":{"line":8,"column":39},"end":{"line":13,"column":1}},"5":{"start":{"line":9,"column":2},"end":{"line":12,"column":4}},"6":{"start":{"line":10,"column":4},"end":{"line":10,"column":19}},"7":{"start":{"line":11,"column":4},"end":{"line":11,"column":22}},"8":{"start":{"line":15,"column":38},"end":{"line":21,"column":1}},"9":{"start":{"line":16,"column":2},"end":{"line":20,"column":4}},"10":{"start":{"line":17,"column":4},"end":{"line":17,"column":19}},"11":{"start":{"line":18,"column":4},"end":{"line":18,"column":22}},"12":{"start":{"line":19,"column":4},"end":{"line":19,"column":26}},"13":{"start":{"line":25,"column":39},"end":{"line":33,"column":1}},"14":{"start":{"line":26,"column":2},"end":{"line":32,"column":4}},"15":{"start":{"line":27,"column":20},"end":{"line":27,"column":54}},"16":{"start":{"line":28,"column":20},"end":{"line":30,"column":23}},"17":{"start":{"line":31,"column":4},"end":{"line":31,"column":57}},"18":{"start":{"line":40,"column":24},"end":{"line":40,"column":46}},"19":{"start":{"line":41,"column":2},"end":{"line":98,"column":5}},"20":{"start":{"line":42,"column":4},"end":{"line":42,"column":39}},"21":{"start":{"line":43,"column":4},"end":{"line":45,"column":5}},"22":{"start":{"line":44,"column":6},"end":{"line":44,"column":34}},"23":{"start":{"line":47,"column":30},"end":{"line":47,"column":54}},"24":{"start":{"line":48,"column":4},"end":{"line":48,"column":51}},"25":{"start":{"line":49,"column":4},"end":{"line":49,"column":50}},"26":{"start":{"line":51,"column":24},"end":{"line":51,"column":49}},"27":{"start":{"line":52,"column":4},"end":{"line":52,"column":41}},"28":{"start":{"line":53,"column":4},"end":{"line":53,"column":37}},"29":{"start":{"line":55,"column":23},"end":{"line":55,"column":45}},"30":{"start":{"line":56,"column":4},"end":{"line":56,"column":26}},"31":{"start":{"line":57,"column":4},"end":{"line":57,"column":36}},"32":{"start":{"line":58,"column":24},"end":{"line":62,"column":5}},"33":{"start":{"line":63,"column":4},"end":{"line":63,"column":59}},"34":{"start":{"line":65,"column":25},"end":{"line":69,"column":5}},"35":{"start":{"line":71,"column":24},"end":{"line":71,"column":46}},"36":{"start":{"line":72,"column":4},"end":{"line":72,"column":27}},"37":{"start":{"line":73,"column":4},"end":{"line":73,"column":38}},"38":{"start":{"line":74,"column":4},"end":{"line":74,"column":61}},"39":{"start":{"line":76,"column":24},"end":{"line":80,"column":5}},"40":{"start":{"line":81,"column":23},"end":{"line":81,"column":45}},"41":{"start":{"line":82,"column":4},"end":{"line":82,"column":26}},"42":{"start":{"line":83,"column":4},"end":{"line":83,"column":36}},"43":{"start":{"line":84,"column":4},"end":{"line":84,"column":59}},"44":{"start":{"line":86,"column":30},"end":{"line":86,"column":73}},"45":{"start":{"line":87,"column":4},"end":{"line":87,"column":65}},"46":{"start":{"line":89,"column":4},"end":{"line":89,"column":51}},"47":{"start":{"line":90,"column":4},"end":{"line":90,"column":64}},"48":{"start":{"line":91,"column":4},"end":{"line":91,"column":52}},"49":{"start":{"line":92,"column":4},"end":{"line":92,"column":64}},"50":{"start":{"line":93,"column":4},"end":{"line":93,"column":51}},"51":{"start":{"line":94,"column":4},"end":{"line":94,"column":64}},"52":{"start":{"line":95,"column":4},"end":{"line":95,"column":52}},"53":{"start":{"line":97,"column":4},"end":{"line":97,"column":77}}},"fnMap":{"0":{"name":"(anonymous_0)","decl":{"start":{"line":1,"column":38},"end":{"line":1,"column":39}},"loc":{"start":{"line":1,"column":73},"end":{"line":6,"column":1}},"line":1},"1":{"name":"(anonymous_1)","decl":{"start":{"line":2,"column":9},"end":{"line":2,"column":10}},"loc":{"start":{"line":2,"column":14},"end":{"line":5,"column":3}},"line":2},"2":{"name":"(anonymous_2)","decl":{"start":{"line":8,"column":39},"end":{"line":8,"column":40}},"loc":{"start":{"line":8,"column":75},"end":{"line":13,"column":1}},"line":8},"3":{"name":"(anonymous_3)","decl":{"start":{"line":9,"column":9},"end":{"line":9,"column":10}},"loc":{"start":{"line":9,"column":14},"end":{"line":12,"column":3}},"line":9},"4":{"name":"(anonymous_4)","decl":{"start":{"line":15,"column":38},"end":{"line":15,"column":39}},"loc":{"start":{"line":15,"column":74},"end":{"line":21,"column":1}},"line":15},"5":{"name":"(anonymous_5)","decl":{"start":{"line":16,"column":9},"end":{"line":16,"column":10}},"loc":{"start":{"line":16,"column":14},"end":{"line":20,"column":3}},"line":16},"6":{"name":"(anonymous_6)","decl":{"start":{"line":25,"column":39},"end":{"line":25,"column":40}},"loc":{"start":{"line":25,"column":63},"end":{"line":33,"column":1}},"line":25},"7":{"name":"(anonymous_7)","decl":{"start":{"line":26,"column":9},"end":{"line":26,"column":10}},"loc":{"start":{"line":26,"column":15},"end":{"line":32,"column":3}},"line":26},"8":{"name":"setupAudio","decl":{"start":{"line":39,"column":16},"end":{"line":39,"column":26}},"loc":{"start":{"line":39,"column":32},"end":{"line":99,"column":1}},"line":39},"9":{"name":"(anonymous_9)","decl":{"start":{"line":41,"column":24},"end":{"line":41,"column":25}},"loc":{"start":{"line":41,"column":48},"end":{"line":98,"column":3}},"line":41}},"branchMap":{"0":{"loc":{"start":{"line":43,"column":4},"end":{"line":45,"column":5}},"type":"if","locations":[{"start":{"line":43,"column":4},"end":{"line":45,"column":5}},{"start":{},"end":{}}],"line":43}},"s":{"0":1,"1":18,"2":2,"3":2,"4":1,"5":18,"6":2,"7":2,"8":1,"9":19,"10":3,"11":3,"12":3,"13":1,"14":19,"15":3,"16":3,"17":3,"18":16,"19":16,"20":16,"21":16,"22":15,"23":16,"24":16,"25":16,"26":16,"27":16,"28":16,"29":16,"30":16,"31":16,"32":16,"33":16,"34":16,"35":16,"36":16,"37":16,"38":16,"39":16,"40":16,"41":16,"42":16,"43":16,"44":16,"45":16,"46":16,"47":16,"48":16,"49":16,"50":16,"51":16,"52":16,"53":16},"f":{"0":18,"1":2,"2":18,"3":2,"4":19,"5":3,"6":19,"7":3,"8":16,"9":16},"b":{"0":[15,1]},"_coverageSchema":"1a1c01bbd47fc00a2c39e90264f33305004495a9","hash":"a597117a542527a09959662d2e007220436e579f"}
,"/Users/matthew.heard/Code/Matt/dadeto/src/browser/beta.js": {"path":"/Users/matthew.heard/Code/Matt/dadeto/src/browser/beta.js","statementMap":{"0":{"start":{"line":6,"column":2},"end":{"line":12,"column":3}},"1":{"start":{"line":7,"column":21},"end":{"line":7,"column":65}},"2":{"start":{"line":8,"column":4},"end":{"line":11,"column":7}},"3":{"start":{"line":9,"column":6},"end":{"line":9,"column":47}},"4":{"start":{"line":10,"column":6},"end":{"line":10,"column":26}}},"fnMap":{"0":{"name":"revealBetaArticles","decl":{"start":{"line":5,"column":16},"end":{"line":5,"column":34}},"loc":{"start":{"line":5,"column":40},"end":{"line":13,"column":1}},"line":5},"1":{"name":"(anonymous_1)","decl":{"start":{"line":8,"column":33},"end":{"line":8,"column":34}},"loc":{"start":{"line":8,"column":44},"end":{"line":11,"column":5}},"line":8}},"branchMap":{"0":{"loc":{"start":{"line":6,"column":2},"end":{"line":12,"column":3}},"type":"if","locations":[{"start":{"line":6,"column":2},"end":{"line":12,"column":3}},{"start":{},"end":{}}],"line":6}},"s":{"0":2,"1":1,"2":1,"3":2,"4":2},"f":{"0":2,"1":2},"b":{"0":[1,1]},"_coverageSchema":"1a1c01bbd47fc00a2c39e90264f33305004495a9","hash":"b3393826835a2733f483f5375c09e321c4f27824"}
,"/Users/matthew.heard/Code/Matt/dadeto/src/browser/common.js": {"path":"/Users/matthew.heard/Code/Matt/dadeto/src/browser/common.js","statementMap":{"0":{"start":{"line":9,"column":2},"end":{"line":9,"column":45}},"1":{"start":{"line":18,"column":2},"end":{"line":18,"column":59}}},"fnMap":{"0":{"name":"isNonNullNonArray","decl":{"start":{"line":8,"column":9},"end":{"line":8,"column":26}},"loc":{"start":{"line":8,"column":32},"end":{"line":10,"column":1}},"line":8},"1":{"name":"isObject","decl":{"start":{"line":17,"column":16},"end":{"line":17,"column":24}},"loc":{"start":{"line":17,"column":30},"end":{"line":19,"column":1}},"line":17}},"branchMap":{"0":{"loc":{"start":{"line":9,"column":9},"end":{"line":9,"column":44}},"type":"binary-expr","locations":[{"start":{"line":9,"column":9},"end":{"line":9,"column":21}},{"start":{"line":9,"column":25},"end":{"line":9,"column":44}}],"line":9},"1":{"loc":{"start":{"line":18,"column":9},"end":{"line":18,"column":58}},"type":"binary-expr","locations":[{"start":{"line":18,"column":9},"end":{"line":18,"column":31}},{"start":{"line":18,"column":35},"end":{"line":18,"column":58}}],"line":18}},"s":{"0":189,"1":189},"f":{"0":189,"1":189},"b":{"0":[189,168],"1":[189,163]},"_coverageSchema":"1a1c01bbd47fc00a2c39e90264f33305004495a9","hash":"0f5e8043b9f7c2b234a239367e9a5dc1b30f0ad2"}
,"/Users/matthew.heard/Code/Matt/dadeto/src/browser/createSectionSetter.js": {"path":"/Users/matthew.heard/Code/Matt/dadeto/src/browser/createSectionSetter.js","statementMap":{"0":{"start":{"line":11,"column":2},"end":{"line":17,"column":4}},"1":{"start":{"line":12,"column":19},"end":{"line":12,"column":41}},"2":{"start":{"line":13,"column":4},"end":{"line":15,"column":5}},"3":{"start":{"line":14,"column":6},"end":{"line":14,"column":28}},"4":{"start":{"line":16,"column":4},"end":{"line":16,"column":51}},"5":{"start":{"line":27,"column":2},"end":{"line":34,"column":3}},"6":{"start":{"line":28,"column":4},"end":{"line":28,"column":29}},"7":{"start":{"line":30,"column":4},"end":{"line":33,"column":6}},"8":{"start":{"line":35,"column":2},"end":{"line":37,"column":3}},"9":{"start":{"line":36,"column":4},"end":{"line":36,"column":79}},"10":{"start":{"line":38,"column":2},"end":{"line":38,"column":34}},"11":{"start":{"line":49,"column":18},"end":{"line":49,"column":36}},"12":{"start":{"line":50,"column":18},"end":{"line":50,"column":36}},"13":{"start":{"line":51,"column":2},"end":{"line":63,"column":3}},"14":{"start":{"line":52,"column":24},"end":{"line":52,"column":33}},"15":{"start":{"line":53,"column":20},"end":{"line":53,"column":42}},"16":{"start":{"line":54,"column":4},"end":{"line":56,"column":5}},"17":{"start":{"line":55,"column":6},"end":{"line":55,"column":28}},"18":{"start":{"line":57,"column":4},"end":{"line":57,"column":62}},"19":{"start":{"line":58,"column":4},"end":{"line":58,"column":21}},"20":{"start":{"line":59,"column":24},"end":{"line":59,"column":74}},"21":{"start":{"line":60,"column":4},"end":{"line":60,"column":55}},"22":{"start":{"line":62,"column":4},"end":{"line":62,"column":62}}},"fnMap":{"0":{"name":"createSectionSetter","decl":{"start":{"line":10,"column":16},"end":{"line":10,"column":35}},"loc":{"start":{"line":10,"column":45},"end":{"line":18,"column":1}},"line":10},"1":{"name":"setSection","decl":{"start":{"line":11,"column":18},"end":{"line":11,"column":28}},"loc":{"start":{"line":11,"column":41},"end":{"line":17,"column":3}},"line":11},"2":{"name":"parseJsonObject","decl":{"start":{"line":25,"column":9},"end":{"line":25,"column":24}},"loc":{"start":{"line":25,"column":32},"end":{"line":39,"column":1}},"line":25},"3":{"name":"mergeSection","decl":{"start":{"line":48,"column":9},"end":{"line":48,"column":21}},"loc":{"start":{"line":48,"column":47},"end":{"line":64,"column":1}},"line":48}},"branchMap":{"0":{"loc":{"start":{"line":13,"column":4},"end":{"line":15,"column":5}},"type":"if","locations":[{"start":{"line":13,"column":4},"end":{"line":15,"column":5}},{"start":{},"end":{}}],"line":13},"1":{"loc":{"start":{"line":35,"column":2},"end":{"line":37,"column":3}},"type":"if","locations":[{"start":{"line":35,"column":2},"end":{"line":37,"column":3}},{"start":{},"end":{}}],"line":35},"2":{"loc":{"start":{"line":54,"column":4},"end":{"line":56,"column":5}},"type":"if","locations":[{"start":{"line":54,"column":4},"end":{"line":56,"column":5}},{"start":{},"end":{}}],"line":54}},"s":{"0":130,"1":47,"2":47,"3":5,"4":42,"5":47,"6":47,"7":2,"8":45,"9":3,"10":42,"11":42,"12":35,"13":35,"14":35,"15":24,"16":23,"17":10,"18":23,"19":23,"20":22,"21":22,"22":13},"f":{"0":130,"1":47,"2":47,"3":42},"b":{"0":[5,42],"1":[3,42],"2":[10,13]},"_coverageSchema":"1a1c01bbd47fc00a2c39e90264f33305004495a9","hash":"925a1870a42ac6846452226d876e906b8201e2eb"}
,"/Users/matthew.heard/Code/Matt/dadeto/src/browser/data.js": {"path":"/Users/matthew.heard/Code/Matt/dadeto/src/browser/data.js","statementMap":{"0":{"start":{"line":3,"column":28},"end":{"line":3,"column":75}},"1":{"start":{"line":5,"column":27},"end":{"line":10,"column":1}},"2":{"start":{"line":18,"column":2},"end":{"line":23,"column":4}},"3":{"start":{"line":32,"column":35},"end":{"line":32,"column":60}},"4":{"start":{"line":33,"column":2},"end":{"line":33,"column":56}},"5":{"start":{"line":43,"column":2},"end":{"line":46,"column":3}},"6":{"start":{"line":44,"column":4},"end":{"line":44,"column":50}},"7":{"start":{"line":45,"column":4},"end":{"line":45,"column":16}},"8":{"start":{"line":47,"column":2},"end":{"line":47,"column":15}},"9":{"start":{"line":59,"column":19},"end":{"line":62,"column":5}},"10":{"start":{"line":60,"column":4},"end":{"line":62,"column":5}},"11":{"start":{"line":61,"column":6},"end":{"line":61,"column":44}},"12":{"start":{"line":63,"column":2},"end":{"line":63,"column":36}},"13":{"start":{"line":63,"column":16},"end":{"line":63,"column":35}},"14":{"start":{"line":76,"column":32},"end":{"line":76,"column":39}},"15":{"start":{"line":79,"column":2},"end":{"line":82,"column":3}},"16":{"start":{"line":80,"column":4},"end":{"line":80,"column":52}},"17":{"start":{"line":81,"column":4},"end":{"line":81,"column":34}},"18":{"start":{"line":84,"column":2},"end":{"line":84,"column":44}},"19":{"start":{"line":85,"column":2},"end":{"line":85,"column":41}},"20":{"start":{"line":86,"column":2},"end":{"line":86,"column":25}},"21":{"start":{"line":88,"column":2},"end":{"line":107,"column":7}},"22":{"start":{"line":90,"column":6},"end":{"line":92,"column":7}},"23":{"start":{"line":91,"column":8},"end":{"line":91,"column":66}},"24":{"start":{"line":93,"column":6},"end":{"line":93,"column":29}},"25":{"start":{"line":96,"column":6},"end":{"line":96,"column":24}},"26":{"start":{"line":97,"column":6},"end":{"line":97,"column":44}},"27":{"start":{"line":98,"column":6},"end":{"line":98,"column":54}},"28":{"start":{"line":101,"column":6},"end":{"line":101,"column":43}},"29":{"start":{"line":102,"column":6},"end":{"line":102,"column":28}},"30":{"start":{"line":103,"column":6},"end":{"line":103,"column":49}},"31":{"start":{"line":106,"column":6},"end":{"line":106,"column":36}},"32":{"start":{"line":109,"column":2},"end":{"line":109,"column":32}},"33":{"start":{"line":117,"column":32},"end":{"line":117,"column":69}},"34":{"start":{"line":117,"column":47},"end":{"line":117,"column":69}},"35":{"start":{"line":126,"column":2},"end":{"line":126,"column":48}},"36":{"start":{"line":136,"column":2},"end":{"line":136,"column":50}},"37":{"start":{"line":146,"column":2},"end":{"line":149,"column":4}},"38":{"start":{"line":159,"column":17},"end":{"line":159,"column":30}},"39":{"start":{"line":160,"column":19},"end":{"line":168,"column":3}},"40":{"start":{"line":161,"column":24},"end":{"line":161,"column":35}},"41":{"start":{"line":162,"column":24},"end":{"line":162,"column":35}},"42":{"start":{"line":163,"column":4},"end":{"line":167,"column":5}},"43":{"start":{"line":164,"column":6},"end":{"line":164,"column":56}},"44":{"start":{"line":166,"column":6},"end":{"line":166,"column":32}},"45":{"start":{"line":169,"column":2},"end":{"line":169,"column":40}},"46":{"start":{"line":170,"column":2},"end":{"line":170,"column":16}},"47":{"start":{"line":178,"column":2},"end":{"line":180,"column":3}},"48":{"start":{"line":179,"column":4},"end":{"line":179,"column":26}},"49":{"start":{"line":189,"column":2},"end":{"line":189,"column":44}},"50":{"start":{"line":190,"column":2},"end":{"line":190,"column":42}},"51":{"start":{"line":191,"column":2},"end":{"line":191,"column":56}},"52":{"start":{"line":192,"column":2},"end":{"line":192,"column":36}},"53":{"start":{"line":201,"column":2},"end":{"line":201,"column":69}},"54":{"start":{"line":210,"column":2},"end":{"line":210,"column":41}},"55":{"start":{"line":219,"column":2},"end":{"line":219,"column":53}},"56":{"start":{"line":228,"column":2},"end":{"line":228,"column":65}},"57":{"start":{"line":238,"column":2},"end":{"line":243,"column":3}},"58":{"start":{"line":239,"column":4},"end":{"line":239,"column":71}},"59":{"start":{"line":240,"column":4},"end":{"line":242,"column":6}},"60":{"start":{"line":252,"column":2},"end":{"line":252,"column":57}},"61":{"start":{"line":261,"column":2},"end":{"line":263,"column":3}},"62":{"start":{"line":262,"column":4},"end":{"line":262,"column":12}},"63":{"start":{"line":272,"column":20},"end":{"line":272,"column":39}},"64":{"start":{"line":273,"column":2},"end":{"line":275,"column":3}},"65":{"start":{"line":274,"column":4},"end":{"line":274,"column":72}},"66":{"start":{"line":285,"column":18},"end":{"line":285,"column":68}},"67":{"start":{"line":285,"column":24},"end":{"line":285,"column":68}},"68":{"start":{"line":286,"column":2},"end":{"line":286,"column":34}},"69":{"start":{"line":287,"column":25},"end":{"line":287,"column":32}},"70":{"start":{"line":288,"column":2},"end":{"line":288,"column":40}},"71":{"start":{"line":297,"column":2},"end":{"line":297,"column":49}},"72":{"start":{"line":306,"column":17},"end":{"line":306,"column":33}},"73":{"start":{"line":307,"column":2},"end":{"line":309,"column":3}},"74":{"start":{"line":308,"column":4},"end":{"line":308,"column":28}},"75":{"start":{"line":310,"column":2},"end":{"line":310,"column":15}},"76":{"start":{"line":321,"column":23},"end":{"line":326,"column":1}},"77":{"start":{"line":322,"column":20},"end":{"line":322,"column":47}},"78":{"start":{"line":323,"column":2},"end":{"line":323,"column":46}},"79":{"start":{"line":324,"column":2},"end":{"line":324,"column":33}},"80":{"start":{"line":325,"column":2},"end":{"line":325,"column":19}},"81":{"start":{"line":337,"column":23},"end":{"line":345,"column":1}},"82":{"start":{"line":338,"column":31},"end":{"line":338,"column":36}},"83":{"start":{"line":339,"column":23},"end":{"line":339,"column":30}},"84":{"start":{"line":341,"column":2},"end":{"line":341,"column":43}},"85":{"start":{"line":342,"column":23},"end":{"line":342,"column":44}},"86":{"start":{"line":343,"column":2},"end":{"line":343,"column":34}},"87":{"start":{"line":344,"column":2},"end":{"line":344,"column":42}}},"fnMap":{"0":{"name":"getBlogState","decl":{"start":{"line":17,"column":9},"end":{"line":17,"column":21}},"loc":{"start":{"line":17,"column":35},"end":{"line":24,"column":1}},"line":17},"1":{"name":"isFetchInProgress","decl":{"start":{"line":31,"column":9},"end":{"line":31,"column":26}},"loc":{"start":{"line":31,"column":40},"end":{"line":34,"column":1}},"line":31},"2":{"name":"shouldUseExistingFetch","decl":{"start":{"line":42,"column":16},"end":{"line":42,"column":38}},"loc":{"start":{"line":42,"column":59},"end":{"line":48,"column":1}},"line":42},"3":{"name":"getEncodeBase64","decl":{"start":{"line":58,"column":16},"end":{"line":58,"column":31}},"loc":{"start":{"line":58,"column":60},"end":{"line":64,"column":1}},"line":58},"4":{"name":"(anonymous_4)","decl":{"start":{"line":59,"column":19},"end":{"line":59,"column":20}},"loc":{"start":{"line":60,"column":4},"end":{"line":62,"column":5}},"line":60},"5":{"name":"(anonymous_5)","decl":{"start":{"line":60,"column":57},"end":{"line":60,"column":58}},"loc":{"start":{"line":61,"column":6},"end":{"line":61,"column":44}},"line":61},"6":{"name":"(anonymous_6)","decl":{"start":{"line":63,"column":9},"end":{"line":63,"column":10}},"loc":{"start":{"line":63,"column":16},"end":{"line":63,"column":35}},"line":63},"7":{"name":"fetchAndCacheBlogData","decl":{"start":{"line":75,"column":16},"end":{"line":75,"column":37}},"loc":{"start":{"line":75,"column":61},"end":{"line":110,"column":1}},"line":75},"8":{"name":"(anonymous_8)","decl":{"start":{"line":89,"column":10},"end":{"line":89,"column":11}},"loc":{"start":{"line":89,"column":22},"end":{"line":94,"column":5}},"line":89},"9":{"name":"(anonymous_9)","decl":{"start":{"line":95,"column":10},"end":{"line":95,"column":11}},"loc":{"start":{"line":95,"column":18},"end":{"line":99,"column":5}},"line":95},"10":{"name":"(anonymous_10)","decl":{"start":{"line":100,"column":11},"end":{"line":100,"column":12}},"loc":{"start":{"line":100,"column":18},"end":{"line":104,"column":5}},"line":100},"11":{"name":"(anonymous_11)","decl":{"start":{"line":105,"column":13},"end":{"line":105,"column":14}},"loc":{"start":{"line":105,"column":19},"end":{"line":107,"column":5}},"line":105},"12":{"name":"(anonymous_12)","decl":{"start":{"line":117,"column":32},"end":{"line":117,"column":33}},"loc":{"start":{"line":117,"column":47},"end":{"line":117,"column":69}},"line":117},"13":{"name":"bothAreNotArrays","decl":{"start":{"line":125,"column":9},"end":{"line":125,"column":25}},"loc":{"start":{"line":125,"column":32},"end":{"line":127,"column":1}},"line":125},"14":{"name":"bothAreNonNullObjects","decl":{"start":{"line":135,"column":9},"end":{"line":135,"column":30}},"loc":{"start":{"line":135,"column":37},"end":{"line":137,"column":1}},"line":135},"15":{"name":"shouldDeepMerge","decl":{"start":{"line":145,"column":9},"end":{"line":145,"column":24}},"loc":{"start":{"line":145,"column":51},"end":{"line":150,"column":1}},"line":145},"16":{"name":"deepMerge","decl":{"start":{"line":158,"column":16},"end":{"line":158,"column":25}},"loc":{"start":{"line":158,"column":42},"end":{"line":171,"column":1}},"line":158},"17":{"name":"(anonymous_17)","decl":{"start":{"line":160,"column":19},"end":{"line":160,"column":20}},"loc":{"start":{"line":160,"column":26},"end":{"line":168,"column":3}},"line":160},"18":{"name":"stripInternalFields","decl":{"start":{"line":177,"column":9},"end":{"line":177,"column":28}},"loc":{"start":{"line":177,"column":40},"end":{"line":181,"column":1}},"line":177},"19":{"name":"restoreBlogState","decl":{"start":{"line":188,"column":9},"end":{"line":188,"column":25}},"loc":{"start":{"line":188,"column":50},"end":{"line":193,"column":1}},"line":188},"20":{"name":"shouldCopyStateForFetch","decl":{"start":{"line":200,"column":16},"end":{"line":200,"column":39}},"loc":{"start":{"line":200,"column":48},"end":{"line":202,"column":1}},"line":200},"21":{"name":"hasTemporaryProperty","decl":{"start":{"line":209,"column":9},"end":{"line":209,"column":29}},"loc":{"start":{"line":209,"column":35},"end":{"line":211,"column":1}},"line":209},"22":{"name":"isNonNullObject","decl":{"start":{"line":218,"column":9},"end":{"line":218,"column":24}},"loc":{"start":{"line":218,"column":32},"end":{"line":220,"column":1}},"line":218},"23":{"name":"isInvalidState","decl":{"start":{"line":227,"column":9},"end":{"line":227,"column":23}},"loc":{"start":{"line":227,"column":31},"end":{"line":229,"column":1}},"line":227},"24":{"name":"validateIncomingState","decl":{"start":{"line":237,"column":9},"end":{"line":237,"column":30}},"loc":{"start":{"line":237,"column":55},"end":{"line":244,"column":1}},"line":237},"25":{"name":"isIdleStatus","decl":{"start":{"line":251,"column":9},"end":{"line":251,"column":21}},"loc":{"start":{"line":251,"column":29},"end":{"line":253,"column":1}},"line":251},"26":{"name":"tryFetchingBlog","decl":{"start":{"line":260,"column":9},"end":{"line":260,"column":24}},"loc":{"start":{"line":260,"column":39},"end":{"line":264,"column":1}},"line":260},"27":{"name":"maybeLogFetchError","decl":{"start":{"line":271,"column":9},"end":{"line":271,"column":27}},"loc":{"start":{"line":271,"column":47},"end":{"line":276,"column":1}},"line":271},"28":{"name":"handleBlogFetchState","decl":{"start":{"line":284,"column":9},"end":{"line":284,"column":29}},"loc":{"start":{"line":284,"column":53},"end":{"line":289,"column":1}},"line":284},"29":{"name":"(anonymous_29)","decl":{"start":{"line":285,"column":18},"end":{"line":285,"column":19}},"loc":{"start":{"line":285,"column":24},"end":{"line":285,"column":68}},"line":285},"30":{"name":"shouldDeepCopyForFetch","decl":{"start":{"line":296,"column":9},"end":{"line":296,"column":31}},"loc":{"start":{"line":296,"column":40},"end":{"line":298,"column":1}},"line":296},"31":{"name":"getRelevantStateCopy","decl":{"start":{"line":305,"column":9},"end":{"line":305,"column":29}},"loc":{"start":{"line":305,"column":37},"end":{"line":311,"column":1}},"line":305},"32":{"name":"(anonymous_32)","decl":{"start":{"line":321,"column":23},"end":{"line":321,"column":24}},"loc":{"start":{"line":321,"column":50},"end":{"line":326,"column":1}},"line":321},"33":{"name":"(anonymous_33)","decl":{"start":{"line":337,"column":23},"end":{"line":337,"column":24}},"loc":{"start":{"line":337,"column":43},"end":{"line":345,"column":1}},"line":337}},"branchMap":{"0":{"loc":{"start":{"line":33,"column":9},"end":{"line":33,"column":55}},"type":"binary-expr","locations":[{"start":{"line":33,"column":9},"end":{"line":33,"column":39}},{"start":{"line":33,"column":43},"end":{"line":33,"column":55}}],"line":33},"1":{"loc":{"start":{"line":43,"column":2},"end":{"line":46,"column":3}},"type":"if","locations":[{"start":{"line":43,"column":2},"end":{"line":46,"column":3}},{"start":{},"end":{}}],"line":43},"2":{"loc":{"start":{"line":79,"column":2},"end":{"line":82,"column":3}},"type":"if","locations":[{"start":{"line":79,"column":2},"end":{"line":82,"column":3}},{"start":{},"end":{}}],"line":79},"3":{"loc":{"start":{"line":90,"column":6},"end":{"line":92,"column":7}},"type":"if","locations":[{"start":{"line":90,"column":6},"end":{"line":92,"column":7}},{"start":{},"end":{}}],"line":90},"4":{"loc":{"start":{"line":126,"column":9},"end":{"line":126,"column":47}},"type":"binary-expr","locations":[{"start":{"line":126,"column":9},"end":{"line":126,"column":26}},{"start":{"line":126,"column":30},"end":{"line":126,"column":47}}],"line":126},"5":{"loc":{"start":{"line":136,"column":9},"end":{"line":136,"column":49}},"type":"binary-expr","locations":[{"start":{"line":136,"column":9},"end":{"line":136,"column":27}},{"start":{"line":136,"column":31},"end":{"line":136,"column":49}}],"line":136},"6":{"loc":{"start":{"line":147,"column":4},"end":{"line":148,"column":46}},"type":"binary-expr","locations":[{"start":{"line":147,"column":4},"end":{"line":147,"column":51}},{"start":{"line":148,"column":4},"end":{"line":148,"column":46}}],"line":147},"7":{"loc":{"start":{"line":163,"column":4},"end":{"line":167,"column":5}},"type":"if","locations":[{"start":{"line":163,"column":4},"end":{"line":167,"column":5}},{"start":{"line":165,"column":11},"end":{"line":167,"column":5}}],"line":163},"8":{"loc":{"start":{"line":201,"column":9},"end":{"line":201,"column":68}},"type":"binary-expr","locations":[{"start":{"line":201,"column":9},"end":{"line":201,"column":36}},{"start":{"line":201,"column":40},"end":{"line":201,"column":68}}],"line":201},"9":{"loc":{"start":{"line":219,"column":9},"end":{"line":219,"column":52}},"type":"binary-expr","locations":[{"start":{"line":219,"column":9},"end":{"line":219,"column":23}},{"start":{"line":219,"column":27},"end":{"line":219,"column":52}}],"line":219},"10":{"loc":{"start":{"line":228,"column":9},"end":{"line":228,"column":64}},"type":"binary-expr","locations":[{"start":{"line":228,"column":9},"end":{"line":228,"column":32}},{"start":{"line":228,"column":36},"end":{"line":228,"column":64}}],"line":228},"11":{"loc":{"start":{"line":238,"column":2},"end":{"line":243,"column":3}},"type":"if","locations":[{"start":{"line":238,"column":2},"end":{"line":243,"column":3}},{"start":{},"end":{}}],"line":238},"12":{"loc":{"start":{"line":261,"column":2},"end":{"line":263,"column":3}},"type":"if","locations":[{"start":{"line":261,"column":2},"end":{"line":263,"column":3}},{"start":{},"end":{}}],"line":261},"13":{"loc":{"start":{"line":273,"column":2},"end":{"line":275,"column":3}},"type":"if","locations":[{"start":{"line":273,"column":2},"end":{"line":275,"column":3}},{"start":{},"end":{}}],"line":273},"14":{"loc":{"start":{"line":297,"column":9},"end":{"line":297,"column":48}},"type":"binary-expr","locations":[{"start":{"line":297,"column":9},"end":{"line":297,"column":26}},{"start":{"line":297,"column":30},"end":{"line":297,"column":48}}],"line":297},"15":{"loc":{"start":{"line":307,"column":2},"end":{"line":309,"column":3}},"type":"if","locations":[{"start":{"line":307,"column":2},"end":{"line":309,"column":3}},{"start":{},"end":{}}],"line":307}},"s":{"0":143,"1":143,"2":47,"3":22,"4":22,"5":5,"6":2,"7":2,"8":3,"9":1,"10":1,"11":1,"12":1,"13":1,"14":17,"15":17,"16":1,"17":1,"18":16,"19":16,"20":16,"21":16,"22":12,"23":3,"24":9,"25":9,"26":9,"27":9,"28":7,"29":7,"30":7,"31":16,"32":16,"33":143,"34":2,"35":6,"36":36,"37":36,"38":30,"39":30,"40":36,"41":36,"42":36,"43":3,"44":33,"45":30,"46":30,"47":10,"48":30,"49":5,"50":5,"51":5,"52":5,"53":8,"54":10,"55":55,"56":12,"57":12,"58":7,"59":7,"60":10,"61":10,"62":3,"63":10,"64":10,"65":1,"66":10,"67":3,"68":10,"69":10,"70":10,"71":10,"72":10,"73":10,"74":4,"75":6,"76":143,"77":10,"78":10,"79":10,"80":10,"81":143,"82":12,"83":12,"84":12,"85":5,"86":5,"87":5},"f":{"0":47,"1":22,"2":5,"3":1,"4":1,"5":1,"6":1,"7":17,"8":12,"9":9,"10":7,"11":16,"12":2,"13":6,"14":36,"15":36,"16":30,"17":36,"18":10,"19":5,"20":8,"21":10,"22":55,"23":12,"24":12,"25":10,"26":10,"27":10,"28":10,"29":3,"30":10,"31":10,"32":10,"33":12},"b":{"0":[22,4],"1":[2,3],"2":[1,16],"3":[3,9],"4":[6,3],"5":[36,7],"6":[36,6],"7":[3,33],"8":[8,5],"9":[55,27],"10":[12,10],"11":[7,5],"12":[3,7],"13":[1,9],"14":[10,7],"15":[4,6]},"_coverageSchema":"1a1c01bbd47fc00a2c39e90264f33305004495a9","hash":"d8f84f03cfda6c1c2cf420363b4f7fff24b847e2"}
,"/Users/matthew.heard/Code/Matt/dadeto/src/browser/setOutput.js": {"path":"/Users/matthew.heard/Code/Matt/dadeto/src/browser/setOutput.js","statementMap":{"0":{"start":{"line":3,"column":25},"end":{"line":3,"column":54}}},"fnMap":{},"branchMap":{},"s":{"0":129},"f":{},"b":{},"_coverageSchema":"1a1c01bbd47fc00a2c39e90264f33305004495a9","hash":"52847b7ce739fd49f8b2406d82e039baf37aa6e4"}
,"/Users/matthew.heard/Code/Matt/dadeto/src/browser/tags.js": {"path":"/Users/matthew.heard/Code/Matt/dadeto/src/browser/tags.js","statementMap":{"0":{"start":{"line":8,"column":2},"end":{"line":8,"column":35}},"1":{"start":{"line":19,"column":2},"end":{"line":21,"column":3}},"2":{"start":{"line":20,"column":4},"end":{"line":20,"column":22}},"3":{"start":{"line":34,"column":35},"end":{"line":41,"column":1}},"4":{"start":{"line":34,"column":50},"end":{"line":41,"column":1}},"5":{"start":{"line":35,"column":2},"end":{"line":40,"column":3}},"6":{"start":{"line":36,"column":27},"end":{"line":36,"column":50}},"7":{"start":{"line":37,"column":22},"end":{"line":37,"column":48}},"8":{"start":{"line":38,"column":24},"end":{"line":38,"column":69}},"9":{"start":{"line":39,"column":4},"end":{"line":39,"column":53}},"10":{"start":{"line":48,"column":30},"end":{"line":51,"column":1}},"11":{"start":{"line":48,"column":37},"end":{"line":51,"column":1}},"12":{"start":{"line":49,"column":26},"end":{"line":49,"column":56}},"13":{"start":{"line":50,"column":2},"end":{"line":50,"column":48}},"14":{"start":{"line":57,"column":30},"end":{"line":60,"column":1}},"15":{"start":{"line":58,"column":21},"end":{"line":58,"column":40}},"16":{"start":{"line":59,"column":2},"end":{"line":59,"column":64}},"17":{"start":{"line":69,"column":2},"end":{"line":72,"column":4}},"18":{"start":{"line":70,"column":4},"end":{"line":70,"column":27}},"19":{"start":{"line":71,"column":4},"end":{"line":71,"column":40}},"20":{"start":{"line":81,"column":2},"end":{"line":95,"column":4}},"21":{"start":{"line":82,"column":17},"end":{"line":82,"column":42}},"22":{"start":{"line":83,"column":4},"end":{"line":83,"column":36}},"23":{"start":{"line":84,"column":4},"end":{"line":84,"column":52}},"24":{"start":{"line":86,"column":21},"end":{"line":86,"column":43}},"25":{"start":{"line":87,"column":4},"end":{"line":87,"column":41}},"26":{"start":{"line":89,"column":28},"end":{"line":89,"column":63}},"27":{"start":{"line":90,"column":4},"end":{"line":90,"column":61}},"28":{"start":{"line":92,"column":4},"end":{"line":92,"column":36}},"29":{"start":{"line":93,"column":4},"end":{"line":93,"column":51}},"30":{"start":{"line":94,"column":4},"end":{"line":94,"column":62}},"31":{"start":{"line":105,"column":19},"end":{"line":105,"column":54}},"32":{"start":{"line":106,"column":2},"end":{"line":108,"column":3}},"33":{"start":{"line":107,"column":4},"end":{"line":107,"column":44}},"34":{"start":{"line":119,"column":2},"end":{"line":124,"column":3}},"35":{"start":{"line":121,"column":4},"end":{"line":121,"column":32}},"36":{"start":{"line":123,"column":4},"end":{"line":123,"column":40}},"37":{"start":{"line":134,"column":33},"end":{"line":137,"column":1}},"38":{"start":{"line":134,"column":59},"end":{"line":137,"column":1}},"39":{"start":{"line":135,"column":2},"end":{"line":135,"column":25}},"40":{"start":{"line":136,"column":2},"end":{"line":136,"column":39}}},"fnMap":{"0":{"name":"startsWith","decl":{"start":{"line":7,"column":16},"end":{"line":7,"column":26}},"loc":{"start":{"line":7,"column":40},"end":{"line":9,"column":1}},"line":7},"1":{"name":"hideIfHasClass","decl":{"start":{"line":18,"column":9},"end":{"line":18,"column":23}},"loc":{"start":{"line":18,"column":49},"end":{"line":22,"column":1}},"line":18},"2":{"name":"(anonymous_2)","decl":{"start":{"line":34,"column":35},"end":{"line":34,"column":36}},"loc":{"start":{"line":34,"column":50},"end":{"line":41,"column":1}},"line":34},"3":{"name":"(anonymous_3)","decl":{"start":{"line":34,"column":50},"end":{"line":34,"column":51}},"loc":{"start":{"line":34,"column":63},"end":{"line":41,"column":1}},"line":34},"4":{"name":"(anonymous_4)","decl":{"start":{"line":48,"column":30},"end":{"line":48,"column":31}},"loc":{"start":{"line":48,"column":37},"end":{"line":51,"column":1}},"line":48},"5":{"name":"(anonymous_5)","decl":{"start":{"line":48,"column":37},"end":{"line":48,"column":38}},"loc":{"start":{"line":48,"column":45},"end":{"line":51,"column":1}},"line":48},"6":{"name":"(anonymous_6)","decl":{"start":{"line":57,"column":30},"end":{"line":57,"column":31}},"loc":{"start":{"line":57,"column":37},"end":{"line":60,"column":1}},"line":57},"7":{"name":"makeHandleHideClick","decl":{"start":{"line":68,"column":16},"end":{"line":68,"column":35}},"loc":{"start":{"line":68,"column":52},"end":{"line":73,"column":1}},"line":68},"8":{"name":"(anonymous_8)","decl":{"start":{"line":69,"column":9},"end":{"line":69,"column":10}},"loc":{"start":{"line":69,"column":26},"end":{"line":72,"column":3}},"line":69},"9":{"name":"makeHandleHideSpan","decl":{"start":{"line":80,"column":16},"end":{"line":80,"column":34}},"loc":{"start":{"line":80,"column":40},"end":{"line":96,"column":1}},"line":80},"10":{"name":"createHideSpan","decl":{"start":{"line":81,"column":18},"end":{"line":81,"column":32}},"loc":{"start":{"line":81,"column":50},"end":{"line":95,"column":3}},"line":81},"11":{"name":"hideArticlesByClass","decl":{"start":{"line":104,"column":16},"end":{"line":104,"column":35}},"loc":{"start":{"line":104,"column":52},"end":{"line":109,"column":1}},"line":104},"12":{"name":"toggleHideLink","decl":{"start":{"line":117,"column":16},"end":{"line":117,"column":30}},"loc":{"start":{"line":117,"column":53},"end":{"line":125,"column":1}},"line":117},"13":{"name":"(anonymous_13)","decl":{"start":{"line":134,"column":33},"end":{"line":134,"column":34}},"loc":{"start":{"line":134,"column":59},"end":{"line":137,"column":1}},"line":134},"14":{"name":"(anonymous_14)","decl":{"start":{"line":134,"column":59},"end":{"line":134,"column":60}},"loc":{"start":{"line":134,"column":68},"end":{"line":137,"column":1}},"line":134}},"branchMap":{"0":{"loc":{"start":{"line":19,"column":2},"end":{"line":21,"column":3}},"type":"if","locations":[{"start":{"line":19,"column":2},"end":{"line":21,"column":3}},{"start":{},"end":{}}],"line":19},"1":{"loc":{"start":{"line":35,"column":2},"end":{"line":40,"column":3}},"type":"if","locations":[{"start":{"line":35,"column":2},"end":{"line":40,"column":3}},{"start":{},"end":{}}],"line":35},"2":{"loc":{"start":{"line":119,"column":2},"end":{"line":124,"column":3}},"type":"if","locations":[{"start":{"line":119,"column":2},"end":{"line":124,"column":3}},{"start":{"line":122,"column":9},"end":{"line":124,"column":3}}],"line":119}},"s":{"0":5,"1":4,"2":2,"3":4,"4":6,"5":5,"6":4,"7":4,"8":4,"9":4,"10":4,"11":2,"12":3,"13":3,"14":4,"15":1,"16":1,"17":2,"18":1,"19":1,"20":5,"21":1,"22":1,"23":1,"24":1,"25":1,"26":1,"27":1,"28":1,"29":1,"30":1,"31":4,"32":4,"33":4,"34":4,"35":3,"36":1,"37":4,"38":5,"39":2,"40":2},"f":{"0":5,"1":4,"2":6,"3":5,"4":2,"5":3,"6":1,"7":2,"8":1,"9":5,"10":1,"11":4,"12":4,"13":5,"14":2},"b":{"0":[2,2],"1":[4,1],"2":[3,1]},"_coverageSchema":"1a1c01bbd47fc00a2c39e90264f33305004495a9","hash":"582d49a97aeef263e8ed37431910eb31996df625"}
,"/Users/matthew.heard/Code/Matt/dadeto/src/browser/toys.js": {"path":"/Users/matthew.heard/Code/Matt/dadeto/src/browser/toys.js","statementMap":{"0":{"start":{"line":12,"column":2},"end":{"line":12,"column":31}},"1":{"start":{"line":20,"column":44},"end":{"line":27,"column":1}},"2":{"start":{"line":21,"column":2},"end":{"line":23,"column":3}},"3":{"start":{"line":22,"column":4},"end":{"line":22,"column":14}},"4":{"start":{"line":24,"column":2},"end":{"line":26,"column":4}},"5":{"start":{"line":25,"column":45},"end":{"line":25,"column":73}},"6":{"start":{"line":35,"column":21},"end":{"line":38,"column":3}},"7":{"start":{"line":37,"column":14},"end":{"line":37,"column":48}},"8":{"start":{"line":37,"column":60},"end":{"line":37,"column":72}},"9":{"start":{"line":39,"column":16},"end":{"line":39,"column":61}},"10":{"start":{"line":39,"column":45},"end":{"line":39,"column":60}},"11":{"start":{"line":40,"column":2},"end":{"line":42,"column":3}},"12":{"start":{"line":41,"column":4},"end":{"line":41,"column":30}},"13":{"start":{"line":43,"column":2},"end":{"line":43,"column":12}},"14":{"start":{"line":52,"column":2},"end":{"line":52,"column":45}},"15":{"start":{"line":61,"column":2},"end":{"line":63,"column":3}},"16":{"start":{"line":62,"column":4},"end":{"line":62,"column":16}},"17":{"start":{"line":64,"column":2},"end":{"line":64,"column":15}},"18":{"start":{"line":74,"column":16},"end":{"line":74,"column":44}},"19":{"start":{"line":75,"column":2},"end":{"line":75,"column":35}},"20":{"start":{"line":84,"column":33},"end":{"line":88,"column":1}},"21":{"start":{"line":85,"column":22},"end":{"line":85,"column":52}},"22":{"start":{"line":86,"column":19},"end":{"line":86,"column":54}},"23":{"start":{"line":87,"column":2},"end":{"line":87,"column":37}},"24":{"start":{"line":95,"column":30},"end":{"line":98,"column":1}},"25":{"start":{"line":96,"column":2},"end":{"line":96,"column":37}},"26":{"start":{"line":96,"column":31},"end":{"line":96,"column":35}},"27":{"start":{"line":97,"column":2},"end":{"line":97,"column":28}},"28":{"start":{"line":109,"column":29},"end":{"line":116,"column":1}},"29":{"start":{"line":110,"column":46},"end":{"line":110,"column":52}},"30":{"start":{"line":111,"column":2},"end":{"line":115,"column":4}},"31":{"start":{"line":112,"column":4},"end":{"line":112,"column":30}},"32":{"start":{"line":113,"column":4},"end":{"line":113,"column":37}},"33":{"start":{"line":114,"column":4},"end":{"line":114,"column":20}},"34":{"start":{"line":129,"column":41},"end":{"line":131,"column":1}},"35":{"start":{"line":129,"column":60},"end":{"line":131,"column":1}},"36":{"start":{"line":130,"column":2},"end":{"line":130,"column":53}},"37":{"start":{"line":139,"column":25},"end":{"line":145,"column":1}},"38":{"start":{"line":147,"column":42},"end":{"line":158,"column":1}},"39":{"start":{"line":148,"column":2},"end":{"line":157,"column":4}},"40":{"start":{"line":149,"column":19},"end":{"line":149,"column":46}},"41":{"start":{"line":150,"column":22},"end":{"line":150,"column":50}},"42":{"start":{"line":151,"column":22},"end":{"line":151,"column":72}},"43":{"start":{"line":152,"column":24},"end":{"line":152,"column":44}},"44":{"start":{"line":155,"column":6},"end":{"line":155,"column":63}},"45":{"start":{"line":156,"column":4},"end":{"line":156,"column":43}},"46":{"start":{"line":172,"column":2},"end":{"line":186,"column":4}},"47":{"start":{"line":173,"column":20},"end":{"line":173,"column":44}},"48":{"start":{"line":174,"column":4},"end":{"line":179,"column":5}},"49":{"start":{"line":175,"column":6},"end":{"line":177,"column":8}},"50":{"start":{"line":178,"column":6},"end":{"line":178,"column":13}},"51":{"start":{"line":180,"column":21},"end":{"line":184,"column":5}},"52":{"start":{"line":185,"column":4},"end":{"line":185,"column":30}},"53":{"start":{"line":195,"column":2},"end":{"line":195,"column":43}},"54":{"start":{"line":204,"column":18},"end":{"line":204,"column":46}},"55":{"start":{"line":205,"column":2},"end":{"line":205,"column":20}},"56":{"start":{"line":215,"column":17},"end":{"line":215,"column":44}},"57":{"start":{"line":216,"column":24},"end":{"line":216,"column":38}},"58":{"start":{"line":217,"column":15},"end":{"line":217,"column":24}},"59":{"start":{"line":218,"column":17},"end":{"line":218,"column":53}},"60":{"start":{"line":220,"column":17},"end":{"line":220,"column":69}},"61":{"start":{"line":221,"column":2},"end":{"line":225,"column":4}},"62":{"start":{"line":235,"column":2},"end":{"line":235,"column":35}},"63":{"start":{"line":245,"column":2},"end":{"line":247,"column":3}},"64":{"start":{"line":246,"column":4},"end":{"line":246,"column":26}},"65":{"start":{"line":248,"column":2},"end":{"line":248,"column":12}},"66":{"start":{"line":259,"column":2},"end":{"line":260,"column":59}},"67":{"start":{"line":259,"column":42},"end":{"line":260,"column":59}},"68":{"start":{"line":260,"column":4},"end":{"line":260,"column":59}},"69":{"start":{"line":263,"column":22},"end":{"line":269,"column":1}},"70":{"start":{"line":279,"column":2},"end":{"line":279,"column":32}},"71":{"start":{"line":280,"column":20},"end":{"line":280,"column":54}},"72":{"start":{"line":281,"column":16},"end":{"line":281,"column":46}},"73":{"start":{"line":282,"column":2},"end":{"line":282,"column":33}},"74":{"start":{"line":283,"column":2},"end":{"line":283,"column":15}},"75":{"start":{"line":292,"column":2},"end":{"line":294,"column":4}},"76":{"start":{"line":293,"column":4},"end":{"line":293,"column":55}},"77":{"start":{"line":305,"column":24},"end":{"line":305,"column":60}},"78":{"start":{"line":306,"column":21},"end":{"line":306,"column":64}},"79":{"start":{"line":307,"column":2},"end":{"line":307,"column":75}},"80":{"start":{"line":307,"column":19},"end":{"line":307,"column":74}},"81":{"start":{"line":316,"column":2},"end":{"line":318,"column":4}},"82":{"start":{"line":317,"column":4},"end":{"line":317,"column":32}},"83":{"start":{"line":328,"column":2},"end":{"line":330,"column":4}},"84":{"start":{"line":329,"column":4},"end":{"line":329,"column":72}},"85":{"start":{"line":340,"column":29},"end":{"line":340,"column":50}},"86":{"start":{"line":341,"column":2},"end":{"line":341,"column":33}},"87":{"start":{"line":350,"column":27},"end":{"line":350,"column":39}},"88":{"start":{"line":351,"column":19},"end":{"line":351,"column":35}},"89":{"start":{"line":352,"column":2},"end":{"line":360,"column":4}},"90":{"start":{"line":373,"column":27},"end":{"line":373,"column":39}},"91":{"start":{"line":374,"column":22},"end":{"line":374,"column":29}},"92":{"start":{"line":375,"column":2},"end":{"line":380,"column":4}},"93":{"start":{"line":381,"column":2},"end":{"line":381,"column":56}},"94":{"start":{"line":382,"column":2},"end":{"line":382,"column":35}},"95":{"start":{"line":393,"column":18},"end":{"line":393,"column":30}},"96":{"start":{"line":394,"column":2},"end":{"line":398,"column":4}},"97":{"start":{"line":394,"column":21},"end":{"line":398,"column":3}},"98":{"start":{"line":395,"column":4},"end":{"line":397,"column":5}},"99":{"start":{"line":396,"column":6},"end":{"line":396,"column":66}},"100":{"start":{"line":408,"column":2},"end":{"line":416,"column":4}},"101":{"start":{"line":430,"column":23},"end":{"line":430,"column":49}},"102":{"start":{"line":431,"column":2},"end":{"line":434,"column":4}},"103":{"start":{"line":435,"column":29},"end":{"line":435,"column":70}},"104":{"start":{"line":436,"column":2},"end":{"line":441,"column":4}},"105":{"start":{"line":437,"column":24},"end":{"line":437,"column":52}},"106":{"start":{"line":438,"column":4},"end":{"line":440,"column":7}},"107":{"start":{"line":439,"column":6},"end":{"line":439,"column":25}},"108":{"start":{"line":451,"column":2},"end":{"line":455,"column":4}},"109":{"start":{"line":452,"column":23},"end":{"line":452,"column":60}},"110":{"start":{"line":453,"column":29},"end":{"line":453,"column":71}},"111":{"start":{"line":454,"column":4},"end":{"line":454,"column":58}},"112":{"start":{"line":467,"column":49},"end":{"line":467,"column":57}},"113":{"start":{"line":468,"column":23},"end":{"line":468,"column":40}},"114":{"start":{"line":469,"column":2},"end":{"line":469,"column":27}},"115":{"start":{"line":470,"column":2},"end":{"line":470,"column":27}},"116":{"start":{"line":471,"column":2},"end":{"line":471,"column":71}},"117":{"start":{"line":472,"column":2},"end":{"line":472,"column":28}},"118":{"start":{"line":481,"column":2},"end":{"line":481,"column":25}},"119":{"start":{"line":492,"column":2},"end":{"line":494,"column":4}},"120":{"start":{"line":493,"column":4},"end":{"line":493,"column":65}},"121":{"start":{"line":505,"column":27},"end":{"line":505,"column":30}},"122":{"start":{"line":506,"column":2},"end":{"line":514,"column":4}},"123":{"start":{"line":507,"column":4},"end":{"line":507,"column":50}},"124":{"start":{"line":508,"column":4},"end":{"line":512,"column":6}},"125":{"start":{"line":513,"column":4},"end":{"line":513,"column":27}},"126":{"start":{"line":525,"column":35},"end":{"line":525,"column":42}},"127":{"start":{"line":526,"column":27},"end":{"line":526,"column":30}},"128":{"start":{"line":527,"column":22},"end":{"line":527,"column":64}},"129":{"start":{"line":528,"column":27},"end":{"line":528,"column":74}},"130":{"start":{"line":529,"column":2},"end":{"line":529,"column":71}},"131":{"start":{"line":548,"column":2},"end":{"line":548,"column":39}},"132":{"start":{"line":557,"column":2},"end":{"line":557,"column":60}},"133":{"start":{"line":567,"column":2},"end":{"line":569,"column":3}},"134":{"start":{"line":568,"column":4},"end":{"line":568,"column":17}},"135":{"start":{"line":570,"column":2},"end":{"line":570,"column":24}},"136":{"start":{"line":584,"column":2},"end":{"line":588,"column":3}},"137":{"start":{"line":585,"column":4},"end":{"line":585,"column":33}},"138":{"start":{"line":586,"column":4},"end":{"line":586,"column":25}},"139":{"start":{"line":587,"column":4},"end":{"line":587,"column":51}},"140":{"start":{"line":602,"column":59},"end":{"line":602,"column":66}},"141":{"start":{"line":603,"column":2},"end":{"line":615,"column":4}},"142":{"start":{"line":604,"column":20},"end":{"line":604,"column":58}},"143":{"start":{"line":605,"column":19},"end":{"line":605,"column":40}},"144":{"start":{"line":608,"column":4},"end":{"line":611,"column":5}},"145":{"start":{"line":609,"column":6},"end":{"line":609,"column":44}},"146":{"start":{"line":610,"column":6},"end":{"line":610,"column":13}},"147":{"start":{"line":613,"column":4},"end":{"line":613,"column":61}},"148":{"start":{"line":614,"column":4},"end":{"line":614,"column":42}},"149":{"start":{"line":629,"column":59},"end":{"line":629,"column":66}},"150":{"start":{"line":630,"column":2},"end":{"line":634,"column":4}},"151":{"start":{"line":631,"column":19},"end":{"line":631,"column":57}},"152":{"start":{"line":632,"column":4},"end":{"line":632,"column":41}},"153":{"start":{"line":633,"column":4},"end":{"line":633,"column":42}},"154":{"start":{"line":648,"column":32},"end":{"line":676,"column":1}},"155":{"start":{"line":656,"column":16},"end":{"line":656,"column":42}},"156":{"start":{"line":657,"column":2},"end":{"line":657,"column":29}},"157":{"start":{"line":658,"column":2},"end":{"line":658,"column":35}},"158":{"start":{"line":659,"column":2},"end":{"line":659,"column":27}},"159":{"start":{"line":661,"column":2},"end":{"line":661,"column":46}},"160":{"start":{"line":663,"column":16},"end":{"line":669,"column":4}},"161":{"start":{"line":670,"column":2},"end":{"line":670,"column":46}},"162":{"start":{"line":671,"column":28},"end":{"line":672,"column":50}},"163":{"start":{"line":672,"column":4},"end":{"line":672,"column":50}},"164":{"start":{"line":673,"column":2},"end":{"line":673,"column":36}},"165":{"start":{"line":675,"column":2},"end":{"line":675,"column":15}},"166":{"start":{"line":690,"column":34},"end":{"line":716,"column":1}},"167":{"start":{"line":699,"column":18},"end":{"line":699,"column":44}},"168":{"start":{"line":700,"column":2},"end":{"line":700,"column":31}},"169":{"start":{"line":701,"column":2},"end":{"line":701,"column":39}},"170":{"start":{"line":702,"column":2},"end":{"line":702,"column":31}},"171":{"start":{"line":704,"column":18},"end":{"line":710,"column":4}},"172":{"start":{"line":711,"column":2},"end":{"line":711,"column":50}},"173":{"start":{"line":712,"column":30},"end":{"line":712,"column":78}},"174":{"start":{"line":713,"column":2},"end":{"line":713,"column":38}},"175":{"start":{"line":715,"column":2},"end":{"line":715,"column":17}},"176":{"start":{"line":724,"column":34},"end":{"line":732,"column":1}},"177":{"start":{"line":725,"column":2},"end":{"line":731,"column":4}},"178":{"start":{"line":727,"column":4},"end":{"line":730,"column":5}},"179":{"start":{"line":728,"column":6},"end":{"line":728,"column":20}},"180":{"start":{"line":729,"column":6},"end":{"line":729,"column":15}},"181":{"start":{"line":741,"column":30},"end":{"line":745,"column":1}},"182":{"start":{"line":741,"column":53},"end":{"line":745,"column":1}},"183":{"start":{"line":742,"column":2},"end":{"line":742,"column":21}},"184":{"start":{"line":743,"column":2},"end":{"line":743,"column":19}},"185":{"start":{"line":744,"column":2},"end":{"line":744,"column":11}},"186":{"start":{"line":757,"column":30},"end":{"line":763,"column":1}},"187":{"start":{"line":758,"column":2},"end":{"line":758,"column":34}},"188":{"start":{"line":759,"column":16},"end":{"line":759,"column":48}},"189":{"start":{"line":760,"column":2},"end":{"line":760,"column":47}},"190":{"start":{"line":761,"column":28},"end":{"line":761,"column":71}},"191":{"start":{"line":762,"column":2},"end":{"line":762,"column":36}},"192":{"start":{"line":776,"column":33},"end":{"line":793,"column":1}},"193":{"start":{"line":784,"column":2},"end":{"line":784,"column":34}},"194":{"start":{"line":785,"column":19},"end":{"line":785,"column":52}},"195":{"start":{"line":786,"column":2},"end":{"line":786,"column":50}},"196":{"start":{"line":787,"column":31},"end":{"line":791,"column":3}},"197":{"start":{"line":792,"column":2},"end":{"line":792,"column":39}},"198":{"start":{"line":820,"column":2},"end":{"line":867,"column":3}},"199":{"start":{"line":830,"column":2},"end":{"line":867,"column":3}},"200":{"start":{"line":831,"column":18},"end":{"line":831,"column":42}},"201":{"start":{"line":832,"column":4},"end":{"line":832,"column":38}},"202":{"start":{"line":835,"column":18},"end":{"line":842,"column":6}},"203":{"start":{"line":843,"column":20},"end":{"line":851,"column":6}},"204":{"start":{"line":854,"column":18},"end":{"line":861,"column":6}},"205":{"start":{"line":863,"column":4},"end":{"line":863,"column":34}},"206":{"start":{"line":864,"column":4},"end":{"line":864,"column":36}},"207":{"start":{"line":865,"column":4},"end":{"line":865,"column":34}},"208":{"start":{"line":866,"column":4},"end":{"line":866,"column":38}},"209":{"start":{"line":869,"column":21},"end":{"line":880,"column":1}},"210":{"start":{"line":870,"column":17},"end":{"line":870,"column":44}},"211":{"start":{"line":871,"column":2},"end":{"line":871,"column":32}},"212":{"start":{"line":873,"column":2},"end":{"line":877,"column":3}},"213":{"start":{"line":874,"column":4},"end":{"line":874,"column":61}},"214":{"start":{"line":876,"column":4},"end":{"line":876,"column":69}},"215":{"start":{"line":879,"column":2},"end":{"line":879,"column":16}},"216":{"start":{"line":889,"column":35},"end":{"line":890,"column":51}},"217":{"start":{"line":889,"column":61},"end":{"line":890,"column":51}},"218":{"start":{"line":890,"column":2},"end":{"line":890,"column":51}},"219":{"start":{"line":899,"column":34},"end":{"line":900,"column":47}},"220":{"start":{"line":899,"column":56},"end":{"line":900,"column":47}},"221":{"start":{"line":900,"column":2},"end":{"line":900,"column":47}},"222":{"start":{"line":909,"column":32},"end":{"line":910,"column":50}},"223":{"start":{"line":909,"column":57},"end":{"line":910,"column":50}},"224":{"start":{"line":910,"column":2},"end":{"line":910,"column":50}},"225":{"start":{"line":912,"column":32},"end":{"line":912,"column":73}},"226":{"start":{"line":920,"column":2},"end":{"line":920,"column":57}},"227":{"start":{"line":920,"column":45},"end":{"line":920,"column":55}},"228":{"start":{"line":931,"column":18},"end":{"line":931,"column":46}},"229":{"start":{"line":932,"column":2},"end":{"line":934,"column":3}},"230":{"start":{"line":933,"column":4},"end":{"line":933,"column":60}},"231":{"start":{"line":935,"column":2},"end":{"line":935,"column":17}},"232":{"start":{"line":944,"column":2},"end":{"line":948,"column":3}},"233":{"start":{"line":945,"column":4},"end":{"line":945,"column":30}},"234":{"start":{"line":947,"column":4},"end":{"line":947,"column":16}},"235":{"start":{"line":977,"column":19},"end":{"line":977,"column":30}},"236":{"start":{"line":978,"column":14},"end":{"line":978,"column":21}},"237":{"start":{"line":979,"column":21},"end":{"line":979,"column":35}},"238":{"start":{"line":980,"column":2},"end":{"line":988,"column":4}},"239":{"start":{"line":981,"column":4},"end":{"line":981,"column":43}},"240":{"start":{"line":982,"column":4},"end":{"line":986,"column":6}},"241":{"start":{"line":987,"column":4},"end":{"line":987,"column":23}},"242":{"start":{"line":1004,"column":6},"end":{"line":1004,"column":14}},"243":{"start":{"line":1005,"column":29},"end":{"line":1005,"column":32}},"244":{"start":{"line":1006,"column":17},"end":{"line":1006,"column":28}},"245":{"start":{"line":1007,"column":21},"end":{"line":1007,"column":39}},"246":{"start":{"line":1008,"column":17},"end":{"line":1008,"column":55}},"247":{"start":{"line":1010,"column":2},"end":{"line":1010,"column":62}},"248":{"start":{"line":1011,"column":17},"end":{"line":1011,"column":40}},"249":{"start":{"line":1012,"column":23},"end":{"line":1012,"column":41}},"250":{"start":{"line":1013,"column":2},"end":{"line":1015,"column":3}},"251":{"start":{"line":1014,"column":4},"end":{"line":1014,"column":67}},"252":{"start":{"line":1026,"column":34},"end":{"line":1026,"column":42}},"253":{"start":{"line":1027,"column":27},"end":{"line":1027,"column":75}},"254":{"start":{"line":1028,"column":2},"end":{"line":1032,"column":3}},"255":{"start":{"line":1029,"column":4},"end":{"line":1029,"column":64}},"256":{"start":{"line":1031,"column":4},"end":{"line":1031,"column":24}},"257":{"start":{"line":1036,"column":2},"end":{"line":1040,"column":3}},"258":{"start":{"line":1036,"column":41},"end":{"line":1040,"column":3}},"259":{"start":{"line":1037,"column":20},"end":{"line":1037,"column":23}},"260":{"start":{"line":1038,"column":4},"end":{"line":1038,"column":27}},"261":{"start":{"line":1039,"column":4},"end":{"line":1039,"column":61}},"262":{"start":{"line":1049,"column":2},"end":{"line":1049,"column":31}},"263":{"start":{"line":1050,"column":2},"end":{"line":1050,"column":31}},"264":{"start":{"line":1059,"column":2},"end":{"line":1059,"column":34}},"265":{"start":{"line":1059,"column":29},"end":{"line":1059,"column":32}},"266":{"start":{"line":1071,"column":23},"end":{"line":1071,"column":71}},"267":{"start":{"line":1072,"column":23},"end":{"line":1072,"column":74}},"268":{"start":{"line":1073,"column":2},"end":{"line":1079,"column":3}},"269":{"start":{"line":1074,"column":4},"end":{"line":1077,"column":6}},"270":{"start":{"line":1078,"column":4},"end":{"line":1078,"column":16}},"271":{"start":{"line":1080,"column":2},"end":{"line":1080,"column":40}},"272":{"start":{"line":1095,"column":18},"end":{"line":1095,"column":40}},"273":{"start":{"line":1096,"column":71},"end":{"line":1096,"column":77}},"274":{"start":{"line":1097,"column":21},"end":{"line":1097,"column":46}},"275":{"start":{"line":1098,"column":2},"end":{"line":1098,"column":72}},"276":{"start":{"line":1099,"column":19},"end":{"line":1099,"column":67}},"277":{"start":{"line":1100,"column":2},"end":{"line":1102,"column":3}},"278":{"start":{"line":1101,"column":4},"end":{"line":1101,"column":11}},"279":{"start":{"line":1103,"column":41},"end":{"line":1103,"column":49}},"280":{"start":{"line":1105,"column":2},"end":{"line":1105,"column":49}},"281":{"start":{"line":1106,"column":23},"end":{"line":1106,"column":63}},"282":{"start":{"line":1107,"column":23},"end":{"line":1107,"column":66}},"283":{"start":{"line":1110,"column":2},"end":{"line":1110,"column":52}},"284":{"start":{"line":1112,"column":23},"end":{"line":1112,"column":29}},"285":{"start":{"line":1114,"column":30},"end":{"line":1118,"column":3}},"286":{"start":{"line":1121,"column":14},"end":{"line":1129,"column":3}},"287":{"start":{"line":1130,"column":23},"end":{"line":1141,"column":3}},"288":{"start":{"line":1144,"column":2},"end":{"line":1144,"column":60}},"289":{"start":{"line":1147,"column":2},"end":{"line":1151,"column":4}},"290":{"start":{"line":1154,"column":2},"end":{"line":1158,"column":4}},"291":{"start":{"line":1167,"column":2},"end":{"line":1171,"column":4}},"292":{"start":{"line":1168,"column":4},"end":{"line":1170,"column":5}},"293":{"start":{"line":1169,"column":6},"end":{"line":1169,"column":26}},"294":{"start":{"line":1182,"column":51},"end":{"line":1182,"column":54}},"295":{"start":{"line":1183,"column":2},"end":{"line":1186,"column":3}},"296":{"start":{"line":1184,"column":4},"end":{"line":1184,"column":64}},"297":{"start":{"line":1185,"column":4},"end":{"line":1185,"column":11}},"298":{"start":{"line":1187,"column":32},"end":{"line":1187,"column":65}},"299":{"start":{"line":1188,"column":36},"end":{"line":1188,"column":73}},"300":{"start":{"line":1189,"column":2},"end":{"line":1193,"column":4}},"301":{"start":{"line":1194,"column":15},"end":{"line":1198,"column":3}},"302":{"start":{"line":1199,"column":2},"end":{"line":1199,"column":38}},"303":{"start":{"line":1207,"column":30},"end":{"line":1208,"column":69}},"304":{"start":{"line":1208,"column":2},"end":{"line":1208,"column":69}},"305":{"start":{"line":1208,"column":61},"end":{"line":1208,"column":67}},"306":{"start":{"line":1217,"column":31},"end":{"line":1220,"column":1}},"307":{"start":{"line":1218,"column":19},"end":{"line":1218,"column":46}},"308":{"start":{"line":1219,"column":2},"end":{"line":1219,"column":52}},"309":{"start":{"line":1240,"column":30},"end":{"line":1273,"column":1}},"310":{"start":{"line":1242,"column":4},"end":{"line":1242,"column":11}},"311":{"start":{"line":1246,"column":17},"end":{"line":1270,"column":3}},"312":{"start":{"line":1247,"column":4},"end":{"line":1247,"column":35}},"313":{"start":{"line":1248,"column":4},"end":{"line":1248,"column":37}},"314":{"start":{"line":1251,"column":4},"end":{"line":1253,"column":5}},"315":{"start":{"line":1252,"column":6},"end":{"line":1252,"column":20}},"316":{"start":{"line":1255,"column":20},"end":{"line":1255,"column":40}},"317":{"start":{"line":1256,"column":4},"end":{"line":1267,"column":6}},"318":{"start":{"line":1269,"column":4},"end":{"line":1269,"column":42}},"319":{"start":{"line":1272,"column":2},"end":{"line":1272,"column":16}},"320":{"start":{"line":1287,"column":41},"end":{"line":1310,"column":1}},"321":{"start":{"line":1292,"column":2},"end":{"line":1309,"column":4}},"322":{"start":{"line":1293,"column":28},"end":{"line":1295,"column":5}},"323":{"start":{"line":1296,"column":4},"end":{"line":1299,"column":7}},"324":{"start":{"line":1297,"column":6},"end":{"line":1297,"column":50}},"325":{"start":{"line":1298,"column":6},"end":{"line":1298,"column":63}},"326":{"start":{"line":1302,"column":27},"end":{"line":1304,"column":5}},"327":{"start":{"line":1305,"column":4},"end":{"line":1308,"column":7}},"328":{"start":{"line":1306,"column":6},"end":{"line":1306,"column":49}},"329":{"start":{"line":1307,"column":6},"end":{"line":1307,"column":62}},"330":{"start":{"line":1317,"column":32},"end":{"line":1317,"column":69}},"331":{"start":{"line":1317,"column":47},"end":{"line":1317,"column":69}}},"fnMap":{"0":{"name":"isKeyValuePair","decl":{"start":{"line":11,"column":9},"end":{"line":11,"column":23}},"loc":{"start":{"line":11,"column":30},"end":{"line":13,"column":1}},"line":11},"1":{"name":"(anonymous_1)","decl":{"start":{"line":20,"column":44},"end":{"line":20,"column":45}},"loc":{"start":{"line":20,"column":53},"end":{"line":27,"column":1}},"line":20},"2":{"name":"(anonymous_2)","decl":{"start":{"line":25,"column":37},"end":{"line":25,"column":38}},"loc":{"start":{"line":25,"column":45},"end":{"line":25,"column":73}},"line":25},"3":{"name":"normalizeExisting","decl":{"start":{"line":34,"column":9},"end":{"line":34,"column":26}},"loc":{"start":{"line":34,"column":37},"end":{"line":44,"column":1}},"line":34},"4":{"name":"(anonymous_4)","decl":{"start":{"line":37,"column":5},"end":{"line":37,"column":6}},"loc":{"start":{"line":37,"column":14},"end":{"line":37,"column":48}},"line":37},"5":{"name":"(anonymous_5)","decl":{"start":{"line":37,"column":50},"end":{"line":37,"column":51}},"loc":{"start":{"line":37,"column":60},"end":{"line":37,"column":72}},"line":37},"6":{"name":"(anonymous_6)","decl":{"start":{"line":39,"column":32},"end":{"line":39,"column":33}},"loc":{"start":{"line":39,"column":45},"end":{"line":39,"column":60}},"line":39},"7":{"name":"isBlank","decl":{"start":{"line":51,"column":9},"end":{"line":51,"column":16}},"loc":{"start":{"line":51,"column":24},"end":{"line":53,"column":1}},"line":51},"8":{"name":"getDefaultRowsJson","decl":{"start":{"line":60,"column":9},"end":{"line":60,"column":27}},"loc":{"start":{"line":60,"column":35},"end":{"line":65,"column":1}},"line":60},"9":{"name":"getRowsJson","decl":{"start":{"line":73,"column":9},"end":{"line":73,"column":20}},"loc":{"start":{"line":73,"column":40},"end":{"line":76,"column":1}},"line":73},"10":{"name":"(anonymous_10)","decl":{"start":{"line":84,"column":33},"end":{"line":84,"column":34}},"loc":{"start":{"line":84,"column":56},"end":{"line":88,"column":1}},"line":84},"11":{"name":"(anonymous_11)","decl":{"start":{"line":95,"column":30},"end":{"line":95,"column":31}},"loc":{"start":{"line":95,"column":48},"end":{"line":98,"column":1}},"line":95},"12":{"name":"(anonymous_12)","decl":{"start":{"line":96,"column":25},"end":{"line":96,"column":26}},"loc":{"start":{"line":96,"column":31},"end":{"line":96,"column":35}},"line":96},"13":{"name":"(anonymous_13)","decl":{"start":{"line":109,"column":29},"end":{"line":109,"column":30}},"loc":{"start":{"line":109,"column":39},"end":{"line":116,"column":1}},"line":109},"14":{"name":"(anonymous_14)","decl":{"start":{"line":111,"column":9},"end":{"line":111,"column":10}},"loc":{"start":{"line":111,"column":15},"end":{"line":115,"column":3}},"line":111},"15":{"name":"(anonymous_15)","decl":{"start":{"line":129,"column":41},"end":{"line":129,"column":42}},"loc":{"start":{"line":129,"column":60},"end":{"line":131,"column":1}},"line":129},"16":{"name":"(anonymous_16)","decl":{"start":{"line":129,"column":60},"end":{"line":129,"column":61}},"loc":{"start":{"line":129,"column":72},"end":{"line":131,"column":1}},"line":129},"17":{"name":"(anonymous_17)","decl":{"start":{"line":147,"column":42},"end":{"line":147,"column":43}},"loc":{"start":{"line":147,"column":49},"end":{"line":158,"column":1}},"line":147},"18":{"name":"(anonymous_18)","decl":{"start":{"line":148,"column":9},"end":{"line":148,"column":10}},"loc":{"start":{"line":148,"column":18},"end":{"line":157,"column":3}},"line":148},"19":{"name":"getComponentInitializer","decl":{"start":{"line":167,"column":16},"end":{"line":167,"column":39}},"loc":{"start":{"line":171,"column":2},"end":{"line":187,"column":1}},"line":171},"20":{"name":"(anonymous_20)","decl":{"start":{"line":172,"column":9},"end":{"line":172,"column":10}},"loc":{"start":{"line":172,"column":22},"end":{"line":186,"column":3}},"line":172},"21":{"name":"getDropdownArticle","decl":{"start":{"line":194,"column":9},"end":{"line":194,"column":27}},"loc":{"start":{"line":194,"column":38},"end":{"line":196,"column":1}},"line":194},"22":{"name":"getDropdownPostId","decl":{"start":{"line":203,"column":9},"end":{"line":203,"column":26}},"loc":{"start":{"line":203,"column":37},"end":{"line":206,"column":1}},"line":203},"23":{"name":"handleDropdownChange","decl":{"start":{"line":214,"column":16},"end":{"line":214,"column":36}},"loc":{"start":{"line":214,"column":61},"end":{"line":226,"column":1}},"line":214},"24":{"name":"hasOutputForPostId","decl":{"start":{"line":234,"column":9},"end":{"line":234,"column":27}},"loc":{"start":{"line":234,"column":44},"end":{"line":236,"column":1}},"line":234},"25":{"name":"outputForPostId","decl":{"start":{"line":244,"column":9},"end":{"line":244,"column":24}},"loc":{"start":{"line":244,"column":41},"end":{"line":249,"column":1}},"line":244},"26":{"name":"(anonymous_26)","decl":{"start":{"line":259,"column":2},"end":{"line":259,"column":3}},"loc":{"start":{"line":259,"column":42},"end":{"line":260,"column":59}},"line":259},"27":{"name":"(anonymous_27)","decl":{"start":{"line":259,"column":42},"end":{"line":259,"column":43}},"loc":{"start":{"line":260,"column":4},"end":{"line":260,"column":59}},"line":260},"28":{"name":"setTextContent","decl":{"start":{"line":278,"column":9},"end":{"line":278,"column":23}},"loc":{"start":{"line":278,"column":45},"end":{"line":284,"column":1}},"line":278},"29":{"name":"handleModuleError","decl":{"start":{"line":291,"column":16},"end":{"line":291,"column":33}},"loc":{"start":{"line":291,"column":56},"end":{"line":295,"column":1}},"line":291},"30":{"name":"(anonymous_30)","decl":{"start":{"line":292,"column":9},"end":{"line":292,"column":10}},"loc":{"start":{"line":292,"column":14},"end":{"line":294,"column":3}},"line":292},"31":{"name":"getModuleInitializer","decl":{"start":{"line":304,"column":16},"end":{"line":304,"column":36}},"loc":{"start":{"line":304,"column":68},"end":{"line":308,"column":1}},"line":304},"32":{"name":"(anonymous_32)","decl":{"start":{"line":307,"column":9},"end":{"line":307,"column":10}},"loc":{"start":{"line":307,"column":19},"end":{"line":307,"column":74}},"line":307},"33":{"name":"makeProcessingFunction","decl":{"start":{"line":315,"column":9},"end":{"line":315,"column":31}},"loc":{"start":{"line":315,"column":46},"end":{"line":319,"column":1}},"line":315},"34":{"name":"(anonymous_34)","decl":{"start":{"line":316,"column":9},"end":{"line":316,"column":10}},"loc":{"start":{"line":316,"column":27},"end":{"line":318,"column":3}},"line":316},"35":{"name":"makeInteractiveInitializer","decl":{"start":{"line":327,"column":9},"end":{"line":327,"column":35}},"loc":{"start":{"line":327,"column":53},"end":{"line":331,"column":1}},"line":327},"36":{"name":"(anonymous_36)","decl":{"start":{"line":328,"column":9},"end":{"line":328,"column":10}},"loc":{"start":{"line":328,"column":39},"end":{"line":330,"column":3}},"line":328},"37":{"name":"runModuleInitializer","decl":{"start":{"line":339,"column":9},"end":{"line":339,"column":29}},"loc":{"start":{"line":339,"column":65},"end":{"line":342,"column":1}},"line":339},"38":{"name":"importModuleForIntersection","decl":{"start":{"line":349,"column":9},"end":{"line":349,"column":36}},"loc":{"start":{"line":349,"column":63},"end":{"line":361,"column":1}},"line":349},"39":{"name":"handleIntersectingEntry","decl":{"start":{"line":372,"column":9},"end":{"line":372,"column":32}},"loc":{"start":{"line":372,"column":69},"end":{"line":383,"column":1}},"line":372},"40":{"name":"getEntryHandler","decl":{"start":{"line":392,"column":9},"end":{"line":392,"column":24}},"loc":{"start":{"line":392,"column":51},"end":{"line":399,"column":1}},"line":392},"41":{"name":"(anonymous_41)","decl":{"start":{"line":394,"column":9},"end":{"line":394,"column":10}},"loc":{"start":{"line":394,"column":21},"end":{"line":398,"column":3}},"line":394},"42":{"name":"(anonymous_42)","decl":{"start":{"line":394,"column":21},"end":{"line":394,"column":22}},"loc":{"start":{"line":394,"column":30},"end":{"line":398,"column":3}},"line":394},"43":{"name":"makeModuleConfig","decl":{"start":{"line":407,"column":16},"end":{"line":407,"column":32}},"loc":{"start":{"line":407,"column":43},"end":{"line":417,"column":1}},"line":407},"44":{"name":"makeObserverCallback","decl":{"start":{"line":429,"column":16},"end":{"line":429,"column":36}},"loc":{"start":{"line":429,"column":59},"end":{"line":442,"column":1}},"line":429},"45":{"name":"(anonymous_45)","decl":{"start":{"line":436,"column":9},"end":{"line":436,"column":10}},"loc":{"start":{"line":436,"column":32},"end":{"line":441,"column":3}},"line":436},"46":{"name":"(anonymous_46)","decl":{"start":{"line":438,"column":20},"end":{"line":438,"column":21}},"loc":{"start":{"line":438,"column":29},"end":{"line":440,"column":5}},"line":438},"47":{"name":"makeCreateIntersectionObserver","decl":{"start":{"line":450,"column":16},"end":{"line":450,"column":46}},"loc":{"start":{"line":450,"column":57},"end":{"line":456,"column":1}},"line":450},"48":{"name":"(anonymous_48)","decl":{"start":{"line":451,"column":9},"end":{"line":451,"column":10}},"loc":{"start":{"line":451,"column":48},"end":{"line":455,"column":3}},"line":451},"49":{"name":"enableInteractiveControls","decl":{"start":{"line":466,"column":16},"end":{"line":466,"column":41}},"loc":{"start":{"line":466,"column":71},"end":{"line":473,"column":1}},"line":466},"50":{"name":"getText","decl":{"start":{"line":480,"column":16},"end":{"line":480,"column":23}},"loc":{"start":{"line":480,"column":34},"end":{"line":482,"column":1}},"line":480},"51":{"name":"makeDisplayBody","decl":{"start":{"line":491,"column":16},"end":{"line":491,"column":31}},"loc":{"start":{"line":491,"column":59},"end":{"line":495,"column":1}},"line":491},"52":{"name":"(anonymous_52)","decl":{"start":{"line":492,"column":9},"end":{"line":492,"column":10}},"loc":{"start":{"line":492,"column":17},"end":{"line":494,"column":3}},"line":492},"53":{"name":"getFetchErrorHandler","decl":{"start":{"line":504,"column":16},"end":{"line":504,"column":36}},"loc":{"start":{"line":504,"column":64},"end":{"line":515,"column":1}},"line":504},"54":{"name":"(anonymous_54)","decl":{"start":{"line":506,"column":9},"end":{"line":506,"column":10}},"loc":{"start":{"line":506,"column":18},"end":{"line":514,"column":3}},"line":506},"55":{"name":"handleRequestResponse","decl":{"start":{"line":524,"column":16},"end":{"line":524,"column":37}},"loc":{"start":{"line":524,"column":57},"end":{"line":530,"column":1}},"line":524},"56":{"name":"hasRequestField","decl":{"start":{"line":547,"column":9},"end":{"line":547,"column":24}},"loc":{"start":{"line":547,"column":30},"end":{"line":549,"column":1}},"line":547},"57":{"name":"hasStringUrl","decl":{"start":{"line":556,"column":9},"end":{"line":556,"column":21}},"loc":{"start":{"line":556,"column":27},"end":{"line":558,"column":1}},"line":556},"58":{"name":"isUniqueNonEmpty","decl":{"start":{"line":566,"column":9},"end":{"line":566,"column":25}},"loc":{"start":{"line":566,"column":37},"end":{"line":571,"column":1}},"line":566},"59":{"name":"migrateRowIfValid","decl":{"start":{"line":583,"column":9},"end":{"line":583,"column":26}},"loc":{"start":{"line":583,"column":66},"end":{"line":589,"column":1}},"line":583},"60":{"name":"createKeyInputHandler","decl":{"start":{"line":601,"column":16},"end":{"line":601,"column":37}},"loc":{"start":{"line":601,"column":47},"end":{"line":616,"column":1}},"line":601},"61":{"name":"(anonymous_61)","decl":{"start":{"line":603,"column":9},"end":{"line":603,"column":10}},"loc":{"start":{"line":603,"column":14},"end":{"line":615,"column":3}},"line":603},"62":{"name":"createValueInputHandler","decl":{"start":{"line":628,"column":16},"end":{"line":628,"column":39}},"loc":{"start":{"line":628,"column":49},"end":{"line":635,"column":1}},"line":628},"63":{"name":"(anonymous_63)","decl":{"start":{"line":630,"column":9},"end":{"line":630,"column":10}},"loc":{"start":{"line":630,"column":14},"end":{"line":634,"column":3}},"line":630},"64":{"name":"(anonymous_64)","decl":{"start":{"line":648,"column":32},"end":{"line":648,"column":33}},"loc":{"start":{"line":655,"column":6},"end":{"line":676,"column":1}},"line":655},"65":{"name":"(anonymous_65)","decl":{"start":{"line":671,"column":28},"end":{"line":671,"column":29}},"loc":{"start":{"line":672,"column":4},"end":{"line":672,"column":50}},"line":672},"66":{"name":"(anonymous_66)","decl":{"start":{"line":690,"column":34},"end":{"line":690,"column":35}},"loc":{"start":{"line":698,"column":6},"end":{"line":716,"column":1}},"line":698},"67":{"name":"(anonymous_67)","decl":{"start":{"line":724,"column":34},"end":{"line":724,"column":35}},"loc":{"start":{"line":724,"column":52},"end":{"line":732,"column":1}},"line":724},"68":{"name":"(anonymous_68)","decl":{"start":{"line":725,"column":9},"end":{"line":725,"column":10}},"loc":{"start":{"line":725,"column":15},"end":{"line":731,"column":3}},"line":725},"69":{"name":"(anonymous_69)","decl":{"start":{"line":741,"column":30},"end":{"line":741,"column":31}},"loc":{"start":{"line":741,"column":53},"end":{"line":745,"column":1}},"line":741},"70":{"name":"(anonymous_70)","decl":{"start":{"line":741,"column":53},"end":{"line":741,"column":54}},"loc":{"start":{"line":741,"column":58},"end":{"line":745,"column":1}},"line":741},"71":{"name":"(anonymous_71)","decl":{"start":{"line":757,"column":30},"end":{"line":757,"column":31}},"loc":{"start":{"line":757,"column":76},"end":{"line":763,"column":1}},"line":757},"72":{"name":"(anonymous_72)","decl":{"start":{"line":776,"column":33},"end":{"line":776,"column":34}},"loc":{"start":{"line":783,"column":6},"end":{"line":793,"column":1}},"line":783},"73":{"name":"(anonymous_73)","decl":{"start":{"line":820,"column":2},"end":{"line":820,"column":3}},"loc":{"start":{"line":830,"column":2},"end":{"line":867,"column":3}},"line":830},"74":{"name":"(anonymous_74)","decl":{"start":{"line":830,"column":2},"end":{"line":830,"column":3}},"loc":{"start":{"line":830,"column":25},"end":{"line":867,"column":3}},"line":830},"75":{"name":"(anonymous_75)","decl":{"start":{"line":869,"column":21},"end":{"line":869,"column":22}},"loc":{"start":{"line":869,"column":77},"end":{"line":880,"column":1}},"line":869},"76":{"name":"(anonymous_76)","decl":{"start":{"line":889,"column":35},"end":{"line":889,"column":36}},"loc":{"start":{"line":889,"column":61},"end":{"line":890,"column":51}},"line":889},"77":{"name":"(anonymous_77)","decl":{"start":{"line":889,"column":61},"end":{"line":889,"column":62}},"loc":{"start":{"line":890,"column":2},"end":{"line":890,"column":51}},"line":890},"78":{"name":"(anonymous_78)","decl":{"start":{"line":899,"column":34},"end":{"line":899,"column":35}},"loc":{"start":{"line":899,"column":56},"end":{"line":900,"column":47}},"line":899},"79":{"name":"(anonymous_79)","decl":{"start":{"line":899,"column":56},"end":{"line":899,"column":57}},"loc":{"start":{"line":900,"column":2},"end":{"line":900,"column":47}},"line":900},"80":{"name":"(anonymous_80)","decl":{"start":{"line":909,"column":32},"end":{"line":909,"column":33}},"loc":{"start":{"line":909,"column":57},"end":{"line":910,"column":50}},"line":909},"81":{"name":"(anonymous_81)","decl":{"start":{"line":909,"column":57},"end":{"line":909,"column":58}},"loc":{"start":{"line":910,"column":2},"end":{"line":910,"column":50}},"line":910},"82":{"name":"isValidParsedRequest","decl":{"start":{"line":919,"column":16},"end":{"line":919,"column":36}},"loc":{"start":{"line":919,"column":45},"end":{"line":921,"column":1}},"line":919},"83":{"name":"(anonymous_83)","decl":{"start":{"line":920,"column":39},"end":{"line":920,"column":40}},"loc":{"start":{"line":920,"column":45},"end":{"line":920,"column":55}},"line":920},"84":{"name":"handleParsedResult","decl":{"start":{"line":930,"column":16},"end":{"line":930,"column":34}},"loc":{"start":{"line":930,"column":57},"end":{"line":936,"column":1}},"line":930},"85":{"name":"parseJSONResult","decl":{"start":{"line":943,"column":16},"end":{"line":943,"column":31}},"loc":{"start":{"line":943,"column":40},"end":{"line":949,"column":1}},"line":943},"86":{"name":"createHandleInputError","decl":{"start":{"line":976,"column":9},"end":{"line":976,"column":31}},"loc":{"start":{"line":976,"column":45},"end":{"line":989,"column":1}},"line":976},"87":{"name":"(anonymous_87)","decl":{"start":{"line":980,"column":9},"end":{"line":980,"column":10}},"loc":{"start":{"line":980,"column":14},"end":{"line":988,"column":3}},"line":980},"88":{"name":"processInputAndSetOutput","decl":{"start":{"line":998,"column":16},"end":{"line":998,"column":40}},"loc":{"start":{"line":998,"column":76},"end":{"line":1016,"column":1}},"line":998},"89":{"name":"handleInputProcessing","decl":{"start":{"line":1025,"column":9},"end":{"line":1025,"column":30}},"loc":{"start":{"line":1025,"column":66},"end":{"line":1033,"column":1}},"line":1025},"90":{"name":"(anonymous_90)","decl":{"start":{"line":1036,"column":2},"end":{"line":1036,"column":3}},"loc":{"start":{"line":1036,"column":41},"end":{"line":1040,"column":3}},"line":1036},"91":{"name":"(anonymous_91)","decl":{"start":{"line":1036,"column":41},"end":{"line":1036,"column":42}},"loc":{"start":{"line":1036,"column":50},"end":{"line":1040,"column":3}},"line":1036},"92":{"name":"disableInputAndButton","decl":{"start":{"line":1048,"column":9},"end":{"line":1048,"column":30}},"loc":{"start":{"line":1048,"column":59},"end":{"line":1051,"column":1}},"line":1048},"93":{"name":"hasMissingElement","decl":{"start":{"line":1058,"column":9},"end":{"line":1058,"column":26}},"loc":{"start":{"line":1058,"column":37},"end":{"line":1060,"column":1}},"line":1058},"94":{"name":"(anonymous_94)","decl":{"start":{"line":1059,"column":23},"end":{"line":1059,"column":24}},"loc":{"start":{"line":1059,"column":29},"end":{"line":1059,"column":32}},"line":1059},"95":{"name":"getInteractiveElements","decl":{"start":{"line":1070,"column":9},"end":{"line":1070,"column":31}},"loc":{"start":{"line":1070,"column":58},"end":{"line":1081,"column":1}},"line":1070},"96":{"name":"initializeInteractiveComponent","decl":{"start":{"line":1090,"column":16},"end":{"line":1090,"column":46}},"loc":{"start":{"line":1094,"column":2},"end":{"line":1159,"column":1}},"line":1094},"97":{"name":"createHandleKeyPress","decl":{"start":{"line":1166,"column":9},"end":{"line":1166,"column":29}},"loc":{"start":{"line":1166,"column":44},"end":{"line":1172,"column":1}},"line":1166},"98":{"name":"(anonymous_98)","decl":{"start":{"line":1167,"column":9},"end":{"line":1167,"column":10}},"loc":{"start":{"line":1167,"column":18},"end":{"line":1171,"column":3}},"line":1167},"99":{"name":"initializeVisibleComponents","decl":{"start":{"line":1181,"column":16},"end":{"line":1181,"column":43}},"loc":{"start":{"line":1181,"column":77},"end":{"line":1200,"column":1}},"line":1181},"100":{"name":"(anonymous_100)","decl":{"start":{"line":1207,"column":30},"end":{"line":1207,"column":31}},"loc":{"start":{"line":1208,"column":2},"end":{"line":1208,"column":69}},"line":1208},"101":{"name":"(anonymous_101)","decl":{"start":{"line":1208,"column":49},"end":{"line":1208,"column":50}},"loc":{"start":{"line":1208,"column":61},"end":{"line":
[...]
:{}}],"line":19},"1":{"loc":{"start":{"line":39,"column":2},"end":{"line":41,"column":3}},"type":"if","locations":[{"start":{"line":39,"column":2},"end":{"line":41,"column":3}},{"start":{},"end":{}}],"line":39},"2":{"loc":{"start":{"line":79,"column":2},"end":{"line":82,"column":3}},"type":"if","locations":[{"start":{"line":79,"column":2},"end":{"line":82,"column":3}},{"start":{},"end":{}}],"line":79},"3":{"loc":{"start":{"line":94,"column":9},"end":{"line":94,"column":49}},"type":"binary-expr","locations":[{"start":{"line":94,"column":9},"end":{"line":94,"column":27}},{"start":{"line":94,"column":31},"end":{"line":94,"column":49}}],"line":94},"4":{"loc":{"start":{"line":104,"column":9},"end":{"line":104,"column":34}},"type":"binary-expr","locations":[{"start":{"line":104,"column":9},"end":{"line":104,"column":15}},{"start":{"line":104,"column":19},"end":{"line":104,"column":34}}],"line":104},"5":{"loc":{"start":{"line":114,"column":9},"end":{"line":114,"column":35}},"type":"binary-expr","locations":[{"start":{"line":114,"column":9},"end":{"line":114,"column":15}},{"start":{"line":114,"column":19},"end":{"line":114,"column":35}}],"line":114},"6":{"loc":{"start":{"line":125,"column":2},"end":{"line":127,"column":3}},"type":"if","locations":[{"start":{"line":125,"column":2},"end":{"line":127,"column":3}},{"start":{},"end":{}}],"line":125},"7":{"loc":{"start":{"line":143,"column":2},"end":{"line":145,"column":3}},"type":"if","locations":[{"start":{"line":143,"column":2},"end":{"line":145,"column":3}},{"start":{},"end":{}}],"line":143},"8":{"loc":{"start":{"line":165,"column":9},"end":{"line":165,"column":64}},"type":"binary-expr","locations":[{"start":{"line":165,"column":9},"end":{"line":165,"column":40}},{"start":{"line":165,"column":44},"end":{"line":165,"column":64}}],"line":165}},"s":{"0":26,"1":26,"2":16,"3":10,"4":10,"5":10,"6":10,"7":11,"8":23,"9":10,"10":11,"11":7,"12":4,"13":7,"14":7,"15":7,"16":13,"17":7,"18":4,"19":4,"20":4,"21":10,"22":4,"23":23,"24":17,"25":17,"26":23,"27":23,"28":21,"29":26,"30":26,"31":26,"32":16,"33":10,"34":6,"35":26,"36":25,"37":26,"38":51,"39":26,"40":16,"41":10,"42":36,"43":25,"44":25},"f":{"0":26,"1":11,"2":23,"3":11,"4":7,"5":4,"6":23,"7":23,"8":23,"9":21,"10":26,"11":26,"12":25,"13":26,"14":51,"15":36,"16":25},"b":{"0":[16,10],"1":[7,4],"2":[17,6],"3":[23,21],"4":[23,22],"5":[21,20],"6":[16,10],"7":[16,10],"8":[25,10]},"_coverageSchema":"1a1c01bbd47fc00a2c39e90264f33305004495a9","hash":"5cb6b832e0ffdd44d55544b92ffd0efd2887a247"}
,"/Users/matthew.heard/Code/Matt/dadeto/src/toys/2025-05-13/base64Encoder.js": {"path":"/Users/matthew.heard/Code/Matt/dadeto/src/toys/2025-05-13/base64Encoder.js","statementMap":{"0":{"start":{"line":11,"column":23},"end":{"line":11,"column":46}},"1":{"start":{"line":12,"column":2},"end":{"line":12,"column":29}}},"fnMap":{"0":{"name":"encodeBase64","decl":{"start":{"line":10,"column":16},"end":{"line":10,"column":28}},"loc":{"start":{"line":10,"column":41},"end":{"line":13,"column":1}},"line":10}},"branchMap":{},"s":{"0":1,"1":1},"f":{"0":1},"b":{},"_coverageSchema":"1a1c01bbd47fc00a2c39e90264f33305004495a9","hash":"060ccf5e22853cd94e278735a4e2289ad4e5aaa5"}
,"/Users/matthew.heard/Code/Matt/dadeto/src/toys/2025-05-15/stringToJsonArray.js": {"path":"/Users/matthew.heard/Code/Matt/dadeto/src/toys/2025-05-15/stringToJsonArray.js","statementMap":{"0":{"start":{"line":15,"column":2},"end":{"line":17,"column":3}},"1":{"start":{"line":16,"column":4},"end":{"line":16,"column":30}},"2":{"start":{"line":18,"column":20},"end":{"line":18,"column":23}},"3":{"start":{"line":19,"column":14},"end":{"line":22,"column":20}},"4":{"start":{"line":21,"column":14},"end":{"line":21,"column":22}},"5":{"start":{"line":23,"column":2},"end":{"line":23,"column":29}}},"fnMap":{"0":{"name":"stringToJsonArrayToy","decl":{"start":{"line":14,"column":9},"end":{"line":14,"column":29}},"loc":{"start":{"line":14,"column":37},"end":{"line":24,"column":1}},"line":14},"1":{"name":"(anonymous_1)","decl":{"start":{"line":21,"column":9},"end":{"line":21,"column":10}},"loc":{"start":{"line":21,"column":14},"end":{"line":21,"column":22}},"line":21}},"branchMap":{"0":{"loc":{"start":{"line":15,"column":2},"end":{"line":17,"column":3}},"type":"if","locations":[{"start":{"line":15,"column":2},"end":{"line":17,"column":3}},{"start":{},"end":{}}],"line":15}},"s":{"0":6,"1":1,"2":5,"3":5,"4":13,"5":5},"f":{"0":6,"1":13},"b":{"0":[1,5]},"_coverageSchema":"1a1c01bbd47fc00a2c39e90264f33305004495a9","hash":"383b0b53e6c6f50c500d4908a218bd3c656365c7"}
,"/Users/matthew.heard/Code/Matt/dadeto/src/toys/2025-06-09/startLocalDendriteStory.js": {"path":"/Users/matthew.heard/Code/Matt/dadeto/src/toys/2025-06-09/startLocalDendriteStory.js","statementMap":{"0":{"start":{"line":11,"column":15},"end":{"line":11,"column":35}},"1":{"start":{"line":12,"column":2},"end":{"line":14,"column":57}},"2":{"start":{"line":13,"column":19},"end":{"line":13,"column":28}},"3":{"start":{"line":14,"column":17},"end":{"line":14,"column":54}},"4":{"start":{"line":23,"column":2},"end":{"line":23,"column":45}},"5":{"start":{"line":32,"column":2},"end":{"line":34,"column":3}},"6":{"start":{"line":33,"column":4},"end":{"line":33,"column":34}},"7":{"start":{"line":44,"column":2},"end":{"line":66,"column":3}},"8":{"start":{"line":45,"column":17},"end":{"line":45,"column":34}},"9":{"start":{"line":46,"column":20},"end":{"line":46,"column":38}},"10":{"start":{"line":47,"column":20},"end":{"line":47,"column":38}},"11":{"start":{"line":48,"column":20},"end":{"line":48,"column":38}},"12":{"start":{"line":50,"column":19},"end":{"line":55,"column":5}},"13":{"start":{"line":57,"column":24},"end":{"line":57,"column":33}},"14":{"start":{"line":58,"column":20},"end":{"line":58,"column":42}},"15":{"start":{"line":59,"column":4},"end":{"line":59,"column":33}},"16":{"start":{"line":60,"column":4},"end":{"line":60,"column":41}},"17":{"start":{"line":61,"column":4},"end":{"line":61,"column":21}},"18":{"start":{"line":63,"column":4},"end":{"line":63,"column":34}},"19":{"start":{"line":65,"column":4},"end":{"line":65,"column":30}}},"fnMap":{"0":{"name":"createOptions","decl":{"start":{"line":10,"column":9},"end":{"line":10,"column":22}},"loc":{"start":{"line":10,"column":38},"end":{"line":15,"column":1}},"line":10},"1":{"name":"(anonymous_1)","decl":{"start":{"line":13,"column":12},"end":{"line":13,"column":13}},"loc":{"start":{"line":13,"column":19},"end":{"line":13,"column":28}},"line":13},"2":{"name":"(anonymous_2)","decl":{"start":{"line":14,"column":9},"end":{"line":14,"column":10}},"loc":{"start":{"line":14,"column":17},"end":{"line":14,"column":54}},"line":14},"3":{"name":"hasValidTemporary","decl":{"start":{"line":22,"column":9},"end":{"line":22,"column":26}},"loc":{"start":{"line":22,"column":32},"end":{"line":24,"column":1}},"line":22},"4":{"name":"ensureTemporaryData","decl":{"start":{"line":31,"column":9},"end":{"line":31,"column":28}},"loc":{"start":{"line":31,"column":34},"end":{"line":35,"column":1}},"line":31},"5":{"name":"startLocalDendriteStory","decl":{"start":{"line":43,"column":16},"end":{"line":43,"column":39}},"loc":{"start":{"line":43,"column":52},"end":{"line":67,"column":1}},"line":43}},"branchMap":{"0":{"loc":{"start":{"line":32,"column":2},"end":{"line":34,"column":3}},"type":"if","locations":[{"start":{"line":32,"column":2},"end":{"line":34,"column":3}},{"start":{},"end":{}}],"line":32}},"s":{"0":7,"1":7,"2":28,"3":10,"4":7,"5":7,"6":4,"7":8,"8":8,"9":7,"10":7,"11":7,"12":7,"13":7,"14":7,"15":7,"16":7,"17":7,"18":7,"19":1},"f":{"0":7,"1":28,"2":10,"3":7,"4":7,"5":8},"b":{"0":[4,3]},"_coverageSchema":"1a1c01bbd47fc00a2c39e90264f33305004495a9","hash":"aa44d01ad89ca3df4d5e7dc163978443a1e72943"}
,"/Users/matthew.heard/Code/Matt/dadeto/src/toys/2025-06-09/uuid.js": {"path":"/Users/matthew.heard/Code/Matt/dadeto/src/toys/2025-06-09/uuid.js","statementMap":{"0":{"start":{"line":10,"column":18},"end":{"line":10,"column":36}},"1":{"start":{"line":11,"column":2},"end":{"line":11,"column":19}}},"fnMap":{"0":{"name":"uuidToy","decl":{"start":{"line":9,"column":16},"end":{"line":9,"column":23}},"loc":{"start":{"line":9,"column":36},"end":{"line":12,"column":1}},"line":9}},"branchMap":{},"s":{"0":1,"1":1},"f":{"0":1},"b":{},"_coverageSchema":"1a1c01bbd47fc00a2c39e90264f33305004495a9","hash":"c6e585e093485b2b19b629bba3d94a8390db54c8"}
,"/Users/matthew.heard/Code/Matt/dadeto/src/utils/jsonUtils.js": {"path":"/Users/matthew.heard/Code/Matt/dadeto/src/utils/jsonUtils.js","statementMap":{"0":{"start":{"line":7,"column":2},"end":{"line":11,"column":3}},"1":{"start":{"line":8,"column":4},"end":{"line":8,"column":28}},"2":{"start":{"line":10,"column":4},"end":{"line":10,"column":21}},"3":{"start":{"line":21,"column":2},"end":{"line":23,"column":3}},"4":{"start":{"line":22,"column":4},"end":{"line":22,"column":20}},"5":{"start":{"line":24,"column":2},"end":{"line":24,"column":15}},"6":{"start":{"line":34,"column":2},"end":{"line":34,"column":48}}},"fnMap":{"0":{"name":"safeParseJson","decl":{"start":{"line":6,"column":16},"end":{"line":6,"column":29}},"loc":{"start":{"line":6,"column":36},"end":{"line":12,"column":1}},"line":6},"1":{"name":"valueOr","decl":{"start":{"line":20,"column":16},"end":{"line":20,"column":23}},"loc":{"start":{"line":20,"column":41},"end":{"line":25,"column":1}},"line":20},"2":{"name":"parseJsonOrDefault","decl":{"start":{"line":33,"column":16},"end":{"line":33,"column":34}},"loc":{"start":{"line":33,"column":56},"end":{"line":35,"column":1}},"line":33}},"branchMap":{"0":{"loc":{"start":{"line":21,"column":2},"end":{"line":23,"column":3}},"type":"if","locations":[{"start":{"line":21,"column":2},"end":{"line":23,"column":3}},{"start":{},"end":{}}],"line":21},"1":{"loc":{"start":{"line":33,"column":41},"end":{"line":33,"column":54}},"type":"default-arg","locations":[{"start":{"line":33,"column":52},"end":{"line":33,"column":54}}],"line":33}},"s":{"0":64,"1":64,"2":8,"3":38,"4":7,"5":31,"6":36},"f":{"0":64,"1":38,"2":36},"b":{"0":[7,31],"1":[1]},"_coverageSchema":"1a1c01bbd47fc00a2c39e90264f33305004495a9","hash":"82087e983a956e5c6ebbf7216b6cf057e3c32607"}
,"/Users/matthew.heard/Code/Matt/dadeto/src/utils/objectUtils.js": {"path":"/Users/matthew.heard/Code/Matt/dadeto/src/utils/objectUtils.js","statementMap":{"0":{"start":{"line":8,"column":15},"end":{"line":8,"column":17}},"1":{"start":{"line":9,"column":2},"end":{"line":11,"column":3}},"2":{"start":{"line":10,"column":4},"end":{"line":10,"column":17}},"3":{"start":{"line":13,"column":2},"end":{"line":15,"column":4}},"4":{"start":{"line":14,"column":23},"end":{"line":14,"column":36}},"5":{"start":{"line":14,"column":49},"end":{"line":14,"column":67}},"6":{"start":{"line":25,"column":2},"end":{"line":27,"column":4}},"7":{"start":{"line":26,"column":49},"end":{"line":26,"column":70}},"8":{"start":{"line":37,"column":2},"end":{"line":39,"column":3}},"9":{"start":{"line":38,"column":4},"end":{"line":38,"column":14}},"10":{"start":{"line":40,"column":2},"end":{"line":40,"column":35}},"11":{"start":{"line":49,"column":2},"end":{"line":49,"column":43}}},"fnMap":{"0":{"name":"pick","decl":{"start":{"line":7,"column":16},"end":{"line":7,"column":20}},"loc":{"start":{"line":7,"column":32},"end":{"line":16,"column":1}},"line":7},"1":{"name":"(anonymous_1)","decl":{"start":{"line":14,"column":16},"end":{"line":14,"column":17}},"loc":{"start":{"line":14,"column":23},"end":{"line":14,"column":36}},"line":14},"2":{"name":"(anonymous_2)","decl":{"start":{"line":14,"column":42},"end":{"line":14,"column":43}},"loc":{"start":{"line":14,"column":49},"end":{"line":14,"column":67}},"line":14},"3":{"name":"transformEntries","decl":{"start":{"line":24,"column":9},"end":{"line":24,"column":25}},"loc":{"start":{"line":24,"column":38},"end":{"line":28,"column":1}},"line":24},"4":{"name":"(anonymous_4)","decl":{"start":{"line":26,"column":31},"end":{"line":26,"column":32}},"loc":{"start":{"line":26,"column":49},"end":{"line":26,"column":70}},"line":26},"5":{"name":"mapValues","decl":{"start":{"line":36,"column":16},"end":{"line":36,"column":25}},"loc":{"start":{"line":36,"column":35},"end":{"line":41,"column":1}},"line":36},"6":{"name":"deepClone","decl":{"start":{"line":48,"column":16},"end":{"line":48,"column":25}},"loc":{"start":{"line":48,"column":33},"end":{"line":50,"column":1}},"line":48}},"branchMap":{"0":{"loc":{"start":{"line":9,"column":2},"end":{"line":11,"column":3}},"type":"if","locations":[{"start":{"line":9,"column":2},"end":{"line":11,"column":3}},{"start":{},"end":{}}],"line":9},"1":{"loc":{"start":{"line":37,"column":2},"end":{"line":39,"column":3}},"type":"if","locations":[{"start":{"line":37,"column":2},"end":{"line":39,"column":3}},{"start":{},"end":{}}],"line":37}},"s":{"0":8,"1":8,"2":4,"3":8,"4":10,"5":4,"6":4,"7":7,"8":8,"9":4,"10":4,"11":53},"f":{"0":8,"1":10,"2":4,"3":4,"4":7,"5":8,"6":53},"b":{"0":[4,4],"1":[4,4]},"_coverageSchema":"1a1c01bbd47fc00a2c39e90264f33305004495a9","hash":"776fb53bcd7833778348053bd812939bfedf407a"}
,"/Users/matthew.heard/Code/Matt/dadeto/src/utils/regexUtils.js": {"path":"/Users/matthew.heard/Code/Matt/dadeto/src/utils/regexUtils.js","statementMap":{"0":{"start":{"line":1,"column":28},"end":{"line":1,"column":50}},"1":{"start":{"line":9,"column":2},"end":{"line":11,"column":3}},"2":{"start":{"line":10,"column":4},"end":{"line":10,"column":14}},"3":{"start":{"line":12,"column":2},"end":{"line":12,"column":50}},"4":{"start":{"line":21,"column":28},"end":{"line":27,"column":1}},"5":{"start":{"line":22,"column":18},"end":{"line":22,"column":37}},"6":{"start":{"line":23,"column":2},"end":{"line":25,"column":3}},"7":{"start":{"line":24,"column":4},"end":{"line":24,"column":27}},"8":{"start":{"line":26,"column":2},"end":{"line":26,"column":17}},"9":{"start":{"line":37,"column":2},"end":{"line":37,"column":53}},"10":{"start":{"line":47,"column":30},"end":{"line":47,"column":62}},"11":{"start":{"line":48,"column":23},"end":{"line":48,"column":60}},"12":{"start":{"line":49,"column":2},"end":{"line":49,"column":66}},"13":{"start":{"line":59,"column":2},"end":{"line":59,"column":27}}},"fnMap":{"0":{"name":"escapeRegex","decl":{"start":{"line":8,"column":16},"end":{"line":8,"column":27}},"loc":{"start":{"line":8,"column":33},"end":{"line":13,"column":1}},"line":8},"1":{"name":"(anonymous_1)","decl":{"start":{"line":21,"column":28},"end":{"line":21,"column":29}},"loc":{"start":{"line":21,"column":50},"end":{"line":27,"column":1}},"line":21},"2":{"name":"normalizePatternOptions","decl":{"start":{"line":36,"column":9},"end":{"line":36,"column":32}},"loc":{"start":{"line":36,"column":47},"end":{"line":38,"column":1}},"line":36},"3":{"name":"createPattern","decl":{"start":{"line":46,"column":16},"end":{"line":46,"column":29}},"loc":{"start":{"line":46,"column":47},"end":{"line":50,"column":1}},"line":46},"4":{"name":"matchesPattern","decl":{"start":{"line":58,"column":16},"end":{"line":58,"column":30}},"loc":{"start":{"line":58,"column":45},"end":{"line":60,"column":1}},"line":58}},"branchMap":{"0":{"loc":{"start":{"line":9,"column":2},"end":{"line":11,"column":3}},"type":"if","locations":[{"start":{"line":9,"column":2},"end":{"line":11,"column":3}},{"start":{},"end":{}}],"line":9},"1":{"loc":{"start":{"line":23,"column":2},"end":{"line":25,"column":3}},"type":"if","locations":[{"start":{"line":23,"column":2},"end":{"line":25,"column":3}},{"start":{},"end":{}}],"line":23},"2":{"loc":{"start":{"line":36,"column":33},"end":{"line":36,"column":45}},"type":"default-arg","locations":[{"start":{"line":36,"column":43},"end":{"line":36,"column":45}}],"line":36}},"s":{"0":1,"1":13,"2":4,"3":9,"4":1,"5":6,"6":6,"7":2,"8":4,"9":6,"10":6,"11":6,"12":6,"13":6},"f":{"0":13,"1":6,"2":6,"3":6,"4":6},"b":{"0":[4,9],"1":[2,4],"2":[3]},"_coverageSchema":"1a1c01bbd47fc00a2c39e90264f33305004495a9","hash":"4d9db667f06146ceb86a3eef31f8c29cfb946bad"}
,"/Users/matthew.heard/Code/Matt/dadeto/src/utils/stringUtils.js": {"path":"/Users/matthew.heard/Code/Matt/dadeto/src/utils/stringUtils.js","statementMap":{"0":{"start":{"line":7,"column":2},"end":{"line":7,"column":50}},"1":{"start":{"line":16,"column":2},"end":{"line":16,"column":53}},"2":{"start":{"line":25,"column":2},"end":{"line":27,"column":3}},"3":{"start":{"line":26,"column":4},"end":{"line":26,"column":21}},"4":{"start":{"line":28,"column":2},"end":{"line":28,"column":21}}},"fnMap":{"0":{"name":"isEmpty","decl":{"start":{"line":6,"column":16},"end":{"line":6,"column":23}},"loc":{"start":{"line":6,"column":30},"end":{"line":8,"column":1}},"line":6},"1":{"name":"isValidText","decl":{"start":{"line":15,"column":16},"end":{"line":15,"column":27}},"loc":{"start":{"line":15,"column":35},"end":{"line":17,"column":1}},"line":15},"2":{"name":"safeTrim","decl":{"start":{"line":24,"column":16},"end":{"line":24,"column":24}},"loc":{"start":{"line":24,"column":31},"end":{"line":29,"column":1}},"line":24}},"branchMap":{"0":{"loc":{"start":{"line":7,"column":9},"end":{"line":7,"column":49}},"type":"binary-expr","locations":[{"start":{"line":7,"column":9},"end":{"line":7,"column":33}},{"start":{"line":7,"column":37},"end":{"line":7,"column":49}}],"line":7},"1":{"loc":{"start":{"line":16,"column":17},"end":{"line":16,"column":51}},"type":"binary-expr","locations":[{"start":{"line":16,"column":17},"end":{"line":16,"column":22}},{"start":{"line":16,"column":26},"end":{"line":16,"column":51}}],"line":16},"2":{"loc":{"start":{"line":25,"column":2},"end":{"line":27,"column":3}},"type":"if","locations":[{"start":{"line":25,"column":2},"end":{"line":27,"column":3}},{"start":{},"end":{}}],"line":25}},"s":{"0":12,"1":11,"2":13,"3":6,"4":7},"f":{"0":12,"1":11,"2":13},"b":{"0":[12,6],"1":[11,6],"2":[6,7]},"_coverageSchema":"1a1c01bbd47fc00a2c39e90264f33305004495a9","hash":"ba590015ee553d0d1d6f49b1b04c2187674acfed"}
,"/Users/matthew.heard/Code/Matt/dadeto/src/utils/validation.js": {"path":"/Users/matthew.heard/Code/Matt/dadeto/src/utils/validation.js","statementMap":{"0":{"start":{"line":8,"column":2},"end":{"line":8,"column":31}},"1":{"start":{"line":17,"column":2},"end":{"line":17,"column":51}},"2":{"start":{"line":26,"column":2},"end":{"line":26,"column":36}},"3":{"start":{"line":35,"column":2},"end":{"line":35,"column":49}},"4":{"start":{"line":43,"column":26},"end":{"line":43,"column":58}},"5":{"start":{"line":51,"column":2},"end":{"line":51,"column":63}},"6":{"start":{"line":51,"column":45},"end":{"line":51,"column":61}}},"fnMap":{"0":{"name":"isType","decl":{"start":{"line":7,"column":16},"end":{"line":7,"column":22}},"loc":{"start":{"line":7,"column":36},"end":{"line":9,"column":1}},"line":7},"1":{"name":"isValidString","decl":{"start":{"line":16,"column":16},"end":{"line":16,"column":29}},"loc":{"start":{"line":16,"column":35},"end":{"line":18,"column":1}},"line":16},"2":{"name":"isBooleanType","decl":{"start":{"line":25,"column":16},"end":{"line":25,"column":29}},"loc":{"start":{"line":25,"column":37},"end":{"line":27,"column":1}},"line":25},"3":{"name":"isBooleanString","decl":{"start":{"line":34,"column":16},"end":{"line":34,"column":31}},"loc":{"start":{"line":34,"column":39},"end":{"line":36,"column":1}},"line":34},"4":{"name":"isValidBoolean","decl":{"start":{"line":50,"column":16},"end":{"line":50,"column":30}},"loc":{"start":{"line":50,"column":38},"end":{"line":52,"column":1}},"line":50},"5":{"name":"(anonymous_5)","decl":{"start":{"line":51,"column":32},"end":{"line":51,"column":33}},"loc":{"start":{"line":51,"column":45},"end":{"line":51,"column":61}},"line":51}},"branchMap":{"0":{"loc":{"start":{"line":17,"column":9},"end":{"line":17,"column":50}},"type":"binary-expr","locations":[{"start":{"line":17,"column":9},"end":{"line":17,"column":32}},{"start":{"line":17,"column":36},"end":{"line":17,"column":50}}],"line":17}},"s":{"0":33,"1":11,"2":17,"3":15,"4":3,"5":17,"6":32},"f":{"0":33,"1":11,"2":17,"3":15,"4":17,"5":32},"b":{"0":[11,5]},"_coverageSchema":"1a1c01bbd47fc00a2c39e90264f33305004495a9","hash":"bbad948ea719bcc6d5568de0ba2a35b9d2862e4d"}
}
