{"total": {"lines":{"total":1714,"covered":1697,"skipped":0,"pct":99},"statements":{"total":1835,"covered":1818,"skipped":0,"pct":99.07},"functions":{"total":674,"covered":669,"skipped":0,"pct":99.25},"branches":{"total":526,"covered":519,"skipped":0,"pct":98.66},"branchesTrue":{"total":0,"covered":0,"skipped":0,"pct":100}}
,"/Users/matthew.heard/Code/Matt/dadeto/src/browser/audio-controls.js": {"lines":{"total":54,"covered":54,"skipped":0,"pct":100},"functions":{"total":10,"covered":10,"skipped":0,"pct":100},"statements":{"total":54,"covered":54,"skipped":0,"pct":100},"branches":{"total":2,"covered":2,"skipped":0,"pct":100}}
,"/Users/matthew.heard/Code/Matt/dadeto/src/browser/common.js": {"lines":{"total":2,"covered":2,"skipped":0,"pct":100},"functions":{"total":2,"covered":2,"skipped":0,"pct":100},"statements":{"total":2,"covered":2,"skipped":0,"pct":100},"branches":{"total":4,"covered":4,"skipped":0,"pct":100}}
,"/Users/matthew.heard/Code/Matt/dadeto/src/browser/data.js": {"lines":{"total":82,"covered":82,"skipped":0,"pct":100},"functions":{"total":32,"covered":32,"skipped":0,"pct":100},"statements":{"total":85,"covered":85,"skipped":0,"pct":100},"branches":{"total":32,"covered":32,"skipped":0,"pct":100}}
,"/Users/matthew.heard/Code/Matt/dadeto/src/browser/setOutput.js": {"lines":{"total":19,"covered":19,"skipped":0,"pct":100},"functions":{"total":4,"covered":4,"skipped":0,"pct":100},"statements":{"total":19,"covered":19,"skipped":0,"pct":100},"branches":{"total":4,"covered":4,"skipped":0,"pct":100}}
,"/Users/matthew.heard/Code/Matt/dadeto/src/browser/tags.js": {"lines":{"total":39,"covered":39,"skipped":0,"pct":100},"functions":{"total":15,"covered":15,"skipped":0,"pct":100},"statements":{"total":42,"covered":42,"skipped":0,"pct":100},"branches":{"total":6,"covered":6,"skipped":0,"pct":100}}
,"/Users/matthew.heard/Code/Matt/dadeto/src/browser/toys.js": {"lines":{"total":346,"covered":329,"skipped":0,"pct":95.08},"functions":{"total":105,"covered":100,"skipped":0,"pct":95.23},"statements":{"total":362,"covered":345,"skipped":0,"pct":95.3},"branches":{"total":65,"covered":58,"skipped":0,"pct":89.23}}
,"/Users/matthew.heard/Code/Matt/dadeto/src/constants/markdown.js": {"lines":{"total":4,"covered":4,"skipped":0,"pct":100},"functions":{"total":0,"covered":0,"skipped":0,"pct":100},"statements":{"total":4,"covered":4,"skipped":0,"pct":100},"branches":{"total":0,"covered":0,"skipped":0,"pct":100}}
,"/Users/matthew.heard/Code/Matt/dadeto/src/generator/full-width.js": {"lines":{"total":1,"covered":1,"skipped":0,"pct":100},"functions":{"total":0,"covered":0,"skipped":0,"pct":100},"statements":{"total":1,"covered":1,"skipped":0,"pct":100},"branches":{"total":0,"covered":0,"skipped":0,"pct":100}}
,"/Users/matthew.heard/Code/Matt/dadeto/src/generator/generator.js": {"lines":{"total":250,"covered":250,"skipped":0,"pct":100},"functions":{"total":123,"covered":123,"skipped":0,"pct":100},"statements":{"total":266,"covered":266,"skipped":0,"pct":100},"branches":{"total":47,"covered":47,"skipped":0,"pct":100}}
,"/Users/matthew.heard/Code/Matt/dadeto/src/generator/head.js": {"lines":{"total":1,"covered":1,"skipped":0,"pct":100},"functions":{"total":0,"covered":0,"skipped":0,"pct":100},"statements":{"total":1,"covered":1,"skipped":0,"pct":100},"branches":{"total":0,"covered":0,"skipped":0,"pct":100}}
,"/Users/matthew.heard/Code/Matt/dadeto/src/generator/html.js": {"lines":{"total":33,"covered":33,"skipped":0,"pct":100},"functions":{"total":13,"covered":13,"skipped":0,"pct":100},"statements":{"total":33,"covered":33,"skipped":0,"pct":100},"branches":{"total":0,"covered":0,"skipped":0,"pct":100}}
,"/Users/matthew.heard/Code/Matt/dadeto/src/generator/styles.js": {"lines":{"total":1,"covered":1,"skipped":0,"pct":100},"functions":{"total":0,"covered":0,"skipped":0,"pct":100},"statements":{"total":1,"covered":1,"skipped":0,"pct":100},"branches":{"total":0,"covered":0,"skipped":0,"pct":100}}
,"/Users/matthew.heard/Code/Matt/dadeto/src/generator/title.js": {"lines":{"total":1,"covered":1,"skipped":0,"pct":100},"functions":{"total":0,"covered":0,"skipped":0,"pct":100},"statements":{"total":1,"covered":1,"skipped":0,"pct":100},"branches":{"total":0,"covered":0,"skipped":0,"pct":100}}
,"/Users/matthew.heard/Code/Matt/dadeto/src/presenters/battleshipSolitaireClues.js": {"lines":{"total":43,"covered":43,"skipped":0,"pct":100},"functions":{"total":12,"covered":12,"skipped":0,"pct":100},"statements":{"total":48,"covered":48,"skipped":0,"pct":100},"branches":{"total":24,"covered":24,"skipped":0,"pct":100}}
,"/Users/matthew.heard/Code/Matt/dadeto/src/presenters/battleshipSolitaireFleet.js": {"lines":{"total":64,"covered":64,"skipped":0,"pct":100},"functions":{"total":30,"covered":30,"skipped":0,"pct":100},"statements":{"total":70,"covered":70,"skipped":0,"pct":100},"branches":{"total":20,"covered":20,"skipped":0,"pct":100}}
,"/Users/matthew.heard/Code/Matt/dadeto/src/presenters/paragraph.js": {"lines":{"total":3,"covered":3,"skipped":0,"pct":100},"functions":{"total":1,"covered":1,"skipped":0,"pct":100},"statements":{"total":3,"covered":3,"skipped":0,"pct":100},"branches":{"total":0,"covered":0,"skipped":0,"pct":100}}
,"/Users/matthew.heard/Code/Matt/dadeto/src/presenters/pre.js": {"lines":{"total":13,"covered":13,"skipped":0,"pct":100},"functions":{"total":6,"covered":6,"skipped":0,"pct":100},"statements":{"total":14,"covered":14,"skipped":0,"pct":100},"branches":{"total":8,"covered":8,"skipped":0,"pct":100}}
,"/Users/matthew.heard/Code/Matt/dadeto/src/presenters/ticTacToeBoard.js": {"lines":{"total":32,"covered":32,"skipped":0,"pct":100},"functions":{"total":16,"covered":16,"skipped":0,"pct":100},"statements":{"total":36,"covered":36,"skipped":0,"pct":100},"branches":{"total":12,"covered":12,"skipped":0,"pct":100}}
,"/Users/matthew.heard/Code/Matt/dadeto/src/toys/2024-10-02/hello.js": {"lines":{"total":1,"covered":1,"skipped":0,"pct":100},"functions":{"total":1,"covered":1,"skipped":0,"pct":100},"statements":{"total":1,"covered":1,"skipped":0,"pct":100},"branches":{"total":0,"covered":0,"skipped":0,"pct":100}}
,"/Users/matthew.heard/Code/Matt/dadeto/src/toys/2025-03-19/identity.js": {"lines":{"total":1,"covered":1,"skipped":0,"pct":100},"functions":{"total":1,"covered":1,"skipped":0,"pct":100},"statements":{"total":1,"covered":1,"skipped":0,"pct":100},"branches":{"total":0,"covered":0,"skipped":0,"pct":100}}
,"/Users/matthew.heard/Code/Matt/dadeto/src/toys/2025-03-21/booleanCoercer.js": {"lines":{"total":9,"covered":9,"skipped":0,"pct":100},"functions":{"total":4,"covered":4,"skipped":0,"pct":100},"statements":{"total":11,"covered":11,"skipped":0,"pct":100},"branches":{"total":6,"covered":6,"skipped":0,"pct":100}}
,"/Users/matthew.heard/Code/Matt/dadeto/src/toys/2025-03-21/italics.js": {"lines":{"total":52,"covered":52,"skipped":0,"pct":100},"functions":{"total":22,"covered":22,"skipped":0,"pct":100},"statements":{"total":52,"covered":52,"skipped":0,"pct":100},"branches":{"total":18,"covered":18,"skipped":0,"pct":100}}
,"/Users/matthew.heard/Code/Matt/dadeto/src/toys/2025-03-26/prettyFloat.js": {"lines":{"total":61,"covered":61,"skipped":0,"pct":100},"functions":{"total":20,"covered":20,"skipped":0,"pct":100},"statements":{"total":65,"covered":65,"skipped":0,"pct":100},"branches":{"total":20,"covered":20,"skipped":0,"pct":100}}
,"/Users/matthew.heard/Code/Matt/dadeto/src/toys/2025-03-28/rand.js": {"lines":{"total":2,"covered":2,"skipped":0,"pct":100},"functions":{"total":1,"covered":1,"skipped":0,"pct":100},"statements":{"total":2,"covered":2,"skipped":0,"pct":100},"branches":{"total":0,"covered":0,"skipped":0,"pct":100}}
,"/Users/matthew.heard/Code/Matt/dadeto/src/toys/2025-03-29/fishingGame.js": {"lines":{"total":49,"covered":49,"skipped":0,"pct":100},"functions":{"total":25,"covered":25,"skipped":0,"pct":100},"statements":{"total":53,"covered":53,"skipped":0,"pct":100},"branches":{"total":8,"covered":8,"skipped":0,"pct":100}}
,"/Users/matthew.heard/Code/Matt/dadeto/src/toys/2025-03-29/get.js": {"lines":{"total":69,"covered":69,"skipped":0,"pct":100},"functions":{"total":24,"covered":24,"skipped":0,"pct":100},"statements":{"total":69,"covered":69,"skipped":0,"pct":100},"branches":{"total":36,"covered":36,"skipped":0,"pct":100}}
,"/Users/matthew.heard/Code/Matt/dadeto/src/toys/2025-03-29/setTemporary.js": {"lines":{"total":31,"covered":31,"skipped":0,"pct":100},"functions":{"total":9,"covered":9,"skipped":0,"pct":100},"statements":{"total":31,"covered":31,"skipped":0,"pct":100},"branches":{"total":12,"covered":12,"skipped":0,"pct":100}}
,"/Users/matthew.heard/Code/Matt/dadeto/src/toys/2025-03-30/cyberpunkAdventure.js": {"lines":{"total":70,"covered":70,"skipped":0,"pct":100},"functions":{"total":23,"covered":23,"skipped":0,"pct":100},"statements":{"total":72,"covered":72,"skipped":0,"pct":100},"branches":{"total":30,"covered":30,"skipped":0,"pct":100}}
,"/Users/matthew.heard/Code/Matt/dadeto/src/toys/2025-04-05/httpRequest.js": {"lines":{"total":2,"covered":2,"skipped":0,"pct":100},"functions":{"total":1,"covered":1,"skipped":0,"pct":100},"statements":{"total":2,"covered":2,"skipped":0,"pct":100},"branches":{"total":0,"covered":0,"skipped":0,"pct":100}}
,"/Users/matthew.heard/Code/Matt/dadeto/src/toys/2025-04-06/ticTacToe.js": {"lines":{"total":163,"covered":163,"skipped":0,"pct":100},"functions":{"total":81,"covered":81,"skipped":0,"pct":100},"statements":{"total":185,"covered":185,"skipped":0,"pct":100},"branches":{"total":60,"covered":60,"skipped":0,"pct":100}}
,"/Users/matthew.heard/Code/Matt/dadeto/src/toys/2025-04-16/colorPalette.js": {"lines":{"total":7,"covered":7,"skipped":0,"pct":100},"functions":{"total":3,"covered":3,"skipped":0,"pct":100},"statements":{"total":8,"covered":8,"skipped":0,"pct":100},"branches":{"total":2,"covered":2,"skipped":0,"pct":100}}
,"/Users/matthew.heard/Code/Matt/dadeto/src/toys/2025-05-08/battleshipSolitaireFleet.js": {"lines":{"total":144,"covered":144,"skipped":0,"pct":100},"functions":{"total":63,"covered":63,"skipped":0,"pct":100},"statements":{"total":168,"covered":168,"skipped":0,"pct":100},"branches":{"total":62,"covered":62,"skipped":0,"pct":100}}
,"/Users/matthew.heard/Code/Matt/dadeto/src/toys/2025-05-11/battleshipSolitaireClues.js": {"lines":{"total":31,"covered":31,"skipped":0,"pct":100},"functions":{"total":11,"covered":11,"skipped":0,"pct":100},"statements":{"total":35,"covered":35,"skipped":0,"pct":100},"branches":{"total":17,"covered":17,"skipped":0,"pct":100}}
,"/Users/matthew.heard/Code/Matt/dadeto/src/toys/2025-05-13/base64Encoder.js": {"lines":{"total":2,"covered":2,"skipped":0,"pct":100},"functions":{"total":1,"covered":1,"skipped":0,"pct":100},"statements":{"total":2,"covered":2,"skipped":0,"pct":100},"branches":{"total":0,"covered":0,"skipped":0,"pct":100}}
,"/Users/matthew.heard/Code/Matt/dadeto/src/toys/2025-05-15/stringToJsonArray.js": {"lines":{"total":6,"covered":6,"skipped":0,"pct":100},"functions":{"total":2,"covered":2,"skipped":0,"pct":100},"statements":{"total":6,"covered":6,"skipped":0,"pct":100},"branches":{"total":0,"covered":0,"skipped":0,"pct":100}}
,"/Users/matthew.heard/Code/Matt/dadeto/src/utils/index.js": {"lines":{"total":0,"covered":0,"skipped":0,"pct":100},"functions":{"total":0,"covered":0,"skipped":0,"pct":100},"statements":{"total":0,"covered":0,"skipped":0,"pct":100},"branches":{"total":0,"covered":0,"skipped":0,"pct":100}}
,"/Users/matthew.heard/Code/Matt/dadeto/src/utils/objectUtils.js": {"lines":{"total":9,"covered":9,"skipped":0,"pct":100},"functions":{"total":4,"covered":4,"skipped":0,"pct":100},"statements":{"total":11,"covered":11,"skipped":0,"pct":100},"branches":{"total":10,"covered":10,"skipped":0,"pct":100}}
,"/Users/matthew.heard/Code/Matt/dadeto/src/utils/regexUtils.js": {"lines":{"total":7,"covered":7,"skipped":0,"pct":100},"functions":{"total":3,"covered":3,"skipped":0,"pct":100},"statements":{"total":8,"covered":8,"skipped":0,"pct":100},"branches":{"total":7,"covered":7,"skipped":0,"pct":100}}
,"/Users/matthew.heard/Code/Matt/dadeto/src/utils/stringUtils.js": {"lines":{"total":3,"covered":3,"skipped":0,"pct":100},"functions":{"total":3,"covered":3,"skipped":0,"pct":100},"statements":{"total":3,"covered":3,"skipped":0,"pct":100},"branches":{"total":6,"covered":6,"skipped":0,"pct":100}}
,"/Users/matthew.heard/Code/Matt/dadeto/src/utils/validation.js": {"lines":{"total":7,"covered":7,"skipped":0,"pct":100},"functions":{"total":3,"covered":3,"skipped":0,"pct":100},"statements":{"total":8,"covered":8,"skipped":0,"pct":100},"branches":{"total":8,"covered":8,"skipped":0,"pct":100}}
}
