TN:
SF:src/browser/audio-controls.js
FN:1,(anonymous_0)
FN:2,(anonymous_1)
FN:8,(anonymous_2)
FN:9,(anonymous_3)
FN:15,(anonymous_4)
FN:16,(anonymous_5)
FN:25,(anonymous_6)
FN:26,(anonymous_7)
FN:33,setupAudio
FN:37,(anonymous_9)
FNF:10
FNH:10
FNDA:18,(anonymous_0)
FNDA:2,(anonymous_1)
FNDA:18,(anonymous_2)
FNDA:2,(anonymous_3)
FNDA:19,(anonymous_4)
FNDA:3,(anonymous_5)
FNDA:19,(anonymous_6)
FNDA:3,(anonymous_7)
FNDA:16,setupAudio
FNDA:16,(anonymous_9)
DA:1,1
DA:2,18
DA:3,2
DA:4,2
DA:8,1
DA:9,18
DA:10,2
DA:11,2
DA:15,1
DA:16,19
DA:17,3
DA:18,3
DA:19,3
DA:25,1
DA:26,19
DA:27,3
DA:28,3
DA:29,3
DA:36,16
DA:37,16
DA:38,16
DA:39,16
DA:40,15
DA:43,16
DA:44,16
DA:45,16
DA:47,16
DA:48,16
DA:49,16
DA:51,16
DA:52,16
DA:53,16
DA:54,16
DA:55,16
DA:57,16
DA:59,16
DA:60,16
DA:61,16
DA:62,16
DA:64,16
DA:65,16
DA:66,16
DA:67,16
DA:68,16
DA:70,16
DA:71,16
DA:73,16
DA:74,16
DA:75,16
DA:76,16
DA:77,16
DA:78,16
DA:79,16
DA:81,16
LF:54
LH:54
BRDA:39,0,0,15
BRDA:39,0,1,1
BRF:2
BRH:2
end_of_record
TN:
SF:src/browser/beta.js
FN:1,revealBetaArticles
FN:4,(anonymous_1)
FNF:2
FNH:2
FNDA:2,revealBetaArticles
FNDA:2,(anonymous_1)
DA:2,2
DA:3,1
DA:4,1
DA:5,2
DA:6,2
LF:5
LH:5
BRDA:2,0,0,1
BRDA:2,0,1,1
BRF:2
BRH:2
end_of_record
TN:
SF:src/browser/common.js
FN:8,isNonNullNonArray
FN:12,isObject
FNF:2
FNH:2
FNDA:164,isNonNullNonArray
FNDA:164,isObject
DA:9,164
DA:13,164
LF:2
LH:2
BRDA:9,0,0,164
BRDA:9,0,1,142
BRDA:13,1,0,164
BRDA:13,1,1,139
BRF:4
BRH:4
end_of_record
TN:
SF:src/browser/data.js
FN:10,getBlogState
FN:19,isFetchInProgress
FN:30,shouldUseExistingFetch
FN:46,getEncodeBase64
FN:47,(anonymous_4)
FN:48,(anonymous_5)
FN:51,(anonymous_6)
FN:62,fetchAndCacheBlogData
FN:76,(anonymous_8)
FN:82,(anonymous_9)
FN:87,(anonymous_10)
FN:92,(anonymous_11)
FN:104,(anonymous_12)
FN:116,bothAreNotArrays
FN:120,bothAreNonNullObjects
FN:124,shouldDeepMerge
FN:131,deepMerge
FN:133,(anonymous_17)
FN:146,stripInternalFields
FN:152,restoreBlogState
FN:164,shouldCopyStateForFetch
FN:173,hasTemporaryProperty
FN:177,isNonNullObject
FN:181,isInvalidState
FN:185,validateIncomingState
FN:194,isIdleStatus
FN:198,tryFetchingBlog
FN:204,maybeLogFetchError
FN:211,handleBlogFetchState
FN:212,(anonymous_29)
FN:223,shouldDeepCopyForFetch
FN:232,getRelevantStateCopy
FN:249,(anonymous_32)
FN:265,(anonymous_33)
FNF:34
FNH:34
FNDA:47,getBlogState
FNDA:22,isFetchInProgress
FNDA:5,shouldUseExistingFetch
FNDA:1,getEncodeBase64
FNDA:1,(anonymous_4)
FNDA:1,(anonymous_5)
FNDA:1,(anonymous_6)
FNDA:17,fetchAndCacheBlogData
FNDA:12,(anonymous_8)
FNDA:9,(anonymous_9)
FNDA:7,(anonymous_10)
FNDA:16,(anonymous_11)
FNDA:2,(anonymous_12)
FNDA:3,bothAreNotArrays
FNDA:19,bothAreNonNullObjects
FNDA:19,shouldDeepMerge
FNDA:18,deepMerge
FNDA:19,(anonymous_17)
FNDA:10,stripInternalFields
FNDA:5,restoreBlogState
FNDA:11,shouldCopyStateForFetch
FNDA:10,hasTemporaryProperty
FNDA:35,isNonNullObject
FNDA:12,isInvalidState
FNDA:12,validateIncomingState
FNDA:10,isIdleStatus
FNDA:10,tryFetchingBlog
FNDA:10,maybeLogFetchError
FNDA:10,handleBlogFetchState
FNDA:3,(anonymous_29)
FNDA:10,shouldDeepCopyForFetch
FNDA:10,getRelevantStateCopy
FNDA:10,(anonymous_32)
FNDA:12,(anonymous_33)
DA:1,158
DA:3,158
DA:11,47
DA:20,22
DA:21,22
DA:31,5
DA:32,2
DA:33,2
DA:35,3
DA:47,1
DA:48,1
DA:49,1
DA:51,1
DA:63,17
DA:66,17
DA:67,1
DA:68,1
DA:71,16
DA:72,16
DA:73,16
DA:75,16
DA:77,12
DA:78,3
DA:80,9
DA:83,9
DA:84,9
DA:85,9
DA:88,7
DA:89,7
DA:90,7
DA:93,16
DA:96,16
DA:104,158
DA:105,2
DA:117,3
DA:121,19
DA:125,19
DA:132,18
DA:133,18
DA:134,19
DA:135,19
DA:136,19
DA:137,1
DA:139,18
DA:142,18
DA:143,18
DA:147,10
DA:148,30
DA:153,5
DA:154,5
DA:155,5
DA:156,5
DA:165,11
DA:174,10
DA:178,35
DA:182,12
DA:186,12
DA:187,7
DA:188,7
DA:195,10
DA:199,10
DA:200,3
DA:205,10
DA:206,10
DA:207,1
DA:212,10
DA:213,10
DA:214,10
DA:215,10
DA:224,10
DA:233,10
DA:234,10
DA:235,4
DA:237,6
DA:249,158
DA:250,10
DA:251,10
DA:252,10
DA:253,10
DA:265,158
DA:266,12
DA:267,12
DA:269,12
DA:270,5
DA:271,5
DA:272,5
LF:86
LH:86
BRDA:21,0,0,22
BRDA:21,0,1,4
BRDA:31,1,0,2
BRDA:31,1,1,3
BRDA:66,2,0,1
BRDA:66,2,1,16
BRDA:77,3,0,3
BRDA:77,3,1,9
BRDA:117,4,0,3
BRDA:117,4,1,1
BRDA:121,5,0,19
BRDA:121,5,1,4
BRDA:126,6,0,19
BRDA:126,6,1,3
BRDA:136,7,0,1
BRDA:136,7,1,18
BRDA:165,8,0,11
BRDA:165,8,1,9
BRDA:178,9,0,35
BRDA:178,9,1,18
BRDA:182,10,0,12
BRDA:182,10,1,10
BRDA:186,11,0,7
BRDA:186,11,1,5
BRDA:199,12,0,3
BRDA:199,12,1,7
BRDA:206,13,0,1
BRDA:206,13,1,9
BRDA:224,14,0,10
BRDA:224,14,1,7
BRDA:234,15,0,4
BRDA:234,15,1,6
BRF:32
BRH:32
end_of_record
TN:
SF:src/browser/setOutput.js
FN:4,setOutput
FN:14,processSetOutput
FN:21,handleValidOutputInput
FN:32,mergeOutputData
FNF:4
FNH:4
FNDA:36,setOutput
FNDA:35,processSetOutput
FNDA:34,handleValidOutputInput
FNDA:26,mergeOutputData
DA:6,36
DA:7,36
DA:9,1
DA:11,35
DA:15,35
DA:16,1
DA:18,34
DA:23,34
DA:24,26
DA:25,26
DA:26,26
DA:28,13
DA:33,26
DA:34,14
DA:35,13
DA:36,3
DA:38,13
DA:39,13
DA:40,13
LF:19
LH:19
BRDA:15,0,0,1
BRDA:15,0,1,34
BRDA:35,1,0,3
BRDA:35,1,1,10
BRF:4
BRH:4
end_of_record
TN:
SF:src/browser/tags.js
FN:1,startsWith
FN:5,hideIfHasClass
FN:21,(anonymous_2)
FN:21,(anonymous_3)
FN:36,(anonymous_4)
FN:36,(anonymous_5)
FN:45,(anonymous_6)
FN:55,makeHandleHideClick
FN:56,(anonymous_8)
FN:67,makeHandleHideSpan
FN:68,createHideSpan
FN:85,hideArticlesByClass
FN:98,toggleHideLink
FN:115,(anonymous_13)
FN:115,(anonymous_14)
FNF:15
FNH:15
FNDA:5,startsWith
FNDA:4,hideIfHasClass
FNDA:6,(anonymous_2)
FNDA:5,(anonymous_3)
FNDA:2,(anonymous_4)
FNDA:3,(anonymous_5)
FNDA:1,(anonymous_6)
FNDA:2,makeHandleHideClick
FNDA:1,(anonymous_8)
FNDA:5,makeHandleHideSpan
FNDA:1,createHideSpan
FNDA:4,hideArticlesByClass
FNDA:4,toggleHideLink
FNDA:5,(anonymous_13)
FNDA:2,(anonymous_14)
DA:2,5
DA:6,4
DA:7,2
DA:21,6
DA:22,5
DA:23,4
DA:24,4
DA:25,4
DA:26,4
DA:27,4
DA:36,4
DA:37,3
DA:38,3
DA:45,4
DA:46,1
DA:47,1
DA:56,2
DA:57,1
DA:58,1
DA:68,5
DA:69,1
DA:70,1
DA:71,1
DA:73,1
DA:74,1
DA:76,1
DA:77,1
DA:79,1
DA:80,1
DA:81,1
DA:86,4
DA:87,4
DA:88,4
DA:100,4
DA:102,3
DA:104,1
DA:115,5
DA:116,2
DA:117,2
LF:39
LH:39
BRDA:6,0,0,2
BRDA:6,0,1,2
BRDA:22,1,0,4
BRDA:22,1,1,1
BRDA:100,2,0,3
BRDA:100,2,1,1
BRF:6
BRH:6
end_of_record
TN:
SF:src/browser/toys.js
FN:15,(anonymous_0)
FN:31,(anonymous_1)
FN:55,(anonymous_2)
FN:56,(anonymous_3)
FN:68,(anonymous_4)
FN:68,(anonymous_5)
FN:84,(anonymous_6)
FN:96,(anonymous_7)
FN:96,(anonymous_8)
FN:116,(anonymous_9)
FN:117,(anonymous_10)
FN:136,(anonymous_11)
FN:148,getComponentInitializer
FN:153,(anonymous_13)
FN:176,getDropdownArticle
FN:180,getDropdownPostId
FN:185,handleDropdownChange
FN:207,(anonymous_17)
FN:207,(anonymous_18)
FN:219,setTextContent
FN:240,handleModuleError
FN:241,(anonymous_21)
FN:262,getModuleInitializer
FN:265,(anonymous_23)
FN:268,makeProcessingFunction
FN:269,(anonymous_25)
FN:274,makeInteractiveInitializer
FN:275,(anonymous_27)
FN:280,runModuleInitializer
FN:285,importModuleForIntersection
FN:312,handleIntersectingEntry
FN:325,getEntryHandler
FN:327,(anonymous_32)
FN:327,(anonymous_33)
FN:340,makeModuleConfig
FN:352,makeObserverCallback
FN:360,(anonymous_36)
FN:361,(anonymous_37)
FN:363,(anonymous_38)
FN:377,makeCreateIntersectionObserver
FN:378,(anonymous_40)
FN:399,enableInteractiveControls
FN:408,getText
FN:412,makeDisplayBody
FN:413,(anonymous_44)
FN:418,getFetchErrorHandler
FN:420,(anonymous_46)
FN:431,handleRequestResponse
FN:448,(anonymous_48)
FN:465,(anonymous_49)
FN:477,(anonymous_50)
FN:498,(anonymous_51)
FN:498,(anonymous_52)
FN:503,hasRequestField
FN:507,hasStringUrl
FN:520,createKeyInputHandler
FN:527,(anonymous_56)
FN:558,createValueInputHandler
FN:565,(anonymous_58)
FN:582,(anonymous_59)
FN:605,(anonymous_60)
FN:623,(anonymous_61)
FN:657,(anonymous_62)
FN:658,(anonymous_63)
FN:674,(anonymous_64)
FN:674,(anonymous_65)
FN:688,(anonymous_66)
FN:705,(anonymous_67)
FN:747,(anonymous_68)
FN:757,(anonymous_69)
FN:796,(anonymous_70)
FN:816,(anonymous_71)
FN:816,(anonymous_72)
FN:826,(anonymous_73)
FN:826,(anonymous_74)
FN:836,(anonymous_75)
FN:836,(anonymous_76)
FN:841,isValidParsedRequest
FN:842,(anonymous_78)
FN:845,handleParsedResult
FN:858,parseJSONResult
FN:886,createHandleInputError
FN:890,(anonymous_82)
FN:901,processInputAndSetOutput
FN:921,handleInputProcessing
FN:932,(anonymous_85)
FN:932,(anonymous_86)
FN:949,disableInputAndButton
FN:961,initializeInteractiveComponent
FN:1043,createHandleKeyPress
FN:1044,(anonymous_90)
FN:1058,initializeVisibleComponents
FN:1086,(anonymous_92)
FN:1114,(anonymous_93)
FN:1125,(anonymous_94)
FN:1154,(anonymous_95)
FN:1201,(anonymous_96)
FN:1206,(anonymous_97)
FN:1210,(anonymous_98)
FN:1219,(anonymous_99)
FN:1229,(anonymous_100)
FNF:101
FNH:100
FNDA:16,(anonymous_0)
FNDA:21,(anonymous_1)
FNDA:26,(anonymous_2)
FNDA:13,(anonymous_3)
FNDA:17,(anonymous_4)
FNDA:10,(anonymous_5)
FNDA:14,(anonymous_6)
FNDA:25,(anonymous_7)
FNDA:23,(anonymous_8)
FNDA:23,(anonymous_9)
FNDA:33,(anonymous_10)
FNDA:14,(anonymous_11)
FNDA:3,getComponentInitializer
FNDA:3,(anonymous_13)
FNDA:19,getDropdownArticle
FNDA:19,getDropdownPostId
FNDA:19,handleDropdownChange
FNDA:20,(anonymous_17)
FNDA:16,(anonymous_18)
FNDA:107,setTextContent
FNDA:23,handleModuleError
FNDA:2,(anonymous_21)
FNDA:27,getModuleInitializer
FNDA:9,(anonymous_23)
FNDA:27,makeProcessingFunction
FNDA:9,(anonymous_25)
FNDA:27,makeInteractiveInitializer
FNDA:9,(anonymous_27)
FNDA:9,runModuleInitializer
FNDA:22,importModuleForIntersection
FNDA:22,handleIntersectingEntry
FNDA:27,getEntryHandler
FNDA:24,(anonymous_32)
FNDA:24,(anonymous_33)
FNDA:28,makeModuleConfig
FNDA:27,makeObserverCallback
FNDA:0,(anonymous_36)
FNDA:24,(anonymous_37)
FNDA:24,(anonymous_38)
FNDA:14,makeCreateIntersectionObserver
FNDA:12,(anonymous_40)
FNDA:24,enableInteractiveControls
FNDA:11,getText
FNDA:11,makeDisplayBody
FNDA:9,(anonymous_44)
FNDA:10,getFetchErrorHandler
FNDA:4,(anonymous_46)
FNDA:8,handleRequestResponse
FNDA:14,(anonymous_48)
FNDA:5,(anonymous_49)
FNDA:11,(anonymous_50)
FNDA:18,(anonymous_51)
FNDA:12,(anonymous_52)
FNDA:15,hasRequestField
FNDA:12,hasStringUrl
FNDA:38,createKeyInputHandler
FNDA:6,(anonymous_56)
FNDA:42,createValueInputHandler
FNDA:6,(anonymous_58)
FNDA:30,(anonymous_59)
FNDA:7,(anonymous_60)
FNDA:37,(anonymous_61)
FNDA:37,(anonymous_62)
FNDA:9,(anonymous_63)
FNDA:57,(anonymous_64)
FNDA:16,(anonymous_65)
FNDA:33,(anonymous_66)
FNDA:32,(anonymous_67)
FNDA:29,(anonymous_68)
FNDA:27,(anonymous_69)
FNDA:27,(anonymous_70)
FNDA:32,(anonymous_71)
FNDA:17,(anonymous_72)
FNDA:51,(anonymous_73)
FNDA:18,(anonymous_74)
FNDA:33,(anonymous_75)
FNDA:18,(anonymous_76)
FNDA:46,isValidParsedRequest
FNDA:73,(anonymous_78)
FNDA:30,handleParsedResult
FNDA:28,parseJSONResult
FNDA:24,createHandleInputError
FNDA:11,(anonymous_82)
FNDA:33,processInputAndSetOutput
FNDA:24,handleInputProcessing
FNDA:36,(anonymous_85)
FNDA:24,(anonymous_86)
FNDA:21,disableInputAndButton
FNDA:26,initializeInteractiveComponent
FNDA:21,createHandleKeyPress
FNDA:6,(anonymous_90)
FNDA:3,initializeVisibleComponents
FNDA:14,(anonymous_92)
FNDA:12,(anonymous_93)
FNDA:12,(anonymous_94)
FNDA:9,(anonymous_95)
FNDA:3,(anonymous_96)
FNDA:3,(anonymous_97)
FNDA:1,(anonymous_98)
FNDA:1,(anonymous_99)
FNDA:16,(anonymous_100)
DA:15,146
DA:16,16
DA:19,16
DA:20,5
DA:23,11
DA:24,35
DA:25,24
DA:28,11
DA:31,146
DA:32,21
DA:33,21
DA:34,17
DA:36,4
DA:37,13
DA:38,9
DA:40,4
DA:42,4
DA:55,146
DA:56,26
DA:57,26
DA:68,146
DA:69,10
DA:70,10
DA:71,10
DA:84,146
DA:85,14
DA:86,14
DA:87,14
DA:96,146
DA:97,23
DA:108,146
DA:116,146
DA:117,23
DA:118,33
DA:119,33
DA:120,33
DA:121,33
DA:124,33
DA:125,33
DA:136,146
DA:137,14
DA:138,14
DA:153,3
DA:154,3
DA:155,3
DA:156,1
DA:159,1
DA:161,2
DA:166,2
DA:177,19
DA:181,19
DA:182,19
DA:186,19
DA:187,19
DA:188,19
DA:189,19
DA:191,19
DA:192,19
DA:207,146
DA:208,16
DA:211,146
DA:220,107
DA:221,107
DA:222,107
DA:223,107
DA:224,107
DA:241,23
DA:242,2
DA:263,27
DA:264,27
DA:265,27
DA:269,27
DA:270,9
DA:275,27
DA:276,9
DA:281,9
DA:282,9
DA:286,22
DA:287,22
DA:288,22
DA:313,22
DA:314,22
DA:315,22
DA:321,22
DA:322,22
DA:326,27
DA:327,27
DA:328,24
DA:329,22
DA:341,28
DA:353,27
DA:354,27
DA:358,27
DA:360,27
DA:361,27
DA:362,24
DA:363,24
DA:364,24
DA:365,24
DA:378,14
DA:379,12
DA:380,12
DA:381,12
DA:400,24
DA:401,24
DA:402,24
DA:403,24
DA:404,24
DA:405,24
DA:409,11
DA:413,11
DA:414,9
DA:419,10
DA:420,10
DA:421,4
DA:422,4
DA:427,4
DA:432,8
DA:433,8
DA:434,8
DA:435,8
DA:436,8
DA:448,146
DA:449,14
DA:450,14
DA:451,11
DA:453,14
DA:454,14
DA:465,146
DA:466,5
DA:467,5
DA:477,146
DA:478,11
DA:480,11
DA:481,5
DA:486,5
DA:489,11
DA:498,146
DA:499,12
DA:500,12
DA:504,15
DA:508,12
DA:527,38
DA:528,6
DA:529,6
DA:532,6
DA:533,3
DA:534,3
DA:538,3
DA:539,1
DA:540,1
DA:541,1
DA:545,3
DA:565,42
DA:566,6
DA:567,6
DA:568,6
DA:582,146
DA:590,30
DA:591,30
DA:592,30
DA:593,30
DA:595,30
DA:597,30
DA:604,30
DA:605,30
DA:606,7
DA:607,30
DA:609,30
DA:623,146
DA:632,37
DA:633,37
DA:634,37
DA:635,37
DA:637,37
DA:644,37
DA:645,37
DA:646,37
DA:648,37
DA:657,146
DA:658,37
DA:660,9
DA:661,5
DA:662,5
DA:674,146
DA:675,16
DA:676,16
DA:677,16
DA:688,146
DA:689,33
DA:690,33
DA:691,33
DA:692,33
DA:693,33
DA:705,146
DA:713,32
DA:714,32
DA:715,32
DA:716,32
DA:721,32
DA:747,146
DA:757,29
DA:758,27
DA:759,27
DA:762,27
DA:770,27
DA:781,27
DA:790,27
DA:791,27
DA:792,27
DA:793,27
DA:796,146
DA:797,27
DA:798,27
DA:800,27
DA:801,14
DA:803,13
DA:806,27
DA:816,146
DA:817,17
DA:826,146
DA:827,18
DA:836,146
DA:837,18
DA:839,146
DA:842,73
DA:846,30
DA:847,30
DA:848,4
DA:850,30
DA:859,28
DA:860,28
DA:862,22
DA:887,24
DA:888,24
DA:889,24
DA:890,24
DA:891,11
DA:892,11
DA:897,11
DA:907,33
DA:908,33
DA:909,33
DA:910,33
DA:911,33
DA:913,30
DA:914,22
DA:915,22
DA:916,22
DA:917,19
DA:922,24
DA:923,24
DA:924,24
DA:925,24
DA:927,11
DA:932,146
DA:933,24
DA:934,24
DA:935,24
DA:950,21
DA:951,21
DA:966,26
DA:967,26
DA:968,26
DA:969,26
DA:971,26
DA:972,26
DA:973,26
DA:974,5
DA:978,5
DA:981,21
DA:982,21
DA:983,21
DA:984,21
DA:987,21
DA:989,21
DA:991,21
DA:998,21
DA:1007,21
DA:1021,21
DA:1024,21
DA:1031,21
DA:1044,21
DA:1045,6
DA:1046,4
DA:1059,3
DA:1060,3
DA:1061,1
DA:1062,1
DA:1064,2
DA:1065,2
DA:1066,2
DA:1071,2
DA:1076,2
DA:1086,146
DA:1088,14
DA:1089,14
DA:1090,29
DA:1091,18
DA:1094,14
DA:1114,146
DA:1125,12
DA:1126,12
DA:1127,12
DA:1130,12
DA:1131,10
DA:1134,12
DA:1135,12
DA:1148,12
DA:1151,12
DA:1154,146
DA:1155,9
DA:1156,9
DA:1157,6
DA:1158,6
DA:1159,6
DA:1160,6
DA:1166,9
DA:1167,9
DA:1170,9
DA:1180,9
DA:1183,9
DA:1184,9
DA:1186,9
DA:1201,146
DA:1206,3
DA:1207,3
DA:1210,3
DA:1211,1
DA:1212,1
DA:1216,3
DA:1219,3
DA:1220,1
DA:1221,1
DA:1229,146
DA:1230,16
LF:336
LH:336
BRDA:19,0,0,5
BRDA:19,0,1,11
BRDA:24,1,0,24
BRDA:24,1,1,11
BRDA:24,2,0,35
BRDA:24,2,1,30
BRDA:24,2,2,28
BRDA:25,3,0,24
BRDA:25,3,1,4
BRDA:33,4,0,21
BRDA:33,4,1,4
BRDA:34,5,0,4
BRDA:34,5,1,13
BRDA:37,6,0,9
BRDA:37,6,1,4
BRDA:37,7,0,13
BRDA:37,7,1,12
BRDA:124,8,0,33
BRDA:124,8,1,10
BRDA:155,9,0,1
BRDA:155,9,1,2
BRDA:193,10,0,19
BRDA:193,10,1,11
BRDA:328,11,0,22
BRDA:328,11,1,2
BRDA:360,12,0,27
BRDA:360,12,1,27
BRDA:360,12,2,0
BRDA:450,13,0,11
BRDA:450,13,1,3
BRDA:480,14,0,5
BRDA:480,14,1,6
BRDA:508,15,0,12
BRDA:508,15,1,11
BRDA:532,16,0,3
BRDA:532,16,1,3
BRDA:538,17,0,1
BRDA:538,17,1,2
BRDA:538,18,0,3
BRDA:538,18,1,2
BRDA:660,19,0,5
BRDA:660,19,1,4
BRDA:800,20,0,14
BRDA:800,20,1,13
BRDA:847,21,0,4
BRDA:847,21,1,26
BRDA:916,22,0,19
BRDA:916,22,1,3
BRDA:973,23,0,5
BRDA:973,23,1,21
BRDA:973,24,0,26
BRDA:973,24,1,23
BRDA:1045,25,0,4
BRDA:1045,25,1,2
BRDA:1060,26,0,1
BRDA:1060,26,1,2
BRDA:1090,27,0,18
BRDA:1090,27,1,11
BRDA:1090,28,0,29
BRDA:1090,28,1,12
BRDA:1130,29,0,10
BRDA:1130,29,1,2
BRDA:1156,30,0,6
BRDA:1156,30,1,3
BRF:64
BRH:63
end_of_record
TN:
SF:src/constants/markdown.js
FN:4,markdownMarkers
FN:28,htmlTags
FN:51,cssClasses
FN:70,defaultOptions
FNF:4
FNH:4
FNDA:3,markdownMarkers
FNDA:3,htmlTags
FNDA:3,cssClasses
FNDA:3,defaultOptions
DA:5,3
DA:29,3
DA:52,3
DA:71,3
LF:4
LH:4
BRF:0
BRH:0
end_of_record
TN:
SF:src/generator/full-width.js
FN:1,fullWidthElement
FNF:1
FNH:1
FNDA:130,fullWidthElement
DA:2,130
LF:1
LH:1
BRF:0
BRH:0
end_of_record
TN:
SF:src/generator/generator.js
FN:13,createParagraphs
FN:15,(anonymous_1)
FN:21,createBlockquote
FN:53,createDiv
FN:65,getKeyClass
FN:72,buildLabeledSectionPair
FN:77,defaultWrapValueDiv
FN:84,defaultKeyExtraClasses
FN:91,applyLabeledSectionDefaults
FN:95,prepareLabeledSectionArgs
FN:103,createLabeledSection
FN:108,labeledSectionValuePart
FN:120,joinClasses
FN:130,createValueDiv
FN:142,createPair
FN:151,createDateFromString
FN:160,formatDateWithOptions
FN:169,formatDate
FN:185,createHeaderContent
FN:190,(anonymous_19)
FN:205,createSection
FN:213,createHeaderSection
FN:226,createFooterContent
FN:240,createFooterSection
FN:250,createContainerDivOpen
FN:258,createHeaderContentArray
FN:271,createPageHeader
FN:280,createContainerDivClose
FN:287,createBodyClose
FN:294,createFooterContentArray
FN:307,createPageFooter
FN:316,convertPostToArticleHTML
FN:323,formatArticleHTML
FN:330,processPostsToHTML
FN:337,generateArticles
FN:344,createIdAttributeIfNeeded
FN:348,getTagClassList
FN:350,(anonymous_37)
FN:356,createArticleClassAttr
FN:365,createArticleAttributes
FN:374,formatArticleContent
FN:381,generateArticle
FN:391,getContentArray
FN:398,isFirstContentItem
FN:405,createContentItemWithIndex
FN:434,(anonymous_45)
FN:435,(anonymous_46)
FN:437,(anonymous_47)
FN:437,(anonymous_48)
FN:451,getContentNormalizer
FN:452,(anonymous_50)
FN:461,normalizeContentItem
FN:470,getContentRenderer
FN:479,renderValueDiv
FN:485,renderAsParagraph
FN:495,createContentSectionItem
FN:509,generateContentSections
FN:518,generateHeaderSection
FN:528,createTitleValue
FN:537,generateTitleSection
FN:549,generateDateSection
FN:563,hasTags
FN:572,generateTagsSection
FN:577,(anonymous_63)
FN:595,(anonymous_64)
FN:596,(anonymous_65)
FN:597,(anonymous_66)
FN:600,shouldDisplayMedia
FN:605,isNonEmptyArray
FN:614,hasRelatedLinks
FN:627,generateMediaContent
FN:635,createIllustrationImage
FN:646,createAudioSource
FN:654,createYouTubeIframe
FN:680,buildMediaContent
FN:691,buildMediaSection
FN:704,(anonymous_76)
FN:706,(anonymous_77)
FN:712,generateMediaSections
FN:713,(anonymous_79)
FN:725,escapeRelatedLinkFields
FN:728,(anonymous_81)
FN:740,prefixIfPresent
FN:748,formatTitleByType
FN:750,(anonymous_84)
FN:751,(anonymous_85)
FN:752,(anonymous_86)
FN:753,(anonymous_87)
FN:759,(anonymous_88)
FN:764,formatBaseLink
FN:769,wrapIfPresent
FN:775,createLinkParts
FN:784,composeLinkParts
FN:789,formatRelatedLink
FN:802,generateRelatedLinksSection
FN:807,(anonymous_95)
FN:818,allTruthy
FN:819,(anonymous_97)
FN:822,hasToy
FN:824,(anonymous_99)
FN:825,(anonymous_100)
FN:826,(anonymous_101)
FN:827,(anonymous_102)
FN:850,buildSelect
FN:852,(anonymous_104)
FN:861,getToyOutputSelectDropdown
FN:865,getToyOutputValueContent
FN:877,generateToyScript
FN:890,buildToyInputDropdown
FN:893,(anonymous_109)
FN:900,getToyUISections
FN:902,(anonymous_111)
FN:903,(anonymous_112)
FN:908,buildToySection
FN:917,generateToyUISection
FN:927,(anonymous_115)
FN:936,generateToyScriptSection
FN:948,getArticleSections
FN:968,generateArticleContent
FN:982,getBlogHtmlContent
FN:991,getArticles
FN:1002,assembleBlogHTML
FN:1007,generateBlog
FN:1013,(anonymous_123)
FN:1023,getBlogGenerationArgs
FN:1029,(anonymous_125)
FNF:126
FNH:126
FNDA:16,createParagraphs
FNDA:2,(anonymous_1)
FNDA:16,createBlockquote
FNDA:966,createDiv
FNDA:396,getKeyClass
FNDA:396,buildLabeledSectionPair
FNDA:396,defaultWrapValueDiv
FNDA:399,defaultKeyExtraClasses
FNDA:396,applyLabeledSectionDefaults
FNDA:396,prepareLabeledSectionArgs
FNDA:396,createLabeledSection
FNDA:396,labeledSectionValuePart
FNDA:471,joinClasses
FNDA:171,createValueDiv
FNDA:616,createPair
FNDA:124,createDateFromString
FNDA:124,formatDateWithOptions
FNDA:124,formatDate
FNDA:54,createHeaderContent
FNDA:108,(anonymous_19)
FNDA:108,createSection
FNDA:54,createHeaderSection
FNDA:54,createFooterContent
FNDA:54,createFooterSection
FNDA:54,createContainerDivOpen
FNDA:54,createHeaderContentArray
FNDA:54,createPageHeader
FNDA:54,createContainerDivClose
FNDA:54,createBodyClose
FNDA:54,createFooterContentArray
FNDA:54,createPageFooter
FNDA:124,convertPostToArticleHTML
FNDA:122,formatArticleHTML
FNDA:135,processPostsToHTML
FNDA:135,generateArticles
FNDA:122,createIdAttributeIfNeeded
FNDA:122,getTagClassList
FNDA:4,(anonymous_37)
FNDA:122,createArticleClassAttr
FNDA:122,createArticleAttributes
FNDA:122,formatArticleContent
FNDA:124,generateArticle
FNDA:124,getContentArray
FNDA:98,isFirstContentItem
FNDA:98,createContentItemWithIndex
FNDA:98,(anonymous_45)
FNDA:80,(anonymous_46)
FNDA:18,(anonymous_47)
FNDA:18,(anonymous_48)
FNDA:98,getContentNormalizer
FNDA:116,(anonymous_50)
FNDA:98,normalizeContentItem
FNDA:98,getContentRenderer
FNDA:98,renderValueDiv
FNDA:80,renderAsParagraph
FNDA:98,createContentSectionItem
FNDA:124,generateContentSections
FNDA:124,generateHeaderSection
FNDA:124,createTitleValue
FNDA:124,generateTitleSection
FNDA:124,generateDateSection
FNDA:246,hasTags
FNDA:124,generateTagsSection
FNDA:4,(anonymous_63)
FNDA:124,(anonymous_64)
FNDA:124,(anonymous_65)
FNDA:124,(anonymous_66)
FNDA:372,shouldDisplayMedia
FNDA:24,isNonEmptyArray
FNDA:122,hasRelatedLinks
FNDA:45,generateMediaContent
FNDA:13,createIllustrationImage
FNDA:20,createAudioSource
FNDA:12,createYouTubeIframe
FNDA:45,buildMediaContent
FNDA:372,buildMediaSection
FNDA:264,(anonymous_76)
FNDA:372,(anonymous_77)
FNDA:124,generateMediaSections
FNDA:372,(anonymous_79)
FNDA:26,escapeRelatedLinkFields
FNDA:130,(anonymous_81)
FNDA:52,prefixIfPresent
FNDA:26,formatTitleByType
FNDA:3,(anonymous_84)
FNDA:1,(anonymous_85)
FNDA:18,(anonymous_86)
FNDA:1,(anonymous_87)
FNDA:3,(anonymous_88)
FNDA:26,formatBaseLink
FNDA:26,wrapIfPresent
FNDA:26,createLinkParts
FNDA:26,composeLinkParts
FNDA:26,formatRelatedLink
FNDA:122,generateRelatedLinksSection
FNDA:26,(anonymous_95)
FNDA:244,allTruthy
FNDA:548,(anonymous_97)
FNDA:244,hasToy
FNDA:244,(anonymous_99)
FNDA:244,(anonymous_100)
FNDA:30,(anonymous_101)
FNDA:30,(anonymous_102)
FNDA:15,buildSelect
FNDA:75,(anonymous_104)
FNDA:15,getToyOutputSelectDropdown
FNDA:15,getToyOutputValueContent
FNDA:15,generateToyScript
FNDA:15,buildToyInputDropdown
FNDA:60,(anonymous_109)
FNDA:15,getToyUISections
FNDA:15,(anonymous_111)
FNDA:15,(anonymous_112)
FNDA:45,buildToySection
FNDA:122,generateToyUISection
FNDA:45,(anonymous_115)
FNDA:122,generateToyScriptSection
FNDA:124,getArticleSections
FNDA:124,generateArticleContent
FNDA:133,getBlogHtmlContent
FNDA:135,getArticles
FNDA:135,assembleBlogHTML
FNDA:135,generateBlog
FNDA:54,(anonymous_123)
FNDA:54,getBlogGenerationArgs
FNDA:40,(anonymous_125)
DA:14,16
DA:15,2
DA:17,15
DA:22,16
DA:25,88
DA:36,88
DA:37,88
DA:38,88
DA:39,88
DA:40,88
DA:45,88
DA:54,966
DA:55,966
DA:66,396
DA:67,45
DA:69,351
DA:73,396
DA:74,396
DA:78,396
DA:79,63
DA:81,396
DA:85,399
DA:86,353
DA:88,399
DA:92,396
DA:97,396
DA:98,396
DA:99,396
DA:100,396
DA:104,396
DA:105,396
DA:109,396
DA:110,63
DA:112,333
DA:121,471
DA:131,171
DA:132,171
DA:133,171
DA:143,616
DA:152,124
DA:161,124
DA:170,124
DA:171,124
DA:176,88
DA:186,54
DA:190,54
DA:191,108
DA:197,54
DA:206,108
DA:214,54
DA:215,54
DA:220,88
DA:227,54
DA:228,54
DA:229,54
DA:241,54
DA:242,54
DA:251,54
DA:252,54
DA:259,54
DA:272,54
DA:273,54
DA:274,54
DA:281,54
DA:288,54
DA:295,54
DA:308,54
DA:309,54
DA:310,54
DA:317,124
DA:324,122
DA:331,135
DA:338,135
DA:345,122
DA:349,122
DA:350,4
DA:352,120
DA:357,122
DA:358,122
DA:359,1
DA:361,122
DA:362,122
DA:366,122
DA:367,122
DA:368,122
DA:375,122
DA:382,124
DA:383,122
DA:384,122
DA:385,122
DA:392,124
DA:399,98
DA:406,98
DA:407,98
DA:432,88
DA:434,98
DA:435,80
DA:437,18
DA:440,88
DA:452,116
DA:453,98
DA:462,98
DA:471,98
DA:480,98
DA:481,98
DA:482,98
DA:486,80
DA:496,98
DA:497,98
DA:498,98
DA:499,78
DA:501,98
DA:502,98
DA:503,96
DA:510,124
DA:511,124
DA:512,122
DA:519,124
DA:520,124
DA:521,124
DA:522,124
DA:529,124
DA:530,124
DA:531,124
DA:538,124
DA:539,124
DA:540,124
DA:541,124
DA:550,124
DA:551,124
DA:564,246
DA:573,124
DA:574,122
DA:576,2
DA:578,4
DA:579,4
DA:582,2
DA:583,2
DA:594,88
DA:595,124
DA:596,124
DA:597,124
DA:601,372
DA:602,372
DA:606,24
DA:615,122
DA:628,45
DA:637,13
DA:638,13
DA:639,13
DA:640,13
DA:647,20
DA:648,20
DA:655,12
DA:656,12
DA:657,12
DA:658,12
DA:666,88
DA:673,88
DA:681,45
DA:682,45
DA:683,45
DA:684,45
DA:685,20
DA:687,45
DA:692,372
DA:693,327
DA:695,45
DA:703,88
DA:704,264
DA:706,372
DA:713,124
DA:714,372
DA:716,124
DA:724,88
DA:726,26
DA:727,26
DA:729,130
DA:730,77
DA:732,53
DA:734,130
DA:741,52
DA:742,24
DA:744,28
DA:749,26
DA:750,3
DA:751,1
DA:752,18
DA:753,1
DA:756,26
DA:757,23
DA:759,3
DA:761,26
DA:765,26
DA:766,26
DA:770,26
DA:771,4
DA:776,26
DA:785,26
DA:786,26
DA:791,26
DA:792,26
DA:793,26
DA:794,26
DA:803,122
DA:804,104
DA:806,18
DA:807,26
DA:809,18
DA:810,18
DA:819,548
DA:823,244
DA:824,244
DA:825,244
DA:826,30
DA:827,30
DA:838,88
DA:851,15
DA:852,75
DA:854,15
DA:862,15
DA:866,15
DA:867,15
DA:868,15
DA:869,15
DA:878,15
DA:879,15
DA:883,88
DA:892,15
DA:893,15
DA:894,60
DA:895,60
DA:897,15
DA:901,15
DA:902,15
DA:903,15
DA:909,45
DA:918,122
DA:919,107
DA:922,15
DA:925,15
DA:926,15
DA:927,45
DA:937,122
DA:938,107
DA:940,15
DA:949,124
DA:950,124
DA:951,124
DA:952,122
DA:953,122
DA:954,122
DA:955,122
DA:969,124
DA:983,133
DA:992,135
DA:1003,135
DA:1004,133
DA:1008,135
DA:1009,135
DA:1010,133
DA:1013,88
DA:1024,54
DA:1025,54
DA:1026,54
DA:1029,88
DA:1030,40
DA:1031,40
LF:268
LH:268
BRDA:14,0,0,1
BRDA:14,0,1,15
BRDA:66,1,0,45
BRDA:66,1,1,351
BRDA:78,2,0,63
BRDA:78,2,1,333
BRDA:85,3,0,353
BRDA:85,3,1,46
BRDA:109,4,0,63
BRDA:109,4,1,333
BRDA:130,5,0,117
BRDA:349,6,0,2
BRDA:349,6,1,120
BRDA:358,7,0,1
BRDA:358,7,1,121
BRDA:392,8,0,124
BRDA:392,8,1,39
BRDA:434,9,0,98
BRDA:434,9,1,24
BRDA:498,10,0,78
BRDA:498,10,1,20
BRDA:564,11,0,246
BRDA:564,11,1,6
BRDA:573,12,0,122
BRDA:573,12,1,2
BRDA:606,13,0,24
BRDA:606,13,1,22
BRDA:615,14,0,122
BRDA:615,14,1,24
BRDA:637,15,0,13
BRDA:637,15,1,10
BRDA:684,16,0,20
BRDA:684,16,1,25
BRDA:692,17,0,327
BRDA:692,17,1,45
BRDA:729,18,0,77
BRDA:729,18,1,53
BRDA:741,19,0,24
BRDA:741,19,1,28
BRDA:756,20,0,23
BRDA:756,20,1,3
BRDA:770,21,0,4
BRDA:770,21,1,22
BRDA:803,22,0,104
BRDA:803,22,1,18
BRDA:892,23,0,1
BRDA:892,23,1,14
BRDA:892,24,0,15
BRDA:892,24,1,15
BRDA:894,25,0,1
BRDA:894,25,1,59
BRDA:918,26,0,107
BRDA:918,26,1,15
BRDA:922,27,0,1
BRDA:922,27,1,14
BRDA:922,28,0,15
BRDA:922,28,1,15
BRDA:937,29,0,107
BRDA:937,29,1,15
BRF:59
BRH:59
end_of_record
TN:
SF:src/generator/head.js
FN:3,headElement
FNF:1
FNH:1
FNDA:57,headElement
DA:4,57
LF:1
LH:1
BRF:0
BRH:0
end_of_record
TN:
SF:src/generator/html.js
FN:4,doctype
FN:9,language
FN:16,htmlTagName
FN:21,attrName
FN:30,htmlEscapeReplacements
FN:47,join
FN:52,tagOpen
FN:55,tagClose
FN:58,space
FN:61,slash
FN:64,equals
FN:67,quote
FN:77,getOpeningTagParts
FN:90,createOpeningTag
FN:100,getClosingTagParts
FN:109,createClosingTag
FN:121,createTag
FN:134,getAttrPairParts
FN:144,createAttrPair
FN:157,applyHtmlEscapeReplacement
FN:168,applyAllHtmlEscapeReplacements
FN:177,escapeHtml
FN:186,createHtmlTag
FN:196,wrapHtml
FNF:24
FNH:24
FNDA:47,doctype
FNDA:47,language
FNDA:46,htmlTagName
FNDA:1312,attrName
FNDA:105,htmlEscapeReplacements
FNDA:6105,join
FNDA:2281,tagOpen
FNDA:2280,tagClose
FNDA:1138,space
FNDA:1141,slash
FNDA:1312,equals
FNDA:2623,quote
FNDA:1139,getOpeningTagParts
FNDA:1139,createOpeningTag
FNDA:1139,getClosingTagParts
FNDA:1138,createClosingTag
FNDA:1137,createTag
FNDA:1311,getAttrPairParts
FNDA:1311,createAttrPair
FNDA:504,applyHtmlEscapeReplacement
FNDA:100,applyAllHtmlEscapeReplacements
FNDA:99,escapeHtml
FNDA:45,createHtmlTag
FNDA:44,wrapHtml
DA:5,47
DA:10,47
DA:17,46
DA:22,1312
DA:31,105
DA:48,6105
DA:53,2281
DA:56,2280
DA:59,1138
DA:62,1141
DA:65,1312
DA:68,2623
DA:78,1139
DA:79,1137
DA:81,2
DA:91,1139
DA:92,1139
DA:101,1139
DA:110,1138
DA:111,1138
DA:122,1137
DA:123,1137
DA:124,1137
DA:125,1137
DA:135,1311
DA:145,1311
DA:146,1311
DA:158,504
DA:159,504
DA:169,100
DA:178,99
DA:187,45
DA:188,45
DA:197,44
DA:198,44
LF:35
LH:35
BRDA:78,0,0,1137
BRDA:78,0,1,2
BRDA:90,1,0,1
BRF:3
BRH:3
end_of_record
TN:
SF:src/generator/styles.js
FN:1,styles
FNF:1
FNH:1
FNDA:60,styles
DA:2,60
LF:1
LH:1
BRF:0
BRH:0
end_of_record
TN:
SF:src/generator/title.js
FN:10,headerBanner
FNF:1
FNH:1
FNDA:54,headerBanner
DA:11,54
LF:1
LH:1
BRF:0
BRH:0
end_of_record
TN:
SF:src/inputHandlers/default.js
FN:1,dispose
FN:8,defaultHandler
FNF:2
FNH:2
FNDA:36,dispose
FNDA:12,defaultHandler
DA:2,36
DA:3,10
DA:4,10
DA:9,12
DA:10,12
DA:11,12
DA:12,12
DA:13,12
DA:14,12
DA:15,12
DA:16,12
LF:11
LH:11
BRDA:2,0,0,10
BRDA:2,0,1,26
BRDA:2,1,0,36
BRDA:2,1,1,11
BRF:4
BRH:4
end_of_record
TN:
SF:src/inputHandlers/dendriteStory.js
FN:1,maybeRemoveNumber
FN:9,maybeRemoveKV
FN:17,dendriteStoryHandler
FN:53,(anonymous_3)
FN:68,(anonymous_4)
FN:73,(anonymous_5)
FN:81,(anonymous_6)
FN:82,(anonymous_7)
FNF:8
FNH:8
FNDA:15,maybeRemoveNumber
FNDA:15,maybeRemoveKV
FNDA:15,dendriteStoryHandler
FNDA:90,(anonymous_3)
FNDA:1,(anonymous_4)
FNDA:12,(anonymous_5)
FNDA:2,(anonymous_6)
FNDA:12,(anonymous_7)
DA:2,15
DA:3,15
DA:4,3
DA:5,3
DA:10,15
DA:11,15
DA:12,3
DA:13,3
DA:18,15
DA:19,15
DA:21,15
DA:22,15
DA:24,15
DA:25,15
DA:26,2
DA:27,1
DA:29,2
DA:32,15
DA:33,15
DA:34,15
DA:35,15
DA:37,15
DA:38,15
DA:39,15
DA:40,15
DA:42,2
DA:44,15
DA:53,15
DA:54,90
DA:55,90
DA:56,90
DA:58,90
DA:61,90
DA:62,75
DA:64,90
DA:65,90
DA:66,1
DA:68,90
DA:69,1
DA:70,1
DA:72,90
DA:73,90
DA:74,90
DA:75,90
DA:76,90
DA:79,15
DA:81,15
DA:82,12
DA:85,15
LF:49
LH:49
BRDA:3,0,0,3
BRDA:3,0,1,12
BRDA:3,1,0,15
BRDA:3,1,1,4
BRDA:11,2,0,3
BRDA:11,2,1,12
BRDA:11,3,0,15
BRDA:11,3,1,4
BRDA:25,4,0,2
BRDA:25,4,1,13
BRDA:26,5,0,1
BRDA:26,5,1,1
BRDA:40,6,0,15
BRDA:40,6,1,3
BRDA:58,7,0,15
BRDA:58,7,1,75
BRDA:61,8,0,75
BRDA:61,8,1,15
BRDA:65,9,0,1
BRDA:65,9,1,89
BRF:20
BRH:20
end_of_record
TN:
SF:src/inputHandlers/kv.js
FN:3,maybeRemoveNumber
FN:11,maybeRemoveDendrite
FN:19,handleKVType
FN:25,kvHandler
FNF:4
FNH:4
FNDA:11,maybeRemoveNumber
FNDA:12,maybeRemoveDendrite
FNDA:8,handleKVType
FNDA:3,kvHandler
DA:4,11
DA:5,11
DA:6,9
DA:7,9
DA:12,12
DA:13,12
DA:14,2
DA:15,2
DA:20,8
DA:21,8
DA:22,8
DA:26,3
DA:27,3
DA:28,3
LF:14
LH:14
BRDA:5,0,0,9
BRDA:5,0,1,2
BRDA:5,1,0,11
BRDA:5,1,1,10
BRDA:13,2,0,2
BRDA:13,2,1,10
BRDA:13,3,0,12
BRDA:13,3,1,3
BRF:8
BRH:8
end_of_record
TN:
SF:src/inputHandlers/number.js
FN:3,maybeRemoveKV
FN:11,maybeRemoveDendrite
FN:19,numberHandler
FNF:3
FNH:3
FNDA:8,maybeRemoveKV
FNDA:8,maybeRemoveDendrite
FNDA:8,numberHandler
DA:4,8
DA:5,8
DA:6,5
DA:7,5
DA:12,8
DA:13,8
DA:14,1
DA:15,1
DA:20,8
DA:21,8
DA:22,8
DA:23,8
DA:24,8
LF:13
LH:13
BRDA:5,0,0,5
BRDA:5,0,1,3
BRDA:5,1,0,8
BRDA:5,1,1,6
BRDA:13,2,0,1
BRDA:13,2,1,7
BRDA:13,3,0,8
BRDA:13,3,1,2
BRF:8
BRH:8
end_of_record
TN:
SF:src/inputHandlers/text.js
FN:1,textHandler
FNF:1
FNH:1
FNDA:16,textHandler
DA:2,16
DA:3,16
DA:4,16
DA:5,16
DA:6,4
DA:7,4
DA:9,16
DA:10,16
DA:11,4
DA:12,4
DA:14,16
DA:15,16
DA:16,1
DA:17,1
LF:14
LH:14
BRDA:5,0,0,4
BRDA:5,0,1,12
BRDA:5,1,0,16
BRDA:5,1,1,5
BRDA:10,2,0,4
BRDA:10,2,1,12
BRDA:10,3,0,16
BRDA:10,3,1,5
BRDA:15,4,0,1
BRDA:15,4,1,15
BRDA:15,5,0,16
BRDA:15,5,1,2
BRF:12
BRH:12
end_of_record
TN:
SF:src/presenters/battleshipSolitaireClues.js
FN:26,validateCluesObject
FN:34,(anonymous_1)
FN:35,(anonymous_2)
FN:45,padLeft
FN:49,buildColumnDigitMatrix
FN:52,(anonymous_5)
FN:53,(anonymous_6)
FN:55,(anonymous_7)
FN:62,createBattleshipCluesBoardElement
FN:88,(anonymous_9)
FN:93,(anonymous_10)
FN:94,(anonymous_11)
FNF:12
FNH:12
FNDA:9,validateCluesObject
FNDA:8,(anonymous_1)
FNDA:7,(anonymous_2)
FNDA:209,padLeft
FNDA:10,buildColumnDigitMatrix
FNDA:11,(anonymous_5)
FNDA:94,(anonymous_6)
FNDA:98,(anonymous_7)
FNDA:10,createBattleshipCluesBoardElement
FNDA:11,(anonymous_9)
FNDA:93,(anonymous_10)
FNDA:93,(anonymous_11)
DA:27,9
DA:28,3
DA:30,6
DA:31,1
DA:33,5
DA:34,8
DA:35,7
DA:37,2
DA:39,3
DA:40,2
DA:42,1
DA:46,209
DA:50,10
DA:52,11
DA:53,10
DA:54,94
DA:55,94
DA:56,98
DA:59,10
DA:64,10
DA:65,10
DA:66,10
DA:68,1
DA:70,10
DA:71,9
DA:72,9
DA:73,8
DA:76,10
DA:77,9
DA:80,10
DA:81,10
DA:83,10
DA:86,10
DA:87,10
DA:89,11
DA:93,93
DA:94,10
DA:95,93
DA:96,93
DA:100,10
DA:103,10
DA:104,10
DA:106,10
DA:107,10
DA:108,10
LF:45
LH:45
BRDA:27,0,0,3
BRDA:27,0,1,6
BRDA:27,1,0,9
BRDA:27,1,1,8
BRDA:30,2,0,1
BRDA:30,2,1,5
BRDA:30,3,0,6
BRDA:30,3,1,6
BRDA:33,4,0,2
BRDA:33,4,1,3
BRDA:34,5,0,5
BRDA:34,5,1,4
BRDA:39,6,0,2
BRDA:39,6,1,1
BRDA:39,7,0,3
BRDA:39,7,1,2
BRDA:56,8,0,3
BRDA:56,8,1,95
BRDA:70,9,0,9
BRDA:70,9,1,1
BRDA:72,10,0,8
BRDA:72,10,1,1
BRDA:76,11,0,9
BRDA:76,11,1,1
BRF:24
BRH:24
end_of_record
TN:
SF:src/presenters/battleshipSolitaireFleet.js
FN:20,validateFleetObject
FN:22,(anonymous_1)
FN:23,(anonymous_2)
FN:24,(anonymous_3)
FN:25,(anonymous_4)
FN:27,(anonymous_5)
FN:31,placeShipsOnBoard
FN:32,(anonymous_7)
FN:36,placeSingleShipOnBoard
FN:44,fillShipOnBoard
FN:45,(anonymous_10)
FN:52,fillShipCell
FN:59,getShipCellY
FN:66,getShipCellX
FN:73,markShipCellOnBoard
FN:82,isMalformedShip
FN:89,(anonymous_16)
FN:92,isMissingStart
FN:96,isInvalidStartCoordinates
FN:100,isInvalidLength
FN:104,isInvalidDirection
FN:108,isOutOfBounds
FN:112,isNegativeCoordinate
FN:117,isCoordinateExceedsDimensions
FN:123,createBattleshipFleetBoardElement
FN:135,handleParsedFleet
FN:145,renderFleetBoard
FN:148,(anonymous_27)
FN:157,(anonymous_28)
FN:158,(anonymous_29)
FNF:30
FNH:30
FNDA:17,validateFleetObject
FNDA:17,(anonymous_1)
FNDA:16,(anonymous_2)
FNDA:15,(anonymous_3)
FNDA:14,(anonymous_4)
FNDA:62,(anonymous_5)
FNDA:14,placeShipsOnBoard
FNDA:20,(anonymous_7)
FNDA:20,placeSingleShipOnBoard
FNDA:14,fillShipOnBoard
FNDA:29,(anonymous_10)
FNDA:29,fillShipCell
FNDA:29,getShipCellY
FNDA:29,getShipCellX
FNDA:29,markShipCellOnBoard
FNDA:20,isMalformedShip
FNDA:71,(anonymous_16)
FNDA:20,isMissingStart
FNDA:19,isInvalidStartCoordinates
FNDA:17,isInvalidLength
FNDA:15,isInvalidDirection
FNDA:29,isOutOfBounds
FNDA:29,isNegativeCoordinate
FNDA:25,isCoordinateExceedsDimensions
FNDA:17,createBattleshipFleetBoardElement
FNDA:17,handleParsedFleet
FNDA:14,renderFleetBoard
FNDA:45,(anonymous_27)
FNDA:45,(anonymous_28)
FNDA:14,(anonymous_29)
DA:21,17
DA:22,17
DA:23,16
DA:24,15
DA:25,14
DA:27,62
DA:28,17
DA:32,20
DA:33,14
DA:37,20
DA:38,6
DA:40,14
DA:45,14
DA:46,29
DA:53,29
DA:54,29
DA:55,29
DA:56,29
DA:60,29
DA:61,11
DA:63,18
DA:67,29
DA:68,18
DA:70,11
DA:74,29
DA:75,29
DA:76,6
DA:78,23
DA:79,23
DA:83,20
DA:89,71
DA:93,20
DA:97,19
DA:101,17
DA:105,15
DA:109,29
DA:113,29
DA:114,29
DA:118,25
DA:119,25
DA:120,25
DA:126,17
DA:127,17
DA:130,1
DA:132,16
DA:136,17
DA:137,17
DA:138,3
DA:139,3
DA:140,3
DA:142,14
DA:146,14
DA:148,45
DA:149,14
DA:150,14
DA:151,14
DA:154,14
DA:157,45
DA:158,14
DA:159,14
DA:160,14
DA:163,14
DA:164,14
DA:165,14
LF:64
LH:64
BRDA:37,0,0,6
BRDA:37,0,1,14
BRDA:60,1,0,11
BRDA:60,1,1,18
BRDA:67,2,0,18
BRDA:67,2,1,11
BRDA:75,3,0,6
BRDA:75,3,1,23
BRDA:97,4,0,19
BRDA:97,4,1,18
BRDA:105,5,0,15
BRDA:105,5,1,6
BRDA:109,6,0,29
BRDA:109,6,1,25
BRDA:114,7,0,29
BRDA:114,7,1,27
BRDA:120,8,0,25
BRDA:120,8,1,24
BRDA:137,9,0,3
BRDA:137,9,1,14
BRF:20
BRH:20
end_of_record
TN:
SF:src/presenters/paragraph.js
FN:1,createParagraphElement
FNF:1
FNH:1
FNDA:105,createParagraphElement
DA:2,105
DA:3,105
DA:4,105
LF:3
LH:3
BRF:0
BRH:0
end_of_record
TN:
SF:src/presenters/pre.js
FN:10,isSurroundedByBrackets
FN:14,isBracketedListString
FN:18,formatBracketedListString
FN:21,(anonymous_3)
FN:27,getPreContent
FN:34,createPreElement
FNF:6
FNH:6
FNDA:15,isSurroundedByBrackets
FNDA:16,isBracketedListString
FNDA:8,formatBracketedListString
FNDA:9,(anonymous_3)
FNDA:16,getPreContent
FNDA:16,createPreElement
DA:11,15
DA:15,16
DA:19,8
DA:20,8
DA:21,9
DA:23,4
DA:28,16
DA:29,8
DA:31,8
DA:35,16
DA:36,16
DA:37,16
DA:38,16
LF:13
LH:13
BRDA:11,0,0,15
BRDA:11,0,1,9
BRDA:15,1,0,16
BRDA:15,1,1,15
BRDA:20,2,0,4
BRDA:20,2,1,4
BRDA:28,3,0,8
BRDA:28,3,1,8
BRF:8
BRH:8
end_of_record
TN:
SF:src/presenters/ticTacToeBoard.js
FN:10,getPlayer
FN:14,getPosition
FN:19,positionIsObject
FN:22,validPlayer
FN:25,validRow
FN:28,validColumn
FN:31,cellIsEmpty
FN:36,isLegalMove
FN:40,(anonymous_8)
FN:43,updateBoardIfLegal
FN:50,applyMove
FN:57,createTicTacToeBoardElement
FN:71,renderTicTacToeBoardFromData
FN:73,(anonymous_13)
FN:82,(anonymous_14)
FN:85,(anonymous_15)
FNF:16
FNH:16
FNDA:48,getPlayer
FNDA:86,getPosition
FNDA:30,positionIsObject
FNDA:30,validPlayer
FNDA:26,validRow
FNDA:22,validColumn
FNDA:17,cellIsEmpty
FNDA:30,isLegalMove
FNDA:125,(anonymous_8)
FNDA:30,updateBoardIfLegal
FNDA:38,applyMove
FNDA:22,createTicTacToeBoardElement
FNDA:22,renderTicTacToeBoardFromData
FNDA:66,(anonymous_13)
FNDA:38,(anonymous_14)
FNDA:66,(anonymous_15)
DA:11,48
DA:15,86
DA:18,147
DA:20,30
DA:23,30
DA:26,26
DA:29,22
DA:32,17
DA:37,30
DA:38,30
DA:39,30
DA:40,125
DA:44,30
DA:45,14
DA:46,14
DA:51,38
DA:52,38
DA:53,30
DA:61,22
DA:62,22
DA:65,2
DA:68,20
DA:73,66
DA:77,22
DA:78,18
DA:80,4
DA:82,38
DA:85,66
DA:86,22
DA:89,22
DA:90,22
DA:91,22
LF:32
LH:32
BRDA:23,0,0,30
BRDA:23,0,1,14
BRDA:26,1,0,26
BRDA:26,1,1,24
BRDA:29,2,0,22
BRDA:29,2,1,19
BRDA:44,3,0,14
BRDA:44,3,1,16
BRDA:52,4,0,30
BRDA:52,4,1,8
BRDA:77,5,0,18
BRDA:77,5,1,4
BRF:12
BRH:12
end_of_record
TN:
SF:src/toys/2024-10-02/hello.js
FN:5,hello
FNF:1
FNH:1
FNDA:1,hello
DA:6,1
LF:1
LH:1
BRF:0
BRH:0
end_of_record
TN:
SF:src/toys/2025-03-19/identity.js
FN:7,identity
FNF:1
FNH:1
FNDA:10,identity
DA:8,10
LF:1
LH:1
BRF:0
BRH:0
end_of_record
TN:
SF:src/toys/2025-03-21/booleanCoercer.js
FN:3,tryBooleanCoercion
FN:16,coerceToBoolean
FN:25,normalizeBooleanString
FN:30,parseBooleanString
FNF:4
FNH:4
FNDA:10,tryBooleanCoercion
FNDA:10,coerceToBoolean
FNDA:8,normalizeBooleanString
FNDA:4,parseBooleanString
DA:4,10
DA:5,8
DA:17,10
DA:18,10
DA:19,6
DA:21,4
DA:26,8
DA:27,4
DA:31,4
LF:9
LH:9
BRDA:4,0,0,2
BRDA:4,0,1,8
BRDA:18,1,0,6
BRDA:18,1,1,4
BRDA:26,2,0,4
BRDA:26,2,1,4
BRF:6
BRH:6
end_of_record
TN:
SF:src/toys/2025-03-21/italics.js
FN:8,isEmptyText
FN:12,hasNoBoldSegments
FN:22,createDoubledMarker
FN:32,getDoubledMarker
FN:42,createBoldPatternPart
FN:69,createBoldPattern
FN:85,createItalicsPattern
FN:101,getItalicMarkers
FN:114,assembleProcessedText
FN:135,shouldBypassBold
FN:139,processTextPreservingBold
FN:148,processItalicBefore
FN:156,processBoldAfter
FN:165,isInvalidText
FN:193,italics
FN:210,findBoldSegments
FN:236,applyItalicFormatting
FN:238,(anonymous_17)
FN:258,processAllItalicStyles
FN:270,wrapWithMarker
FN:281,wrapWithHtmlTag
FN:292,createItalicReplacementString
FNF:22
FNH:22
FNDA:41,isEmptyText
FNDA:41,hasNoBoldSegments
FNDA:116,createDoubledMarker
FNDA:116,getDoubledMarker
FNDA:116,createBoldPatternPart
FNDA:58,createBoldPattern
FNDA:62,createItalicsPattern
FNDA:31,getItalicMarkers
FNDA:17,assembleProcessedText
FNDA:41,shouldBypassBold
FNDA:41,processTextPreservingBold
FNDA:17,processItalicBefore
FNDA:17,processBoldAfter
FNDA:34,isInvalidText
FNDA:34,italics
FNDA:58,findBoldSegments
FNDA:62,applyItalicFormatting
FNDA:23,(anonymous_17)
FNDA:31,processAllItalicStyles
FNDA:23,wrapWithMarker
FNDA:23,wrapWithHtmlTag
FNDA:23,createItalicReplacementString
DA:2,1
DA:3,1
DA:6,1
DA:9,41
DA:13,41
DA:23,116
DA:33,116
DA:45,116
DA:46,58
DA:48,58
DA:50,116
DA:53,116
DA:61,116
DA:70,58
DA:71,58
DA:74,58
DA:76,58
DA:88,62
DA:89,31
DA:91,31
DA:93,62
DA:102,31
DA:115,17
DA:136,41
DA:140,41
DA:141,24
DA:144,17
DA:145,17
DA:149,17
DA:150,7
DA:152,10
DA:157,17
DA:158,14
DA:160,3
DA:166,34
DA:194,34
DA:195,7
DA:198,27
DA:211,58
DA:212,58
DA:214,58
DA:215,24
DA:218,34
DA:219,34
DA:220,34
DA:222,34
DA:237,62
DA:238,62
DA:239,23
DA:260,31
DA:271,23
DA:282,23
DA:294,23
LF:53
LH:53
BRDA:45,0,0,58
BRDA:45,0,1,58
BRDA:88,1,0,31
BRDA:88,1,1,31
BRDA:136,2,0,41
BRDA:136,2,1,41
BRDA:140,3,0,24
BRDA:140,3,1,17
BRDA:149,4,0,7
BRDA:149,4,1,10
BRDA:157,5,0,14
BRDA:157,5,1,3
BRDA:166,6,0,34
BRDA:166,6,1,31
BRDA:194,7,0,7
BRDA:194,7,1,27
BRDA:214,8,0,24
BRDA:214,8,1,34
BRF:18
BRH:18
end_of_record
TN:
SF:src/toys/2025-03-26/prettyFloat.js
FN:1,buildDecomposedResult
FN:7,decomposeFloat
FN:14,getZeroVariantResult
FN:23,getIEEEDecomposition
FN:28,formatFloatDecomposition
FN:32,getZeroVariantString
FN:36,resolveZeroVariant
FN:45,isNotFinite
FN:49,handleZeroVariantsOrNull
FN:55,handleSimpleCases
FN:60,isPositiveZero
FN:64,isNegativeZero
FN:68,isPositiveZeroResult
FN:76,isNegativeZeroResult
FN:84,isZeroVariant
FN:92,formatDecimal
FN:103,getSignificandAndExponent
FN:117,decomposeIEEE754
FN:122,getFloat64Bits
FN:137,extractIEEEComponents
FNF:20
FNH:20
FNDA:7,buildDecomposedResult
FNDA:12,decomposeFloat
FNDA:9,getZeroVariantResult
FNDA:7,getIEEEDecomposition
FNDA:7,formatFloatDecomposition
FNDA:9,getZeroVariantString
FNDA:9,resolveZeroVariant
FNDA:12,isNotFinite
FNDA:9,handleZeroVariantsOrNull
FNDA:12,handleSimpleCases
FNDA:10,isPositiveZero
FNDA:8,isNegativeZero
FNDA:10,isPositiveZeroResult
FNDA:8,isNegativeZeroResult
FNDA:9,isZeroVariant
FNDA:9,formatDecimal
FNDA:7,getSignificandAndExponent
FNDA:7,decomposeIEEE754
FNDA:7,getFloat64Bits
FNDA:7,extractIEEEComponents
DA:2,7
DA:3,7
DA:4,7
DA:8,12
DA:9,12
DA:10,12
DA:11,7
DA:15,9
DA:16,9
DA:17,2
DA:19,7
DA:24,7
DA:25,7
DA:29,7
DA:33,9
DA:37,9
DA:38,9
DA:39,2
DA:41,7
DA:46,12
DA:50,9
DA:51,9
DA:52,7
DA:56,12
DA:57,9
DA:61,10
DA:65,8
DA:69,10
DA:70,2
DA:72,8
DA:77,8
DA:78,1
DA:80,7
DA:85,9
DA:86,1
DA:88,8
DA:93,9
DA:94,9
DA:95,7
DA:97,2
DA:106,7
DA:107,5
DA:109,2
DA:111,7
DA:112,7
DA:113,7
DA:114,7
DA:118,7
DA:119,7
DA:123,7
DA:124,7
DA:125,7
DA:127,7
DA:129,7
DA:130,7
DA:131,56
DA:134,7
DA:138,7
DA:139,7
DA:140,7
DA:144,7
LF:61
LH:61
BRDA:10,0,0,5
BRDA:10,0,1,7
BRDA:16,1,0,2
BRDA:16,1,1,7
BRDA:38,2,0,2
BRDA:38,2,1,7
BRDA:51,3,0,2
BRDA:51,3,1,7
BRDA:56,4,0,3
BRDA:56,4,1,9
BRDA:69,5,0,2
BRDA:69,5,1,8
BRDA:77,6,0,1
BRDA:77,6,1,7
BRDA:85,7,0,1
BRDA:85,7,1,8
BRDA:94,8,0,7
BRDA:94,8,1,2
BRDA:106,9,0,5
BRDA:106,9,1,2
BRF:20
BRH:20
end_of_record
TN:
SF:src/toys/2025-03-28/rand.js
FN:9,rand
FNF:1
FNH:1
FNDA:7,rand
DA:12,7
DA:15,7
LF:2
LH:2
BRF:0
BRH:0
end_of_record
TN:
SF:src/toys/2025-03-29/fishingGame.js
FN:1,isRecognizedBait
FN:5,isEmptyBait
FN:9,getDefaultBaitResponse
FN:16,getRecognizedBait
FN:20,getUnrecognizedBait
FN:24,getEmptyOrUnrecognizedBaitResponse
FN:32,getBaitData
FN:40,getTimeOfDay
FN:48,(anonymous_8)
FN:52,getSeason
FN:59,(anonymous_10)
FN:63,getMoodDescription
FN:79,isSilentCatch
FN:83,isCommonCatch
FN:87,isTroutCatch
FN:94,(anonymous_15)
FN:99,(anonymous_16)
FN:104,(anonymous_17)
FN:108,(anonymous_18)
FN:109,(anonymous_19)
FN:114,getFishingOutcome
FN:115,(anonymous_21)
FN:118,getBaitOptions
FN:133,getTimeContext
FN:142,fishingGame
FNF:25
FNH:25
FNDA:15,isRecognizedBait
FNDA:2,isEmptyBait
FNDA:1,getDefaultBaitResponse
FNDA:13,getRecognizedBait
FNDA:1,getUnrecognizedBait
FNDA:2,getEmptyOrUnrecognizedBaitResponse
FNDA:15,getBaitData
FNDA:15,getTimeOfDay
FNDA:34,(anonymous_8)
FNDA:15,getSeason
FNDA:40,(anonymous_10)
FNDA:15,getMoodDescription
FNDA:14,isSilentCatch
FNDA:9,isCommonCatch
FNDA:6,isTroutCatch
FNDA:5,(anonymous_15)
FNDA:3,(anonymous_16)
FNDA:3,(anonymous_17)
FNDA:3,(anonymous_18)
FNDA:3,(anonymous_19)
FNDA:14,getFishingOutcome
FNDA:32,(anonymous_21)
FNDA:15,getBaitOptions
FNDA:15,getTimeContext
FNDA:15,fishingGame
DA:2,15
DA:6,2
DA:10,1
DA:17,13
DA:21,1
DA:25,2
DA:26,1
DA:28,1
DA:33,15
DA:34,15
DA:35,13
DA:37,2
DA:41,15
DA:48,34
DA:49,15
DA:53,15
DA:59,40
DA:60,15
DA:64,15
DA:70,15
DA:76,15
DA:80,14
DA:84,9
DA:88,6
DA:91,2
DA:95,5
DA:100,3
DA:105,3
DA:108,3
DA:110,3
DA:115,32
DA:119,15
DA:134,15
DA:135,15
DA:136,15
DA:137,15
DA:138,15
DA:139,15
DA:143,15
DA:145,15
DA:147,15
DA:149,15
DA:150,15
DA:151,14
DA:153,14
DA:154,14
DA:155,14
DA:157,14
DA:159,14
LF:49
LH:49
BRDA:25,0,0,1
BRDA:25,0,1,1
BRDA:34,1,0,13
BRDA:34,1,1,2
BRDA:48,2,0,34
BRDA:48,2,1,26
BRDA:150,3,0,1
BRDA:150,3,1,14
BRF:8
BRH:8
end_of_record
TN:
SF:src/toys/2025-03-29/get.js
FN:7,isErrorString
FN:11,getValueAtPath
FN:16,traversePathSegments
FN:18,(anonymous_3)
FN:32,handlePathSegmentIteration
FN:40,traverseSegment
FN:54,getNextPath
FN:62,getSegmentValueOrError
FN:73,getNonObjectSegmentError
FN:88,isNonObjectValue
FN:92,hasOwnSegment
FN:96,getSegmentNotFoundError
FN:102,handleEmptyInputInGet
FN:110,handleValueOrErrorResult
FN:117,safeStringifyValueAtPath
FN:125,checkDataValidityInGet
FN:132,isInvalidGetDataResult
FN:136,isNotObjectOrArray
FN:141,getFinalResultInGet
FN:148,handleDataRetrievalErrorInGet
FN:155,getDataWithCatch
FN:163,get
FN:174,getFinalResultAfterRetrieval
FN:183,getValidDataResultAfterEmptyCheck
FNF:24
FNH:24
FNDA:15,isErrorString
FNDA:15,getValueAtPath
FNDA:15,traversePathSegments
FNDA:40,(anonymous_3)
FNDA:39,handlePathSegmentIteration
FNDA:39,traverseSegment
FNDA:39,getNextPath
FNDA:37,getSegmentValueOrError
FNDA:39,getNonObjectSegmentError
FNDA:39,isNonObjectValue
FNDA:37,hasOwnSegment
FNDA:3,getSegmentNotFoundError
FNDA:19,handleEmptyInputInGet
FNDA:15,handleValueOrErrorResult
FNDA:10,safeStringifyValueAtPath
FNDA:17,checkDataValidityInGet
FNDA:17,isInvalidGetDataResult
FNDA:16,isNotObjectOrArray
FNDA:15,getFinalResultInGet
FNDA:20,handleDataRetrievalErrorInGet
FNDA:20,getDataWithCatch
FNDA:20,get
FNDA:19,getFinalResultAfterRetrieval
FNDA:17,getValidDataResultAfterEmptyCheck
DA:8,15
DA:12,15
DA:13,15
DA:17,15
DA:18,15
DA:19,40
DA:20,1
DA:22,39
DA:24,15
DA:25,15
DA:26,5
DA:28,10
DA:33,39
DA:34,39
DA:35,5
DA:37,34
DA:41,39
DA:42,39
DA:43,39
DA:44,2
DA:47,37
DA:48,37
DA:49,3
DA:51,34
DA:55,39
DA:56,24
DA:58,15
DA:63,37
DA:64,34
DA:66,3
DA:74,39
DA:75,2
DA:84,37
DA:89,39
DA:93,37
DA:97,3
DA:103,19
DA:104,2
DA:106,17
DA:111,15
DA:112,5
DA:114,10
DA:118,10
DA:119,10
DA:121,1
DA:126,17
DA:127,2
DA:129,15
DA:133,17
DA:137,16
DA:142,15
DA:143,15
DA:149,20
DA:150,1
DA:152,19
DA:156,20
DA:157,20
DA:159,1
DA:164,20
DA:165,20
DA:166,20
DA:167,20
DA:168,1
DA:171,19
DA:175,19
DA:176,19
DA:177,2
DA:180,17
DA:184,17
DA:185,17
DA:186,2
DA:189,15
LF:72
LH:72
BRDA:8,0,0,15
BRDA:8,0,1,10
BRDA:19,1,0,1
BRDA:19,1,1,39
BRDA:25,2,0,5
BRDA:25,2,1,10
BRDA:34,3,0,5
BRDA:34,3,1,34
BRDA:43,4,0,2
BRDA:43,4,1,37
BRDA:48,5,0,3
BRDA:48,5,1,34
BRDA:55,6,0,24
BRDA:55,6,1,15
BRDA:63,7,0,34
BRDA:63,7,1,3
BRDA:74,8,0,2
BRDA:74,8,1,37
BRDA:89,9,0,39
BRDA:89,9,1,38
BRDA:103,10,0,2
BRDA:103,10,1,17
BRDA:111,11,0,5
BRDA:111,11,1,10
BRDA:126,12,0,2
BRDA:126,12,1,15
BRDA:133,13,0,17
BRDA:133,13,1,16
BRDA:137,14,0,16
BRDA:137,14,1,1
BRDA:149,15,0,1
BRDA:149,15,1,19
BRDA:167,16,0,1
BRDA:167,16,1,19
BRDA:176,17,0,2
BRDA:176,17,1,17
BRDA:185,18,0,2
BRDA:185,18,1,15
BRF:38
BRH:38
end_of_record
TN:
SF:src/toys/2025-03-29/setTemporary.js
FN:6,isObject
FN:10,isNonArrayObject
FN:23,deepMerge
FN:25,(anonymous_3)
FN:38,shouldDeepMerge
FN:50,setTemporary
FN:60,processSetTemporary
FN:67,handleValidTemporaryInput
FN:77,mergeTemporaryData
FNF:9
FNH:9
FNDA:45,isObject
FNDA:28,isNonArrayObject
FNDA:13,deepMerge
FNDA:18,(anonymous_3)
FNDA:18,shouldDeepMerge
FNDA:15,setTemporary
FNDA:14,processSetTemporary
FNDA:12,handleValidTemporaryInput
FNDA:12,mergeTemporaryData
DA:7,45
DA:11,28
DA:24,13
DA:25,13
DA:26,18
DA:27,18
DA:28,18
DA:29,2
DA:31,16
DA:34,13
DA:35,13
DA:39,18
DA:52,15
DA:53,15
DA:55,1
DA:57,14
DA:61,14
DA:62,2
DA:64,12
DA:68,12
DA:69,12
DA:70,12
DA:71,12
DA:73,2
DA:78,12
DA:79,11
DA:80,11
DA:81,7
DA:83,11
DA:84,11
DA:85,10
LF:31
LH:31
BRDA:7,0,0,45
BRDA:7,0,1,28
BRDA:11,1,0,28
BRDA:11,1,1,23
BRDA:28,2,0,2
BRDA:28,2,1,16
BRDA:39,3,0,18
BRDA:39,3,1,2
BRDA:61,4,0,2
BRDA:61,4,1,12
BRDA:80,5,0,7
BRDA:80,5,1,4
BRF:12
BRH:12
end_of_record
TN:
SF:src/toys/2025-03-30/cyberpunkAdventure.js
FN:1,handleHackerDoor
FN:12,handleIntro
FN:19,findMatchingKeyword
FN:20,(anonymous_3)
FN:23,handleHub
FN:48,handleTransportPlatform
FN:55,shouldTradeDatapad
FN:59,handleTransportTrade
FN:61,(anonymous_8)
FN:80,handleAlleyStealth
FN:102,getDefaultAdventureResult
FN:106,getAdventureResult
FN:123,getScopedState
FN:127,getNameOrInput
FN:131,getPlayerName
FN:135,getPlayerState
FN:139,getPlayerInventory
FN:143,getPlayerVisited
FN:147,processAdventureStep
FN:178,getUpdatedInventory
FN:182,getUpdatedVisited
FN:187,runAdventure
FN:222,cyberpunkAdventure
FNF:23
FNH:23
FNDA:2,handleHackerDoor
FNDA:5,handleIntro
FNDA:5,findMatchingKeyword
FNDA:11,(anonymous_3)
FNDA:5,handleHub
FNDA:2,handleTransportPlatform
FNDA:4,shouldTradeDatapad
FNDA:4,handleTransportTrade
FNDA:3,(anonymous_8)
FNDA:3,handleAlleyStealth
FNDA:2,getDefaultAdventureResult
FNDA:23,getAdventureResult
FNDA:30,getScopedState
FNDA:30,getNameOrInput
FNDA:30,getPlayerName
FNDA:30,getPlayerState
FNDA:30,getPlayerInventory
FNDA:30,getPlayerVisited
FNDA:23,processAdventureStep
FNDA:23,getUpdatedInventory
FNDA:23,getUpdatedVisited
FNDA:31,runAdventure
FNDA:31,cyberpunkAdventure
DA:2,2
DA:3,1
DA:4,1
DA:5,1
DA:6,1
DA:8,1
DA:13,5
DA:20,11
DA:24,5
DA:38,5
DA:39,5
DA:40,4
DA:42,1
DA:49,2
DA:56,4
DA:60,4
DA:61,3
DA:62,2
DA:63,2
DA:64,2
DA:71,2
DA:81,3
DA:82,3
DA:83,3
DA:84,1
DA:85,1
DA:86,1
DA:93,2
DA:103,2
DA:107,23
DA:115,23
DA:116,23
DA:117,21
DA:119,2
DA:124,30
DA:128,30
DA:132,30
DA:136,30
DA:140,30
DA:144,30
DA:148,23
DA:157,23
DA:159,23
DA:160,23
DA:161,23
DA:162,23
DA:164,23
DA:175,23
DA:179,23
DA:183,23
DA:188,31
DA:189,31
DA:190,31
DA:191,31
DA:192,31
DA:194,30
DA:195,30
DA:196,30
DA:197,30
DA:199,30
DA:200,30
DA:202,30
DA:203,30
DA:205,30
DA:206,7
DA:207,7
DA:210,23
DA:223,31
DA:224,31
DA:226,1
LF:70
LH:70
BRDA:2,0,0,1
BRDA:2,0,1,1
BRDA:39,1,0,4
BRDA:39,1,1,1
BRDA:56,2,0,4
BRDA:56,2,1,3
BRDA:60,3,0,2
BRDA:60,3,1,2
BRDA:83,4,0,1
BRDA:83,4,1,2
BRDA:116,5,0,21
BRDA:116,5,1,2
BRDA:124,6,0,30
BRDA:124,6,1,2
BRDA:128,7,0,30
BRDA:128,7,1,7
BRDA:132,8,0,30
BRDA:132,8,1,1
BRDA:136,9,0,30
BRDA:136,9,1,12
BRDA:140,10,0,30
BRDA:140,10,1,12
BRDA:144,11,0,30
BRDA:144,11,1,12
BRDA:179,12,0,23
BRDA:179,12,1,14
BRDA:183,13,0,23
BRDA:183,13,1,14
BRDA:205,14,0,7
BRDA:205,14,1,23
BRF:30
BRH:30
end_of_record
TN:
SF:src/toys/2025-04-05/httpRequest.js
FN:1,httpRequest
FNF:1
FNH:1
FNDA:5,httpRequest
DA:2,5
DA:7,5
LF:2
LH:2
BRF:0
BRH:0
end_of_record
TN:
SF:src/toys/2025-04-06/ticTacToe.js
FN:1,getOpponent
FN:9,tryParseJSON
FN:17,respectsTurnOrder
FN:21,isObject
FN:25,getValidParsedMoves
FN:34,makeValidatorReducer
FN:35,(anonymous_6)
FN:43,isValidParsedMoves
FN:48,hasMovesArray
FN:52,parseInputSafely
FN:57,shouldSkipMove
FN:61,buildMoveResponseWithNewMove
FN:67,buildMoveResponseWithoutNewMove
FN:72,ticTacToeMove
FN:80,handleValidMoves
FN:87,handleValidAppliedMoves
FN:98,initializeBoardAndSeen
FN:99,(anonymous_17)
FN:104,isTruthyMoves
FN:108,isArrayMoves
FN:112,isShortEnoughMoves
FN:116,isInvalidMoves
FN:118,(anonymous_22)
FN:121,isMoveApplicationValid
FN:128,shouldStop
FN:132,applyMoveReducer
FN:133,(anonymous_26)
FN:138,(anonymous_27)
FN:147,applyMovesSequentially
FN:155,copyBoard
FN:156,(anonymous_30)
FN:159,setBoardCell
FN:166,scoreMove
FN:173,makeScoreReducer
FN:174,(anonymous_34)
FN:184,getScoredMoves
FN:189,getBestScoredMove
FN:191,(anonymous_37)
FN:202,setter
FN:203,(anonymous_39)
FN:206,findBestMove
FN:212,getEmptyCells
FN:213,(anonymous_42)
FN:214,(anonymous_43)
FN:225,determineNextPlayer
FN:232,isRowWin
FN:233,(anonymous_46)
FN:236,checkRows
FN:237,(anonymous_48)
FN:240,isColumnWin
FN:241,(anonymous_50)
FN:244,checkColumns
FN:245,(anonymous_52)
FN:248,checkDiagonals
FN:249,(anonymous_54)
FN:250,(anonymous_55)
FN:254,checkEarlyWin
FN:258,applyMoveToBoard
FN:270,getTerminalScore
FN:277,shouldEvaluateTerminal
FN:281,evaluateTerminalState
FN:288,getAvailableMoves
FN:289,(anonymous_62)
FN:290,(anonymous_63)
FN:300,simulateMoves
FN:306,minimax
FN:308,(anonymous_66)
FN:309,(anonymous_67)
FN:319,selectScore
FN:327,makeAccumulateScores
FN:334,(anonymous_70)
FN:336,(anonymous_71)
FN:345,hasValidPlayer
FN:349,hasValidPosition
FN:356,isValidRowAndColumn
FN:360,canMoveBeApplied
FN:365,isMoveDetailsValid
FN:367,(anonymous_77)
FN:370,isWin
FN:372,(anonymous_79)
FN:375,returnInitialOptimalMove
FNF:81
FNH:81
FNDA:802917,getOpponent
FNDA:33,tryParseJSON
FNDA:104,respectsTurnOrder
FNDA:285,isObject
FNDA:33,getValidParsedMoves
FNDA:33,makeValidatorReducer
FNDA:66,(anonymous_6)
FNDA:33,isValidParsedMoves
FNDA:32,hasMovesArray
FNDA:33,parseInputSafely
FNDA:18,shouldSkipMove
FNDA:10,buildMoveResponseWithNewMove
FNDA:8,buildMoveResponseWithoutNewMove
FNDA:33,ticTacToeMove
FNDA:30,handleValidMoves
FNDA:18,handleValidAppliedMoves
FNDA:30,initializeBoardAndSeen
FNDA:90,(anonymous_17)
FNDA:33,isTruthyMoves
FNDA:31,isArrayMoves
FNDA:31,isShortEnoughMoves
FNDA:33,isInvalidMoves
FNDA:95,(anonymous_22)
FNDA:111,isMoveApplicationValid
FNDA:111,shouldStop
FNDA:30,applyMoveReducer
FNDA:116,(anonymous_26)
FNDA:102,(anonymous_27)
FNDA:30,applyMovesSequentially
FNDA:45,copyBoard
FNDA:135,(anonymous_30)
FNDA:45,setBoardCell
FNDA:45,scoreMove
FNDA:10,makeScoreReducer
FNDA:45,(anonymous_34)
FNDA:10,getScoredMoves
FNDA:10,getBestScoredMove
FNDA:45,(anonymous_37)
FNDA:45,setter
FNDA:45,(anonymous_39)
FNDA:10,findBestMove
FNDA:10,getEmptyCells
FNDA:30,(anonymous_42)
FNDA:90,(anonymous_43)
FNDA:10,determineNextPlayer
FNDA:3868875,isRowWin
FNDA:6198890,(anonymous_46)
FNDA:1333594,checkRows
FNDA:3868875,(anonymous_48)
FNDA:3479332,isColumnWin
FNDA:5542523,(anonymous_50)
FNDA:1200402,checkColumns
FNDA:3479332,(anonymous_52)
FNDA:1078359,checkDiagonals
FNDA:1726358,(anonymous_54)
FNDA:1736072,(anonymous_55)
FNDA:111,checkEarlyWin
FNDA:102,applyMoveToBoard
FNDA:235236,getTerminalScore
FNDA:619497,shouldEvaluateTerminal
FNDA:619497,evaluateTerminalState
FNDA:384261,getAvailableMoves
FNDA:1152783,(anonymous_62)
FNDA:3458349,(anonymous_63)
FNDA:384261,simulateMoves
FNDA:619497,minimax
FNDA:854733,(anonymous_66)
FNDA:478645,(anonymous_67)
FNDA:384261,selectScore
FNDA:384261,makeAccumulateScores
FNDA:619452,(anonymous_70)
FNDA:1858356,(anonymous_71)
FNDA:110,hasValidPlayer
FNDA:109,hasValidPosition
FNDA:107,isValidRowAndColumn
FNDA:111,canMoveBeApplied
FNDA:110,isMoveDetailsValid
FNDA:323,(anonymous_77)
FNDA:1333594,isWin
FNDA:3612355,(anonymous_79)
FNDA:15,returnInitialOptimalMove
DA:2,802917
DA:3,720307
DA:5,82610
DA:10,33
DA:11,33
DA:13,1
DA:18,104
DA:22,285
DA:26,33
DA:27,33
DA:28,31
DA:30,2
DA:35,33
DA:36,66
DA:37,1
DA:39,65
DA:44,33
DA:45,33
DA:49,32
DA:53,33
DA:54,33
DA:58,18
DA:62,10
DA:63,10
DA:64,10
DA:68,8
DA:69,8
DA:73,33
DA:76,33
DA:77,30
DA:81,30
DA:82,30
DA:83,30
DA:84,18
DA:88,18
DA:90,18
DA:92,10
DA:93,10
DA:94,10
DA:95,10
DA:99,90
DA:100,30
DA:101,30
DA:105,33
DA:109,31
DA:113,31
DA:117,33
DA:118,95
DA:122,111
DA:123,111
DA:124,111
DA:125,111
DA:129,111
DA:133,30
DA:134,116
DA:135,5
DA:138,111
DA:139,111
DA:140,111
DA:141,111
DA:143,111
DA:148,30
DA:149,30
DA:150,30
DA:151,30
DA:156,135
DA:160,45
DA:161,45
DA:162,45
DA:163,45
DA:167,45
DA:168,45
DA:169,45
DA:170,45
DA:174,10
DA:175,45
DA:176,45
DA:177,45
DA:178,45
DA:179,45
DA:180,45
DA:185,10
DA:186,10
DA:190,10
DA:192,45
DA:193,11
DA:195,34
DA:203,45
DA:207,10
DA:208,10
DA:209,10
DA:213,10
DA:214,30
DA:215,90
DA:216,45
DA:218,90
DA:226,10
DA:227,1
DA:229,9
DA:233,6198890
DA:237,3868875
DA:241,5542523
DA:245,3479332
DA:249,1726358
DA:250,1736072
DA:251,1078359
DA:255,111
DA:259,102
DA:260,102
DA:262,102
DA:263,102
DA:264,99
DA:266,99
DA:267,99
DA:271,235236
DA:272,140852
DA:274,94384
DA:278,619497
DA:282,619497
DA:283,235236
DA:285,384261
DA:289,384261
DA:290,1152783
DA:291,3458349
DA:292,619452
DA:294,3458349
DA:301,384261
DA:307,619497
DA:308,854733
DA:309,619497
DA:310,619497
DA:311,619497
DA:312,235236
DA:314,384261
DA:315,384261
DA:316,384261
DA:320,384261
DA:321,200850
DA:323,183411
DA:329,384261
DA:330,200850
DA:332,183411
DA:334,384261
DA:336,1858356
DA:337,619452
DA:338,619452
DA:339,619452
DA:340,619452
DA:341,619452
DA:346,110
DA:350,109
DA:351,109
DA:352,107
DA:353,107
DA:357,107
DA:361,111
DA:362,110
DA:366,110
DA:367,323
DA:371,1333594
DA:372,3612355
DA:377,15
DA:378,15
LF:163
LH:163
BRDA:2,0,0,720307
BRDA:2,0,1,82610
BRDA:18,1,0,104
BRDA:18,1,1,82
BRDA:22,2,0,285
BRDA:22,2,1,284
BRDA:27,3,0,31
BRDA:27,3,1,2
BRDA:36,4,0,1
BRDA:36,4,1,65
BRDA:49,5,0,32
BRDA:49,5,1,32
BRDA:58,6,0,18
BRDA:58,6,1,11
BRDA:76,7,0,3
BRDA:76,7,1,30
BRDA:83,8,0,12
BRDA:83,8,1,18
BRDA:90,9,0,8
BRDA:90,9,1,10
BRDA:113,10,0,31
BRDA:113,10,1,31
BRDA:124,11,0,111
BRDA:124,11,1,102
BRDA:129,12,0,111
BRDA:129,12,1,99
BRDA:134,13,0,5
BRDA:134,13,1,111
BRDA:192,14,0,11
BRDA:192,14,1,34
BRDA:215,15,0,45
BRDA:215,15,1,45
BRDA:226,16,0,1
BRDA:226,16,1,9
BRDA:251,17,0,1078359
BRDA:251,17,1,1018090
BRDA:255,18,0,111
BRDA:255,18,1,105
BRDA:263,19,0,3
BRDA:263,19,1,99
BRDA:271,20,0,140852
BRDA:271,20,1,94384
BRDA:278,21,0,619497
BRDA:278,21,1,478645
BRDA:282,22,0,235236
BRDA:282,22,1,384261
BRDA:291,23,0,619452
BRDA:291,23,1,2838897
BRDA:311,24,0,235236
BRDA:311,24,1,384261
BRDA:320,25,0,200850
BRDA:320,25,1,183411
BRDA:329,26,0,200850
BRDA:329,26,1,183411
BRDA:351,27,0,2
BRDA:351,27,1,107
BRDA:357,28,0,107
BRDA:357,28,1,105
BRDA:361,29,0,1
BRDA:361,29,1,110
BRF:60
BRH:60
end_of_record
TN:
SF:src/toys/2025-04-16/colorPalette.js
FN:1,generatePalette
FN:4,(anonymous_1)
FN:5,(anonymous_2)
FNF:3
FNH:3
FNDA:2,generatePalette
FNDA:24,(anonymous_1)
FNDA:8,(anonymous_2)
DA:2,2
DA:3,2
DA:4,24
DA:5,2
DA:6,8
DA:7,8
DA:9,2
LF:7
LH:7
BRDA:3,0,0,2
BRDA:3,0,1,1
BRF:2
BRH:2
end_of_record
TN:
SF:src/toys/2025-05-08/battleshipSolitaireFleet.js
FN:17,shuffle
FN:25,(anonymous_1)
FN:27,isCoordNonNegative
FN:31,isCoordWithinBoard
FN:35,inBounds
FN:40,isOrigin
FN:44,dxReducerForNeighbour
FN:45,(anonymous_7)
FN:55,neighbours
FN:56,(anonymous_9)
FN:63,isNeighbourOccupied
FN:67,(anonymous_11)
FN:67,(anonymous_12)
FN:67,(anonymous_13)
FN:69,getSx
FN:77,getSy
FN:85,getEndX
FN:93,getEndY
FN:101,getEndCoord
FN:107,makeSegReducer
FN:108,(anonymous_20)
FN:110,handleSegment
FN:119,getNextAccumulator
FN:127,isSegmentOccupied
FN:132,addSegmentToAccumulator
FN:138,(anonymous_25)
FN:143,isForbiddenTouch
FN:148,isValidCandidate
FN:154,collectCandidatesForStart
FN:163,collectCandidatesForDirection
FN:170,getCandidateIfInBounds
FN:178,getValidCandidate
FN:190,collectAllCandidates
FN:198,collectCandidatesForRow
FN:206,markOccupiedSquares
FN:214,chooseAndMarkCandidate
FN:223,placeShip
FN:229,makePlaceShip
FN:231,(anonymous_38)
FN:238,shouldAbortPlaceShip
FN:242,makePlaceShipReducer
FN:243,(anonymous_41)
FN:252,placeAllShips
FN:262,attemptPlacement
FN:268,exceedsBoardArea
FN:269,(anonymous_45)
FN:273,ensureShipsArray
FN:281,parseConfig
FN:292,(anonymous_48)
FN:306,fleetAreaError
FN:310,fleetRetryError
FN:315,maybeReturnFleet
FN:320,processFleetLoopIteration
FN:326,fleetLoopFor
FN:327,(anonymous_54)
FN:327,(anonymous_55)
FN:330,runFleetLoop
FN:331,(anonymous_57)
FN:334,findValidFleet
FN:338,tryGenerateFleet
FN:344,generateFleet
FN:352,shouldReturnAreaError
FN:356,getFleetResultOrError
FNF:63
FNH:63
FNDA:2303,shuffle
FNDA:391485,(anonymous_1)
FNDA:348684,isCoordNonNegative
FNDA:322884,isCoordWithinBoard
FNDA:348680,inBounds
FNDA:152154,isOrigin
FNDA:50718,dxReducerForNeighbour
FNDA:152154,(anonymous_7)
FNDA:16906,neighbours
FNDA:50718,(anonymous_9)
FNDA:97900,isNeighbourOccupied
FNDA:16600,(anonymous_11)
FNDA:16900,(anonymous_12)
FNDA:97900,(anonymous_13)
FNDA:343085,getSx
FNDA:343085,getSy
FNDA:250780,getEndX
FNDA:250780,getEndY
FNDA:250780,getEndCoord
FNDA:168132,makeSegReducer
FNDA:377204,(anonymous_20)
FNDA:377204,handleSegment
FNDA:329670,getNextAccumulator
FNDA:329670,isSegmentOccupied
FNDA:289316,addSegmentToAccumulator
FNDA:16600,(anonymous_25)
FNDA:127778,isForbiddenTouch
FNDA:168132,isValidCandidate
FNDA:125390,collectCandidatesForStart
FNDA:250780,collectCandidatesForDirection
FNDA:250780,getCandidateIfInBounds
FNDA:168132,getValidCandidate
FNDA:6911,collectAllCandidates
FNDA:25630,collectCandidatesForRow
FNDA:6309,markOccupiedSquares
FNDA:6911,chooseAndMarkCandidate
FNDA:6911,placeShip
FNDA:2303,makePlaceShip
FNDA:6911,(anonymous_38)
FNDA:3806,shouldAbortPlaceShip
FNDA:2303,makePlaceShipReducer
FNDA:3806,(anonymous_41)
FNDA:2303,placeAllShips
FNDA:2300,attemptPlacement
FNDA:24,exceedsBoardArea
FNDA:40,(anonymous_45)
FNDA:24,ensureShipsArray
FNDA:24,parseConfig
FNDA:8,(anonymous_48)
FNDA:1,fleetAreaError
FNDA:3,fleetRetryError
FNDA:2300,maybeReturnFleet
FNDA:2300,processFleetLoopIteration
FNDA:23,fleetLoopFor
FNDA:2300,(anonymous_54)
FNDA:320,(anonymous_55)
FNDA:23,runFleetLoop
FNDA:2300,(anonymous_57)
FNDA:23,findValidFleet
FNDA:23,tryGenerateFleet
FNDA:24,generateFleet
FNDA:24,shouldReturnAreaError
FNDA:23,getFleetResultOrError
DA:18,2303
DA:19,2303
DA:20,1803
DA:21,1803
DA:25,391485
DA:28,348684
DA:32,322884
DA:36,348680
DA:41,152154
DA:45,50718
DA:46,152154
DA:47,16906
DA:49,135248
DA:50,135248
DA:56,16906
DA:57,50718
DA:64,97900
DA:67,97900
DA:70,343085
DA:71,173793
DA:73,169292
DA:78,343085
DA:79,169292
DA:81,173793
DA:86,250780
DA:87,125390
DA:89,125390
DA:94,250780
DA:95,125390
DA:97,125390
DA:102,250780
DA:108,377204
DA:111,377204
DA:112,377204
DA:113,329670
DA:114,329670
DA:115,329670
DA:116,329670
DA:120,329670
DA:121,329670
DA:122,40354
DA:124,289316
DA:128,329670
DA:129,329670
DA:133,289316
DA:138,12
DA:139,16600
DA:140,16600
DA:144,127778
DA:149,168132
DA:150,127778
DA:151,127778
DA:155,125390
DA:156,125390
DA:157,125390
DA:158,250780
DA:160,125390
DA:164,250780
DA:165,250780
DA:166,121078
DA:171,250780
DA:172,250780
DA:173,82648
DA:175,168132
DA:179,168132
DA:180,168132
DA:184,168132
DA:185,121078
DA:187,47054
DA:191,6911
DA:192,6911
DA:193,25630
DA:195,6911
DA:199,25630
DA:200,125390
DA:201,125390
DA:202,125390
DA:207,6309
DA:208,13415
DA:209,13415
DA:210,13415
DA:215,6911
DA:216,6309
DA:217,6309
DA:219,6309
DA:220,6309
DA:224,6911
DA:225,6911
DA:226,6911
DA:230,2303
DA:231,6911
DA:239,3806
DA:243,2303
DA:244,3806
DA:245,3305
DA:246,3305
DA:247,3305
DA:253,2303
DA:254,2303
DA:255,2303
DA:256,2303
DA:257,2303
DA:258,2303
DA:259,301
DA:263,2300
DA:264,2300
DA:265,2000
DA:269,40
DA:270,24
DA:274,24
DA:275,1
DA:283,24
DA:284,24
DA:286,2
DA:289,24
DA:290,3
DA:292,8
DA:296,24
DA:297,1
DA:299,24
DA:300,1
DA:302,24
DA:303,24
DA:307,1
DA:311,3
DA:316,2300
DA:317,300
DA:321,2300
DA:322,2300
DA:323,2300
DA:327,2300
DA:331,2300
DA:335,23
DA:339,23
DA:340,23
DA:341,3
DA:345,24
DA:346,24
DA:347,23
DA:348,23
DA:349,23
DA:353,24
DA:357,23
DA:358,3
LF:144
LH:144
BRDA:28,0,0,348684
BRDA:28,0,1,336883
BRDA:32,1,0,322884
BRDA:32,1,1,270559
BRDA:36,2,0,348680
BRDA:36,2,1,322880
BRDA:41,3,0,152154
BRDA:41,3,1,50718
BRDA:46,4,0,16906
BRDA:46,4,1,135248
BRDA:64,5,0,97900
BRDA:64,5,1,48400
BRDA:70,6,0,173793
BRDA:70,6,1,169292
BRDA:78,7,0,169292
BRDA:78,7,1,173793
BRDA:86,8,0,125390
BRDA:86,8,1,125390
BRDA:94,9,0,125390
BRDA:94,9,1,125390
BRDA:112,10,0,47534
BRDA:112,10,1,329670
BRDA:121,11,0,40354
BRDA:121,11,1,289316
BRDA:144,12,0,127778
BRDA:144,12,1,16600
BRDA:149,13,0,40354
BRDA:149,13,1,127778
BRDA:165,14,0,121078
BRDA:165,14,1,129702
BRDA:172,15,0,82648
BRDA:172,15,1,168132
BRDA:184,16,0,121078
BRDA:184,16,1,47054
BRDA:215,17,0,602
BRDA:215,17,1,6309
BRDA:239,18,0,3806
BRDA:239,18,1,3606
BRDA:244,19,0,501
BRDA:244,19,1,3305
BRDA:258,20,0,2002
BRDA:258,20,1,301
BRDA:264,21,0,300
BRDA:264,21,1,2000
BRDA:274,22,0,1
BRDA:274,22,1,23
BRDA:289,23,0,3
BRDA:289,23,1,21
BRDA:296,24,0,1
BRDA:296,24,1,23
BRDA:299,25,0,1
BRDA:299,25,1,23
BRDA:316,26,0,2000
BRDA:316,26,1,300
BRDA:327,27,0,23
BRDA:327,27,1,3
BRDA:340,28,0,20
BRDA:340,28,1,3
BRDA:346,29,0,1
BRDA:346,29,1,23
BRDA:357,30,0,20
BRDA:357,30,1,3
BRF:62
BRH:62
end_of_record
TN:
SF:src/toys/2025-05-11/battleshipSolitaireClues.js
FN:9,generateClues
FN:15,(anonymous_1)
FN:16,(anonymous_2)
FN:23,getShipCells
FN:28,getHorizontalCells
FN:36,getVerticalCells
FN:45,incrementClues
FN:52,isValidX
FN:56,isValidY
FN:60,parseFleet
FN:73,isValidFleet
FNF:11
FNH:11
FNDA:26,generateClues
FNDA:11,(anonymous_1)
FNDA:23,(anonymous_2)
FNDA:11,getShipCells
FNDA:7,getHorizontalCells
FNDA:4,getVerticalCells
FNDA:23,incrementClues
FNDA:23,isValidX
FNDA:21,isValidY
FNDA:26,parseFleet
FNDA:25,isValidFleet
DA:10,26
DA:11,26
DA:12,10
DA:13,10
DA:14,10
DA:15,10
DA:16,11
DA:17,23
DA:20,10
DA:24,11
DA:25,4
DA:29,7
DA:30,7
DA:31,13
DA:33,7
DA:37,4
DA:38,4
DA:39,10
DA:41,4
DA:46,23
DA:47,17
DA:48,17
DA:53,23
DA:57,21
DA:62,26
DA:63,26
DA:65,1
DA:67,25
DA:68,15
DA:70,10
DA:74,25
LF:31
LH:31
BRDA:11,0,0,16
BRDA:11,0,1,10
BRDA:24,1,0,7
BRDA:24,1,1,4
BRDA:46,2,0,17
BRDA:46,2,1,6
BRDA:46,3,0,23
BRDA:46,3,1,21
BRDA:53,4,0,23
BRDA:53,4,1,22
BRDA:57,5,0,21
BRDA:57,5,1,20
BRDA:67,6,0,15
BRDA:67,6,1,10
BRDA:75,7,0,25
BRDA:75,7,1,11
BRDA:75,7,2,10
BRF:17
BRH:17
end_of_record
TN:
SF:src/toys/2025-05-13/base64Encoder.js
FN:4,encodeBase64
FNF:1
FNH:1
FNDA:1,encodeBase64
DA:5,1
DA:6,1
LF:2
LH:2
BRF:0
BRH:0
end_of_record
TN:
SF:src/toys/2025-05-15/stringToJsonArray.js
FN:9,stringToJsonArrayToy
FN:16,(anonymous_1)
FNF:2
FNH:2
FNDA:6,stringToJsonArrayToy
FNDA:13,(anonymous_1)
DA:10,6
DA:11,1
DA:13,5
DA:14,5
DA:16,13
DA:18,5
LF:6
LH:6
BRDA:10,0,0,1
BRDA:10,0,1,5
BRF:2
BRH:2
end_of_record
TN:
SF:src/toys/2025-06-09/startLocalDendriteStory.js
FN:1,startLocalDendriteStory
FNF:1
FNH:1
FNDA:8,startLocalDendriteStory
DA:2,8
DA:3,8
DA:4,7
DA:5,7
DA:6,7
DA:8,7
DA:9,7
DA:10,7
DA:11,3
DA:13,7
DA:14,3
DA:16,7
DA:17,2
DA:19,7
DA:20,2
DA:23,7
DA:30,7
DA:31,7
DA:32,7
DA:33,2
DA:35,7
DA:36,4
DA:38,7
DA:39,7
DA:41,7
DA:43,1
LF:26
LH:26
BRDA:10,0,0,3
BRDA:10,0,1,4
BRDA:13,1,0,3
BRDA:13,1,1,4
BRDA:16,2,0,2
BRDA:16,2,1,5
BRDA:19,3,0,2
BRDA:19,3,1,5
BRDA:32,4,0,2
BRDA:32,4,1,5
BRDA:32,5,0,7
BRDA:32,5,1,6
BRDA:35,6,0,4
BRDA:35,6,1,3
BRF:14
BRH:14
end_of_record
TN:
SF:src/toys/2025-06-09/uuid.js
FN:3,uuidToy
FNF:1
FNH:1
FNDA:1,uuidToy
DA:4,1
DA:5,1
LF:2
LH:2
BRF:0
BRH:0
end_of_record
TN:
SF:src/utils/index.js
FNF:0
FNH:0
LF:0
LH:0
BRF:0
BRH:0
end_of_record
TN:
SF:src/utils/objectUtils.js
FN:7,pick
FN:10,(anonymous_1)
FN:24,mapValues
FN:27,(anonymous_3)
FNF:4
FNH:4
FNDA:8,pick
FNDA:6,(anonymous_1)
FNDA:8,mapValues
FNDA:7,(anonymous_3)
DA:8,8
DA:10,4
DA:11,6
DA:12,4
DA:14,6
DA:25,8
DA:27,4
DA:28,7
DA:29,7
LF:9
LH:9
BRDA:8,0,0,4
BRDA:8,0,1,4
BRDA:8,1,0,8
BRDA:8,1,1,6
BRDA:11,2,0,4
BRDA:11,2,1,2
BRDA:25,3,0,4
BRDA:25,3,1,4
BRDA:25,4,0,8
BRDA:25,4,1,6
BRF:10
BRH:10
end_of_record
TN:
SF:src/utils/regexUtils.js
FN:8,escapeRegex
FN:21,createPattern
FN:33,matchesPattern
FNF:3
FNH:3
FNDA:13,escapeRegex
FNDA:6,createPattern
FNDA:6,matchesPattern
DA:1,2
DA:9,13
DA:10,9
DA:22,6
DA:23,6
DA:24,6
DA:34,6
LF:7
LH:7
BRDA:9,0,0,4
BRDA:9,0,1,9
BRDA:21,1,0,3
BRDA:21,2,0,4
BRDA:21,3,0,5
BRDA:23,4,0,2
BRDA:23,4,1,4
BRF:7
BRH:7
end_of_record
TN:
SF:src/utils/stringUtils.js
FN:6,isEmpty
FN:15,isValidText
FN:24,safeTrim
FNF:3
FNH:3
FNDA:12,isEmpty
FNDA:11,isValidText
FNDA:13,safeTrim
DA:7,12
DA:16,11
DA:25,13
DA:26,6
DA:28,7
LF:5
LH:5
BRDA:7,0,0,12
BRDA:7,0,1,6
BRDA:16,1,0,11
BRDA:16,1,1,6
BRDA:25,2,0,6
BRDA:25,2,1,7
BRF:6
BRH:6
end_of_record
TN:
SF:src/utils/validation.js
FN:7,isType
FN:16,isValidString
FN:25,isValidBoolean
FNF:3
FNH:3
FNDA:33,isType
FNDA:11,isValidString
FNDA:17,isValidBoolean
DA:8,33
DA:17,11
DA:26,17
DA:27,15
DA:28,9
DA:29,9
DA:31,6
LF:7
LH:7
BRDA:17,0,0,11
BRDA:17,0,1,5
BRDA:26,1,0,2
BRDA:26,1,1,15
BRDA:27,2,0,9
BRDA:27,2,1,6
BRDA:29,3,0,9
BRDA:29,3,1,6
BRF:8
BRH:8
end_of_record
