TN:
SF:src/browser/audio-controls.js
FN:1,(anonymous_0)
FN:2,(anonymous_1)
FN:8,(anonymous_2)
FN:9,(anonymous_3)
FN:15,(anonymous_4)
FN:16,(anonymous_5)
FN:25,(anonymous_6)
FN:26,(anonymous_7)
FN:33,setupAudio
FN:37,(anonymous_9)
FNF:10
FNH:10
FNDA:15,(anonymous_0)
FNDA:2,(anonymous_1)
FNDA:15,(anonymous_2)
FNDA:2,(anonymous_3)
FNDA:16,(anonymous_4)
FNDA:3,(anonymous_5)
FNDA:16,(anonymous_6)
FNDA:3,(anonymous_7)
FNDA:13,setupAudio
FNDA:13,(anonymous_9)
DA:1,1
DA:2,15
DA:3,2
DA:4,2
DA:8,1
DA:9,15
DA:10,2
DA:11,2
DA:15,1
DA:16,16
DA:17,3
DA:18,3
DA:19,3
DA:25,1
DA:26,16
DA:27,3
DA:28,3
DA:29,3
DA:36,13
DA:37,13
DA:38,13
DA:39,13
DA:40,12
DA:43,13
DA:44,13
DA:45,13
DA:47,13
DA:48,13
DA:49,13
DA:51,13
DA:52,13
DA:53,13
DA:54,13
DA:55,13
DA:57,13
DA:59,13
DA:60,13
DA:61,13
DA:62,13
DA:64,13
DA:65,13
DA:66,13
DA:67,13
DA:68,13
DA:70,13
DA:71,13
DA:73,13
DA:74,13
DA:75,13
DA:76,13
DA:77,13
DA:78,13
DA:79,13
DA:81,13
LF:54
LH:54
BRDA:39,0,0,12
BRDA:39,0,1,1
BRF:2
BRH:2
end_of_record
TN:
SF:src/browser/common.js
FN:8,isNonNullNonArray
FN:12,isObject
FNF:2
FNH:2
FNDA:65,isNonNullNonArray
FNDA:65,isObject
DA:9,65
DA:13,65
LF:2
LH:2
BRDA:9,0,0,65
BRDA:9,0,1,61
BRDA:13,1,0,65
BRDA:13,1,1,60
BRF:4
BRH:4
end_of_record
TN:
SF:src/browser/data.js
FN:10,getBlogState
FN:19,isFetchInProgress
FN:30,shouldUseExistingFetch
FN:45,getEncodeBase64
FN:46,(anonymous_4)
FN:57,fetchAndCacheBlogData
FN:71,(anonymous_6)
FN:77,(anonymous_7)
FN:82,(anonymous_8)
FN:87,(anonymous_9)
FN:99,(anonymous_10)
FN:111,bothAreNotArrays
FN:115,bothAreNonNullObjects
FN:119,shouldDeepMerge
FN:126,deepMerge
FN:128,(anonymous_15)
FN:141,stripInternalFields
FN:147,restoreBlogState
FN:159,shouldCopyStateForFetch
FN:163,hasTemporaryProperty
FN:167,isNonNullObject
FN:171,isInvalidState
FN:175,validateIncomingState
FN:184,isIdleStatus
FN:188,tryFetchingBlog
FN:194,maybeLogFetchError
FN:201,handleBlogFetchState
FN:202,(anonymous_27)
FN:213,shouldDeepCopyForFetch
FN:222,getRelevantStateCopy
FN:239,(anonymous_30)
FN:255,(anonymous_31)
FNF:32
FNH:32
FNDA:28,getBlogState
FNDA:11,isFetchInProgress
FNDA:3,shouldUseExistingFetch
FNDA:1,getEncodeBase64
FNDA:1,(anonymous_4)
FNDA:8,fetchAndCacheBlogData
FNDA:6,(anonymous_6)
FNDA:4,(anonymous_7)
FNDA:3,(anonymous_8)
FNDA:7,(anonymous_9)
FNDA:1,(anonymous_10)
FNDA:3,bothAreNotArrays
FNDA:11,bothAreNonNullObjects
FNDA:11,shouldDeepMerge
FNDA:10,deepMerge
FNDA:11,(anonymous_15)
FNDA:7,stripInternalFields
FNDA:3,restoreBlogState
FNDA:4,shouldCopyStateForFetch
FNDA:6,hasTemporaryProperty
FNDA:23,isNonNullObject
FNDA:8,isInvalidState
FNDA:8,validateIncomingState
FNDA:7,isIdleStatus
FNDA:7,tryFetchingBlog
FNDA:7,maybeLogFetchError
FNDA:7,handleBlogFetchState
FNDA:2,(anonymous_27)
FNDA:7,shouldDeepCopyForFetch
FNDA:7,getRelevantStateCopy
FNDA:7,(anonymous_30)
FNDA:8,(anonymous_31)
DA:1,32
DA:3,32
DA:11,28
DA:20,11
DA:21,11
DA:31,3
DA:32,1
DA:33,1
DA:35,2
DA:46,1
DA:58,8
DA:61,8
DA:62,1
DA:63,1
DA:66,7
DA:67,7
DA:68,7
DA:70,7
DA:72,6
DA:73,2
DA:75,4
DA:78,4
DA:79,4
DA:80,4
DA:83,3
DA:84,3
DA:85,3
DA:88,7
DA:91,7
DA:99,32
DA:100,1
DA:112,3
DA:116,11
DA:120,11
DA:127,10
DA:128,10
DA:129,11
DA:130,11
DA:131,11
DA:132,1
DA:134,10
DA:137,10
DA:138,10
DA:142,7
DA:143,21
DA:148,3
DA:149,3
DA:150,3
DA:151,3
DA:160,4
DA:164,6
DA:168,23
DA:172,8
DA:176,8
DA:177,5
DA:178,5
DA:185,7
DA:189,7
DA:190,2
DA:195,7
DA:196,7
DA:197,1
DA:202,7
DA:203,7
DA:204,7
DA:205,7
DA:214,7
DA:223,7
DA:224,7
DA:225,3
DA:227,4
DA:239,32
DA:240,7
DA:241,7
DA:242,7
DA:243,7
DA:255,32
DA:256,8
DA:257,8
DA:259,8
DA:260,3
DA:261,3
DA:262,3
LF:83
LH:83
BRDA:21,0,0,11
BRDA:21,0,1,3
BRDA:31,1,0,1
BRDA:31,1,1,2
BRDA:61,2,0,1
BRDA:61,2,1,7
BRDA:72,3,0,2
BRDA:72,3,1,4
BRDA:112,4,0,3
BRDA:112,4,1,1
BRDA:116,5,0,11
BRDA:116,5,1,4
BRDA:121,6,0,11
BRDA:121,6,1,3
BRDA:131,7,0,1
BRDA:131,7,1,10
BRDA:160,8,0,4
BRDA:160,8,1,3
BRDA:168,9,0,23
BRDA:168,9,1,14
BRDA:172,10,0,8
BRDA:172,10,1,6
BRDA:176,11,0,5
BRDA:176,11,1,3
BRDA:189,12,0,2
BRDA:189,12,1,5
BRDA:196,13,0,1
BRDA:196,13,1,6
BRDA:214,14,0,7
BRDA:214,14,1,5
BRDA:224,15,0,3
BRDA:224,15,1,4
BRF:32
BRH:32
end_of_record
TN:
SF:src/browser/setOutput.js
FN:4,setOutput
FN:14,processSetOutput
FN:21,handleValidOutputInput
FN:32,mergeOutputData
FNF:4
FNH:4
FNDA:10,setOutput
FNDA:9,processSetOutput
FNDA:8,handleValidOutputInput
FNDA:7,mergeOutputData
DA:6,10
DA:7,10
DA:9,1
DA:11,9
DA:15,9
DA:16,1
DA:18,8
DA:23,8
DA:24,7
DA:25,7
DA:26,7
DA:28,2
DA:33,7
DA:34,5
DA:35,5
DA:36,4
DA:38,5
DA:39,5
DA:40,5
LF:19
LH:19
BRDA:15,0,0,1
BRDA:15,0,1,8
BRDA:35,1,0,4
BRDA:35,1,1,1
BRF:4
BRH:4
end_of_record
TN:
SF:src/browser/tags.js
FN:1,startsWith
FN:5,hideIfHasClass
FN:21,(anonymous_2)
FN:21,(anonymous_3)
FN:36,(anonymous_4)
FN:36,(anonymous_5)
FN:45,(anonymous_6)
FN:55,makeHandleHideClick
FN:56,(anonymous_8)
FN:67,makeHandleHideSpan
FN:68,createHideSpan
FN:85,hideArticlesByClass
FN:98,toggleHideLink
FN:115,(anonymous_13)
FN:115,(anonymous_14)
FNF:15
FNH:15
FNDA:5,startsWith
FNDA:4,hideIfHasClass
FNDA:6,(anonymous_2)
FNDA:5,(anonymous_3)
FNDA:2,(anonymous_4)
FNDA:3,(anonymous_5)
FNDA:1,(anonymous_6)
FNDA:4,makeHandleHideClick
FNDA:1,(anonymous_8)
FNDA:7,makeHandleHideSpan
FNDA:3,createHideSpan
FNDA:3,hideArticlesByClass
FNDA:4,toggleHideLink
FNDA:5,(anonymous_13)
FNDA:2,(anonymous_14)
DA:2,5
DA:6,4
DA:7,2
DA:21,6
DA:22,5
DA:23,4
DA:24,4
DA:25,4
DA:26,4
DA:27,4
DA:36,5
DA:37,3
DA:38,3
DA:45,5
DA:46,1
DA:47,1
DA:56,4
DA:57,1
DA:58,1
DA:68,7
DA:69,3
DA:70,3
DA:71,3
DA:73,3
DA:74,3
DA:76,3
DA:77,3
DA:79,3
DA:80,3
DA:81,3
DA:86,3
DA:87,3
DA:88,4
DA:100,4
DA:102,3
DA:104,1
DA:115,5
DA:116,2
DA:117,2
LF:39
LH:39
BRDA:6,0,0,2
BRDA:6,0,1,2
BRDA:22,1,0,4
BRDA:22,1,1,1
BRDA:100,2,0,3
BRDA:100,2,1,1
BRF:6
BRH:6
end_of_record
TN:
SF:src/browser/toys.js
FN:14,(anonymous_0)
FN:30,(anonymous_1)
FN:50,(anonymous_2)
FN:63,(anonymous_3)
FN:64,(anonymous_4)
FN:76,(anonymous_5)
FN:76,(anonymous_6)
FN:92,(anonymous_7)
FN:104,(anonymous_8)
FN:118,(anonymous_9)
FN:132,(anonymous_10)
FN:132,(anonymous_11)
FN:137,(anonymous_12)
FN:141,(anonymous_13)
FN:153,(anonymous_14)
FN:164,(anonymous_15)
FN:174,(anonymous_16)
FN:185,(anonymous_17)
FN:186,(anonymous_18)
FN:209,(anonymous_19)
FN:221,getComponentInitializer
FN:222,(anonymous_21)
FN:239,getDropdownArticle
FN:243,getDropdownPostId
FN:248,handleDropdownChange
FN:267,(anonymous_25)
FN:268,(anonymous_26)
FN:279,setTextContent
FN:300,handleModuleError
FN:301,(anonymous_29)
FN:322,getModuleInitializer
FN:325,(anonymous_31)
FN:328,makeProcessingFunction
FN:329,(anonymous_33)
FN:334,makeInteractiveInitializer
FN:335,(anonymous_35)
FN:340,runModuleInitializer
FN:345,importModuleForIntersection
FN:368,handleIntersectingEntry
FN:374,getEntryHandler
FN:376,(anonymous_40)
FN:376,(anonymous_41)
FN:393,makeModuleConfig
FN:404,makeObserverCallback
FN:407,(anonymous_44)
FN:420,makeCreateIntersectionObserver
FN:421,(anonymous_46)
FN:443,enableInteractiveControls
FN:452,getText
FN:456,makeDisplayBody
FN:457,(anonymous_50)
FN:462,getFetchErrorHandler
FN:464,(anonymous_52)
FN:471,handleRequestResponse
FN:492,(anonymous_54)
FN:509,(anonymous_55)
FN:521,(anonymous_56)
FN:542,(anonymous_57)
FN:542,(anonymous_58)
FN:547,hasRequestField
FN:551,hasStringUrl
FN:564,createKeyInputHandler
FN:565,(anonymous_62)
FN:596,createValueInputHandler
FN:597,(anonymous_64)
FN:614,(anonymous_65)
FN:624,(anonymous_66)
FN:641,(anonymous_67)
FN:661,(anonymous_68)
FN:662,(anonymous_69)
FN:678,(anonymous_70)
FN:678,(anonymous_71)
FN:692,(anonymous_72)
FN:709,(anonymous_73)
FN:739,(anonymous_74)
FN:740,(anonymous_75)
FN:757,(anonymous_76)
FN:777,(anonymous_77)
FN:777,(anonymous_78)
FN:787,(anonymous_79)
FN:787,(anonymous_80)
FN:797,(anonymous_81)
FN:797,(anonymous_82)
FN:802,isValidParsedRequest
FN:803,(anonymous_84)
FN:806,handleParsedResult
FN:819,parseJSONResult
FN:848,createHandleInputError
FN:852,(anonymous_88)
FN:859,processInputAndSetOutput
FN:874,handleInputProcessing
FN:884,(anonymous_91)
FN:884,(anonymous_92)
FN:901,disableInputAndButton
FN:913,initializeInteractiveComponent
FN:956,createHandleKeyPress
FN:957,(anonymous_96)
FN:971,initializeVisibleComponents
FN:991,(anonymous_98)
FN:1017,(anonymous_99)
FN:1021,(anonymous_100)
FN:1039,(anonymous_101)
FN:1086,(anonymous_102)
FN:1087,(anonymous_103)
FN:1100,(anonymous_104)
FNF:105
FNH:105
FNDA:14,(anonymous_0)
FNDA:14,(anonymous_1)
FNDA:5,(anonymous_2)
FNDA:9,(anonymous_3)
FNDA:6,(anonymous_4)
FNDA:4,(anonymous_5)
FNDA:1,(anonymous_6)
FNDA:6,(anonymous_7)
FNDA:4,(anonymous_8)
FNDA:3,(anonymous_9)
FNDA:3,(anonymous_10)
FNDA:1,(anonymous_11)
FNDA:1,(anonymous_12)
FNDA:2,(anonymous_13)
FNDA:1,(anonymous_14)
FNDA:2,(anonymous_15)
FNDA:2,(anonymous_16)
FNDA:3,(anonymous_17)
FNDA:3,(anonymous_18)
FNDA:6,(anonymous_19)
FNDA:3,getComponentInitializer
FNDA:3,(anonymous_21)
FNDA:2,getDropdownArticle
FNDA:2,getDropdownPostId
FNDA:2,handleDropdownChange
FNDA:3,(anonymous_25)
FNDA:3,(anonymous_26)
FNDA:21,setTextContent
FNDA:5,handleModuleError
FNDA:1,(anonymous_29)
FNDA:5,getModuleInitializer
FNDA:1,(anonymous_31)
FNDA:5,makeProcessingFunction
FNDA:1,(anonymous_33)
FNDA:5,makeInteractiveInitializer
FNDA:1,(anonymous_35)
FNDA:1,runModuleInitializer
FNDA:4,importModuleForIntersection
FNDA:4,handleIntersectingEntry
FNDA:8,getEntryHandler
FNDA:6,(anonymous_40)
FNDA:6,(anonymous_41)
FNDA:8,makeModuleConfig
FNDA:8,makeObserverCallback
FNDA:6,(anonymous_44)
FNDA:8,makeCreateIntersectionObserver
FNDA:6,(anonymous_46)
FNDA:6,enableInteractiveControls
FNDA:8,getText
FNDA:7,makeDisplayBody
FNDA:4,(anonymous_50)
FNDA:7,getFetchErrorHandler
FNDA:3,(anonymous_52)
FNDA:6,handleRequestResponse
FNDA:6,(anonymous_54)
FNDA:1,(anonymous_55)
FNDA:2,(anonymous_56)
FNDA:7,(anonymous_57)
FNDA:6,(anonymous_58)
FNDA:8,hasRequestField
FNDA:6,hasStringUrl
FNDA:16,createKeyInputHandler
FNDA:5,(anonymous_62)
FNDA:17,createValueInputHandler
FNDA:5,(anonymous_64)
FNDA:10,(anonymous_65)
FNDA:1,(anonymous_66)
FNDA:13,(anonymous_67)
FNDA:14,(anonymous_68)
FNDA:6,(anonymous_69)
FNDA:21,(anonymous_70)
FNDA:8,(anonymous_71)
FNDA:10,(anonymous_72)
FNDA:12,(anonymous_73)
FNDA:10,(anonymous_74)
FNDA:10,(anonymous_75)
FNDA:10,(anonymous_76)
FNDA:12,(anonymous_77)
FNDA:2,(anonymous_78)
FNDA:19,(anonymous_79)
FNDA:2,(anonymous_80)
FNDA:10,(anonymous_81)
FNDA:1,(anonymous_82)
FNDA:13,isValidParsedRequest
FNDA:27,(anonymous_84)
FNDA:5,handleParsedResult
FNDA:3,parseJSONResult
FNDA:1,createHandleInputError
FNDA:1,(anonymous_88)
FNDA:4,processInputAndSetOutput
FNDA:1,handleInputProcessing
FNDA:4,(anonymous_91)
FNDA:1,(anonymous_92)
FNDA:3,disableInputAndButton
FNDA:3,initializeInteractiveComponent
FNDA:3,createHandleKeyPress
FNDA:2,(anonymous_96)
FNDA:3,initializeVisibleComponents
FNDA:8,(anonymous_98)
FNDA:4,(anonymous_99)
FNDA:4,(anonymous_100)
FNDA:3,(anonymous_101)
FNDA:1,(anonymous_102)
FNDA:1,(anonymous_103)
FNDA:1,(anonymous_104)
DA:14,30
DA:15,14
DA:18,14
DA:19,5
DA:22,9
DA:23,29
DA:24,19
DA:27,9
DA:30,30
DA:31,14
DA:32,14
DA:33,11
DA:35,4
DA:36,7
DA:37,3
DA:39,4
DA:41,3
DA:50,30
DA:51,5
DA:63,30
DA:64,9
DA:65,9
DA:76,30
DA:77,1
DA:78,1
DA:79,1
DA:92,30
DA:93,6
DA:94,6
DA:95,6
DA:104,30
DA:105,4
DA:106,4
DA:107,3
DA:108,3
DA:118,30
DA:119,3
DA:120,3
DA:121,2
DA:122,2
DA:132,30
DA:133,1
DA:136,30
DA:138,1
DA:139,1
DA:142,2
DA:143,2
DA:153,30
DA:154,1
DA:155,1
DA:164,30
DA:165,2
DA:166,2
DA:174,30
DA:175,2
DA:176,2
DA:179,30
DA:185,30
DA:186,3
DA:187,3
DA:188,3
DA:189,3
DA:190,3
DA:193,3
DA:194,3
DA:197,3
DA:198,3
DA:209,30
DA:210,6
DA:211,6
DA:222,3
DA:223,3
DA:224,3
DA:225,1
DA:226,1
DA:228,2
DA:229,2
DA:240,2
DA:244,2
DA:245,2
DA:249,2
DA:250,2
DA:251,2
DA:252,2
DA:254,2
DA:255,2
DA:267,30
DA:268,3
DA:271,30
DA:280,21
DA:281,21
DA:282,21
DA:283,21
DA:284,21
DA:301,5
DA:302,1
DA:323,5
DA:324,5
DA:325,5
DA:329,5
DA:330,1
DA:335,5
DA:336,1
DA:341,1
DA:342,1
DA:346,4
DA:347,4
DA:348,4
DA:369,4
DA:370,4
DA:371,4
DA:375,8
DA:376,8
DA:377,6
DA:378,4
DA:394,8
DA:405,8
DA:406,8
DA:407,8
DA:408,6
DA:409,6
DA:421,8
DA:422,6
DA:423,6
DA:424,6
DA:444,6
DA:445,6
DA:446,6
DA:447,6
DA:448,6
DA:449,6
DA:453,8
DA:457,7
DA:458,4
DA:463,7
DA:464,7
DA:465,3
DA:466,3
DA:467,3
DA:472,6
DA:473,6
DA:474,6
DA:475,6
DA:476,6
DA:492,30
DA:493,6
DA:494,6
DA:495,4
DA:497,6
DA:498,6
DA:509,30
DA:510,1
DA:511,1
DA:521,30
DA:522,2
DA:524,2
DA:525,1
DA:530,1
DA:533,2
DA:542,30
DA:543,6
DA:544,6
DA:548,8
DA:552,6
DA:565,16
DA:566,5
DA:567,5
DA:570,5
DA:571,1
DA:572,1
DA:576,4
DA:577,2
DA:578,2
DA:579,2
DA:583,4
DA:597,17
DA:598,5
DA:599,5
DA:600,5
DA:614,30
DA:615,10
DA:616,10
DA:617,10
DA:618,10
DA:620,10
DA:622,10
DA:623,10
DA:624,10
DA:625,10
DA:627,10
DA:641,30
DA:642,13
DA:643,13
DA:644,13
DA:645,13
DA:647,13
DA:648,13
DA:649,13
DA:650,13
DA:652,13
DA:661,30
DA:662,14
DA:664,6
DA:665,3
DA:666,3
DA:678,30
DA:679,8
DA:680,8
DA:681,8
DA:692,30
DA:693,10
DA:694,10
DA:695,10
DA:696,10
DA:697,10
DA:709,30
DA:710,12
DA:711,12
DA:712,12
DA:713,12
DA:714,12
DA:739,30
DA:740,10
DA:741,10
DA:742,10
DA:745,10
DA:746,10
DA:749,10
DA:751,10
DA:752,10
DA:753,10
DA:754,10
DA:757,30
DA:758,10
DA:759,10
DA:761,10
DA:762,4
DA:764,6
DA:767,10
DA:777,30
DA:778,2
DA:787,30
DA:788,2
DA:797,30
DA:798,1
DA:800,30
DA:803,27
DA:807,5
DA:808,5
DA:809,2
DA:811,5
DA:820,3
DA:821,3
DA:823,1
DA:849,1
DA:850,1
DA:851,1
DA:852,1
DA:853,1
DA:854,1
DA:855,1
DA:860,4
DA:861,4
DA:862,4
DA:863,4
DA:864,4
DA:866,4
DA:867,3
DA:868,3
DA:869,3
DA:870,2
DA:875,1
DA:876,1
DA:877,1
DA:878,1
DA:880,1
DA:884,30
DA:885,1
DA:886,1
DA:887,1
DA:902,3
DA:903,3
DA:914,3
DA:915,3
DA:916,3
DA:918,3
DA:919,3
DA:920,3
DA:921,3
DA:924,3
DA:926,3
DA:928,3
DA:931,3
DA:939,3
DA:942,3
DA:945,3
DA:948,3
DA:957,3
DA:958,2
DA:959,1
DA:972,3
DA:973,3
DA:974,1
DA:975,1
DA:977,2
DA:978,2
DA:979,2
DA:980,2
DA:981,2
DA:991,30
DA:993,8
DA:994,8
DA:995,23
DA:997,8
DA:1017,30
DA:1021,4
DA:1022,4
DA:1023,4
DA:1026,4
DA:1027,3
DA:1030,4
DA:1031,4
DA:1033,4
DA:1036,4
DA:1039,30
DA:1040,3
DA:1041,3
DA:1042,2
DA:1043,2
DA:1044,2
DA:1045,2
DA:1051,3
DA:1052,3
DA:1055,3
DA:1058,3
DA:1061,3
DA:1062,3
DA:1064,3
DA:1086,30
DA:1087,1
DA:1088,1
DA:1089,1
DA:1092,1
DA:1093,1
DA:1100,30
LF:345
LH:345
BRDA:18,0,0,5
BRDA:18,0,1,9
BRDA:23,1,0,19
BRDA:23,1,1,10
BRDA:23,2,0,29
BRDA:23,2,1,25
BRDA:23,2,2,23
BRDA:24,3,0,19
BRDA:24,3,1,4
BRDA:32,4,0,14
BRDA:32,4,1,1
BRDA:33,5,0,4
BRDA:33,5,1,7
BRDA:36,6,0,3
BRDA:36,6,1,4
BRDA:36,7,0,7
BRDA:36,7,1,6
BRDA:106,8,0,3
BRDA:106,8,1,1
BRDA:120,9,0,2
BRDA:120,9,1,1
BRDA:193,10,0,3
BRDA:193,10,1,2
BRDA:197,11,0,3
BRDA:197,11,1,2
BRDA:224,12,0,1
BRDA:224,12,1,2
BRDA:255,13,0,2
BRDA:255,13,1,1
BRDA:377,14,0,4
BRDA:377,14,1,2
BRDA:494,15,0,4
BRDA:494,15,1,2
BRDA:524,16,0,1
BRDA:524,16,1,1
BRDA:552,17,0,6
BRDA:552,17,1,6
BRDA:570,18,0,1
BRDA:570,18,1,4
BRDA:576,19,0,2
BRDA:576,19,1,2
BRDA:576,20,0,4
BRDA:576,20,1,3
BRDA:664,21,0,3
BRDA:664,21,1,3
BRDA:761,22,0,4
BRDA:761,22,1,6
BRDA:808,23,0,2
BRDA:808,23,1,3
BRDA:869,24,0,2
BRDA:869,24,1,1
BRDA:958,25,0,1
BRDA:958,25,1,1
BRDA:973,26,0,1
BRDA:973,26,1,2
BRDA:995,27,0,18
BRDA:995,27,1,5
BRDA:995,28,0,23
BRDA:995,28,1,6
BRDA:1026,29,0,3
BRDA:1026,29,1,1
BRDA:1041,30,0,2
BRDA:1041,30,1,1
BRF:63
BRH:63
end_of_record
TN:
SF:src/constants/markdown.js
FNF:0
FNH:0
DA:4,1
DA:26,1
DA:47,1
DA:64,1
LF:4
LH:4
BRF:0
BRH:0
end_of_record
TN:
SF:src/generator/full-width.js
FNF:0
FNH:0
DA:1,2
LF:1
LH:1
BRF:0
BRH:0
end_of_record
TN:
SF:src/generator/generator.js
FN:13,createParagraphs
FN:15,(anonymous_1)
FN:21,createBlockquote
FN:54,createDiv
FN:66,getKeyClass
FN:73,buildLabeledSectionPair
FN:78,defaultWrapValueDiv
FN:83,defaultKeyExtraClasses
FN:88,applyLabeledSectionDefaults
FN:92,prepareLabeledSectionArgs
FN:99,createLabeledSection
FN:104,labeledSectionValuePart
FN:117,joinClasses
FN:127,createValueDiv
FN:139,createPair
FN:148,createDateFromString
FN:157,formatDateWithOptions
FN:166,formatDate
FN:182,createHeaderContent
FN:187,(anonymous_19)
FN:196,createSection
FN:204,createHeaderSection
FN:217,createFooterContent
FN:227,createFooterSection
FN:237,createContainerDivOpen
FN:245,createHeaderContentArray
FN:258,createPageHeader
FN:267,createContainerDivClose
FN:274,createBodyClose
FN:281,createFooterContentArray
FN:294,createPageFooter
FN:303,convertPostToArticleHTML
FN:310,formatArticleHTML
FN:317,processPostsToHTML
FN:326,generateArticles
FN:333,createIdAttributeIfNeeded
FN:337,getTagClassList
FN:339,(anonymous_37)
FN:345,createArticleClassAttr
FN:351,createArticleAttributes
FN:360,formatArticleContent
FN:367,generateArticle
FN:377,getContentArray
FN:384,isFirstContentItem
FN:391,createContentItemWithIndex
FN:419,(anonymous_45)
FN:419,(anonymous_46)
FN:420,(anonymous_47)
FN:420,(anonymous_48)
FN:434,getContentNormalizer
FN:435,(anonymous_50)
FN:444,normalizeContentItem
FN:453,getContentRenderer
FN:462,renderValueDiv
FN:469,renderAsParagraph
FN:479,createContentSectionItem
FN:493,generateContentSections
FN:502,generateHeaderSection
FN:512,createTitleValue
FN:521,generateTitleSection
FN:533,generateDateSection
FN:543,hasTags
FN:552,generateTagsSection
FN:556,(anonymous_63)
FN:569,(anonymous_64)
FN:570,(anonymous_65)
FN:571,(anonymous_66)
FN:574,shouldDisplayMedia
FN:579,isNonEmptyArray
FN:588,hasRelatedLinks
FN:602,generateMediaContent
FN:610,createIllustrationImage
FN:621,createAudioSource
FN:629,createYouTubeIframe
FN:656,buildMediaContent
FN:667,buildMediaSection
FN:680,(anonymous_76)
FN:680,(anonymous_77)
FN:685,generateMediaSections
FN:686,(anonymous_79)
FN:696,escapeRelatedLinkFields
FN:698,(anonymous_81)
FN:708,prefixIfPresent
FN:716,formatTitleByType
FN:718,(anonymous_84)
FN:719,(anonymous_85)
FN:720,(anonymous_86)
FN:721,(anonymous_87)
FN:727,(anonymous_88)
FN:732,formatBaseLink
FN:737,wrapIfPresent
FN:745,createLinkParts
FN:754,composeLinkParts
FN:759,formatRelatedLink
FN:771,generateRelatedLinksSection
FN:775,(anonymous_95)
FN:785,allTruthy
FN:786,(anonymous_97)
FN:789,hasToy
FN:791,(anonymous_99)
FN:792,(anonymous_100)
FN:793,(anonymous_101)
FN:794,(anonymous_102)
FN:814,buildSelect
FN:815,(anonymous_104)
FN:824,getToyOutputSelectDropdown
FN:828,getToyOutputValueContent
FN:840,generateToyScript
FN:847,(anonymous_108)
FN:848,(anonymous_109)
FN:852,buildToySection
FN:861,generateToyUISection
FN:865,(anonymous_112)
FN:873,generateToyScriptSection
FN:885,getArticleSections
FN:905,generateArticleContent
FN:919,getBlogHtmlContent
FN:928,getArticles
FN:939,assembleBlogHTML
FN:944,generateBlog
FN:950,(anonymous_120)
FN:960,getBlogGenerationArgs
FN:966,(anonymous_122)
FNF:123
FNH:123
FNDA:2,createParagraphs
FNDA:2,(anonymous_1)
FNDA:2,createBlockquote
FNDA:103,createDiv
FNDA:48,getKeyClass
FNDA:48,buildLabeledSectionPair
FNDA:48,defaultWrapValueDiv
FNDA:48,defaultKeyExtraClasses
FNDA:48,applyLabeledSectionDefaults
FNDA:48,prepareLabeledSectionArgs
FNDA:48,createLabeledSection
FNDA:48,labeledSectionValuePart
FNDA:53,joinClasses
FNDA:17,createValueDiv
FNDA:77,createPair
FNDA:17,createDateFromString
FNDA:17,formatDateWithOptions
FNDA:17,formatDate
FNDA:2,createHeaderContent
FNDA:4,(anonymous_19)
FNDA:4,createSection
FNDA:2,createHeaderSection
FNDA:2,createFooterContent
FNDA:2,createFooterSection
FNDA:2,createContainerDivOpen
FNDA:2,createHeaderContentArray
FNDA:2,createPageHeader
FNDA:2,createContainerDivClose
FNDA:2,createBodyClose
FNDA:2,createFooterContentArray
FNDA:2,createPageFooter
FNDA:17,convertPostToArticleHTML
FNDA:17,formatArticleHTML
FNDA:11,processPostsToHTML
FNDA:11,generateArticles
FNDA:17,createIdAttributeIfNeeded
FNDA:17,getTagClassList
FNDA:4,(anonymous_37)
FNDA:17,createArticleClassAttr
FNDA:17,createArticleAttributes
FNDA:17,formatArticleContent
FNDA:17,generateArticle
FNDA:17,getContentArray
FNDA:12,isFirstContentItem
FNDA:12,createContentItemWithIndex
FNDA:12,(anonymous_45)
FNDA:10,(anonymous_46)
FNDA:2,(anonymous_47)
FNDA:2,(anonymous_48)
FNDA:12,getContentNormalizer
FNDA:14,(anonymous_50)
FNDA:12,normalizeContentItem
FNDA:12,getContentRenderer
FNDA:12,renderValueDiv
FNDA:10,renderAsParagraph
FNDA:12,createContentSectionItem
FNDA:17,generateContentSections
FNDA:17,generateHeaderSection
FNDA:17,createTitleValue
FNDA:17,generateTitleSection
FNDA:17,generateDateSection
FNDA:34,hasTags
FNDA:17,generateTagsSection
FNDA:4,(anonymous_63)
FNDA:17,(anonymous_64)
FNDA:17,(anonymous_65)
FNDA:17,(anonymous_66)
FNDA:51,shouldDisplayMedia
FNDA:4,isNonEmptyArray
FNDA:17,hasRelatedLinks
FNDA:10,generateMediaContent
FNDA:4,createIllustrationImage
FNDA:4,createAudioSource
FNDA:2,createYouTubeIframe
FNDA:10,buildMediaContent
FNDA:51,buildMediaSection
FNDA:6,(anonymous_76)
FNDA:51,(anonymous_77)
FNDA:17,generateMediaSections
FNDA:51,(anonymous_79)
FNDA:11,escapeRelatedLinkFields
FNDA:55,(anonymous_81)
FNDA:22,prefixIfPresent
FNDA:11,formatTitleByType
FNDA:3,(anonymous_84)
FNDA:1,(anonymous_85)
FNDA:3,(anonymous_86)
FNDA:1,(anonymous_87)
FNDA:3,(anonymous_88)
FNDA:11,formatBaseLink
FNDA:11,wrapIfPresent
FNDA:11,createLinkParts
FNDA:11,composeLinkParts
FNDA:11,formatRelatedLink
FNDA:17,generateRelatedLinksSection
FNDA:11,(anonymous_95)
FNDA:34,allTruthy
FNDA:80,(anonymous_97)
FNDA:34,hasToy
FNDA:34,(anonymous_99)
FNDA:34,(anonymous_100)
FNDA:6,(anonymous_101)
FNDA:6,(anonymous_102)
FNDA:3,buildSelect
FNDA:15,(anonymous_104)
FNDA:3,getToyOutputSelectDropdown
FNDA:3,getToyOutputValueContent
FNDA:3,generateToyScript
FNDA:3,(anonymous_108)
FNDA:3,(anonymous_109)
FNDA:9,buildToySection
FNDA:17,generateToyUISection
FNDA:9,(anonymous_112)
FNDA:17,generateToyScriptSection
FNDA:17,getArticleSections
FNDA:17,generateArticleContent
FNDA:11,getBlogHtmlContent
FNDA:11,getArticles
FNDA:11,assembleBlogHTML
FNDA:11,generateBlog
FNDA:2,(anonymous_120)
FNDA:2,getBlogGenerationArgs
FNDA:1,(anonymous_122)
DA:14,2
DA:15,2
DA:17,1
DA:22,2
DA:25,2
DA:37,2
DA:38,2
DA:39,2
DA:40,2
DA:41,2
DA:46,2
DA:55,103
DA:56,103
DA:67,48
DA:68,10
DA:70,38
DA:74,48
DA:75,48
DA:79,48
DA:80,48
DA:84,48
DA:85,48
DA:89,48
DA:93,48
DA:94,48
DA:95,48
DA:96,48
DA:100,48
DA:101,48
DA:105,48
DA:106,13
DA:108,35
DA:118,53
DA:128,17
DA:129,17
DA:130,17
DA:140,77
DA:149,17
DA:158,17
DA:167,17
DA:168,17
DA:173,2
DA:183,2
DA:187,4
DA:188,2
DA:197,4
DA:205,2
DA:206,2
DA:211,2
DA:218,2
DA:219,2
DA:220,2
DA:228,2
DA:229,2
DA:238,2
DA:239,2
DA:246,2
DA:259,2
DA:260,2
DA:261,2
DA:268,2
DA:275,2
DA:282,2
DA:295,2
DA:296,2
DA:297,2
DA:304,17
DA:311,17
DA:318,11
DA:327,11
DA:334,17
DA:338,17
DA:339,4
DA:341,15
DA:346,17
DA:347,17
DA:348,17
DA:352,17
DA:353,17
DA:354,17
DA:361,17
DA:368,17
DA:369,17
DA:370,17
DA:371,17
DA:378,17
DA:385,12
DA:392,12
DA:393,12
DA:418,2
DA:419,12
DA:420,2
DA:423,2
DA:435,14
DA:436,12
DA:445,12
DA:454,12
DA:463,12
DA:464,12
DA:465,12
DA:470,10
DA:480,12
DA:481,12
DA:482,12
DA:483,9
DA:485,12
DA:486,12
DA:487,12
DA:494,17
DA:495,17
DA:496,17
DA:503,17
DA:504,17
DA:505,17
DA:506,17
DA:513,17
DA:514,17
DA:515,17
DA:522,17
DA:523,17
DA:524,17
DA:525,17
DA:534,17
DA:535,17
DA:544,34
DA:553,17
DA:554,15
DA:556,2
DA:557,4
DA:558,4
DA:560,2
DA:561,2
DA:568,2
DA:569,17
DA:570,17
DA:571,17
DA:575,51
DA:576,51
DA:580,4
DA:589,17
DA:603,10
DA:612,4
DA:613,4
DA:614,4
DA:615,4
DA:622,4
DA:623,4
DA:630,2
DA:631,2
DA:632,2
DA:633,2
DA:642,2
DA:649,2
DA:657,10
DA:658,10
DA:659,10
DA:660,10
DA:661,4
DA:663,10
DA:668,51
DA:669,41
DA:671,10
DA:679,2
DA:680,51
DA:686,51
DA:687,17
DA:695,2
DA:697,11
DA:698,11
DA:699,55
DA:700,44
DA:702,11
DA:704,55
DA:709,22
DA:710,19
DA:712,3
DA:717,11
DA:718,3
DA:719,1
DA:720,3
DA:721,1
DA:724,11
DA:725,8
DA:727,3
DA:729,11
DA:733,11
DA:734,11
DA:738,11
DA:739,3
DA:741,8
DA:746,11
DA:755,11
DA:756,11
DA:760,11
DA:761,11
DA:762,11
DA:763,11
DA:772,17
DA:773,13
DA:775,11
DA:776,4
DA:777,4
DA:786,80
DA:790,34
DA:791,34
DA:792,34
DA:793,6
DA:794,6
DA:805,2
DA:815,15
DA:816,3
DA:825,3
DA:829,3
DA:830,3
DA:831,3
DA:832,3
DA:841,3
DA:842,3
DA:846,2
DA:847,3
DA:848,3
DA:853,9
DA:862,17
DA:863,14
DA:865,9
DA:874,17
DA:875,14
DA:877,3
DA:886,17
DA:887,17
DA:888,17
DA:889,17
DA:890,17
DA:891,17
DA:892,17
DA:906,17
DA:920,11
DA:929,11
DA:940,11
DA:941,11
DA:945,11
DA:946,11
DA:947,11
DA:950,2
DA:961,2
DA:962,2
DA:963,2
DA:966,2
DA:967,1
DA:968,1
LF:250
LH:250
BRDA:14,0,0,1
BRDA:14,0,1,1
BRDA:67,1,0,10
BRDA:67,1,1,38
BRDA:79,2,0,13
BRDA:79,2,1,35
BRDA:84,3,0,38
BRDA:84,3,1,10
BRDA:105,4,0,13
BRDA:105,4,1,35
BRDA:127,5,0,15
BRDA:338,6,0,2
BRDA:338,6,1,15
BRDA:378,7,0,17
BRDA:378,7,1,8
BRDA:419,8,0,12
BRDA:419,8,1,2
BRDA:482,9,0,9
BRDA:482,9,1,3
BRDA:544,10,0,34
BRDA:544,10,1,6
BRDA:553,11,0,15
BRDA:553,11,1,2
BRDA:580,12,0,4
BRDA:580,12,1,4
BRDA:589,13,0,17
BRDA:589,13,1,4
BRDA:612,14,0,4
BRDA:612,14,1,2
BRDA:660,15,0,4
BRDA:660,15,1,6
BRDA:668,16,0,41
BRDA:668,16,1,10
BRDA:699,17,0,44
BRDA:699,17,1,11
BRDA:709,18,0,19
BRDA:709,18,1,3
BRDA:724,19,0,8
BRDA:724,19,1,3
BRDA:738,20,0,3
BRDA:738,20,1,8
BRDA:772,21,0,13
BRDA:772,21,1,4
BRDA:862,22,0,14
BRDA:862,22,1,3
BRDA:874,23,0,14
BRDA:874,23,1,3
BRF:47
BRH:47
end_of_record
TN:
SF:src/generator/head.js
FNF:0
FNH:0
DA:3,2
LF:1
LH:1
BRF:0
BRH:0
end_of_record
TN:
SF:src/generator/html.js
FN:37,join
FN:55,getOpeningTagParts
FN:68,createOpeningTag
FN:78,getClosingTagParts
FN:87,createClosingTag
FN:99,createTag
FN:112,getAttrPairParts
FN:122,createAttrPair
FN:135,applyHtmlEscapeReplacement
FN:146,applyAllHtmlEscapeReplacements
FN:155,escapeHtml
FN:164,createHtmlTag
FN:174,wrapHtml
FNF:13
FNH:13
FNDA:684,join
FNDA:125,getOpeningTagParts
FNDA:125,createOpeningTag
FNDA:123,getClosingTagParts
FNDA:123,createClosingTag
FNDA:123,createTag
FNDA:140,getAttrPairParts
FNDA:140,createAttrPair
FNDA:255,applyHtmlEscapeReplacement
FNDA:51,applyAllHtmlEscapeReplacements
FNDA:51,escapeHtml
FNDA:1,createHtmlTag
FNDA:1,wrapHtml
DA:4,3
DA:7,3
DA:12,3
DA:15,3
DA:22,3
DA:38,684
DA:42,3
DA:43,3
DA:44,3
DA:45,3
DA:46,3
DA:47,3
DA:56,125
DA:57,123
DA:59,2
DA:69,125
DA:70,125
DA:79,123
DA:88,123
DA:89,123
DA:100,123
DA:101,123
DA:102,123
DA:103,123
DA:113,140
DA:123,140
DA:124,140
DA:136,255
DA:137,255
DA:147,51
DA:156,51
DA:165,1
DA:166,1
DA:175,1
DA:176,1
LF:35
LH:35
BRDA:56,0,0,123
BRDA:56,0,1,2
BRDA:68,1,0,1
BRF:3
BRH:3
end_of_record
TN:
SF:src/generator/styles.js
FNF:0
FNH:0
DA:1,2
LF:1
LH:1
BRF:0
BRH:0
end_of_record
TN:
SF:src/generator/title.js
FNF:0
FNH:0
DA:10,2
LF:1
LH:1
BRF:0
BRH:0
end_of_record
TN:
SF:src/presenters/battleshipSolitaireClues.js
FN:26,validateCluesObject
FN:31,(anonymous_1)
FN:32,(anonymous_2)
FN:41,padLeft
FN:45,buildColumnDigitMatrix
FN:48,(anonymous_5)
FN:49,(anonymous_6)
FN:51,(anonymous_7)
FN:58,createBattleshipCluesBoardElement
FN:82,(anonymous_9)
FN:87,(anonymous_10)
FN:88,(anonymous_11)
FNF:12
FNH:12
FNDA:5,validateCluesObject
FNDA:5,(anonymous_1)
FNDA:5,(anonymous_2)
FNDA:121,padLeft
FNDA:6,buildColumnDigitMatrix
FNDA:7,(anonymous_5)
FNDA:54,(anonymous_6)
FNDA:58,(anonymous_7)
FNDA:6,createBattleshipCluesBoardElement
FNDA:7,(anonymous_9)
FNDA:53,(anonymous_10)
FNDA:53,(anonymous_11)
DA:27,5
DA:28,4
DA:29,1
DA:31,5
DA:32,5
DA:33,1
DA:35,2
DA:36,1
DA:38,1
DA:42,121
DA:46,6
DA:48,7
DA:49,6
DA:50,54
DA:51,54
DA:52,58
DA:55,6
DA:60,6
DA:61,6
DA:62,6
DA:64,1
DA:66,6
DA:67,5
DA:68,5
DA:70,6
DA:71,5
DA:74,6
DA:75,6
DA:76,6
DA:78,6
DA:81,6
DA:82,6
DA:83,7
DA:87,53
DA:88,6
DA:89,53
DA:90,53
DA:94,6
DA:97,6
DA:98,6
DA:100,6
DA:101,6
DA:102,6
LF:43
LH:43
BRDA:27,0,0,1
BRDA:27,0,1,4
BRDA:27,1,0,5
BRDA:27,1,1,5
BRDA:28,2,0,1
BRDA:28,2,1,3
BRDA:28,3,0,4
BRDA:28,3,1,4
BRDA:31,4,0,1
BRDA:31,4,1,2
BRDA:31,5,0,3
BRDA:31,5,1,2
BRDA:35,6,0,1
BRDA:35,6,1,1
BRDA:35,7,0,2
BRDA:35,7,1,1
BRDA:52,8,0,3
BRDA:52,8,1,55
BRDA:66,9,0,5
BRDA:66,9,1,1
BRDA:68,10,0,4
BRDA:68,10,1,1
BRDA:70,11,0,5
BRDA:70,11,1,1
BRF:24
BRH:24
end_of_record
TN:
SF:src/presenters/battleshipSolitaireFleet.js
FN:20,validateFleetObject
FN:22,(anonymous_1)
FN:23,(anonymous_2)
FN:24,(anonymous_3)
FN:25,(anonymous_4)
FN:27,(anonymous_5)
FN:31,placeShipsOnBoard
FN:32,(anonymous_7)
FN:36,placeSingleShipOnBoard
FN:44,fillShipOnBoard
FN:45,(anonymous_10)
FN:52,fillShipCell
FN:59,getShipCellY
FN:66,getShipCellX
FN:73,markShipCellOnBoard
FN:82,isMalformedShip
FN:89,(anonymous_16)
FN:92,isMissingStart
FN:96,isInvalidStartCoordinates
FN:100,isInvalidLength
FN:104,isInvalidDirection
FN:108,isOutOfBounds
FN:112,isNegativeCoordinate
FN:117,isCoordinateExceedsDimensions
FN:123,createBattleshipFleetBoardElement
FN:135,handleParsedFleet
FN:145,renderFleetBoard
FN:148,(anonymous_27)
FN:157,(anonymous_28)
FN:158,(anonymous_29)
FNF:30
FNH:30
FNDA:6,validateFleetObject
FNDA:6,(anonymous_1)
FNDA:5,(anonymous_2)
FNDA:4,(anonymous_3)
FNDA:3,(anonymous_4)
FNDA:18,(anonymous_5)
FNDA:3,placeShipsOnBoard
FNDA:4,(anonymous_7)
FNDA:4,placeSingleShipOnBoard
FNDA:3,fillShipOnBoard
FNDA:6,(anonymous_10)
FNDA:6,fillShipCell
FNDA:6,getShipCellY
FNDA:6,getShipCellX
FNDA:6,markShipCellOnBoard
FNDA:4,isMalformedShip
FNDA:14,(anonymous_16)
FNDA:4,isMissingStart
FNDA:4,isInvalidStartCoordinates
FNDA:3,isInvalidLength
FNDA:3,isInvalidDirection
FNDA:6,isOutOfBounds
FNDA:6,isNegativeCoordinate
FNDA:6,isCoordinateExceedsDimensions
FNDA:6,createBattleshipFleetBoardElement
FNDA:6,handleParsedFleet
FNDA:3,renderFleetBoard
FNDA:16,(anonymous_27)
FNDA:16,(anonymous_28)
FNDA:3,(anonymous_29)
DA:21,6
DA:22,6
DA:23,5
DA:24,4
DA:25,3
DA:27,18
DA:28,6
DA:32,4
DA:33,3
DA:37,4
DA:38,1
DA:40,3
DA:45,3
DA:46,6
DA:53,6
DA:54,6
DA:55,6
DA:56,6
DA:60,6
DA:61,2
DA:63,4
DA:67,6
DA:68,4
DA:70,2
DA:74,6
DA:75,6
DA:76,1
DA:78,5
DA:79,5
DA:83,4
DA:89,14
DA:93,4
DA:97,4
DA:101,3
DA:105,3
DA:109,6
DA:113,6
DA:114,6
DA:118,6
DA:119,6
DA:120,6
DA:126,6
DA:127,6
DA:130,1
DA:132,5
DA:136,6
DA:137,6
DA:138,3
DA:139,3
DA:140,3
DA:142,3
DA:146,3
DA:148,16
DA:149,3
DA:150,3
DA:151,3
DA:154,3
DA:157,16
DA:158,3
DA:159,3
DA:160,3
DA:163,3
DA:164,3
DA:165,3
LF:64
LH:64
BRDA:37,0,0,1
BRDA:37,0,1,3
BRDA:60,1,0,2
BRDA:60,1,1,4
BRDA:67,2,0,4
BRDA:67,2,1,2
BRDA:75,3,0,1
BRDA:75,3,1,5
BRDA:97,4,0,4
BRDA:97,4,1,4
BRDA:105,5,0,3
BRDA:105,5,1,1
BRDA:109,6,0,6
BRDA:109,6,1,6
BRDA:114,7,0,6
BRDA:114,7,1,6
BRDA:120,8,0,6
BRDA:120,8,1,6
BRDA:137,9,0,3
BRDA:137,9,1,3
BRF:20
BRH:20
end_of_record
TN:
SF:src/presenters/paragraph.js
FN:1,createParagraphElement
FNF:1
FNH:1
FNDA:23,createParagraphElement
DA:2,23
DA:3,23
DA:4,23
LF:3
LH:3
BRF:0
BRH:0
end_of_record
TN:
SF:src/presenters/pre.js
FN:10,isSurroundedByBrackets
FN:14,isBracketedListString
FN:18,formatBracketedListString
FN:21,(anonymous_3)
FN:27,getPreContent
FN:34,createPreElement
FNF:6
FNH:6
FNDA:6,isSurroundedByBrackets
FNDA:6,isBracketedListString
FNDA:4,formatBracketedListString
FNDA:7,(anonymous_3)
FNDA:6,getPreContent
FNDA:6,createPreElement
DA:11,6
DA:15,6
DA:19,4
DA:20,4
DA:21,7
DA:23,1
DA:28,6
DA:29,4
DA:31,2
DA:35,6
DA:36,6
DA:37,6
DA:38,6
LF:13
LH:13
BRDA:11,0,0,6
BRDA:11,0,1,4
BRDA:15,1,0,6
BRDA:15,1,1,6
BRDA:20,2,0,3
BRDA:20,2,1,1
BRDA:28,3,0,4
BRDA:28,3,1,2
BRF:8
BRH:8
end_of_record
TN:
SF:src/presenters/ticTacToeBoard.js
FN:10,getPlayer
FN:14,getPosition
FN:19,positionIsObject
FN:22,validPlayer
FN:25,validRow
FN:28,validColumn
FN:31,cellIsEmpty
FN:36,isLegalMove
FN:40,(anonymous_8)
FN:43,updateBoardIfLegal
FN:50,applyMove
FN:57,createTicTacToeBoardElement
FN:71,renderTicTacToeBoardFromData
FN:73,(anonymous_13)
FN:82,(anonymous_14)
FN:85,(anonymous_15)
FNF:16
FNH:16
FNDA:24,getPlayer
FNDA:47,getPosition
FNDA:15,positionIsObject
FNDA:15,validPlayer
FNDA:14,validRow
FNDA:12,validColumn
FNDA:11,cellIsEmpty
FNDA:15,isLegalMove
FNDA:67,(anonymous_8)
FNDA:15,updateBoardIfLegal
FNDA:23,applyMove
FNDA:14,createTicTacToeBoardElement
FNDA:14,renderTicTacToeBoardFromData
FNDA:42,(anonymous_13)
FNDA:23,(anonymous_14)
FNDA:42,(anonymous_15)
DA:11,24
DA:15,47
DA:18,31
DA:20,15
DA:23,15
DA:26,14
DA:29,12
DA:32,11
DA:37,15
DA:38,15
DA:39,15
DA:40,67
DA:44,15
DA:45,9
DA:46,9
DA:51,23
DA:52,23
DA:53,15
DA:61,14
DA:62,14
DA:65,2
DA:68,12
DA:73,42
DA:77,14
DA:78,11
DA:80,3
DA:82,23
DA:85,42
DA:86,14
DA:89,14
DA:90,14
DA:91,14
LF:32
LH:32
BRDA:23,0,0,15
BRDA:23,0,1,6
BRDA:26,1,0,14
BRDA:26,1,1,13
BRDA:29,2,0,12
BRDA:29,2,1,11
BRDA:44,3,0,9
BRDA:44,3,1,6
BRDA:52,4,0,15
BRDA:52,4,1,8
BRDA:77,5,0,11
BRDA:77,5,1,3
BRF:12
BRH:12
end_of_record
TN:
SF:src/toys/2024-10-02/hello.js
FN:5,hello
FNF:1
FNH:1
FNDA:1,hello
DA:6,1
LF:1
LH:1
BRF:0
BRH:0
end_of_record
TN:
SF:src/toys/2025-03-19/identity.js
FN:7,identity
FNF:1
FNH:1
FNDA:10,identity
DA:8,10
LF:1
LH:1
BRF:0
BRH:0
end_of_record
TN:
SF:src/toys/2025-03-21/booleanCoercer.js
FN:3,tryBooleanCoercion
FN:16,coerceToBoolean
FN:25,normalizeBooleanString
FN:30,parseBooleanString
FNF:4
FNH:4
FNDA:10,tryBooleanCoercion
FNDA:10,coerceToBoolean
FNDA:8,normalizeBooleanString
FNDA:4,parseBooleanString
DA:4,10
DA:5,8
DA:17,10
DA:18,10
DA:19,6
DA:21,4
DA:26,8
DA:27,4
DA:31,4
LF:9
LH:9
BRDA:4,0,0,2
BRDA:4,0,1,8
BRDA:18,1,0,6
BRDA:18,1,1,4
BRDA:26,2,0,4
BRDA:26,2,1,4
BRF:6
BRH:6
end_of_record
TN:
SF:src/toys/2025-03-21/italics.js
FN:8,isEmptyText
FN:12,hasNoBoldSegments
FN:22,createDoubledMarker
FN:32,getDoubledMarker
FN:42,createBoldPatternPart
FN:69,createBoldPattern
FN:85,createItalicsPattern
FN:101,getItalicMarkers
FN:114,assembleProcessedText
FN:135,shouldBypassBold
FN:139,processTextPreservingBold
FN:148,processItalicBefore
FN:156,processBoldAfter
FN:165,isInvalidText
FN:193,italics
FN:210,findBoldSegments
FN:235,applyItalicFormatting
FN:237,(anonymous_17)
FN:257,processAllItalicStyles
FN:269,wrapWithMarker
FN:280,wrapWithHtmlTag
FN:291,createItalicReplacementString
FNF:22
FNH:22
FNDA:36,isEmptyText
FNDA:36,hasNoBoldSegments
FNDA:100,createDoubledMarker
FNDA:100,getDoubledMarker
FNDA:100,createBoldPatternPart
FNDA:50,createBoldPattern
FNDA:58,createItalicsPattern
FNDA:29,getItalicMarkers
FNDA:14,assembleProcessedText
FNDA:36,shouldBypassBold
FNDA:36,processTextPreservingBold
FNDA:14,processItalicBefore
FNDA:14,processBoldAfter
FNDA:31,isInvalidText
FNDA:31,italics
FNDA:50,findBoldSegments
FNDA:58,applyItalicFormatting
FNDA:22,(anonymous_17)
FNDA:29,processAllItalicStyles
FNDA:22,wrapWithMarker
FNDA:22,wrapWithHtmlTag
FNDA:22,createItalicReplacementString
DA:2,1
DA:3,1
DA:6,1
DA:9,36
DA:13,36
DA:23,100
DA:33,100
DA:45,100
DA:46,50
DA:48,50
DA:50,100
DA:53,100
DA:61,100
DA:70,50
DA:71,50
DA:74,50
DA:76,50
DA:88,58
DA:89,29
DA:91,29
DA:93,58
DA:102,29
DA:115,14
DA:136,36
DA:140,36
DA:141,22
DA:144,14
DA:145,14
DA:149,14
DA:150,7
DA:152,7
DA:157,14
DA:158,12
DA:160,2
DA:166,31
DA:194,31
DA:195,7
DA:198,24
DA:211,50
DA:213,50
DA:214,22
DA:217,28
DA:218,28
DA:219,28
DA:221,28
DA:236,58
DA:237,58
DA:238,22
DA:259,29
DA:270,22
DA:281,22
DA:293,22
LF:52
LH:52
BRDA:45,0,0,50
BRDA:45,0,1,50
BRDA:88,1,0,29
BRDA:88,1,1,29
BRDA:136,2,0,36
BRDA:136,2,1,36
BRDA:140,3,0,22
BRDA:140,3,1,14
BRDA:149,4,0,7
BRDA:149,4,1,7
BRDA:157,5,0,12
BRDA:157,5,1,2
BRDA:166,6,0,31
BRDA:166,6,1,28
BRDA:194,7,0,7
BRDA:194,7,1,24
BRDA:213,8,0,22
BRDA:213,8,1,28
BRF:18
BRH:18
end_of_record
TN:
SF:src/toys/2025-03-26/prettyFloat.js
FN:1,buildDecomposedResult
FN:7,decomposeFloat
FN:14,getZeroVariantResult
FN:23,getIEEEDecomposition
FN:28,formatFloatDecomposition
FN:32,getZeroVariantString
FN:36,resolveZeroVariant
FN:45,isNotFinite
FN:49,handleZeroVariantsOrNull
FN:55,handleSimpleCases
FN:60,isPositiveZero
FN:64,isNegativeZero
FN:68,isPositiveZeroResult
FN:76,isNegativeZeroResult
FN:84,isZeroVariant
FN:92,formatDecimal
FN:103,getSignificandAndExponent
FN:117,decomposeIEEE754
FN:122,getFloat64Bits
FN:137,extractIEEEComponents
FNF:20
FNH:20
FNDA:7,buildDecomposedResult
FNDA:12,decomposeFloat
FNDA:9,getZeroVariantResult
FNDA:7,getIEEEDecomposition
FNDA:7,formatFloatDecomposition
FNDA:9,getZeroVariantString
FNDA:9,resolveZeroVariant
FNDA:12,isNotFinite
FNDA:9,handleZeroVariantsOrNull
FNDA:12,handleSimpleCases
FNDA:10,isPositiveZero
FNDA:8,isNegativeZero
FNDA:10,isPositiveZeroResult
FNDA:8,isNegativeZeroResult
FNDA:9,isZeroVariant
FNDA:8,formatDecimal
FNDA:7,getSignificandAndExponent
FNDA:7,decomposeIEEE754
FNDA:7,getFloat64Bits
FNDA:7,extractIEEEComponents
DA:2,7
DA:3,7
DA:4,7
DA:8,12
DA:9,12
DA:10,12
DA:11,7
DA:15,9
DA:16,9
DA:17,2
DA:19,7
DA:24,7
DA:25,7
DA:29,7
DA:33,9
DA:37,9
DA:38,9
DA:39,2
DA:41,7
DA:46,12
DA:50,9
DA:51,9
DA:52,7
DA:56,12
DA:57,9
DA:61,10
DA:65,8
DA:69,10
DA:70,2
DA:72,8
DA:77,8
DA:78,1
DA:80,7
DA:85,9
DA:86,1
DA:88,8
DA:93,8
DA:94,8
DA:95,7
DA:97,1
DA:106,7
DA:107,5
DA:109,2
DA:111,7
DA:112,7
DA:113,7
DA:114,7
DA:118,7
DA:119,7
DA:123,7
DA:124,7
DA:125,7
DA:127,7
DA:129,7
DA:130,7
DA:131,56
DA:134,7
DA:138,7
DA:139,7
DA:140,7
DA:144,7
LF:61
LH:61
BRDA:10,0,0,5
BRDA:10,0,1,7
BRDA:16,1,0,2
BRDA:16,1,1,7
BRDA:38,2,0,2
BRDA:38,2,1,7
BRDA:51,3,0,2
BRDA:51,3,1,7
BRDA:56,4,0,3
BRDA:56,4,1,9
BRDA:69,5,0,2
BRDA:69,5,1,8
BRDA:77,6,0,1
BRDA:77,6,1,7
BRDA:85,7,0,1
BRDA:85,7,1,8
BRDA:94,8,0,7
BRDA:94,8,1,1
BRDA:106,9,0,5
BRDA:106,9,1,2
BRF:20
BRH:20
end_of_record
TN:
SF:src/toys/2025-03-28/rand.js
FN:9,rand
FNF:1
FNH:1
FNDA:7,rand
DA:12,7
DA:15,7
LF:2
LH:2
BRF:0
BRH:0
end_of_record
TN:
SF:src/toys/2025-03-29/fishingGame.js
FN:1,isRecognizedBait
FN:5,isEmptyBait
FN:9,getDefaultBaitResponse
FN:16,getRecognizedBait
FN:20,getUnrecognizedBait
FN:24,getEmptyOrUnrecognizedBaitResponse
FN:32,getBaitData
FN:40,getTimeOfDay
FN:48,(anonymous_8)
FN:52,getSeason
FN:59,(anonymous_10)
FN:63,getMoodDescription
FN:79,isSilentCatch
FN:83,isCommonCatch
FN:87,isTroutCatch
FN:94,(anonymous_15)
FN:99,(anonymous_16)
FN:104,(anonymous_17)
FN:108,(anonymous_18)
FN:109,(anonymous_19)
FN:114,getFishingOutcome
FN:115,(anonymous_21)
FN:118,getBaitOptions
FN:133,getTimeContext
FN:142,fishingGame
FNF:25
FNH:25
FNDA:7,isRecognizedBait
FNDA:2,isEmptyBait
FNDA:1,getDefaultBaitResponse
FNDA:5,getRecognizedBait
FNDA:1,getUnrecognizedBait
FNDA:2,getEmptyOrUnrecognizedBaitResponse
FNDA:7,getBaitData
FNDA:7,getTimeOfDay
FNDA:15,(anonymous_8)
FNDA:7,getSeason
FNDA:19,(anonymous_10)
FNDA:7,getMoodDescription
FNDA:6,isSilentCatch
FNDA:5,isCommonCatch
FNDA:4,isTroutCatch
FNDA:1,(anonymous_15)
FNDA:1,(anonymous_16)
FNDA:2,(anonymous_17)
FNDA:2,(anonymous_18)
FNDA:2,(anonymous_19)
FNDA:6,getFishingOutcome
FNDA:17,(anonymous_21)
FNDA:7,getBaitOptions
FNDA:7,getTimeContext
FNDA:7,fishingGame
DA:2,7
DA:6,2
DA:10,1
DA:17,5
DA:21,1
DA:25,2
DA:26,1
DA:28,1
DA:33,7
DA:34,7
DA:35,5
DA:37,2
DA:41,7
DA:48,15
DA:49,7
DA:53,7
DA:59,19
DA:60,7
DA:64,7
DA:70,7
DA:76,7
DA:80,6
DA:84,5
DA:88,4
DA:91,1
DA:95,1
DA:100,1
DA:105,2
DA:108,2
DA:110,2
DA:115,17
DA:119,7
DA:134,7
DA:135,7
DA:136,7
DA:137,7
DA:138,7
DA:139,7
DA:143,7
DA:145,7
DA:147,7
DA:149,7
DA:150,7
DA:151,6
DA:153,6
DA:154,6
DA:155,6
DA:157,6
DA:159,6
LF:49
LH:49
BRDA:25,0,0,1
BRDA:25,0,1,1
BRDA:34,1,0,5
BRDA:34,1,1,2
BRDA:48,2,0,15
BRDA:48,2,1,15
BRDA:150,3,0,1
BRDA:150,3,1,6
BRF:8
BRH:8
end_of_record
TN:
SF:src/toys/2025-03-29/get.js
FN:7,isErrorString
FN:11,getValueAtPath
FN:16,traversePathSegments
FN:18,(anonymous_3)
FN:32,handlePathSegmentIteration
FN:40,traverseSegment
FN:49,getNextPath
FN:57,getSegmentValueOrError
FN:64,getNonObjectSegmentError
FN:79,isNonObjectValue
FN:83,hasOwnSegment
FN:87,getSegmentNotFoundError
FN:93,handleEmptyInputInGet
FN:101,handleValueOrErrorResult
FN:108,safeStringifyValueAtPath
FN:116,checkDataValidityInGet
FN:123,isInvalidGetDataResult
FN:127,isNotObjectOrArray
FN:132,getFinalResultInGet
FN:139,handleDataRetrievalErrorInGet
FN:146,getDataWithCatch
FN:154,get
FN:165,getFinalResultAfterRetrieval
FN:174,getValidDataResultAfterEmptyCheck
FNF:24
FNH:24
FNDA:54,isErrorString
FNDA:15,getValueAtPath
FNDA:15,traversePathSegments
FNDA:40,(anonymous_3)
FNDA:39,handlePathSegmentIteration
FNDA:39,traverseSegment
FNDA:39,getNextPath
FNDA:37,getSegmentValueOrError
FNDA:39,getNonObjectSegmentError
FNDA:39,isNonObjectValue
FNDA:37,hasOwnSegment
FNDA:3,getSegmentNotFoundError
FNDA:18,handleEmptyInputInGet
FNDA:15,handleValueOrErrorResult
FNDA:10,safeStringifyValueAtPath
FNDA:17,checkDataValidityInGet
FNDA:17,isInvalidGetDataResult
FNDA:16,isNotObjectOrArray
FNDA:15,getFinalResultInGet
FNDA:19,handleDataRetrievalErrorInGet
FNDA:19,getDataWithCatch
FNDA:19,get
FNDA:18,getFinalResultAfterRetrieval
FNDA:17,getValidDataResultAfterEmptyCheck
DA:8,54
DA:12,15
DA:13,15
DA:17,15
DA:18,15
DA:19,40
DA:20,1
DA:22,39
DA:24,15
DA:25,15
DA:26,5
DA:28,10
DA:33,39
DA:34,39
DA:35,5
DA:37,34
DA:41,39
DA:42,39
DA:43,39
DA:44,2
DA:46,37
DA:50,39
DA:51,24
DA:53,15
DA:58,37
DA:59,34
DA:61,3
DA:65,39
DA:66,2
DA:75,37
DA:80,39
DA:84,37
DA:88,3
DA:94,18
DA:95,1
DA:97,17
DA:102,15
DA:103,5
DA:105,10
DA:109,10
DA:110,10
DA:112,1
DA:117,17
DA:118,2
DA:120,15
DA:124,17
DA:128,16
DA:133,15
DA:134,15
DA:140,19
DA:141,1
DA:143,18
DA:147,19
DA:148,19
DA:150,1
DA:155,19
DA:156,19
DA:157,19
DA:158,19
DA:159,1
DA:162,18
DA:166,18
DA:167,18
DA:168,1
DA:171,17
DA:175,17
DA:176,17
DA:177,2
DA:180,15
LF:69
LH:69
BRDA:8,0,0,54
BRDA:8,0,1,15
BRDA:19,1,0,1
BRDA:19,1,1,39
BRDA:25,2,0,5
BRDA:25,2,1,10
BRDA:34,3,0,5
BRDA:34,3,1,34
BRDA:43,4,0,2
BRDA:43,4,1,37
BRDA:50,5,0,24
BRDA:50,5,1,15
BRDA:58,6,0,34
BRDA:58,6,1,3
BRDA:65,7,0,2
BRDA:65,7,1,37
BRDA:80,8,0,39
BRDA:80,8,1,38
BRDA:94,9,0,1
BRDA:94,9,1,17
BRDA:102,10,0,5
BRDA:102,10,1,10
BRDA:117,11,0,2
BRDA:117,11,1,15
BRDA:124,12,0,17
BRDA:124,12,1,16
BRDA:128,13,0,16
BRDA:128,13,1,1
BRDA:140,14,0,1
BRDA:140,14,1,18
BRDA:158,15,0,1
BRDA:158,15,1,18
BRDA:167,16,0,1
BRDA:167,16,1,17
BRDA:176,17,0,2
BRDA:176,17,1,15
BRF:36
BRH:36
end_of_record
TN:
SF:src/toys/2025-03-29/setTemporary.js
FN:6,isObject
FN:10,isNonArrayObject
FN:23,deepMerge
FN:25,(anonymous_3)
FN:38,shouldDeepMerge
FN:50,setTemporary
FN:60,processSetTemporary
FN:67,handleValidTemporaryInput
FN:77,mergeTemporaryData
FNF:9
FNH:9
FNDA:45,isObject
FNDA:28,isNonArrayObject
FNDA:13,deepMerge
FNDA:18,(anonymous_3)
FNDA:18,shouldDeepMerge
FNDA:15,setTemporary
FNDA:14,processSetTemporary
FNDA:12,handleValidTemporaryInput
FNDA:12,mergeTemporaryData
DA:7,45
DA:11,28
DA:24,13
DA:25,13
DA:26,18
DA:27,18
DA:28,18
DA:29,2
DA:31,16
DA:34,13
DA:35,13
DA:39,18
DA:52,15
DA:53,15
DA:55,1
DA:57,14
DA:61,14
DA:62,2
DA:64,12
DA:68,12
DA:69,12
DA:70,12
DA:71,12
DA:73,2
DA:78,12
DA:79,11
DA:80,11
DA:81,7
DA:83,11
DA:84,11
DA:85,10
LF:31
LH:31
BRDA:7,0,0,45
BRDA:7,0,1,28
BRDA:11,1,0,28
BRDA:11,1,1,23
BRDA:28,2,0,2
BRDA:28,2,1,16
BRDA:39,3,0,18
BRDA:39,3,1,2
BRDA:61,4,0,2
BRDA:61,4,1,12
BRDA:80,5,0,7
BRDA:80,5,1,4
BRF:12
BRH:12
end_of_record
TN:
SF:src/toys/2025-03-30/cyberpunkAdventure.js
FN:1,handleHackerDoor
FN:12,handleIntro
FN:19,findMatchingKeyword
FN:20,(anonymous_3)
FN:23,handleHub
FN:48,handleTransportPlatform
FN:55,shouldTradeDatapad
FN:59,handleTransportTrade
FN:61,(anonymous_8)
FN:80,handleAlleyStealth
FN:102,getDefaultAdventureResult
FN:106,getAdventureResult
FN:123,getScopedState
FN:127,getNameOrInput
FN:131,getPlayerName
FN:135,getPlayerState
FN:139,getPlayerInventory
FN:143,getPlayerVisited
FN:147,processAdventureStep
FN:178,getUpdatedInventory
FN:182,getUpdatedVisited
FN:187,runAdventure
FN:222,cyberpunkAdventure
FNF:23
FNH:23
FNDA:2,handleHackerDoor
FNDA:3,handleIntro
FNDA:4,findMatchingKeyword
FNDA:9,(anonymous_3)
FNDA:4,handleHub
FNDA:1,handleTransportPlatform
FNDA:2,shouldTradeDatapad
FNDA:2,handleTransportTrade
FNDA:1,(anonymous_8)
FNDA:2,handleAlleyStealth
FNDA:1,getDefaultAdventureResult
FNDA:15,getAdventureResult
FNDA:20,getScopedState
FNDA:20,getNameOrInput
FNDA:20,getPlayerName
FNDA:20,getPlayerState
FNDA:20,getPlayerInventory
FNDA:20,getPlayerVisited
FNDA:15,processAdventureStep
FNDA:15,getUpdatedInventory
FNDA:15,getUpdatedVisited
FNDA:21,runAdventure
FNDA:21,cyberpunkAdventure
DA:2,2
DA:3,1
DA:4,1
DA:5,1
DA:6,1
DA:8,1
DA:13,3
DA:20,9
DA:24,4
DA:38,4
DA:39,4
DA:40,3
DA:42,1
DA:49,1
DA:56,2
DA:60,2
DA:61,1
DA:62,1
DA:63,1
DA:64,1
DA:71,1
DA:81,2
DA:82,2
DA:83,2
DA:84,1
DA:85,1
DA:86,1
DA:93,1
DA:103,1
DA:107,15
DA:115,15
DA:116,15
DA:117,14
DA:119,1
DA:124,20
DA:128,20
DA:132,20
DA:136,20
DA:140,20
DA:144,20
DA:148,15
DA:157,15
DA:159,15
DA:160,15
DA:161,15
DA:162,15
DA:164,15
DA:175,15
DA:179,15
DA:183,15
DA:188,21
DA:189,21
DA:190,21
DA:191,21
DA:192,21
DA:194,20
DA:195,20
DA:196,20
DA:197,20
DA:199,20
DA:200,20
DA:202,20
DA:203,20
DA:205,20
DA:206,5
DA:207,5
DA:210,15
DA:223,21
DA:224,21
DA:226,1
LF:70
LH:70
BRDA:2,0,0,1
BRDA:2,0,1,1
BRDA:39,1,0,3
BRDA:39,1,1,1
BRDA:56,2,0,2
BRDA:56,2,1,1
BRDA:60,3,0,1
BRDA:60,3,1,1
BRDA:83,4,0,1
BRDA:83,4,1,1
BRDA:116,5,0,14
BRDA:116,5,1,1
BRDA:124,6,0,20
BRDA:124,6,1,2
BRDA:128,7,0,20
BRDA:128,7,1,5
BRDA:132,8,0,20
BRDA:132,8,1,1
BRDA:136,9,0,20
BRDA:136,9,1,8
BRDA:140,10,0,20
BRDA:140,10,1,8
BRDA:144,11,0,20
BRDA:144,11,1,8
BRDA:179,12,0,15
BRDA:179,12,1,9
BRDA:183,13,0,15
BRDA:183,13,1,9
BRDA:205,14,0,5
BRDA:205,14,1,15
BRF:30
BRH:30
end_of_record
TN:
SF:src/toys/2025-04-05/httpRequest.js
FN:1,httpRequest
FNF:1
FNH:1
FNDA:5,httpRequest
DA:2,5
DA:7,5
LF:2
LH:2
BRF:0
BRH:0
end_of_record
TN:
SF:src/toys/2025-04-06/ticTacToe.js
FN:1,getOpponent
FN:9,tryParseJSON
FN:17,respectsTurnOrder
FN:21,isObject
FN:25,getValidParsedMoves
FN:34,makeValidatorReducer
FN:35,(anonymous_6)
FN:43,isValidParsedMoves
FN:48,hasMovesArray
FN:52,parseInputSafely
FN:57,shouldSkipMove
FN:61,buildMoveResponseWithNewMove
FN:67,buildMoveResponseWithoutNewMove
FN:72,ticTacToeMove
FN:80,handleValidMoves
FN:87,handleValidAppliedMoves
FN:98,initializeBoardAndSeen
FN:99,(anonymous_17)
FN:104,isTruthyMoves
FN:108,isArrayMoves
FN:112,isShortEnoughMoves
FN:116,isInvalidMoves
FN:118,(anonymous_22)
FN:121,isMoveApplicationValid
FN:128,shouldStop
FN:132,applyMoveReducer
FN:133,(anonymous_26)
FN:138,(anonymous_27)
FN:147,applyMovesSequentially
FN:155,copyBoard
FN:156,(anonymous_30)
FN:159,setBoardCell
FN:166,scoreMove
FN:173,makeScoreReducer
FN:174,(anonymous_34)
FN:184,getScoredMoves
FN:189,getBestScoredMove
FN:191,(anonymous_37)
FN:202,setter
FN:203,(anonymous_39)
FN:206,findBestMove
FN:212,getEmptyCells
FN:213,(anonymous_42)
FN:214,(anonymous_43)
FN:225,determineNextPlayer
FN:232,isRowWin
FN:233,(anonymous_46)
FN:236,checkRows
FN:237,(anonymous_48)
FN:240,isColumnWin
FN:241,(anonymous_50)
FN:244,checkColumns
FN:245,(anonymous_52)
FN:248,checkDiagonals
FN:249,(anonymous_54)
FN:250,(anonymous_55)
FN:254,checkEarlyWin
FN:258,applyMoveToBoard
FN:270,getTerminalScore
FN:277,shouldEvaluateTerminal
FN:281,evaluateTerminalState
FN:288,getAvailableMoves
FN:289,(anonymous_62)
FN:290,(anonymous_63)
FN:300,simulateMoves
FN:306,minimax
FN:308,(anonymous_66)
FN:309,(anonymous_67)
FN:319,selectScore
FN:327,makeAccumulateScores
FN:334,(anonymous_70)
FN:336,(anonymous_71)
FN:345,hasValidPlayer
FN:349,hasValidPosition
FN:356,isValidRowAndColumn
FN:360,canMoveBeApplied
FN:365,isMoveDetailsValid
FN:367,(anonymous_77)
FN:370,isWin
FN:372,(anonymous_79)
FN:375,returnInitialOptimalMove
FNF:81
FNH:81
FNDA:1502147,getOpponent
FNDA:25,tryParseJSON
FNDA:82,respectsTurnOrder
FNDA:219,isObject
FNDA:25,getValidParsedMoves
FNDA:25,makeValidatorReducer
FNDA:50,(anonymous_6)
FNDA:25,isValidParsedMoves
FNDA:24,hasMovesArray
FNDA:25,parseInputSafely
FNDA:14,shouldSkipMove
FNDA:9,buildMoveResponseWithNewMove
FNDA:5,buildMoveResponseWithoutNewMove
FNDA:25,ticTacToeMove
FNDA:22,handleValidMoves
FNDA:14,handleValidAppliedMoves
FNDA:22,initializeBoardAndSeen
FNDA:66,(anonymous_17)
FNDA:25,isTruthyMoves
FNDA:23,isArrayMoves
FNDA:23,isShortEnoughMoves
FNDA:25,isInvalidMoves
FNDA:71,(anonymous_22)
FNDA:86,isMoveApplicationValid
FNDA:86,shouldStop
FNDA:22,applyMoveReducer
FNDA:90,(anonymous_26)
FNDA:81,(anonymous_27)
FNDA:22,applyMovesSequentially
FNDA:41,copyBoard
FNDA:123,(anonymous_30)
FNDA:41,setBoardCell
FNDA:41,scoreMove
FNDA:9,makeScoreReducer
FNDA:41,(anonymous_34)
FNDA:9,getScoredMoves
FNDA:9,getBestScoredMove
FNDA:41,(anonymous_37)
FNDA:41,setter
FNDA:41,(anonymous_39)
FNDA:9,findBestMove
FNDA:9,getEmptyCells
FNDA:27,(anonymous_42)
FNDA:81,(anonymous_43)
FNDA:9,determineNextPlayer
FNDA:7227950,isRowWin
FNDA:11587823,(anonymous_46)
FNDA:2492775,checkRows
FNDA:7227950,(anonymous_48)
FNDA:6496017,isColumnWin
FNDA:10362346,(anonymous_50)
FNDA:2241635,checkColumns
FNDA:6496017,(anonymous_52)
FNDA:2011845,checkDiagonals
FNDA:3230479,(anonymous_54)
FNDA:3239778,(anonymous_55)
FNDA:86,checkEarlyWin
FNDA:81,applyMoveToBoard
FNDA:441184,getTerminalScore
FNDA:1160939,shouldEvaluateTerminal
FNDA:1160939,evaluateTerminalState
FNDA:719755,getAvailableMoves
FNDA:2159265,(anonymous_62)
FNDA:6477795,(anonymous_63)
FNDA:719755,simulateMoves
FNDA:1160939,minimax
FNDA:1602123,(anonymous_66)
FNDA:890483,(anonymous_67)
FNDA:719755,selectScore
FNDA:719755,makeAccumulateScores
FNDA:1160898,(anonymous_70)
FNDA:3482694,(anonymous_71)
FNDA:85,hasValidPlayer
FNDA:84,hasValidPosition
FNDA:83,isValidRowAndColumn
FNDA:86,canMoveBeApplied
FNDA:85,isMoveDetailsValid
FNDA:251,(anonymous_77)
FNDA:2492775,isWin
FNDA:6746255,(anonymous_79)
FNDA:11,returnInitialOptimalMove
DA:2,1502147
DA:3,1421108
DA:5,81039
DA:10,25
DA:11,25
DA:13,1
DA:18,82
DA:22,219
DA:26,25
DA:27,25
DA:28,23
DA:30,2
DA:35,25
DA:36,50
DA:37,1
DA:39,49
DA:44,25
DA:45,25
DA:49,24
DA:53,25
DA:54,25
DA:58,14
DA:62,9
DA:63,9
DA:64,9
DA:68,5
DA:69,5
DA:73,25
DA:76,25
DA:77,22
DA:81,22
DA:82,22
DA:83,22
DA:84,14
DA:88,14
DA:90,14
DA:92,9
DA:93,9
DA:94,9
DA:95,9
DA:99,66
DA:100,22
DA:101,22
DA:105,25
DA:109,23
DA:113,23
DA:117,25
DA:118,71
DA:122,86
DA:123,86
DA:124,86
DA:125,86
DA:129,86
DA:133,22
DA:134,90
DA:135,4
DA:138,86
DA:139,86
DA:140,86
DA:141,86
DA:143,86
DA:148,22
DA:149,22
DA:150,22
DA:151,22
DA:156,123
DA:160,41
DA:161,41
DA:162,41
DA:163,41
DA:167,41
DA:168,41
DA:169,41
DA:170,41
DA:174,9
DA:175,41
DA:176,41
DA:177,41
DA:178,41
DA:179,41
DA:180,41
DA:185,9
DA:186,9
DA:190,9
DA:192,41
DA:193,9
DA:195,32
DA:203,41
DA:207,9
DA:208,9
DA:209,9
DA:213,9
DA:214,27
DA:215,81
DA:216,41
DA:218,81
DA:226,9
DA:227,2
DA:229,7
DA:233,11587823
DA:237,7227950
DA:241,10362346
DA:245,6496017
DA:249,3230479
DA:250,3239778
DA:251,2011845
DA:255,86
DA:259,81
DA:260,81
DA:262,81
DA:263,81
DA:264,78
DA:266,78
DA:267,78
DA:271,441184
DA:272,270456
DA:274,170728
DA:278,1160939
DA:282,1160939
DA:283,441184
DA:285,719755
DA:289,719755
DA:290,2159265
DA:291,6477795
DA:292,1160898
DA:294,6477795
DA:301,719755
DA:307,1160939
DA:308,1602123
DA:309,1160939
DA:310,1160939
DA:311,1160939
DA:312,441184
DA:314,719755
DA:315,719755
DA:316,719755
DA:320,719755
DA:321,378554
DA:323,341201
DA:329,719755
DA:330,378554
DA:332,341201
DA:334,719755
DA:336,3482694
DA:337,1160898
DA:338,1160898
DA:339,1160898
DA:340,1160898
DA:341,1160898
DA:346,85
DA:350,84
DA:351,84
DA:352,83
DA:353,83
DA:357,83
DA:361,86
DA:362,85
DA:366,85
DA:367,251
DA:371,2492775
DA:372,6746255
DA:377,11
DA:378,11
LF:163
LH:163
BRDA:2,0,0,1421108
BRDA:2,0,1,81039
BRDA:18,1,0,82
BRDA:18,1,1,66
BRDA:22,2,0,219
BRDA:22,2,1,218
BRDA:27,3,0,23
BRDA:27,3,1,2
BRDA:36,4,0,1
BRDA:36,4,1,49
BRDA:49,5,0,24
BRDA:49,5,1,24
BRDA:58,6,0,14
BRDA:58,6,1,10
BRDA:76,7,0,3
BRDA:76,7,1,22
BRDA:83,8,0,8
BRDA:83,8,1,14
BRDA:90,9,0,5
BRDA:90,9,1,9
BRDA:113,10,0,23
BRDA:113,10,1,23
BRDA:124,11,0,86
BRDA:124,11,1,81
BRDA:129,12,0,86
BRDA:129,12,1,78
BRDA:134,13,0,4
BRDA:134,13,1,86
BRDA:192,14,0,9
BRDA:192,14,1,32
BRDA:215,15,0,41
BRDA:215,15,1,40
BRDA:226,16,0,2
BRDA:226,16,1,7
BRDA:251,17,0,2011845
BRDA:251,17,1,1896297
BRDA:255,18,0,86
BRDA:255,18,1,83
BRDA:263,19,0,3
BRDA:263,19,1,78
BRDA:271,20,0,270456
BRDA:271,20,1,170728
BRDA:278,21,0,1160939
BRDA:278,21,1,890483
BRDA:282,22,0,441184
BRDA:282,22,1,719755
BRDA:291,23,0,1160898
BRDA:291,23,1,5316897
BRDA:311,24,0,441184
BRDA:311,24,1,719755
BRDA:320,25,0,378554
BRDA:320,25,1,341201
BRDA:329,26,0,378554
BRDA:329,26,1,341201
BRDA:351,27,0,1
BRDA:351,27,1,83
BRDA:357,28,0,83
BRDA:357,28,1,82
BRDA:361,29,0,1
BRDA:361,29,1,85
BRF:60
BRH:60
end_of_record
TN:
SF:src/toys/2025-04-16/colorPalette.js
FN:1,generatePalette
FN:4,(anonymous_1)
FN:5,(anonymous_2)
FNF:3
FNH:3
FNDA:2,generatePalette
FNDA:24,(anonymous_1)
FNDA:8,(anonymous_2)
DA:2,2
DA:3,2
DA:4,24
DA:5,2
DA:6,8
DA:7,8
DA:9,2
LF:7
LH:7
BRDA:3,0,0,2
BRDA:3,0,1,1
BRF:2
BRH:2
end_of_record
TN:
SF:src/toys/2025-05-08/battleshipSolitaireFleet.js
FN:17,shuffle
FN:25,(anonymous_1)
FN:27,isCoordNonNegative
FN:31,isCoordWithinBoard
FN:35,inBounds
FN:40,isOrigin
FN:44,dxReducerForNeighbour
FN:45,(anonymous_7)
FN:55,neighbours
FN:56,(anonymous_9)
FN:63,isNeighbourOccupied
FN:67,(anonymous_11)
FN:67,(anonymous_12)
FN:67,(anonymous_13)
FN:69,getSx
FN:77,getSy
FN:85,getEndX
FN:93,getEndY
FN:101,getEndCoord
FN:107,makeSegReducer
FN:108,(anonymous_20)
FN:110,handleSegment
FN:119,getNextAccumulator
FN:127,isSegmentOccupied
FN:132,addSegmentToAccumulator
FN:138,(anonymous_25)
FN:143,isForbiddenTouch
FN:148,isValidCandidate
FN:154,collectCandidatesForStart
FN:163,collectCandidatesForDirection
FN:170,getCandidateIfInBounds
FN:178,getValidCandidate
FN:190,collectAllCandidates
FN:198,collectCandidatesForRow
FN:206,markOccupiedSquares
FN:214,chooseAndMarkCandidate
FN:223,placeShip
FN:229,makePlaceShip
FN:231,(anonymous_38)
FN:238,shouldAbortPlaceShip
FN:242,makePlaceShipReducer
FN:243,(anonymous_41)
FN:252,placeAllShips
FN:262,attemptPlacement
FN:268,exceedsBoardArea
FN:269,(anonymous_45)
FN:273,ensureShipsArray
FN:281,parseConfig
FN:292,(anonymous_48)
FN:306,fleetAreaError
FN:310,fleetRetryError
FN:315,maybeReturnFleet
FN:320,processFleetLoopIteration
FN:326,fleetLoopFor
FN:327,(anonymous_54)
FN:327,(anonymous_55)
FN:330,runFleetLoop
FN:331,(anonymous_57)
FN:334,findValidFleet
FN:338,tryGenerateFleet
FN:344,generateFleet
FN:352,shouldReturnAreaError
FN:356,getFleetResultOrError
FNF:63
FNH:63
FNDA:1000,shuffle
FNDA:79700,(anonymous_1)
FNDA:72600,isCoordNonNegative
FNDA:65600,isCoordWithinBoard
FNDA:72600,inBounds
FNDA:28800,isOrigin
FNDA:9600,dxReducerForNeighbour
FNDA:28800,(anonymous_7)
FNDA:3200,neighbours
FNDA:9600,(anonymous_9)
FNDA:16400,isNeighbourOccupied
FNDA:3200,(anonymous_11)
FNDA:3200,(anonymous_12)
FNDA:16400,(anonymous_13)
FNDA:74700,getSx
FNDA:74700,getSy
FNDA:56200,getEndX
FNDA:56200,getEndY
FNDA:56200,getEndCoord
FNDA:42200,makeSegReducer
FNDA:78200,(anonymous_20)
FNDA:78200,handleSegment
FNDA:71000,getNextAccumulator
FNDA:71000,isSegmentOccupied
FNDA:60200,addSegmentToAccumulator
FNDA:3200,(anonymous_25)
FNDA:31400,isForbiddenTouch
FNDA:42200,isValidCandidate
FNDA:28100,collectCandidatesForStart
FNDA:56200,collectCandidatesForDirection
FNDA:56200,getCandidateIfInBounds
FNDA:42200,getValidCandidate
FNDA:2200,collectAllCandidates
FNDA:7900,collectCandidatesForRow
FNDA:1900,markOccupiedSquares
FNDA:2200,chooseAndMarkCandidate
FNDA:2200,placeShip
FNDA:1000,makePlaceShip
FNDA:2200,(anonymous_38)
FNDA:1400,shouldAbortPlaceShip
FNDA:1000,makePlaceShipReducer
FNDA:1400,(anonymous_41)
FNDA:1000,placeAllShips
FNDA:1000,attemptPlacement
FNDA:11,exceedsBoardArea
FNDA:16,(anonymous_45)
FNDA:11,ensureShipsArray
FNDA:11,parseConfig
FNDA:3,(anonymous_48)
FNDA:1,fleetAreaError
FNDA:2,fleetRetryError
FNDA:1000,maybeReturnFleet
FNDA:1000,processFleetLoopIteration
FNDA:10,fleetLoopFor
FNDA:1000,(anonymous_54)
FNDA:208,(anonymous_55)
FNDA:10,runFleetLoop
FNDA:1000,(anonymous_57)
FNDA:10,findValidFleet
FNDA:10,tryGenerateFleet
FNDA:11,generateFleet
FNDA:11,shouldReturnAreaError
FNDA:10,getFleetResultOrError
DA:18,1000
DA:19,1000
DA:20,700
DA:21,700
DA:25,79700
DA:28,72600
DA:32,65600
DA:36,72600
DA:41,28800
DA:45,9600
DA:46,28800
DA:47,3200
DA:49,25600
DA:50,25600
DA:56,3200
DA:57,9600
DA:64,16400
DA:67,16400
DA:70,74700
DA:71,38700
DA:73,36000
DA:78,74700
DA:79,36000
DA:81,38700
DA:86,56200
DA:87,28100
DA:89,28100
DA:94,56200
DA:95,28100
DA:97,28100
DA:102,56200
DA:108,78200
DA:111,78200
DA:112,78200
DA:113,71000
DA:114,71000
DA:115,71000
DA:116,71000
DA:120,71000
DA:121,71000
DA:122,10800
DA:124,60200
DA:128,71000
DA:129,71000
DA:133,60200
DA:138,1
DA:139,3200
DA:140,3200
DA:144,31400
DA:149,42200
DA:150,31400
DA:151,31400
DA:155,28100
DA:156,28100
DA:157,28100
DA:158,56200
DA:160,28100
DA:164,56200
DA:165,56200
DA:166,29800
DA:171,56200
DA:172,56200
DA:173,14000
DA:175,42200
DA:179,42200
DA:180,42200
DA:184,42200
DA:185,29800
DA:187,12400
DA:191,2200
DA:192,2200
DA:193,7900
DA:195,2200
DA:199,7900
DA:200,28100
DA:201,28100
DA:202,28100
DA:207,1900
DA:208,3700
DA:209,3700
DA:210,3700
DA:215,2200
DA:216,1900
DA:217,1900
DA:219,1900
DA:220,1900
DA:224,2200
DA:225,2200
DA:226,2200
DA:230,1000
DA:231,2200
DA:239,1400
DA:243,1000
DA:244,1400
DA:245,1000
DA:246,1000
DA:247,1000
DA:253,1000
DA:254,1000
DA:255,1000
DA:256,1000
DA:257,1000
DA:258,1000
DA:259,200
DA:263,1000
DA:264,1000
DA:265,800
DA:269,16
DA:270,11
DA:274,11
DA:275,1
DA:283,11
DA:284,11
DA:286,2
DA:289,11
DA:290,1
DA:292,3
DA:296,11
DA:297,1
DA:299,11
DA:300,1
DA:302,11
DA:303,11
DA:307,1
DA:311,2
DA:316,1000
DA:317,200
DA:321,1000
DA:322,1000
DA:323,1000
DA:327,1000
DA:331,1000
DA:335,10
DA:339,10
DA:340,10
DA:341,2
DA:345,11
DA:346,11
DA:347,10
DA:348,10
DA:349,10
DA:353,11
DA:357,10
DA:358,2
LF:144
LH:144
BRDA:28,0,0,72600
BRDA:28,0,1,68200
BRDA:32,1,0,65600
BRDA:32,1,1,55400
BRDA:36,2,0,72600
BRDA:36,2,1,65600
BRDA:41,3,0,28800
BRDA:41,3,1,9600
BRDA:46,4,0,3200
BRDA:46,4,1,25600
BRDA:64,5,0,16400
BRDA:64,5,1,5000
BRDA:70,6,0,38700
BRDA:70,6,1,36000
BRDA:78,7,0,36000
BRDA:78,7,1,38700
BRDA:86,8,0,28100
BRDA:86,8,1,28100
BRDA:94,9,0,28100
BRDA:94,9,1,28100
BRDA:112,10,0,7200
BRDA:112,10,1,71000
BRDA:121,11,0,10800
BRDA:121,11,1,60200
BRDA:144,12,0,31400
BRDA:144,12,1,3200
BRDA:149,13,0,10800
BRDA:149,13,1,31400
BRDA:165,14,0,29800
BRDA:165,14,1,26400
BRDA:172,15,0,14000
BRDA:172,15,1,42200
BRDA:184,16,0,29800
BRDA:184,16,1,12400
BRDA:215,17,0,300
BRDA:215,17,1,1900
BRDA:239,18,0,1400
BRDA:239,18,1,1200
BRDA:244,19,0,400
BRDA:244,19,1,1000
BRDA:258,20,0,800
BRDA:258,20,1,200
BRDA:264,21,0,200
BRDA:264,21,1,800
BRDA:274,22,0,1
BRDA:274,22,1,10
BRDA:289,23,0,1
BRDA:289,23,1,10
BRDA:296,24,0,1
BRDA:296,24,1,10
BRDA:299,25,0,1
BRDA:299,25,1,10
BRDA:316,26,0,800
BRDA:316,26,1,200
BRDA:327,27,0,10
BRDA:327,27,1,2
BRDA:340,28,0,8
BRDA:340,28,1,2
BRDA:346,29,0,1
BRDA:346,29,1,10
BRDA:357,30,0,8
BRDA:357,30,1,2
BRF:62
BRH:62
end_of_record
TN:
SF:src/toys/2025-05-11/battleshipSolitaireClues.js
FN:9,generateClues
FN:15,(anonymous_1)
FN:16,(anonymous_2)
FN:23,getShipCells
FN:28,getHorizontalCells
FN:36,getVerticalCells
FN:45,incrementClues
FN:52,isValidX
FN:56,isValidY
FN:60,parseFleet
FN:73,isValidFleet
FNF:11
FNH:11
FNDA:5,generateClues
FNDA:4,(anonymous_1)
FNDA:11,(anonymous_2)
FNDA:4,getShipCells
FNDA:3,getHorizontalCells
FNDA:1,getVerticalCells
FNDA:11,incrementClues
FNDA:11,isValidX
FNDA:10,isValidY
FNDA:5,parseFleet
FNDA:4,isValidFleet
DA:10,5
DA:11,5
DA:12,3
DA:13,3
DA:14,3
DA:15,3
DA:16,4
DA:17,11
DA:20,3
DA:24,4
DA:25,1
DA:29,3
DA:30,3
DA:31,7
DA:33,3
DA:37,1
DA:38,1
DA:39,4
DA:41,1
DA:46,11
DA:47,10
DA:48,10
DA:53,11
DA:57,10
DA:62,5
DA:63,5
DA:65,1
DA:67,4
DA:68,1
DA:70,3
DA:74,4
LF:31
LH:31
BRDA:11,0,0,2
BRDA:11,0,1,3
BRDA:24,1,0,3
BRDA:24,1,1,1
BRDA:46,2,0,10
BRDA:46,2,1,1
BRDA:46,3,0,11
BRDA:46,3,1,10
BRDA:53,4,0,11
BRDA:53,4,1,11
BRDA:57,5,0,10
BRDA:57,5,1,10
BRDA:67,6,0,1
BRDA:67,6,1,3
BRDA:75,7,0,4
BRDA:75,7,1,3
BRDA:75,7,2,3
BRF:17
BRH:17
end_of_record
TN:
SF:src/toys/2025-05-13/base64Encoder.js
FN:4,encodeBase64
FNF:1
FNH:1
FNDA:1,encodeBase64
DA:5,1
DA:6,1
LF:2
LH:2
BRF:0
BRH:0
end_of_record
TN:
SF:src/toys/2025-05-15/stringToJsonArray.js
FN:9,stringToJsonArrayToy
FN:14,(anonymous_1)
FNF:2
FNH:2
FNDA:6,stringToJsonArrayToy
FNDA:13,(anonymous_1)
DA:10,6
DA:11,6
DA:12,6
DA:14,13
DA:16,5
DA:18,1
LF:6
LH:6
BRF:0
BRH:0
end_of_record
TN:
SF:src/utils/index.js
FNF:0
FNH:0
LF:0
LH:0
BRF:0
BRH:0
end_of_record
TN:
SF:src/utils/objectUtils.js
FN:7,pick
FN:10,(anonymous_1)
FN:24,mapValues
FN:27,(anonymous_3)
FNF:4
FNH:4
FNDA:8,pick
FNDA:6,(anonymous_1)
FNDA:7,mapValues
FNDA:5,(anonymous_3)
DA:8,8
DA:10,4
DA:11,6
DA:12,4
DA:14,6
DA:25,7
DA:27,3
DA:28,5
DA:29,5
LF:9
LH:9
BRDA:8,0,0,4
BRDA:8,0,1,4
BRDA:8,1,0,8
BRDA:8,1,1,6
BRDA:11,2,0,4
BRDA:11,2,1,2
BRDA:25,3,0,4
BRDA:25,3,1,3
BRDA:25,4,0,7
BRDA:25,4,1,5
BRF:10
BRH:10
end_of_record
TN:
SF:src/utils/regexUtils.js
FN:8,escapeRegex
FN:21,createPattern
FN:33,matchesPattern
FNF:3
FNH:3
FNDA:11,escapeRegex
FNDA:4,createPattern
FNDA:6,matchesPattern
DA:1,2
DA:9,11
DA:10,7
DA:22,4
DA:23,4
DA:24,4
DA:34,6
LF:7
LH:7
BRDA:9,0,0,4
BRDA:9,0,1,7
BRDA:21,1,0,2
BRDA:21,2,0,3
BRDA:21,3,0,3
BRDA:23,4,0,1
BRDA:23,4,1,3
BRF:7
BRH:7
end_of_record
TN:
SF:src/utils/stringUtils.js
FN:6,isEmpty
FN:15,isValidText
FN:24,safeTrim
FNF:3
FNH:3
FNDA:12,isEmpty
FNDA:10,isValidText
FNDA:11,safeTrim
DA:7,12
DA:16,10
DA:25,11
LF:3
LH:3
BRDA:7,0,0,12
BRDA:7,0,1,6
BRDA:16,1,0,10
BRDA:16,1,1,5
BRDA:25,2,0,5
BRDA:25,2,1,6
BRF:6
BRH:6
end_of_record
TN:
SF:src/utils/validation.js
FN:7,isType
FN:16,isValidString
FN:25,isValidBoolean
FNF:3
FNH:3
FNDA:33,isType
FNDA:11,isValidString
FNDA:17,isValidBoolean
DA:8,33
DA:17,11
DA:26,17
DA:27,15
DA:28,9
DA:29,9
DA:31,6
LF:7
LH:7
BRDA:17,0,0,11
BRDA:17,0,1,5
BRDA:26,1,0,2
BRDA:26,1,1,15
BRDA:27,2,0,9
BRDA:27,2,1,6
BRDA:29,3,0,9
BRDA:29,3,1,6
BRF:8
BRH:8
end_of_record
